2021-04-05 00:20:32.514 [main] WARN  c.b.mybatisplus.core.metadata.TableInfoHelper - Can not find table primary key in Class: "com.lxw.entity.RoleMenu".
2021-04-05 00:20:32.620 [main] WARN  c.b.mybatisplus.core.metadata.TableInfoHelper - Can not find table primary key in Class: "com.lxw.entity.UserRole".
2021-04-05 00:20:32.692 [main] WARN  c.b.mybatisplus.core.metadata.TableInfoHelper - Can not find table primary key in Class: "com.lxw.entity.VolunteerTask".
2021-04-05 00:25:27.939 [main] WARN  c.b.mybatisplus.core.metadata.TableInfoHelper - Can not find table primary key in Class: "com.lxw.entity.RoleMenu".
2021-04-05 00:25:28.027 [main] WARN  c.b.mybatisplus.core.metadata.TableInfoHelper - Can not find table primary key in Class: "com.lxw.entity.UserRole".
2021-04-05 00:25:28.085 [main] WARN  c.b.mybatisplus.core.metadata.TableInfoHelper - Can not find table primary key in Class: "com.lxw.entity.VolunteerTask".
2021-04-05 00:26:23.016 [main] WARN  c.b.mybatisplus.core.metadata.TableInfoHelper - Can not find table primary key in Class: "com.lxw.entity.RoleMenu".
2021-04-05 00:26:23.114 [main] WARN  c.b.mybatisplus.core.metadata.TableInfoHelper - Can not find table primary key in Class: "com.lxw.entity.UserRole".
2021-04-05 00:26:23.167 [main] WARN  c.b.mybatisplus.core.metadata.TableInfoHelper - Can not find table primary key in Class: "com.lxw.entity.VolunteerTask".
2021-04-05 00:27:46.068 [main] WARN  c.b.mybatisplus.core.metadata.TableInfoHelper - Can not find table primary key in Class: "com.lxw.entity.RoleMenu".
2021-04-05 00:27:46.165 [main] WARN  c.b.mybatisplus.core.metadata.TableInfoHelper - Can not find table primary key in Class: "com.lxw.entity.UserRole".
2021-04-05 00:27:46.238 [main] WARN  c.b.mybatisplus.core.metadata.TableInfoHelper - Can not find table primary key in Class: "com.lxw.entity.VolunteerTask".
2021-04-05 00:35:16.256 [http-nio-8081-exec-4] WARN  com.alibaba.druid.pool.DruidAbstractDataSource - discard long time none received connection. , jdbcUrl : jdbc:mysql://localhost:3306/returnhome?useUnicode=true&characterEncoding=utf-8&useSSL=false&serverTimezone=GMT%2B8, version : 1.2.4, lastPacketReceivedIdleMillis : 450493
2021-04-05 00:36:29.094 [http-nio-8081-exec-9] WARN  com.alibaba.druid.pool.DruidAbstractDataSource - discard long time none received connection. , jdbcUrl : jdbc:mysql://localhost:3306/returnhome?useUnicode=true&characterEncoding=utf-8&useSSL=false&serverTimezone=GMT%2B8, version : 1.2.4, lastPacketReceivedIdleMillis : 72779
2021-04-05 00:36:29.095 [http-nio-8081-exec-9] WARN  com.alibaba.druid.pool.DruidAbstractDataSource - discard long time none received connection. , jdbcUrl : jdbc:mysql://localhost:3306/returnhome?useUnicode=true&characterEncoding=utf-8&useSSL=false&serverTimezone=GMT%2B8, version : 1.2.4, lastPacketReceivedIdleMillis : 523376
2021-04-05 00:36:29.097 [http-nio-8081-exec-9] WARN  com.alibaba.druid.pool.DruidAbstractDataSource - discard long time none received connection. , jdbcUrl : jdbc:mysql://localhost:3306/returnhome?useUnicode=true&characterEncoding=utf-8&useSSL=false&serverTimezone=GMT%2B8, version : 1.2.4, lastPacketReceivedIdleMillis : 523381
2021-04-05 00:36:29.100 [http-nio-8081-exec-9] WARN  com.alibaba.druid.pool.DruidAbstractDataSource - discard long time none received connection. , jdbcUrl : jdbc:mysql://localhost:3306/returnhome?useUnicode=true&characterEncoding=utf-8&useSSL=false&serverTimezone=GMT%2B8, version : 1.2.4, lastPacketReceivedIdleMillis : 523388
2021-04-05 00:36:29.101 [http-nio-8081-exec-9] WARN  com.alibaba.druid.pool.DruidAbstractDataSource - discard long time none received connection. , jdbcUrl : jdbc:mysql://localhost:3306/returnhome?useUnicode=true&characterEncoding=utf-8&useSSL=false&serverTimezone=GMT%2B8, version : 1.2.4, lastPacketReceivedIdleMillis : 523393
2021-04-05 00:36:29.103 [http-nio-8081-exec-9] WARN  com.alibaba.druid.pool.DruidAbstractDataSource - discard long time none received connection. , jdbcUrl : jdbc:mysql://localhost:3306/returnhome?useUnicode=true&characterEncoding=utf-8&useSSL=false&serverTimezone=GMT%2B8, version : 1.2.4, lastPacketReceivedIdleMillis : 523397
2021-04-05 00:38:13.260 [http-nio-8081-exec-8] WARN  com.alibaba.druid.pool.DruidAbstractDataSource - discard long time none received connection. , jdbcUrl : jdbc:mysql://localhost:3306/returnhome?useUnicode=true&characterEncoding=utf-8&useSSL=false&serverTimezone=GMT%2B8, version : 1.2.4, lastPacketReceivedIdleMillis : 104125
2021-04-05 00:38:13.262 [http-nio-8081-exec-8] WARN  com.alibaba.druid.pool.DruidAbstractDataSource - discard long time none received connection. , jdbcUrl : jdbc:mysql://localhost:3306/returnhome?useUnicode=true&characterEncoding=utf-8&useSSL=false&serverTimezone=GMT%2B8, version : 1.2.4, lastPacketReceivedIdleMillis : 627561
2021-04-05 00:38:13.263 [http-nio-8081-exec-8] WARN  com.alibaba.druid.pool.DruidAbstractDataSource - discard long time none received connection. , jdbcUrl : jdbc:mysql://localhost:3306/returnhome?useUnicode=true&characterEncoding=utf-8&useSSL=false&serverTimezone=GMT%2B8, version : 1.2.4, lastPacketReceivedIdleMillis : 627566
2021-04-05 00:38:13.264 [http-nio-8081-exec-8] WARN  com.alibaba.druid.pool.DruidAbstractDataSource - discard long time none received connection. , jdbcUrl : jdbc:mysql://localhost:3306/returnhome?useUnicode=true&characterEncoding=utf-8&useSSL=false&serverTimezone=GMT%2B8, version : 1.2.4, lastPacketReceivedIdleMillis : 627573
2021-04-05 00:43:19.235 [http-nio-8081-exec-10] WARN  com.alibaba.druid.pool.DruidAbstractDataSource - discard long time none received connection. , jdbcUrl : jdbc:mysql://localhost:3306/returnhome?useUnicode=true&characterEncoding=utf-8&useSSL=false&serverTimezone=GMT%2B8, version : 1.2.4, lastPacketReceivedIdleMillis : 130970
2021-04-05 01:09:03.703 [main] WARN  c.b.mybatisplus.core.metadata.TableInfoHelper - Can not find table primary key in Class: "com.lxw.entity.RoleMenu".
2021-04-05 01:09:03.796 [main] WARN  c.b.mybatisplus.core.metadata.TableInfoHelper - Can not find table primary key in Class: "com.lxw.entity.UserRole".
2021-04-05 01:09:03.849 [main] WARN  c.b.mybatisplus.core.metadata.TableInfoHelper - Can not find table primary key in Class: "com.lxw.entity.VolunteerTask".
2021-04-05 01:15:51.801 [http-nio-8081-exec-5] WARN  com.alibaba.druid.pool.DruidAbstractDataSource - discard long time none received connection. , jdbcUrl : jdbc:mysql://localhost:3306/returnhome?useUnicode=true&characterEncoding=utf-8&useSSL=false&serverTimezone=GMT%2B8, version : 1.2.4, lastPacketReceivedIdleMillis : 408420
2021-04-05 01:15:51.803 [http-nio-8081-exec-5] WARN  com.alibaba.druid.pool.DruidAbstractDataSource - discard long time none received connection. , jdbcUrl : jdbc:mysql://localhost:3306/returnhome?useUnicode=true&characterEncoding=utf-8&useSSL=false&serverTimezone=GMT%2B8, version : 1.2.4, lastPacketReceivedIdleMillis : 408439
2021-04-05 01:15:51.804 [http-nio-8081-exec-5] WARN  com.alibaba.druid.pool.DruidAbstractDataSource - discard long time none received connection. , jdbcUrl : jdbc:mysql://localhost:3306/returnhome?useUnicode=true&characterEncoding=utf-8&useSSL=false&serverTimezone=GMT%2B8, version : 1.2.4, lastPacketReceivedIdleMillis : 408447
2021-04-05 01:15:51.805 [http-nio-8081-exec-5] WARN  com.alibaba.druid.pool.DruidAbstractDataSource - discard long time none received connection. , jdbcUrl : jdbc:mysql://localhost:3306/returnhome?useUnicode=true&characterEncoding=utf-8&useSSL=false&serverTimezone=GMT%2B8, version : 1.2.4, lastPacketReceivedIdleMillis : 408451
2021-04-05 01:15:51.806 [http-nio-8081-exec-5] WARN  com.alibaba.druid.pool.DruidAbstractDataSource - discard long time none received connection. , jdbcUrl : jdbc:mysql://localhost:3306/returnhome?useUnicode=true&characterEncoding=utf-8&useSSL=false&serverTimezone=GMT%2B8, version : 1.2.4, lastPacketReceivedIdleMillis : 408454
2021-04-05 01:15:51.808 [http-nio-8081-exec-5] WARN  com.alibaba.druid.pool.DruidAbstractDataSource - discard long time none received connection. , jdbcUrl : jdbc:mysql://localhost:3306/returnhome?useUnicode=true&characterEncoding=utf-8&useSSL=false&serverTimezone=GMT%2B8, version : 1.2.4, lastPacketReceivedIdleMillis : 408460
2021-04-05 14:30:51.372 [main] WARN  c.b.mybatisplus.core.metadata.TableInfoHelper - Can not find table primary key in Class: "com.lxw.entity.RoleMenu".
2021-04-05 14:30:51.502 [main] WARN  c.b.mybatisplus.core.metadata.TableInfoHelper - Can not find table primary key in Class: "com.lxw.entity.UserRole".
2021-04-05 14:30:51.552 [main] WARN  c.b.mybatisplus.core.metadata.TableInfoHelper - Can not find table primary key in Class: "com.lxw.entity.VolunteerTask".
2021-04-05 14:46:09.851 [main] WARN  c.b.mybatisplus.core.metadata.TableInfoHelper - Can not find table primary key in Class: "com.lxw.entity.RoleMenu".
2021-04-05 14:46:09.943 [main] WARN  c.b.mybatisplus.core.metadata.TableInfoHelper - Can not find table primary key in Class: "com.lxw.entity.UserRole".
2021-04-05 14:46:09.994 [main] WARN  c.b.mybatisplus.core.metadata.TableInfoHelper - Can not find table primary key in Class: "com.lxw.entity.VolunteerTask".
2021-04-05 15:02:07.337 [http-nio-8081-exec-10] WARN  com.alibaba.druid.pool.DruidAbstractDataSource - discard long time none received connection. , jdbcUrl : jdbc:mysql://localhost:3306/returnhome?useUnicode=true&characterEncoding=utf-8&useSSL=false&serverTimezone=GMT%2B8, version : 1.2.4, lastPacketReceivedIdleMillis : 957781
2021-04-05 15:06:15.488 [http-nio-8081-exec-7] WARN  com.alibaba.druid.pool.DruidAbstractDataSource - discard long time none received connection. , jdbcUrl : jdbc:mysql://localhost:3306/returnhome?useUnicode=true&characterEncoding=utf-8&useSSL=false&serverTimezone=GMT%2B8, version : 1.2.4, lastPacketReceivedIdleMillis : 74779
2021-04-05 15:06:15.489 [http-nio-8081-exec-7] WARN  com.alibaba.druid.pool.DruidAbstractDataSource - discard long time none received connection. , jdbcUrl : jdbc:mysql://localhost:3306/returnhome?useUnicode=true&characterEncoding=utf-8&useSSL=false&serverTimezone=GMT%2B8, version : 1.2.4, lastPacketReceivedIdleMillis : 1205977
2021-04-05 15:06:15.490 [http-nio-8081-exec-7] WARN  com.alibaba.druid.pool.DruidAbstractDataSource - discard long time none received connection. , jdbcUrl : jdbc:mysql://localhost:3306/returnhome?useUnicode=true&characterEncoding=utf-8&useSSL=false&serverTimezone=GMT%2B8, version : 1.2.4, lastPacketReceivedIdleMillis : 1205981
2021-04-05 15:06:15.492 [http-nio-8081-exec-7] WARN  com.alibaba.druid.pool.DruidAbstractDataSource - discard long time none received connection. , jdbcUrl : jdbc:mysql://localhost:3306/returnhome?useUnicode=true&characterEncoding=utf-8&useSSL=false&serverTimezone=GMT%2B8, version : 1.2.4, lastPacketReceivedIdleMillis : 1205987
2021-04-05 15:06:15.494 [http-nio-8081-exec-7] WARN  com.alibaba.druid.pool.DruidAbstractDataSource - discard long time none received connection. , jdbcUrl : jdbc:mysql://localhost:3306/returnhome?useUnicode=true&characterEncoding=utf-8&useSSL=false&serverTimezone=GMT%2B8, version : 1.2.4, lastPacketReceivedIdleMillis : 1205992
2021-04-05 15:06:15.494 [http-nio-8081-exec-7] WARN  com.alibaba.druid.pool.DruidAbstractDataSource - discard long time none received connection. , jdbcUrl : jdbc:mysql://localhost:3306/returnhome?useUnicode=true&characterEncoding=utf-8&useSSL=false&serverTimezone=GMT%2B8, version : 1.2.4, lastPacketReceivedIdleMillis : 1205998
2021-04-05 15:30:27.608 [http-nio-8081-exec-10] WARN  com.alibaba.druid.pool.DruidAbstractDataSource - discard long time none received connection. , jdbcUrl : jdbc:mysql://localhost:3306/returnhome?useUnicode=true&characterEncoding=utf-8&useSSL=false&serverTimezone=GMT%2B8, version : 1.2.4, lastPacketReceivedIdleMillis : 1286329
2021-04-05 15:30:27.611 [http-nio-8081-exec-10] WARN  com.alibaba.druid.pool.DruidAbstractDataSource - discard long time none received connection. , jdbcUrl : jdbc:mysql://localhost:3306/returnhome?useUnicode=true&characterEncoding=utf-8&useSSL=false&serverTimezone=GMT%2B8, version : 1.2.4, lastPacketReceivedIdleMillis : 2658118
2021-04-05 15:30:27.612 [http-nio-8081-exec-10] WARN  com.alibaba.druid.pool.DruidAbstractDataSource - discard long time none received connection. , jdbcUrl : jdbc:mysql://localhost:3306/returnhome?useUnicode=true&characterEncoding=utf-8&useSSL=false&serverTimezone=GMT%2B8, version : 1.2.4, lastPacketReceivedIdleMillis : 2658123
2021-04-05 15:30:27.613 [http-nio-8081-exec-10] WARN  com.alibaba.druid.pool.DruidAbstractDataSource - discard long time none received connection. , jdbcUrl : jdbc:mysql://localhost:3306/returnhome?useUnicode=true&characterEncoding=utf-8&useSSL=false&serverTimezone=GMT%2B8, version : 1.2.4, lastPacketReceivedIdleMillis : 2658130
2021-04-05 15:33:13.176 [http-nio-8081-exec-3] WARN  com.alibaba.druid.pool.DruidAbstractDataSource - discard long time none received connection. , jdbcUrl : jdbc:mysql://localhost:3306/returnhome?useUnicode=true&characterEncoding=utf-8&useSSL=false&serverTimezone=GMT%2B8, version : 1.2.4, lastPacketReceivedIdleMillis : 165543
2021-04-05 15:35:27.492 [http-nio-8081-exec-2] WARN  com.alibaba.druid.pool.DruidAbstractDataSource - discard long time none received connection. , jdbcUrl : jdbc:mysql://localhost:3306/returnhome?useUnicode=true&characterEncoding=utf-8&useSSL=false&serverTimezone=GMT%2B8, version : 1.2.4, lastPacketReceivedIdleMillis : 94523
2021-04-05 15:37:10.750 [http-nio-8081-exec-9] WARN  com.alibaba.druid.pool.DruidAbstractDataSource - discard long time none received connection. , jdbcUrl : jdbc:mysql://localhost:3306/returnhome?useUnicode=true&characterEncoding=utf-8&useSSL=false&serverTimezone=GMT%2B8, version : 1.2.4, lastPacketReceivedIdleMillis : 88864
2021-04-05 15:43:47.828 [http-nio-8081-exec-2] WARN  com.alibaba.druid.pool.DruidAbstractDataSource - discard long time none received connection. , jdbcUrl : jdbc:mysql://localhost:3306/returnhome?useUnicode=true&characterEncoding=utf-8&useSSL=false&serverTimezone=GMT%2B8, version : 1.2.4, lastPacketReceivedIdleMillis : 355705
2021-04-05 15:49:17.760 [http-nio-8081-exec-10] WARN  com.alibaba.druid.pool.DruidAbstractDataSource - discard long time none received connection. , jdbcUrl : jdbc:mysql://localhost:3306/returnhome?useUnicode=true&characterEncoding=utf-8&useSSL=false&serverTimezone=GMT%2B8, version : 1.2.4, lastPacketReceivedIdleMillis : 324978
2021-04-05 15:52:42.070 [http-nio-8081-exec-1] WARN  com.alibaba.druid.pool.DruidAbstractDataSource - discard long time none received connection. , jdbcUrl : jdbc:mysql://localhost:3306/returnhome?useUnicode=true&characterEncoding=utf-8&useSSL=false&serverTimezone=GMT%2B8, version : 1.2.4, lastPacketReceivedIdleMillis : 194641
2021-04-05 15:56:39.677 [http-nio-8081-exec-4] WARN  com.alibaba.druid.pool.DruidAbstractDataSource - discard long time none received connection. , jdbcUrl : jdbc:mysql://localhost:3306/returnhome?useUnicode=true&characterEncoding=utf-8&useSSL=false&serverTimezone=GMT%2B8, version : 1.2.4, lastPacketReceivedIdleMillis : 237580
2021-04-05 16:01:05.179 [main] WARN  c.b.mybatisplus.core.metadata.TableInfoHelper - Can not find table primary key in Class: "com.lxw.entity.RoleMenu".
2021-04-05 16:01:05.277 [main] WARN  c.b.mybatisplus.core.metadata.TableInfoHelper - Can not find table primary key in Class: "com.lxw.entity.UserRole".
2021-04-05 16:01:05.341 [main] WARN  c.b.mybatisplus.core.metadata.TableInfoHelper - Can not find table primary key in Class: "com.lxw.entity.VolunteerTask".
2021-04-05 16:04:56.849 [http-nio-8081-exec-2] WARN  com.alibaba.druid.pool.DruidAbstractDataSource - discard long time none received connection. , jdbcUrl : jdbc:mysql://localhost:3306/returnhome?useUnicode=true&characterEncoding=utf-8&useSSL=false&serverTimezone=GMT%2B8, version : 1.2.4, lastPacketReceivedIdleMillis : 100325
2021-04-05 16:04:56.850 [http-nio-8081-exec-2] WARN  com.alibaba.druid.pool.DruidAbstractDataSource - discard long time none received connection. , jdbcUrl : jdbc:mysql://localhost:3306/returnhome?useUnicode=true&characterEncoding=utf-8&useSSL=false&serverTimezone=GMT%2B8, version : 1.2.4, lastPacketReceivedIdleMillis : 232026
2021-04-05 16:04:56.850 [http-nio-8081-exec-4] WARN  com.alibaba.druid.pool.DruidAbstractDataSource - discard long time none received connection. , jdbcUrl : jdbc:mysql://localhost:3306/returnhome?useUnicode=true&characterEncoding=utf-8&useSSL=false&serverTimezone=GMT%2B8, version : 1.2.4, lastPacketReceivedIdleMillis : 100345
2021-04-05 16:04:56.852 [http-nio-8081-exec-4] WARN  com.alibaba.druid.pool.DruidAbstractDataSource - discard long time none received connection. , jdbcUrl : jdbc:mysql://localhost:3306/returnhome?useUnicode=true&characterEncoding=utf-8&useSSL=false&serverTimezone=GMT%2B8, version : 1.2.4, lastPacketReceivedIdleMillis : 232037
2021-04-05 16:04:56.852 [http-nio-8081-exec-2] WARN  com.alibaba.druid.pool.DruidAbstractDataSource - discard long time none received connection. , jdbcUrl : jdbc:mysql://localhost:3306/returnhome?useUnicode=true&characterEncoding=utf-8&useSSL=false&serverTimezone=GMT%2B8, version : 1.2.4, lastPacketReceivedIdleMillis : 232033
2021-04-05 16:04:56.853 [http-nio-8081-exec-4] WARN  com.alibaba.druid.pool.DruidAbstractDataSource - discard long time none received connection. , jdbcUrl : jdbc:mysql://localhost:3306/returnhome?useUnicode=true&characterEncoding=utf-8&useSSL=false&serverTimezone=GMT%2B8, version : 1.2.4, lastPacketReceivedIdleMillis : 232041
2021-04-05 16:04:56.854 [http-nio-8081-exec-2] WARN  com.alibaba.druid.pool.DruidAbstractDataSource - discard long time none received connection. , jdbcUrl : jdbc:mysql://localhost:3306/returnhome?useUnicode=true&characterEncoding=utf-8&useSSL=false&serverTimezone=GMT%2B8, version : 1.2.4, lastPacketReceivedIdleMillis : 232047
2021-04-05 16:04:56.855 [http-nio-8081-exec-4] WARN  com.alibaba.druid.pool.DruidAbstractDataSource - discard long time none received connection. , jdbcUrl : jdbc:mysql://localhost:3306/returnhome?useUnicode=true&characterEncoding=utf-8&useSSL=false&serverTimezone=GMT%2B8, version : 1.2.4, lastPacketReceivedIdleMillis : 232050
2021-04-05 16:04:56.855 [http-nio-8081-exec-2] WARN  com.alibaba.druid.pool.DruidAbstractDataSource - discard long time none received connection. , jdbcUrl : jdbc:mysql://localhost:3306/returnhome?useUnicode=true&characterEncoding=utf-8&useSSL=false&serverTimezone=GMT%2B8, version : 1.2.4, lastPacketReceivedIdleMillis : 232053
2021-04-05 16:04:56.855 [http-nio-8081-exec-4] WARN  com.alibaba.druid.pool.DruidAbstractDataSource - discard long time none received connection. , jdbcUrl : jdbc:mysql://localhost:3306/returnhome?useUnicode=true&characterEncoding=utf-8&useSSL=false&serverTimezone=GMT%2B8, version : 1.2.4, lastPacketReceivedIdleMillis : 232058
2021-04-05 16:09:55.216 [http-nio-8081-exec-9] WARN  com.alibaba.druid.pool.DruidAbstractDataSource - discard long time none received connection. , jdbcUrl : jdbc:mysql://localhost:3306/returnhome?useUnicode=true&characterEncoding=utf-8&useSSL=false&serverTimezone=GMT%2B8, version : 1.2.4, lastPacketReceivedIdleMillis : 120646
2021-04-05 16:12:00.003 [quartzScheduler_Worker-4] WARN  com.alibaba.druid.pool.DruidAbstractDataSource - discard long time none received connection. , jdbcUrl : jdbc:mysql://localhost:3306/returnhome?useUnicode=true&characterEncoding=utf-8&useSSL=false&serverTimezone=GMT%2B8, version : 1.2.4, lastPacketReceivedIdleMillis : 124721
2021-04-05 16:12:00.004 [quartzScheduler_Worker-4] WARN  com.alibaba.druid.pool.DruidAbstractDataSource - discard long time none received connection. , jdbcUrl : jdbc:mysql://localhost:3306/returnhome?useUnicode=true&characterEncoding=utf-8&useSSL=false&serverTimezone=GMT%2B8, version : 1.2.4, lastPacketReceivedIdleMillis : 124750
2021-04-05 16:16:02.627 [http-nio-8081-exec-1] WARN  com.alibaba.druid.pool.DruidAbstractDataSource - discard long time none received connection. , jdbcUrl : jdbc:mysql://localhost:3306/returnhome?useUnicode=true&characterEncoding=utf-8&useSSL=false&serverTimezone=GMT%2B8, version : 1.2.4, lastPacketReceivedIdleMillis : 81594
2021-04-05 16:18:26.153 [http-nio-8081-exec-9] WARN  com.alibaba.druid.pool.DruidAbstractDataSource - discard long time none received connection. , jdbcUrl : jdbc:mysql://localhost:3306/returnhome?useUnicode=true&characterEncoding=utf-8&useSSL=false&serverTimezone=GMT%2B8, version : 1.2.4, lastPacketReceivedIdleMillis : 79030
2021-04-05 16:21:00.004 [quartzScheduler_Worker-7] WARN  com.alibaba.druid.pool.DruidAbstractDataSource - discard long time none received connection. , jdbcUrl : jdbc:mysql://localhost:3306/returnhome?useUnicode=true&characterEncoding=utf-8&useSSL=false&serverTimezone=GMT%2B8, version : 1.2.4, lastPacketReceivedIdleMillis : 124287
2021-04-05 16:21:00.006 [quartzScheduler_Worker-7] WARN  com.alibaba.druid.pool.DruidAbstractDataSource - discard long time none received connection. , jdbcUrl : jdbc:mysql://localhost:3306/returnhome?useUnicode=true&characterEncoding=utf-8&useSSL=false&serverTimezone=GMT%2B8, version : 1.2.4, lastPacketReceivedIdleMillis : 124302
2021-04-05 16:22:42.684 [http-nio-8081-exec-9] WARN  com.alibaba.druid.pool.DruidAbstractDataSource - discard long time none received connection. , jdbcUrl : jdbc:mysql://localhost:3306/returnhome?useUnicode=true&characterEncoding=utf-8&useSSL=false&serverTimezone=GMT%2B8, version : 1.2.4, lastPacketReceivedIdleMillis : 102670
2021-04-05 20:07:16.513 [main] WARN  c.b.mybatisplus.core.metadata.TableInfoHelper - Can not find table primary key in Class: "com.lxw.entity.RoleMenu".
2021-04-05 20:07:16.658 [main] WARN  c.b.mybatisplus.core.metadata.TableInfoHelper - Can not find table primary key in Class: "com.lxw.entity.UserRole".
2021-04-05 20:07:16.708 [main] WARN  c.b.mybatisplus.core.metadata.TableInfoHelper - Can not find table primary key in Class: "com.lxw.entity.VolunteerTask".
2021-04-05 20:12:00.088 [quartzScheduler_Worker-2] WARN  com.alibaba.druid.pool.DruidAbstractDataSource - discard long time none received connection. , jdbcUrl : jdbc:mysql://localhost:3306/returnhome?useUnicode=true&characterEncoding=utf-8&useSSL=false&serverTimezone=GMT%2B8, version : 1.2.4, lastPacketReceivedIdleMillis : 180033
2021-04-05 20:15:00.004 [quartzScheduler_Worker-3] WARN  com.alibaba.druid.pool.DruidAbstractDataSource - discard long time none received connection. , jdbcUrl : jdbc:mysql://localhost:3306/returnhome?useUnicode=true&characterEncoding=utf-8&useSSL=false&serverTimezone=GMT%2B8, version : 1.2.4, lastPacketReceivedIdleMillis : 179915
2021-04-05 20:15:00.006 [quartzScheduler_Worker-3] WARN  com.alibaba.druid.pool.DruidAbstractDataSource - discard long time none received connection. , jdbcUrl : jdbc:mysql://localhost:3306/returnhome?useUnicode=true&characterEncoding=utf-8&useSSL=false&serverTimezone=GMT%2B8, version : 1.2.4, lastPacketReceivedIdleMillis : 464158
2021-04-05 20:15:00.009 [quartzScheduler_Worker-3] WARN  com.alibaba.druid.pool.DruidAbstractDataSource - discard long time none received connection. , jdbcUrl : jdbc:mysql://localhost:3306/returnhome?useUnicode=true&characterEncoding=utf-8&useSSL=false&serverTimezone=GMT%2B8, version : 1.2.4, lastPacketReceivedIdleMillis : 464160
2021-04-05 20:15:00.011 [quartzScheduler_Worker-3] WARN  com.alibaba.druid.pool.DruidAbstractDataSource - discard long time none received connection. , jdbcUrl : jdbc:mysql://localhost:3306/returnhome?useUnicode=true&characterEncoding=utf-8&useSSL=false&serverTimezone=GMT%2B8, version : 1.2.4, lastPacketReceivedIdleMillis : 464173
2021-04-05 20:15:00.013 [quartzScheduler_Worker-3] WARN  com.alibaba.druid.pool.DruidAbstractDataSource - discard long time none received connection. , jdbcUrl : jdbc:mysql://localhost:3306/returnhome?useUnicode=true&characterEncoding=utf-8&useSSL=false&serverTimezone=GMT%2B8, version : 1.2.4, lastPacketReceivedIdleMillis : 464175
2021-04-05 20:15:00.016 [quartzScheduler_Worker-3] WARN  com.alibaba.druid.pool.DruidAbstractDataSource - discard long time none received connection. , jdbcUrl : jdbc:mysql://localhost:3306/returnhome?useUnicode=true&characterEncoding=utf-8&useSSL=false&serverTimezone=GMT%2B8, version : 1.2.4, lastPacketReceivedIdleMillis : 464176
2021-04-05 20:15:00.017 [quartzScheduler_Worker-3] WARN  com.alibaba.druid.pool.DruidAbstractDataSource - discard long time none received connection. , jdbcUrl : jdbc:mysql://localhost:3306/returnhome?useUnicode=true&characterEncoding=utf-8&useSSL=false&serverTimezone=GMT%2B8, version : 1.2.4, lastPacketReceivedIdleMillis : 464189
2021-04-05 20:15:00.019 [quartzScheduler_Worker-3] WARN  com.alibaba.druid.pool.DruidAbstractDataSource - discard long time none received connection. , jdbcUrl : jdbc:mysql://localhost:3306/returnhome?useUnicode=true&characterEncoding=utf-8&useSSL=false&serverTimezone=GMT%2B8, version : 1.2.4, lastPacketReceivedIdleMillis : 464191
2021-04-05 20:15:00.021 [quartzScheduler_Worker-3] WARN  com.alibaba.druid.pool.DruidAbstractDataSource - discard long time none received connection. , jdbcUrl : jdbc:mysql://localhost:3306/returnhome?useUnicode=true&characterEncoding=utf-8&useSSL=false&serverTimezone=GMT%2B8, version : 1.2.4, lastPacketReceivedIdleMillis : 464203
2021-04-05 20:18:00.010 [quartzScheduler_Worker-4] WARN  com.alibaba.druid.pool.DruidAbstractDataSource - discard long time none received connection. , jdbcUrl : jdbc:mysql://localhost:3306/returnhome?useUnicode=true&characterEncoding=utf-8&useSSL=false&serverTimezone=GMT%2B8, version : 1.2.4, lastPacketReceivedIdleMillis : 179033
2021-04-05 20:18:00.012 [quartzScheduler_Worker-4] WARN  com.alibaba.druid.pool.DruidAbstractDataSource - discard long time none received connection. , jdbcUrl : jdbc:mysql://localhost:3306/returnhome?useUnicode=true&characterEncoding=utf-8&useSSL=false&serverTimezone=GMT%2B8, version : 1.2.4, lastPacketReceivedIdleMillis : 179054
2021-04-05 20:18:00.015 [quartzScheduler_Worker-4] WARN  com.alibaba.druid.pool.DruidAbstractDataSource - discard long time none received connection. , jdbcUrl : jdbc:mysql://localhost:3306/returnhome?useUnicode=true&characterEncoding=utf-8&useSSL=false&serverTimezone=GMT%2B8, version : 1.2.4, lastPacketReceivedIdleMillis : 644196
2021-04-05 20:21:00.022 [quartzScheduler_Worker-5] WARN  com.alibaba.druid.pool.DruidAbstractDataSource - discard long time none received connection. , jdbcUrl : jdbc:mysql://localhost:3306/returnhome?useUnicode=true&characterEncoding=utf-8&useSSL=false&serverTimezone=GMT%2B8, version : 1.2.4, lastPacketReceivedIdleMillis : 179990
2021-04-05 20:22:43.565 [http-nio-8081-exec-6] WARN  com.alibaba.druid.pool.DruidAbstractDataSource - discard long time none received connection. , jdbcUrl : jdbc:mysql://localhost:3306/returnhome?useUnicode=true&characterEncoding=utf-8&useSSL=false&serverTimezone=GMT%2B8, version : 1.2.4, lastPacketReceivedIdleMillis : 103536
2021-04-05 20:24:00.008 [quartzScheduler_Worker-6] WARN  com.alibaba.druid.pool.DruidAbstractDataSource - discard long time none received connection. , jdbcUrl : jdbc:mysql://localhost:3306/returnhome?useUnicode=true&characterEncoding=utf-8&useSSL=false&serverTimezone=GMT%2B8, version : 1.2.4, lastPacketReceivedIdleMillis : 76390
2021-04-05 20:24:00.012 [quartzScheduler_Worker-6] WARN  com.alibaba.druid.pool.DruidAbstractDataSource - discard long time none received connection. , jdbcUrl : jdbc:mysql://localhost:3306/returnhome?useUnicode=true&characterEncoding=utf-8&useSSL=false&serverTimezone=GMT%2B8, version : 1.2.4, lastPacketReceivedIdleMillis : 76415
2021-04-05 20:25:33.171 [http-nio-8081-exec-2] WARN  com.alibaba.druid.pool.DruidAbstractDataSource - discard long time none received connection. , jdbcUrl : jdbc:mysql://localhost:3306/returnhome?useUnicode=true&characterEncoding=utf-8&useSSL=false&serverTimezone=GMT%2B8, version : 1.2.4, lastPacketReceivedIdleMillis : 93150
2021-04-05 20:30:00.005 [quartzScheduler_Worker-8] WARN  com.alibaba.druid.pool.DruidAbstractDataSource - discard long time none received connection. , jdbcUrl : jdbc:mysql://localhost:3306/returnhome?useUnicode=true&characterEncoding=utf-8&useSSL=false&serverTimezone=GMT%2B8, version : 1.2.4, lastPacketReceivedIdleMillis : 179999
2021-04-05 20:30:00.008 [quartzScheduler_Worker-8] WARN  com.alibaba.druid.pool.DruidAbstractDataSource - discard long time none received connection. , jdbcUrl : jdbc:mysql://localhost:3306/returnhome?useUnicode=true&characterEncoding=utf-8&useSSL=false&serverTimezone=GMT%2B8, version : 1.2.4, lastPacketReceivedIdleMillis : 211204
2021-04-05 20:32:20.649 [http-nio-8081-exec-10] WARN  com.alibaba.druid.pool.DruidAbstractDataSource - discard long time none received connection. , jdbcUrl : jdbc:mysql://localhost:3306/returnhome?useUnicode=true&characterEncoding=utf-8&useSSL=false&serverTimezone=GMT%2B8, version : 1.2.4, lastPacketReceivedIdleMillis : 140632
2021-04-05 20:39:00.002 [quartzScheduler_Worker-1] WARN  com.alibaba.druid.pool.DruidAbstractDataSource - discard long time none received connection. , jdbcUrl : jdbc:mysql://localhost:3306/returnhome?useUnicode=true&characterEncoding=utf-8&useSSL=false&serverTimezone=GMT%2B8, version : 1.2.4, lastPacketReceivedIdleMillis : 179998
2021-04-05 20:39:00.003 [quartzScheduler_Worker-1] WARN  com.alibaba.druid.pool.DruidAbstractDataSource - discard long time none received connection. , jdbcUrl : jdbc:mysql://localhost:3306/returnhome?useUnicode=true&characterEncoding=utf-8&useSSL=false&serverTimezone=GMT%2B8, version : 1.2.4, lastPacketReceivedIdleMillis : 214713
2021-04-05 20:42:00.002 [quartzScheduler_Worker-2] WARN  com.alibaba.druid.pool.DruidAbstractDataSource - discard long time none received connection. , jdbcUrl : jdbc:mysql://localhost:3306/returnhome?useUnicode=true&characterEncoding=utf-8&useSSL=false&serverTimezone=GMT%2B8, version : 1.2.4, lastPacketReceivedIdleMillis : 179993
2021-04-05 20:43:28.564 [http-nio-8081-exec-3] WARN  com.alibaba.druid.pool.DruidAbstractDataSource - discard long time none received connection. , jdbcUrl : jdbc:mysql://localhost:3306/returnhome?useUnicode=true&characterEncoding=utf-8&useSSL=false&serverTimezone=GMT%2B8, version : 1.2.4, lastPacketReceivedIdleMillis : 88554
2021-04-05 20:47:57.187 [http-nio-8081-exec-5] WARN  com.alibaba.druid.pool.DruidAbstractDataSource - discard long time none received connection. , jdbcUrl : jdbc:mysql://localhost:3306/returnhome?useUnicode=true&characterEncoding=utf-8&useSSL=false&serverTimezone=GMT%2B8, version : 1.2.4, lastPacketReceivedIdleMillis : 120416
2021-04-05 20:47:57.187 [http-nio-8081-exec-6] WARN  com.alibaba.druid.pool.DruidAbstractDataSource - discard long time none received connection. , jdbcUrl : jdbc:mysql://localhost:3306/returnhome?useUnicode=true&characterEncoding=utf-8&useSSL=false&serverTimezone=GMT%2B8, version : 1.2.4, lastPacketReceivedIdleMillis : 120404
2021-04-05 20:51:51.714 [http-nio-8081-exec-1] WARN  com.alibaba.druid.pool.DruidAbstractDataSource - discard long time none received connection. , jdbcUrl : jdbc:mysql://localhost:3306/returnhome?useUnicode=true&characterEncoding=utf-8&useSSL=false&serverTimezone=GMT%2B8, version : 1.2.4, lastPacketReceivedIdleMillis : 76971
2021-04-05 20:53:24.773 [http-nio-8081-exec-3] WARN  com.alibaba.druid.pool.DruidAbstractDataSource - discard long time none received connection. , jdbcUrl : jdbc:mysql://localhost:3306/returnhome?useUnicode=true&characterEncoding=utf-8&useSSL=false&serverTimezone=GMT%2B8, version : 1.2.4, lastPacketReceivedIdleMillis : 93033
2021-04-05 20:53:24.774 [http-nio-8081-exec-7] WARN  com.alibaba.druid.pool.DruidAbstractDataSource - discard long time none received connection. , jdbcUrl : jdbc:mysql://localhost:3306/returnhome?useUnicode=true&characterEncoding=utf-8&useSSL=false&serverTimezone=GMT%2B8, version : 1.2.4, lastPacketReceivedIdleMillis : 93042
2021-04-05 20:55:29.701 [http-nio-8081-exec-1] WARN  com.alibaba.druid.pool.DruidAbstractDataSource - discard long time none received connection. , jdbcUrl : jdbc:mysql://localhost:3306/returnhome?useUnicode=true&characterEncoding=utf-8&useSSL=false&serverTimezone=GMT%2B8, version : 1.2.4, lastPacketReceivedIdleMillis : 92714
2021-04-05 21:00:00.009 [quartzScheduler_Worker-8] WARN  com.alibaba.druid.pool.DruidAbstractDataSource - discard long time none received connection. , jdbcUrl : jdbc:mysql://localhost:3306/returnhome?useUnicode=true&characterEncoding=utf-8&useSSL=false&serverTimezone=GMT%2B8, version : 1.2.4, lastPacketReceivedIdleMillis : 180004
2021-04-05 21:00:00.013 [quartzScheduler_Worker-8] WARN  com.alibaba.druid.pool.DruidAbstractDataSource - discard long time none received connection. , jdbcUrl : jdbc:mysql://localhost:3306/returnhome?useUnicode=true&characterEncoding=utf-8&useSSL=false&serverTimezone=GMT%2B8, version : 1.2.4, lastPacketReceivedIdleMillis : 270297
2021-04-05 23:46:42.022 [main] WARN  c.b.mybatisplus.core.metadata.TableInfoHelper - Can not find table primary key in Class: "com.lxw.entity.RoleMenu".
2021-04-05 23:46:42.132 [main] WARN  c.b.mybatisplus.core.metadata.TableInfoHelper - Can not find table primary key in Class: "com.lxw.entity.UserRole".
2021-04-05 23:46:42.190 [main] WARN  c.b.mybatisplus.core.metadata.TableInfoHelper - Can not find table primary key in Class: "com.lxw.entity.VolunteerTask".
2021-04-05 23:50:04.482 [http-nio-8081-exec-2] WARN  com.alibaba.druid.pool.DruidAbstractDataSource - discard long time none received connection. , jdbcUrl : jdbc:mysql://localhost:3306/returnhome?useUnicode=true&characterEncoding=utf-8&useSSL=false&serverTimezone=GMT%2B8, version : 1.2.4, lastPacketReceivedIdleMillis : 124457
2021-04-05 23:50:04.483 [http-nio-8081-exec-2] WARN  com.alibaba.druid.pool.DruidAbstractDataSource - discard long time none received connection. , jdbcUrl : jdbc:mysql://localhost:3306/returnhome?useUnicode=true&characterEncoding=utf-8&useSSL=false&serverTimezone=GMT%2B8, version : 1.2.4, lastPacketReceivedIdleMillis : 202811
2021-04-05 23:50:04.484 [http-nio-8081-exec-2] WARN  com.alibaba.druid.pool.DruidAbstractDataSource - discard long time none received connection. , jdbcUrl : jdbc:mysql://localhost:3306/returnhome?useUnicode=true&characterEncoding=utf-8&useSSL=false&serverTimezone=GMT%2B8, version : 1.2.4, lastPacketReceivedIdleMillis : 202815
2021-04-05 23:50:04.485 [http-nio-8081-exec-2] WARN  com.alibaba.druid.pool.DruidAbstractDataSource - discard long time none received connection. , jdbcUrl : jdbc:mysql://localhost:3306/returnhome?useUnicode=true&characterEncoding=utf-8&useSSL=false&serverTimezone=GMT%2B8, version : 1.2.4, lastPacketReceivedIdleMillis : 202821
2021-04-05 23:50:04.486 [http-nio-8081-exec-2] WARN  com.alibaba.druid.pool.DruidAbstractDataSource - discard long time none received connection. , jdbcUrl : jdbc:mysql://localhost:3306/returnhome?useUnicode=true&characterEncoding=utf-8&useSSL=false&serverTimezone=GMT%2B8, version : 1.2.4, lastPacketReceivedIdleMillis : 202829
2021-04-05 23:50:04.488 [http-nio-8081-exec-2] WARN  com.alibaba.druid.pool.DruidAbstractDataSource - discard long time none received connection. , jdbcUrl : jdbc:mysql://localhost:3306/returnhome?useUnicode=true&characterEncoding=utf-8&useSSL=false&serverTimezone=GMT%2B8, version : 1.2.4, lastPacketReceivedIdleMillis : 202843
2021-04-05 23:50:04.496 [http-nio-8081-exec-2] WARN  com.alibaba.druid.pool.DruidAbstractDataSource - discard long time none received connection. , jdbcUrl : jdbc:mysql://localhost:3306/returnhome?useUnicode=true&characterEncoding=utf-8&useSSL=false&serverTimezone=GMT%2B8, version : 1.2.4, lastPacketReceivedIdleMillis : 202854
2021-04-05 23:50:04.497 [http-nio-8081-exec-2] WARN  com.alibaba.druid.pool.DruidAbstractDataSource - discard long time none received connection. , jdbcUrl : jdbc:mysql://localhost:3306/returnhome?useUnicode=true&characterEncoding=utf-8&useSSL=false&serverTimezone=GMT%2B8, version : 1.2.4, lastPacketReceivedIdleMillis : 202859
2021-04-05 23:50:04.498 [http-nio-8081-exec-2] WARN  com.alibaba.druid.pool.DruidAbstractDataSource - discard long time none received connection. , jdbcUrl : jdbc:mysql://localhost:3306/returnhome?useUnicode=true&characterEncoding=utf-8&useSSL=false&serverTimezone=GMT%2B8, version : 1.2.4, lastPacketReceivedIdleMillis : 202864
2021-04-05 23:50:04.499 [http-nio-8081-exec-2] WARN  com.alibaba.druid.pool.DruidAbstractDataSource - discard long time none received connection. , jdbcUrl : jdbc:mysql://localhost:3306/returnhome?useUnicode=true&characterEncoding=utf-8&useSSL=false&serverTimezone=GMT%2B8, version : 1.2.4, lastPacketReceivedIdleMillis : 202872
2021-04-05 23:54:00.004 [quartzScheduler_Worker-3] WARN  com.alibaba.druid.pool.DruidAbstractDataSource - discard long time none received connection. , jdbcUrl : jdbc:mysql://localhost:3306/returnhome?useUnicode=true&characterEncoding=utf-8&useSSL=false&serverTimezone=GMT%2B8, version : 1.2.4, lastPacketReceivedIdleMillis : 171084
2021-04-05 23:56:26.595 [http-nio-8081-exec-3] WARN  com.alibaba.druid.pool.DruidAbstractDataSource - discard long time none received connection. , jdbcUrl : jdbc:mysql://localhost:3306/returnhome?useUnicode=true&characterEncoding=utf-8&useSSL=false&serverTimezone=GMT%2B8, version : 1.2.4, lastPacketReceivedIdleMillis : 146584
