2021-04-09 18:48:56.916 [http-nio-8081-exec-5] ERROR com.lxw.handler.GlobalExceptionHandler - 不允许访问
2021-04-09 18:51:10.286 [http-nio-8081-exec-8] ERROR com.lxw.handler.GlobalExceptionHandler - 该老人年龄不符合报案要求
2021-04-09 18:52:01.189 [http-nio-8081-exec-2] ERROR com.lxw.handler.GlobalExceptionHandler - Source must not be null
2021-04-09 19:22:47.104 [http-nio-8081-exec-9] ERROR com.lxw.handler.GlobalExceptionHandler - 该老人年龄不符合报案要求
2021-04-09 19:22:53.748 [http-nio-8081-exec-8] ERROR com.lxw.handler.GlobalExceptionHandler - 该老人年龄不符合报案要求
2021-04-09 19:23:01.073 [http-nio-8081-exec-1] ERROR com.lxw.handler.GlobalExceptionHandler - 该老人年龄不符合报案要求
2021-04-09 19:27:38.128 [http-nio-8081-exec-8] ERROR com.lxw.handler.GlobalExceptionHandler - 操作数据库出现异常:
2021-04-09 19:32:28.396 [http-nio-8081-exec-2] ERROR com.lxw.handler.GlobalExceptionHandler - 操作数据库出现异常:
2021-04-09 19:34:50.262 [http-nio-8081-exec-1] ERROR com.lxw.handler.GlobalExceptionHandler - 操作数据库出现异常:
2021-04-09 19:36:02.081 [http-nio-8081-exec-1] ERROR com.lxw.handler.GlobalExceptionHandler - 输入的地址有误
2021-04-09 19:38:38.310 [http-nio-8081-exec-6] ERROR com.lxw.handler.GlobalExceptionHandler - 输入的地址有误
2021-04-09 19:39:38.357 [http-nio-8081-exec-10] ERROR com.lxw.handler.GlobalExceptionHandler - Source must not be null
2021-04-09 19:39:42.451 [http-nio-8081-exec-2] ERROR com.lxw.handler.GlobalExceptionHandler - Source must not be null
2021-04-09 19:39:50.635 [http-nio-8081-exec-4] ERROR com.lxw.handler.GlobalExceptionHandler - Source must not be null
2021-04-09 19:41:31.260 [http-nio-8081-exec-8] ERROR com.lxw.handler.GlobalExceptionHandler - Source must not be null
2021-04-09 19:44:12.612 [http-nio-8081-exec-5] ERROR com.lxw.handler.GlobalExceptionHandler - Source must not be null
2021-04-09 19:44:27.519 [http-nio-8081-exec-9] ERROR com.lxw.handler.GlobalExceptionHandler - Source must not be null
2021-04-09 19:44:32.386 [http-nio-8081-exec-3] ERROR com.lxw.handler.GlobalExceptionHandler - Source must not be null
2021-04-09 19:45:05.209 [http-nio-8081-exec-5] ERROR com.lxw.handler.GlobalExceptionHandler - Source must not be null
2021-04-09 19:45:19.960 [http-nio-8081-exec-7] ERROR com.lxw.handler.GlobalExceptionHandler - Source must not be null
2021-04-09 19:46:20.432 [http-nio-8081-exec-6] ERROR com.lxw.handler.GlobalExceptionHandler - Source must not be null
2021-04-09 19:47:09.107 [http-nio-8081-exec-1] ERROR com.lxw.handler.GlobalExceptionHandler - Source must not be null
