2021-03-29 00:00:00.002 [DEBUG] com.lxw.system.mapper.TaskMapper.selectList - ==>  Preparing: SELECT task_id,level,lostman_id,start_time,end_time,rescue_pos FROM tb_task
2021-03-29 00:00:00.005 [DEBUG] com.lxw.system.mapper.TaskMapper.selectList - ==> Parameters: 
2021-03-29 00:00:00.007 [DEBUG] com.lxw.system.mapper.TaskMapper.selectList - <==      Total: 13
2021-03-29 00:01:00.002 [DEBUG] com.lxw.system.mapper.TaskMapper.selectList - ==>  Preparing: SELECT task_id,level,lostman_id,start_time,end_time,rescue_pos FROM tb_task
2021-03-29 00:01:00.003 [DEBUG] com.lxw.system.mapper.TaskMapper.selectList - ==> Parameters: 
2021-03-29 00:01:00.005 [DEBUG] com.lxw.system.mapper.TaskMapper.selectList - <==      Total: 13
2021-03-29 00:02:00.001 [DEBUG] com.lxw.system.mapper.TaskMapper.selectList - ==>  Preparing: SELECT task_id,level,lostman_id,start_time,end_time,rescue_pos FROM tb_task
2021-03-29 00:02:00.002 [DEBUG] com.lxw.system.mapper.TaskMapper.selectList - ==> Parameters: 
2021-03-29 00:02:00.004 [DEBUG] com.lxw.system.mapper.TaskMapper.selectList - <==      Total: 13
2021-03-29 00:03:00.002 [DEBUG] com.lxw.system.mapper.TaskMapper.selectList - ==>  Preparing: SELECT task_id,level,lostman_id,start_time,end_time,rescue_pos FROM tb_task
2021-03-29 00:03:00.003 [DEBUG] com.lxw.system.mapper.TaskMapper.selectList - ==> Parameters: 
2021-03-29 00:03:00.006 [DEBUG] com.lxw.system.mapper.TaskMapper.selectList - <==      Total: 13
2021-03-29 00:04:00.004 [DEBUG] com.lxw.system.mapper.TaskMapper.selectList - ==>  Preparing: SELECT task_id,level,lostman_id,start_time,end_time,rescue_pos FROM tb_task
2021-03-29 00:04:00.005 [DEBUG] com.lxw.system.mapper.TaskMapper.selectList - ==> Parameters: 
2021-03-29 00:04:00.008 [DEBUG] com.lxw.system.mapper.TaskMapper.selectList - <==      Total: 13
2021-03-29 10:32:28.873 [DEBUG] com.lxw.system.mapper.QuartzMapper.selectList - ==>  Preparing: SELECT id,job_name,job_class,cron_expression,status FROM sys_quartz
2021-03-29 10:32:28.959 [DEBUG] com.lxw.system.mapper.QuartzMapper.selectList - ==> Parameters: 
2021-03-29 10:32:29.005 [DEBUG] com.lxw.system.mapper.QuartzMapper.selectList - <==      Total: 1
2021-03-29 10:33:00.021 [DEBUG] com.lxw.system.mapper.TaskMapper.selectList - ==>  Preparing: SELECT task_id,level,lostman_id,start_time,end_time,rescue_pos FROM tb_task
2021-03-29 10:33:00.022 [DEBUG] com.lxw.system.mapper.TaskMapper.selectList - ==> Parameters: 
2021-03-29 10:33:00.032 [DEBUG] com.lxw.system.mapper.TaskMapper.selectList - <==      Total: 13
2021-03-29 10:34:00.008 [DEBUG] com.lxw.system.mapper.TaskMapper.selectList - ==>  Preparing: SELECT task_id,level,lostman_id,start_time,end_time,rescue_pos FROM tb_task
2021-03-29 10:34:00.009 [DEBUG] com.lxw.system.mapper.TaskMapper.selectList - ==> Parameters: 
2021-03-29 10:34:00.021 [DEBUG] com.lxw.system.mapper.TaskMapper.selectList - <==      Total: 13
2021-03-29 10:34:45.121 [DEBUG] com.lxw.system.mapper.TaskMapper.selectById - ==>  Preparing: SELECT task_id,level,lostman_id,start_time,end_time,rescue_pos FROM tb_task WHERE task_id=?
2021-03-29 10:34:45.123 [DEBUG] com.lxw.system.mapper.TaskMapper.selectById - ==> Parameters: 5(Long)
2021-03-29 10:34:45.125 [DEBUG] com.lxw.system.mapper.TaskMapper.selectById - <==      Total: 0
2021-03-29 10:34:54.759 [DEBUG] com.lxw.system.mapper.TaskMapper.selectById - ==>  Preparing: SELECT task_id,level,lostman_id,start_time,end_time,rescue_pos FROM tb_task WHERE task_id=?
2021-03-29 10:34:54.759 [DEBUG] com.lxw.system.mapper.TaskMapper.selectById - ==> Parameters: 84(Long)
2021-03-29 10:34:54.762 [DEBUG] com.lxw.system.mapper.TaskMapper.selectById - <==      Total: 1
2021-03-29 10:34:54.767 [DEBUG] com.lxw.system.mapper.LostmanInfoMapper.selectById - ==>  Preparing: SELECT lostman_id,lostman_name,lostman_sex,lostman_age,lostman_IDCard,lostman_remark,lostman_pos,lostman_pos_longitude,lostman_pos_latitude,lost_time,family_id FROM tb_lostman_info WHERE lostman_id=?
2021-03-29 10:34:54.768 [DEBUG] com.lxw.system.mapper.LostmanInfoMapper.selectById - ==> Parameters: 5(Long)
2021-03-29 10:34:54.771 [DEBUG] com.lxw.system.mapper.LostmanInfoMapper.selectById - <==      Total: 1
2021-03-29 10:34:54.776 [DEBUG] com.lxw.system.mapper.FamilyMapper.selectById - ==>  Preparing: SELECT family_id,openid,family_name,family_phoneNumber FROM tb_family WHERE family_id=?
2021-03-29 10:34:54.776 [DEBUG] com.lxw.system.mapper.FamilyMapper.selectById - ==> Parameters: 6(Long)
2021-03-29 10:34:54.779 [DEBUG] com.lxw.system.mapper.FamilyMapper.selectById - <==      Total: 1
2021-03-29 10:34:54.802 [DEBUG] com.lxw.system.mapper.LostmanImgMapper.selectList - ==>  Preparing: SELECT pic_id,pic_face_url,pic_body_url,lostman_id FROM tb_lostman_img WHERE (lostman_id = ?)
2021-03-29 10:34:54.803 [DEBUG] com.lxw.system.mapper.LostmanImgMapper.selectList - ==> Parameters: 5(Long)
2021-03-29 10:34:54.810 [DEBUG] com.lxw.system.mapper.LostmanImgMapper.selectList - <==      Total: 4
2021-03-29 10:35:00.004 [DEBUG] com.lxw.system.mapper.TaskMapper.selectList - ==>  Preparing: SELECT task_id,level,lostman_id,start_time,end_time,rescue_pos FROM tb_task
2021-03-29 10:35:00.005 [DEBUG] com.lxw.system.mapper.TaskMapper.selectList - ==> Parameters: 
2021-03-29 10:35:00.017 [DEBUG] com.lxw.system.mapper.TaskMapper.selectList - <==      Total: 13
2021-03-29 10:36:00.005 [DEBUG] com.lxw.system.mapper.TaskMapper.selectList - ==>  Preparing: SELECT task_id,level,lostman_id,start_time,end_time,rescue_pos FROM tb_task
2021-03-29 10:36:00.007 [DEBUG] com.lxw.system.mapper.TaskMapper.selectList - ==> Parameters: 
2021-03-29 10:36:00.017 [DEBUG] com.lxw.system.mapper.TaskMapper.selectList - <==      Total: 13
2021-03-29 10:37:00.006 [DEBUG] com.lxw.system.mapper.TaskMapper.selectList - ==>  Preparing: SELECT task_id,level,lostman_id,start_time,end_time,rescue_pos FROM tb_task
2021-03-29 10:37:00.008 [DEBUG] com.lxw.system.mapper.TaskMapper.selectList - ==> Parameters: 
2021-03-29 10:37:00.019 [DEBUG] com.lxw.system.mapper.TaskMapper.selectList - <==      Total: 13
2021-03-29 10:38:00.005 [DEBUG] com.lxw.system.mapper.TaskMapper.selectList - ==>  Preparing: SELECT task_id,level,lostman_id,start_time,end_time,rescue_pos FROM tb_task
2021-03-29 10:38:00.008 [DEBUG] com.lxw.system.mapper.TaskMapper.selectList - ==> Parameters: 
2021-03-29 10:38:00.015 [DEBUG] com.lxw.system.mapper.TaskMapper.selectList - <==      Total: 13
2021-03-29 10:39:00.004 [DEBUG] com.lxw.system.mapper.TaskMapper.selectList - ==>  Preparing: SELECT task_id,level,lostman_id,start_time,end_time,rescue_pos FROM tb_task
2021-03-29 10:39:00.006 [DEBUG] com.lxw.system.mapper.TaskMapper.selectList - ==> Parameters: 
2021-03-29 10:39:00.013 [DEBUG] com.lxw.system.mapper.TaskMapper.selectList - <==      Total: 13
2021-03-29 10:40:00.003 [DEBUG] com.lxw.system.mapper.TaskMapper.selectList - ==>  Preparing: SELECT task_id,level,lostman_id,start_time,end_time,rescue_pos FROM tb_task
2021-03-29 10:40:00.005 [DEBUG] com.lxw.system.mapper.TaskMapper.selectList - ==> Parameters: 
2021-03-29 10:40:00.013 [DEBUG] com.lxw.system.mapper.TaskMapper.selectList - <==      Total: 13
2021-03-29 10:43:53.753 [DEBUG] com.lxw.system.mapper.QuartzMapper.selectList - ==>  Preparing: SELECT id,job_name,job_class,cron_expression,status FROM sys_quartz
2021-03-29 10:43:53.774 [DEBUG] com.lxw.system.mapper.QuartzMapper.selectList - ==> Parameters: 
2021-03-29 10:43:53.795 [DEBUG] com.lxw.system.mapper.QuartzMapper.selectList - <==      Total: 1
2021-03-29 10:44:00.036 [DEBUG] com.lxw.system.mapper.TaskMapper.selectList - ==>  Preparing: SELECT task_id,level,lostman_id,start_time,end_time,rescue_pos FROM tb_task
2021-03-29 10:44:00.037 [DEBUG] com.lxw.system.mapper.TaskMapper.selectList - ==> Parameters: 
2021-03-29 10:44:00.050 [DEBUG] com.lxw.system.mapper.TaskMapper.selectList - <==      Total: 13
2021-03-29 10:44:18.760 [DEBUG] com.lxw.system.mapper.TaskMapper.selectById - ==>  Preparing: SELECT task_id,level,lostman_id,start_time,end_time,rescue_pos FROM tb_task WHERE task_id=?
2021-03-29 10:44:18.761 [DEBUG] com.lxw.system.mapper.TaskMapper.selectById - ==> Parameters: 84(Long)
2021-03-29 10:44:18.764 [DEBUG] com.lxw.system.mapper.TaskMapper.selectById - <==      Total: 1
2021-03-29 10:44:18.772 [DEBUG] com.lxw.system.mapper.LostmanInfoMapper.selectById - ==>  Preparing: SELECT lostman_id,lostman_name,lostman_sex,lostman_age,lostman_IDCard,lostman_remark,lostman_pos,lostman_pos_longitude,lostman_pos_latitude,lost_time,family_id FROM tb_lostman_info WHERE lostman_id=?
2021-03-29 10:44:18.773 [DEBUG] com.lxw.system.mapper.LostmanInfoMapper.selectById - ==> Parameters: 5(Long)
2021-03-29 10:44:18.776 [DEBUG] com.lxw.system.mapper.LostmanInfoMapper.selectById - <==      Total: 1
2021-03-29 10:44:18.782 [DEBUG] com.lxw.system.mapper.FamilyMapper.selectById - ==>  Preparing: SELECT family_id,openid,family_name,family_phoneNumber FROM tb_family WHERE family_id=?
2021-03-29 10:44:18.783 [DEBUG] com.lxw.system.mapper.FamilyMapper.selectById - ==> Parameters: 6(Long)
2021-03-29 10:44:18.786 [DEBUG] com.lxw.system.mapper.FamilyMapper.selectById - <==      Total: 1
2021-03-29 10:44:18.822 [DEBUG] com.lxw.system.mapper.LostmanImgMapper.selectList - ==>  Preparing: SELECT pic_id,pic_url,type,lostman_id FROM tb_lostman_img WHERE (lostman_id = ?)
2021-03-29 10:44:18.823 [DEBUG] com.lxw.system.mapper.LostmanImgMapper.selectList - ==> Parameters: 5(Long)
2021-03-29 10:44:18.830 [DEBUG] com.lxw.system.mapper.LostmanImgMapper.selectList - <==      Total: 4
2021-03-29 11:03:30.198 [DEBUG] com.lxw.system.mapper.QuartzMapper.selectList - ==>  Preparing: SELECT id,job_name,job_class,cron_expression,status FROM sys_quartz
2021-03-29 11:03:30.230 [DEBUG] com.lxw.system.mapper.QuartzMapper.selectList - ==> Parameters: 
2021-03-29 11:03:30.255 [DEBUG] com.lxw.system.mapper.QuartzMapper.selectList - <==      Total: 1
2021-03-29 11:03:52.719 [DEBUG] com.lxw.system.mapper.TaskMapper.selectById - ==>  Preparing: SELECT task_id,level,lostman_id,start_time,end_time,rescue_pos FROM tb_task WHERE task_id=?
2021-03-29 11:03:52.721 [DEBUG] com.lxw.system.mapper.TaskMapper.selectById - ==> Parameters: 84(Long)
2021-03-29 11:03:52.724 [DEBUG] com.lxw.system.mapper.TaskMapper.selectById - <==      Total: 1
2021-03-29 11:03:52.730 [DEBUG] com.lxw.system.mapper.LostmanInfoMapper.selectById - ==>  Preparing: SELECT lostman_id,lostman_name,lostman_sex,lostman_age,lostman_IDCard,lostman_remark,lostman_pos,lostman_pos_longitude,lostman_pos_latitude,lost_time,family_id FROM tb_lostman_info WHERE lostman_id=?
2021-03-29 11:03:52.731 [DEBUG] com.lxw.system.mapper.LostmanInfoMapper.selectById - ==> Parameters: 5(Long)
2021-03-29 11:03:52.734 [DEBUG] com.lxw.system.mapper.LostmanInfoMapper.selectById - <==      Total: 1
2021-03-29 11:03:52.742 [DEBUG] com.lxw.system.mapper.FamilyMapper.selectById - ==>  Preparing: SELECT family_id,openid,family_name,family_phoneNumber FROM tb_family WHERE family_id=?
2021-03-29 11:03:52.743 [DEBUG] com.lxw.system.mapper.FamilyMapper.selectById - ==> Parameters: 6(Long)
2021-03-29 11:03:52.748 [DEBUG] com.lxw.system.mapper.FamilyMapper.selectById - <==      Total: 1
2021-03-29 11:03:52.881 [DEBUG] com.lxw.system.mapper.LostmanImgMapper.selectList - ==>  Preparing: SELECT pic_id,pic_url,type,lostman_id FROM tb_lostman_img WHERE (lostman_id = ?)
2021-03-29 11:03:52.885 [DEBUG] com.lxw.system.mapper.LostmanImgMapper.selectList - ==> Parameters: 5(Long)
2021-03-29 11:03:52.897 [DEBUG] com.lxw.system.mapper.LostmanImgMapper.selectList - <==      Total: 4
2021-03-29 11:04:00.068 [DEBUG] com.lxw.system.mapper.TaskMapper.selectList - ==>  Preparing: SELECT task_id,level,lostman_id,start_time,end_time,rescue_pos FROM tb_task
2021-03-29 11:04:00.069 [DEBUG] com.lxw.system.mapper.TaskMapper.selectList - ==> Parameters: 
2021-03-29 11:04:00.087 [DEBUG] com.lxw.system.mapper.TaskMapper.selectList - <==      Total: 13
2021-03-29 12:18:26.715 [DEBUG] com.lxw.system.mapper.QuartzMapper.selectList - ==>  Preparing: SELECT id,job_name,job_class,cron_expression,status FROM sys_quartz
2021-03-29 12:18:26.824 [DEBUG] com.lxw.system.mapper.QuartzMapper.selectList - ==> Parameters: 
2021-03-29 12:18:26.856 [DEBUG] com.lxw.system.mapper.QuartzMapper.selectList - <==      Total: 1
2021-03-29 12:19:00.001 [DEBUG] com.lxw.system.mapper.TaskMapper.selectList - ==>  Preparing: SELECT task_id,level,lostman_id,start_time,end_time,rescue_pos FROM tb_task
2021-03-29 12:19:00.016 [DEBUG] com.lxw.system.mapper.TaskMapper.selectList - ==> Parameters: 
2021-03-29 12:19:00.016 [DEBUG] com.lxw.system.mapper.TaskMapper.selectList - <==      Total: 13
2021-03-29 12:20:00.012 [DEBUG] com.lxw.system.mapper.TaskMapper.selectList - ==>  Preparing: SELECT task_id,level,lostman_id,start_time,end_time,rescue_pos FROM tb_task
2021-03-29 12:20:00.012 [DEBUG] com.lxw.system.mapper.TaskMapper.selectList - ==> Parameters: 
2021-03-29 12:20:00.012 [DEBUG] com.lxw.system.mapper.TaskMapper.selectList - <==      Total: 13
2021-03-29 12:20:23.923 [DEBUG] com.lxw.system.mapper.QuartzMapper.selectList - ==>  Preparing: SELECT id,job_name,job_class,cron_expression,status FROM sys_quartz
2021-03-29 12:20:23.939 [DEBUG] com.lxw.system.mapper.QuartzMapper.selectList - ==> Parameters: 
2021-03-29 12:20:23.954 [DEBUG] com.lxw.system.mapper.QuartzMapper.selectList - <==      Total: 1
2021-03-29 12:20:33.324 [DEBUG] com.lxw.system.mapper.UserMapper.selectOne - ==>  Preparing: SELECT id,username,password FROM sys_user WHERE (username = ?)
2021-03-29 12:20:33.324 [DEBUG] com.lxw.system.mapper.UserMapper.selectOne - ==> Parameters: test(String)
2021-03-29 12:20:33.329 [DEBUG] com.lxw.system.mapper.UserMapper.selectOne - <==      Total: 1
2021-03-29 12:20:33.331 [DEBUG] com.lxw.system.mapper.UserMapper.getRolesByUserId - ==>  Preparing: select id, role_name, remark, create_time from sys_role r where id in (select role_id from sys_user_role where user_id = ? )
2021-03-29 12:20:33.331 [DEBUG] com.lxw.system.mapper.UserMapper.getRolesByUserId - ==> Parameters: 3(Long)
2021-03-29 12:20:33.344 [DEBUG] com.lxw.system.mapper.UserMapper.getRolesByUserId - <==      Total: 1
2021-03-29 12:20:34.299 [DEBUG] com.lxw.system.mapper.UserMapper.selectOne - ==>  Preparing: SELECT id,username,password FROM sys_user WHERE (username = ?)
2021-03-29 12:20:34.300 [DEBUG] com.lxw.system.mapper.UserMapper.selectOne - ==> Parameters: test(String)
2021-03-29 12:20:34.302 [DEBUG] com.lxw.system.mapper.UserMapper.selectOne - <==      Total: 1
2021-03-29 12:20:34.308 [DEBUG] com.lxw.system.mapper.UserRoleMapper.selectByMap - ==>  Preparing: SELECT user_id,role_id FROM sys_user_role WHERE user_id = ?
2021-03-29 12:20:34.309 [DEBUG] com.lxw.system.mapper.UserRoleMapper.selectByMap - ==> Parameters: 3(Long)
2021-03-29 12:20:34.310 [DEBUG] com.lxw.system.mapper.UserRoleMapper.selectByMap - <==      Total: 1
2021-03-29 12:20:34.315 [DEBUG] com.lxw.system.mapper.RoleMenuMapper.selectList - ==>  Preparing: SELECT menu_id FROM sys_role_menu WHERE (role_id = ?)
2021-03-29 12:20:34.315 [DEBUG] com.lxw.system.mapper.RoleMenuMapper.selectList - ==> Parameters: 2(Long)
2021-03-29 12:20:34.319 [DEBUG] com.lxw.system.mapper.RoleMenuMapper.selectList - <==      Total: 7
2021-03-29 12:20:34.321 [DEBUG] com.lxw.system.mapper.MenuMapper.selectBatchIds - ==>  Preparing: SELECT id,parent_id,menu_name,url,icon,order_num FROM sys_menu WHERE id IN ( ? , ? , ? , ? , ? , ? , ? )
2021-03-29 12:20:34.321 [DEBUG] com.lxw.system.mapper.MenuMapper.selectBatchIds - ==> Parameters: 2(Long), 3(Long), 4(Long), 7(Long), 8(Long), 9(Long), 10(Long)
2021-03-29 12:20:34.324 [DEBUG] com.lxw.system.mapper.MenuMapper.selectBatchIds - <==      Total: 7
2021-03-29 12:20:34.325 [DEBUG] com.lxw.system.mapper.MenuMapper.getAllChildById - ==>  Preparing: select * from sys_menu m where m.parent_id = ?
2021-03-29 12:20:34.326 [DEBUG] com.lxw.system.mapper.MenuMapper.getAllChildById - ==> Parameters: 2(Long)
2021-03-29 12:20:34.327 [DEBUG] com.lxw.system.mapper.MenuMapper.getAllChildById - <==      Total: 2
2021-03-29 12:20:34.327 [DEBUG] com.lxw.system.mapper.MenuMapper.getAllChildById - ==>  Preparing: select * from sys_menu m where m.parent_id = ?
2021-03-29 12:20:34.328 [DEBUG] com.lxw.system.mapper.MenuMapper.getAllChildById - ==> Parameters: 3(Long)
2021-03-29 12:20:34.329 [DEBUG] com.lxw.system.mapper.MenuMapper.getAllChildById - <==      Total: 2
2021-03-29 12:20:34.330 [DEBUG] com.lxw.system.mapper.MenuMapper.getAllChildById - ==>  Preparing: select * from sys_menu m where m.parent_id = ?
2021-03-29 12:20:34.331 [DEBUG] com.lxw.system.mapper.MenuMapper.getAllChildById - ==> Parameters: 4(Long)
2021-03-29 12:20:34.331 [DEBUG] com.lxw.system.mapper.MenuMapper.getAllChildById - <==      Total: 0
2021-03-29 12:20:34.332 [DEBUG] com.lxw.system.mapper.MenuMapper.getAllChildById - ==>  Preparing: select * from sys_menu m where m.parent_id = ?
2021-03-29 12:20:34.332 [DEBUG] com.lxw.system.mapper.MenuMapper.getAllChildById - ==> Parameters: 7(Long)
2021-03-29 12:20:34.334 [DEBUG] com.lxw.system.mapper.MenuMapper.getAllChildById - <==      Total: 0
2021-03-29 12:20:34.335 [DEBUG] com.lxw.system.mapper.MenuMapper.getAllChildById - ==>  Preparing: select * from sys_menu m where m.parent_id = ?
2021-03-29 12:20:34.336 [DEBUG] com.lxw.system.mapper.MenuMapper.getAllChildById - ==> Parameters: 8(Long)
2021-03-29 12:20:34.337 [DEBUG] com.lxw.system.mapper.MenuMapper.getAllChildById - <==      Total: 0
2021-03-29 12:20:34.337 [DEBUG] com.lxw.system.mapper.MenuMapper.getAllChildById - ==>  Preparing: select * from sys_menu m where m.parent_id = ?
2021-03-29 12:20:34.338 [DEBUG] com.lxw.system.mapper.MenuMapper.getAllChildById - ==> Parameters: 9(Long)
2021-03-29 12:20:34.339 [DEBUG] com.lxw.system.mapper.MenuMapper.getAllChildById - <==      Total: 0
2021-03-29 12:20:34.339 [DEBUG] com.lxw.system.mapper.MenuMapper.getAllChildById - ==>  Preparing: select * from sys_menu m where m.parent_id = ?
2021-03-29 12:20:34.340 [DEBUG] com.lxw.system.mapper.MenuMapper.getAllChildById - ==> Parameters: 10(Long)
2021-03-29 12:20:34.341 [DEBUG] com.lxw.system.mapper.MenuMapper.getAllChildById - <==      Total: 0
2021-03-29 12:21:00.004 [DEBUG] com.lxw.system.mapper.TaskMapper.selectList - ==>  Preparing: SELECT task_id,level,lostman_id,start_time,end_time,rescue_pos FROM tb_task
2021-03-29 12:21:00.004 [DEBUG] com.lxw.system.mapper.TaskMapper.selectList - ==> Parameters: 
2021-03-29 12:21:00.019 [DEBUG] com.lxw.system.mapper.TaskMapper.selectList - <==      Total: 13
2021-03-29 12:21:29.231 [DEBUG] com.lxw.system.mapper.UserMapper.selectOne - ==>  Preparing: SELECT id,username,password FROM sys_user WHERE (username = ?)
2021-03-29 12:21:29.233 [DEBUG] com.lxw.system.mapper.UserMapper.selectOne - ==> Parameters: admin(String)
2021-03-29 12:21:29.235 [DEBUG] com.lxw.system.mapper.UserMapper.selectOne - <==      Total: 1
2021-03-29 12:21:29.237 [DEBUG] com.lxw.system.mapper.UserMapper.getRolesByUserId - ==>  Preparing: select id, role_name, remark, create_time from sys_role r where id in (select role_id from sys_user_role where user_id = ? )
2021-03-29 12:21:29.238 [DEBUG] com.lxw.system.mapper.UserMapper.getRolesByUserId - ==> Parameters: 1(Long)
2021-03-29 12:21:29.239 [DEBUG] com.lxw.system.mapper.UserMapper.getRolesByUserId - <==      Total: 1
2021-03-29 12:21:29.378 [DEBUG] com.lxw.system.mapper.UserMapper.selectOne - ==>  Preparing: SELECT id,username,password FROM sys_user WHERE (username = ?)
2021-03-29 12:21:29.378 [DEBUG] com.lxw.system.mapper.UserMapper.selectOne - ==> Parameters: admin(String)
2021-03-29 12:21:29.379 [DEBUG] com.lxw.system.mapper.UserMapper.selectOne - <==      Total: 1
2021-03-29 12:21:29.381 [DEBUG] com.lxw.system.mapper.UserRoleMapper.selectByMap - ==>  Preparing: SELECT user_id,role_id FROM sys_user_role WHERE user_id = ?
2021-03-29 12:21:29.381 [DEBUG] com.lxw.system.mapper.UserRoleMapper.selectByMap - ==> Parameters: 1(Long)
2021-03-29 12:21:29.381 [DEBUG] com.lxw.system.mapper.UserRoleMapper.selectByMap - <==      Total: 1
2021-03-29 12:21:29.381 [DEBUG] com.lxw.system.mapper.RoleMenuMapper.selectList - ==>  Preparing: SELECT menu_id FROM sys_role_menu WHERE (role_id = ?)
2021-03-29 12:21:29.385 [DEBUG] com.lxw.system.mapper.RoleMenuMapper.selectList - ==> Parameters: 1(Long)
2021-03-29 12:21:29.388 [DEBUG] com.lxw.system.mapper.RoleMenuMapper.selectList - <==      Total: 10
2021-03-29 12:21:29.389 [DEBUG] com.lxw.system.mapper.MenuMapper.selectBatchIds - ==>  Preparing: SELECT id,parent_id,menu_name,url,icon,order_num FROM sys_menu WHERE id IN ( ? , ? , ? , ? , ? , ? , ? , ? , ? , ? )
2021-03-29 12:21:29.389 [DEBUG] com.lxw.system.mapper.MenuMapper.selectBatchIds - ==> Parameters: 1(Long), 2(Long), 3(Long), 4(Long), 5(Long), 6(Long), 7(Long), 8(Long), 9(Long), 10(Long)
2021-03-29 12:21:29.392 [DEBUG] com.lxw.system.mapper.MenuMapper.selectBatchIds - <==      Total: 10
2021-03-29 12:21:29.393 [DEBUG] com.lxw.system.mapper.MenuMapper.getAllChildById - ==>  Preparing: select * from sys_menu m where m.parent_id = ?
2021-03-29 12:21:29.394 [DEBUG] com.lxw.system.mapper.MenuMapper.getAllChildById - ==> Parameters: 1(Long)
2021-03-29 12:21:29.395 [DEBUG] com.lxw.system.mapper.MenuMapper.getAllChildById - <==      Total: 2
2021-03-29 12:21:29.396 [DEBUG] com.lxw.system.mapper.MenuMapper.getAllChildById - ==>  Preparing: select * from sys_menu m where m.parent_id = ?
2021-03-29 12:21:29.396 [DEBUG] com.lxw.system.mapper.MenuMapper.getAllChildById - ==> Parameters: 2(Long)
2021-03-29 12:21:29.397 [DEBUG] com.lxw.system.mapper.MenuMapper.getAllChildById - <==      Total: 2
2021-03-29 12:21:29.398 [DEBUG] com.lxw.system.mapper.MenuMapper.getAllChildById - ==>  Preparing: select * from sys_menu m where m.parent_id = ?
2021-03-29 12:21:29.398 [DEBUG] com.lxw.system.mapper.MenuMapper.getAllChildById - ==> Parameters: 3(Long)
2021-03-29 12:21:29.399 [DEBUG] com.lxw.system.mapper.MenuMapper.getAllChildById - <==      Total: 2
2021-03-29 12:21:29.400 [DEBUG] com.lxw.system.mapper.MenuMapper.getAllChildById - ==>  Preparing: select * from sys_menu m where m.parent_id = ?
2021-03-29 12:21:29.400 [DEBUG] com.lxw.system.mapper.MenuMapper.getAllChildById - ==> Parameters: 4(Long)
2021-03-29 12:21:29.401 [DEBUG] com.lxw.system.mapper.MenuMapper.getAllChildById - <==      Total: 0
2021-03-29 12:21:29.402 [DEBUG] com.lxw.system.mapper.MenuMapper.getAllChildById - ==>  Preparing: select * from sys_menu m where m.parent_id = ?
2021-03-29 12:21:29.403 [DEBUG] com.lxw.system.mapper.MenuMapper.getAllChildById - ==> Parameters: 5(Long)
2021-03-29 12:21:29.404 [DEBUG] com.lxw.system.mapper.MenuMapper.getAllChildById - <==      Total: 0
2021-03-29 12:21:29.405 [DEBUG] com.lxw.system.mapper.MenuMapper.getAllChildById - ==>  Preparing: select * from sys_menu m where m.parent_id = ?
2021-03-29 12:21:29.405 [DEBUG] com.lxw.system.mapper.MenuMapper.getAllChildById - ==> Parameters: 6(Long)
2021-03-29 12:21:29.406 [DEBUG] com.lxw.system.mapper.MenuMapper.getAllChildById - <==      Total: 0
2021-03-29 12:21:29.407 [DEBUG] com.lxw.system.mapper.MenuMapper.getAllChildById - ==>  Preparing: select * from sys_menu m where m.parent_id = ?
2021-03-29 12:21:29.407 [DEBUG] com.lxw.system.mapper.MenuMapper.getAllChildById - ==> Parameters: 7(Long)
2021-03-29 12:21:29.408 [DEBUG] com.lxw.system.mapper.MenuMapper.getAllChildById - <==      Total: 0
2021-03-29 12:21:29.408 [DEBUG] com.lxw.system.mapper.MenuMapper.getAllChildById - ==>  Preparing: select * from sys_menu m where m.parent_id = ?
2021-03-29 12:21:29.409 [DEBUG] com.lxw.system.mapper.MenuMapper.getAllChildById - ==> Parameters: 8(Long)
2021-03-29 12:21:29.409 [DEBUG] com.lxw.system.mapper.MenuMapper.getAllChildById - <==      Total: 0
2021-03-29 12:21:29.410 [DEBUG] com.lxw.system.mapper.MenuMapper.getAllChildById - ==>  Preparing: select * from sys_menu m where m.parent_id = ?
2021-03-29 12:21:29.410 [DEBUG] com.lxw.system.mapper.MenuMapper.getAllChildById - ==> Parameters: 9(Long)
2021-03-29 12:21:29.411 [DEBUG] com.lxw.system.mapper.MenuMapper.getAllChildById - <==      Total: 0
2021-03-29 12:21:29.412 [DEBUG] com.lxw.system.mapper.MenuMapper.getAllChildById - ==>  Preparing: select * from sys_menu m where m.parent_id = ?
2021-03-29 12:21:29.412 [DEBUG] com.lxw.system.mapper.MenuMapper.getAllChildById - ==> Parameters: 10(Long)
2021-03-29 12:21:29.413 [DEBUG] com.lxw.system.mapper.MenuMapper.getAllChildById - <==      Total: 0
2021-03-29 12:22:00.007 [DEBUG] com.lxw.system.mapper.TaskMapper.selectList - ==>  Preparing: SELECT task_id,level,lostman_id,start_time,end_time,rescue_pos FROM tb_task
2021-03-29 12:22:00.007 [DEBUG] com.lxw.system.mapper.TaskMapper.selectList - ==> Parameters: 
2021-03-29 12:22:00.007 [DEBUG] com.lxw.system.mapper.TaskMapper.selectList - <==      Total: 13
2021-03-29 12:22:15.346 [DEBUG] com.lxw.system.mapper.UserMapper.selectOne - ==>  Preparing: SELECT id,username,password FROM sys_user WHERE (username = ?)
2021-03-29 12:22:15.347 [DEBUG] com.lxw.system.mapper.UserMapper.selectOne - ==> Parameters: test(String)
2021-03-29 12:22:15.348 [DEBUG] com.lxw.system.mapper.UserMapper.selectOne - <==      Total: 1
2021-03-29 12:22:15.349 [DEBUG] com.lxw.system.mapper.UserMapper.getRolesByUserId - ==>  Preparing: select id, role_name, remark, create_time from sys_role r where id in (select role_id from sys_user_role where user_id = ? )
2021-03-29 12:22:15.349 [DEBUG] com.lxw.system.mapper.UserMapper.getRolesByUserId - ==> Parameters: 3(Long)
2021-03-29 12:22:15.350 [DEBUG] com.lxw.system.mapper.UserMapper.getRolesByUserId - <==      Total: 1
2021-03-29 12:22:15.924 [DEBUG] com.lxw.system.mapper.UserMapper.selectOne - ==>  Preparing: SELECT id,username,password FROM sys_user WHERE (username = ?)
2021-03-29 12:22:15.925 [DEBUG] com.lxw.system.mapper.UserMapper.selectOne - ==> Parameters: test(String)
2021-03-29 12:22:15.927 [DEBUG] com.lxw.system.mapper.UserMapper.selectOne - <==      Total: 1
2021-03-29 12:22:15.929 [DEBUG] com.lxw.system.mapper.UserRoleMapper.selectByMap - ==>  Preparing: SELECT user_id,role_id FROM sys_user_role WHERE user_id = ?
2021-03-29 12:22:15.930 [DEBUG] com.lxw.system.mapper.UserRoleMapper.selectByMap - ==> Parameters: 3(Long)
2021-03-29 12:22:15.931 [DEBUG] com.lxw.system.mapper.UserRoleMapper.selectByMap - <==      Total: 1
2021-03-29 12:22:15.933 [DEBUG] com.lxw.system.mapper.RoleMenuMapper.selectList - ==>  Preparing: SELECT menu_id FROM sys_role_menu WHERE (role_id = ?)
2021-03-29 12:22:15.934 [DEBUG] com.lxw.system.mapper.RoleMenuMapper.selectList - ==> Parameters: 2(Long)
2021-03-29 12:22:15.936 [DEBUG] com.lxw.system.mapper.RoleMenuMapper.selectList - <==      Total: 7
2021-03-29 12:22:15.938 [DEBUG] com.lxw.system.mapper.MenuMapper.selectBatchIds - ==>  Preparing: SELECT id,parent_id,menu_name,url,icon,order_num FROM sys_menu WHERE id IN ( ? , ? , ? , ? , ? , ? , ? )
2021-03-29 12:22:15.939 [DEBUG] com.lxw.system.mapper.MenuMapper.selectBatchIds - ==> Parameters: 2(Long), 3(Long), 4(Long), 7(Long), 8(Long), 9(Long), 10(Long)
2021-03-29 12:22:15.942 [DEBUG] com.lxw.system.mapper.MenuMapper.selectBatchIds - <==      Total: 7
2021-03-29 12:22:15.943 [DEBUG] com.lxw.system.mapper.MenuMapper.getAllChildById - ==>  Preparing: select * from sys_menu m where m.parent_id = ?
2021-03-29 12:22:15.944 [DEBUG] com.lxw.system.mapper.MenuMapper.getAllChildById - ==> Parameters: 2(Long)
2021-03-29 12:22:15.946 [DEBUG] com.lxw.system.mapper.MenuMapper.getAllChildById - <==      Total: 2
2021-03-29 12:22:15.947 [DEBUG] com.lxw.system.mapper.MenuMapper.getAllChildById - ==>  Preparing: select * from sys_menu m where m.parent_id = ?
2021-03-29 12:22:15.948 [DEBUG] com.lxw.system.mapper.MenuMapper.getAllChildById - ==> Parameters: 3(Long)
2021-03-29 12:22:15.949 [DEBUG] com.lxw.system.mapper.MenuMapper.getAllChildById - <==      Total: 2
2021-03-29 12:22:15.950 [DEBUG] com.lxw.system.mapper.MenuMapper.getAllChildById - ==>  Preparing: select * from sys_menu m where m.parent_id = ?
2021-03-29 12:22:15.951 [DEBUG] com.lxw.system.mapper.MenuMapper.getAllChildById - ==> Parameters: 4(Long)
2021-03-29 12:22:15.952 [DEBUG] com.lxw.system.mapper.MenuMapper.getAllChildById - <==      Total: 0
2021-03-29 12:22:15.953 [DEBUG] com.lxw.system.mapper.MenuMapper.getAllChildById - ==>  Preparing: select * from sys_menu m where m.parent_id = ?
2021-03-29 12:22:15.955 [DEBUG] com.lxw.system.mapper.MenuMapper.getAllChildById - ==> Parameters: 7(Long)
2021-03-29 12:22:15.956 [DEBUG] com.lxw.system.mapper.MenuMapper.getAllChildById - <==      Total: 0
2021-03-29 12:22:15.958 [DEBUG] com.lxw.system.mapper.MenuMapper.getAllChildById - ==>  Preparing: select * from sys_menu m where m.parent_id = ?
2021-03-29 12:22:15.958 [DEBUG] com.lxw.system.mapper.MenuMapper.getAllChildById - ==> Parameters: 8(Long)
2021-03-29 12:22:15.959 [DEBUG] com.lxw.system.mapper.MenuMapper.getAllChildById - <==      Total: 0
2021-03-29 12:22:15.961 [DEBUG] com.lxw.system.mapper.MenuMapper.getAllChildById - ==>  Preparing: select * from sys_menu m where m.parent_id = ?
2021-03-29 12:22:15.961 [DEBUG] com.lxw.system.mapper.MenuMapper.getAllChildById - ==> Parameters: 9(Long)
2021-03-29 12:22:15.962 [DEBUG] com.lxw.system.mapper.MenuMapper.getAllChildById - <==      Total: 0
2021-03-29 12:22:15.963 [DEBUG] com.lxw.system.mapper.MenuMapper.getAllChildById - ==>  Preparing: select * from sys_menu m where m.parent_id = ?
2021-03-29 12:22:15.964 [DEBUG] com.lxw.system.mapper.MenuMapper.getAllChildById - ==> Parameters: 10(Long)
2021-03-29 12:22:15.965 [DEBUG] com.lxw.system.mapper.MenuMapper.getAllChildById - <==      Total: 0
2021-03-29 12:22:40.421 [DEBUG] com.lxw.system.mapper.UserMapper.selectOne - ==>  Preparing: SELECT id,username,password FROM sys_user WHERE (username = ?)
2021-03-29 12:22:40.421 [DEBUG] com.lxw.system.mapper.UserMapper.selectOne - ==> Parameters: admin(String)
2021-03-29 12:22:40.421 [DEBUG] com.lxw.system.mapper.UserMapper.selectOne - <==      Total: 1
2021-03-29 12:22:40.421 [DEBUG] com.lxw.system.mapper.UserMapper.getRolesByUserId - ==>  Preparing: select id, role_name, remark, create_time from sys_role r where id in (select role_id from sys_user_role where user_id = ? )
2021-03-29 12:22:40.421 [DEBUG] com.lxw.system.mapper.UserMapper.getRolesByUserId - ==> Parameters: 1(Long)
2021-03-29 12:22:40.421 [DEBUG] com.lxw.system.mapper.UserMapper.getRolesByUserId - <==      Total: 1
2021-03-29 12:22:40.577 [DEBUG] com.lxw.system.mapper.UserMapper.selectOne - ==>  Preparing: SELECT id,username,password FROM sys_user WHERE (username = ?)
2021-03-29 12:22:40.578 [DEBUG] com.lxw.system.mapper.UserMapper.selectOne - ==> Parameters: admin(String)
2021-03-29 12:22:40.579 [DEBUG] com.lxw.system.mapper.UserMapper.selectOne - <==      Total: 1
2021-03-29 12:22:40.580 [DEBUG] com.lxw.system.mapper.UserRoleMapper.selectByMap - ==>  Preparing: SELECT user_id,role_id FROM sys_user_role WHERE user_id = ?
2021-03-29 12:22:40.581 [DEBUG] com.lxw.system.mapper.UserRoleMapper.selectByMap - ==> Parameters: 1(Long)
2021-03-29 12:22:40.582 [DEBUG] com.lxw.system.mapper.UserRoleMapper.selectByMap - <==      Total: 1
2021-03-29 12:22:40.584 [DEBUG] com.lxw.system.mapper.RoleMenuMapper.selectList - ==>  Preparing: SELECT menu_id FROM sys_role_menu WHERE (role_id = ?)
2021-03-29 12:22:40.585 [DEBUG] com.lxw.system.mapper.RoleMenuMapper.selectList - ==> Parameters: 1(Long)
2021-03-29 12:22:40.586 [DEBUG] com.lxw.system.mapper.RoleMenuMapper.selectList - <==      Total: 10
2021-03-29 12:22:40.588 [DEBUG] com.lxw.system.mapper.MenuMapper.selectBatchIds - ==>  Preparing: SELECT id,parent_id,menu_name,url,icon,order_num FROM sys_menu WHERE id IN ( ? , ? , ? , ? , ? , ? , ? , ? , ? , ? )
2021-03-29 12:22:40.589 [DEBUG] com.lxw.system.mapper.MenuMapper.selectBatchIds - ==> Parameters: 1(Long), 2(Long), 3(Long), 4(Long), 5(Long), 6(Long), 7(Long), 8(Long), 9(Long), 10(Long)
2021-03-29 12:22:40.592 [DEBUG] com.lxw.system.mapper.MenuMapper.selectBatchIds - <==      Total: 10
2021-03-29 12:22:40.594 [DEBUG] com.lxw.system.mapper.MenuMapper.getAllChildById - ==>  Preparing: select * from sys_menu m where m.parent_id = ?
2021-03-29 12:22:40.595 [DEBUG] com.lxw.system.mapper.MenuMapper.getAllChildById - ==> Parameters: 1(Long)
2021-03-29 12:22:40.596 [DEBUG] com.lxw.system.mapper.MenuMapper.getAllChildById - <==      Total: 2
2021-03-29 12:22:40.596 [DEBUG] com.lxw.system.mapper.MenuMapper.getAllChildById - ==>  Preparing: select * from sys_menu m where m.parent_id = ?
2021-03-29 12:22:40.597 [DEBUG] com.lxw.system.mapper.MenuMapper.getAllChildById - ==> Parameters: 2(Long)
2021-03-29 12:22:40.598 [DEBUG] com.lxw.system.mapper.MenuMapper.getAllChildById - <==      Total: 2
2021-03-29 12:22:40.599 [DEBUG] com.lxw.system.mapper.MenuMapper.getAllChildById - ==>  Preparing: select * from sys_menu m where m.parent_id = ?
2021-03-29 12:22:40.600 [DEBUG] com.lxw.system.mapper.MenuMapper.getAllChildById - ==> Parameters: 3(Long)
2021-03-29 12:22:40.601 [DEBUG] com.lxw.system.mapper.MenuMapper.getAllChildById - <==      Total: 2
2021-03-29 12:22:40.601 [DEBUG] com.lxw.system.mapper.MenuMapper.getAllChildById - ==>  Preparing: select * from sys_menu m where m.parent_id = ?
2021-03-29 12:22:40.602 [DEBUG] com.lxw.system.mapper.MenuMapper.getAllChildById - ==> Parameters: 4(Long)
2021-03-29 12:22:40.603 [DEBUG] com.lxw.system.mapper.MenuMapper.getAllChildById - <==      Total: 0
2021-03-29 12:22:40.603 [DEBUG] com.lxw.system.mapper.MenuMapper.getAllChildById - ==>  Preparing: select * from sys_menu m where m.parent_id = ?
2021-03-29 12:22:40.604 [DEBUG] com.lxw.system.mapper.MenuMapper.getAllChildById - ==> Parameters: 5(Long)
2021-03-29 12:22:40.605 [DEBUG] com.lxw.system.mapper.MenuMapper.getAllChildById - <==      Total: 0
2021-03-29 12:22:40.606 [DEBUG] com.lxw.system.mapper.MenuMapper.getAllChildById - ==>  Preparing: select * from sys_menu m where m.parent_id = ?
2021-03-29 12:22:40.607 [DEBUG] com.lxw.system.mapper.MenuMapper.getAllChildById - ==> Parameters: 6(Long)
2021-03-29 12:22:40.608 [DEBUG] com.lxw.system.mapper.MenuMapper.getAllChildById - <==      Total: 0
2021-03-29 12:22:40.609 [DEBUG] com.lxw.system.mapper.MenuMapper.getAllChildById - ==>  Preparing: select * from sys_menu m where m.parent_id = ?
2021-03-29 12:22:40.610 [DEBUG] com.lxw.system.mapper.MenuMapper.getAllChildById - ==> Parameters: 7(Long)
2021-03-29 12:22:40.610 [DEBUG] com.lxw.system.mapper.MenuMapper.getAllChildById - <==      Total: 0
2021-03-29 12:22:40.611 [DEBUG] com.lxw.system.mapper.MenuMapper.getAllChildById - ==>  Preparing: select * from sys_menu m where m.parent_id = ?
2021-03-29 12:22:40.612 [DEBUG] com.lxw.system.mapper.MenuMapper.getAllChildById - ==> Parameters: 8(Long)
2021-03-29 12:22:40.613 [DEBUG] com.lxw.system.mapper.MenuMapper.getAllChildById - <==      Total: 0
2021-03-29 12:22:40.614 [DEBUG] com.lxw.system.mapper.MenuMapper.getAllChildById - ==>  Preparing: select * from sys_menu m where m.parent_id = ?
2021-03-29 12:22:40.615 [DEBUG] com.lxw.system.mapper.MenuMapper.getAllChildById - ==> Parameters: 9(Long)
2021-03-29 12:22:40.616 [DEBUG] com.lxw.system.mapper.MenuMapper.getAllChildById - <==      Total: 0
2021-03-29 12:22:40.616 [DEBUG] com.lxw.system.mapper.MenuMapper.getAllChildById - ==>  Preparing: select * from sys_menu m where m.parent_id = ?
2021-03-29 12:22:40.617 [DEBUG] com.lxw.system.mapper.MenuMapper.getAllChildById - ==> Parameters: 10(Long)
2021-03-29 12:22:40.618 [DEBUG] com.lxw.system.mapper.MenuMapper.getAllChildById - <==      Total: 0
2021-03-29 12:23:00.006 [DEBUG] com.lxw.system.mapper.TaskMapper.selectList - ==>  Preparing: SELECT task_id,level,lostman_id,start_time,end_time,rescue_pos FROM tb_task
2021-03-29 12:23:00.006 [DEBUG] com.lxw.system.mapper.TaskMapper.selectList - ==> Parameters: 
2021-03-29 12:23:00.006 [DEBUG] com.lxw.system.mapper.TaskMapper.selectList - <==      Total: 13
2021-03-29 12:24:00.008 [DEBUG] com.lxw.system.mapper.TaskMapper.selectList - ==>  Preparing: SELECT task_id,level,lostman_id,start_time,end_time,rescue_pos FROM tb_task
2021-03-29 12:24:00.008 [DEBUG] com.lxw.system.mapper.TaskMapper.selectList - ==> Parameters: 
2021-03-29 12:24:00.008 [DEBUG] com.lxw.system.mapper.TaskMapper.selectList - <==      Total: 13
2021-03-29 12:25:00.007 [DEBUG] com.lxw.system.mapper.TaskMapper.selectList - ==>  Preparing: SELECT task_id,level,lostman_id,start_time,end_time,rescue_pos FROM tb_task
2021-03-29 12:25:00.007 [DEBUG] com.lxw.system.mapper.TaskMapper.selectList - ==> Parameters: 
2021-03-29 12:25:00.007 [DEBUG] com.lxw.system.mapper.TaskMapper.selectList - <==      Total: 13
2021-03-29 12:26:00.002 [DEBUG] com.lxw.system.mapper.TaskMapper.selectList - ==>  Preparing: SELECT task_id,level,lostman_id,start_time,end_time,rescue_pos FROM tb_task
2021-03-29 12:26:00.003 [DEBUG] com.lxw.system.mapper.TaskMapper.selectList - ==> Parameters: 
2021-03-29 12:26:00.005 [DEBUG] com.lxw.system.mapper.TaskMapper.selectList - <==      Total: 13
2021-03-29 12:27:00.002 [DEBUG] com.lxw.system.mapper.TaskMapper.selectList - ==>  Preparing: SELECT task_id,level,lostman_id,start_time,end_time,rescue_pos FROM tb_task
2021-03-29 12:27:00.003 [DEBUG] com.lxw.system.mapper.TaskMapper.selectList - ==> Parameters: 
2021-03-29 12:27:00.005 [DEBUG] com.lxw.system.mapper.TaskMapper.selectList - <==      Total: 13
2021-03-29 12:28:00.001 [DEBUG] com.lxw.system.mapper.TaskMapper.selectList - ==>  Preparing: SELECT task_id,level,lostman_id,start_time,end_time,rescue_pos FROM tb_task
2021-03-29 12:28:00.002 [DEBUG] com.lxw.system.mapper.TaskMapper.selectList - ==> Parameters: 
2021-03-29 12:28:00.005 [DEBUG] com.lxw.system.mapper.TaskMapper.selectList - <==      Total: 13
2021-03-29 12:29:00.003 [DEBUG] com.lxw.system.mapper.TaskMapper.selectList - ==>  Preparing: SELECT task_id,level,lostman_id,start_time,end_time,rescue_pos FROM tb_task
2021-03-29 12:29:00.004 [DEBUG] com.lxw.system.mapper.TaskMapper.selectList - ==> Parameters: 
2021-03-29 12:29:00.007 [DEBUG] com.lxw.system.mapper.TaskMapper.selectList - <==      Total: 13
2021-03-29 12:30:00.002 [DEBUG] com.lxw.system.mapper.TaskMapper.selectList - ==>  Preparing: SELECT task_id,level,lostman_id,start_time,end_time,rescue_pos FROM tb_task
2021-03-29 12:30:00.002 [DEBUG] com.lxw.system.mapper.TaskMapper.selectList - ==> Parameters: 
2021-03-29 12:30:00.007 [DEBUG] com.lxw.system.mapper.TaskMapper.selectList - <==      Total: 13
2021-03-29 12:31:00.001 [DEBUG] com.lxw.system.mapper.TaskMapper.selectList - ==>  Preparing: SELECT task_id,level,lostman_id,start_time,end_time,rescue_pos FROM tb_task
2021-03-29 12:31:00.002 [DEBUG] com.lxw.system.mapper.TaskMapper.selectList - ==> Parameters: 
2021-03-29 12:31:00.004 [DEBUG] com.lxw.system.mapper.TaskMapper.selectList - <==      Total: 13
2021-03-29 12:32:00.002 [DEBUG] com.lxw.system.mapper.TaskMapper.selectList - ==>  Preparing: SELECT task_id,level,lostman_id,start_time,end_time,rescue_pos FROM tb_task
2021-03-29 12:32:00.003 [DEBUG] com.lxw.system.mapper.TaskMapper.selectList - ==> Parameters: 
2021-03-29 12:32:00.006 [DEBUG] com.lxw.system.mapper.TaskMapper.selectList - <==      Total: 13
2021-03-29 12:33:00.003 [DEBUG] com.lxw.system.mapper.TaskMapper.selectList - ==>  Preparing: SELECT task_id,level,lostman_id,start_time,end_time,rescue_pos FROM tb_task
2021-03-29 12:33:00.004 [DEBUG] com.lxw.system.mapper.TaskMapper.selectList - ==> Parameters: 
2021-03-29 12:33:00.006 [DEBUG] com.lxw.system.mapper.TaskMapper.selectList - <==      Total: 13
2021-03-29 12:34:00.004 [DEBUG] com.lxw.system.mapper.TaskMapper.selectList - ==>  Preparing: SELECT task_id,level,lostman_id,start_time,end_time,rescue_pos FROM tb_task
2021-03-29 12:34:00.006 [DEBUG] com.lxw.system.mapper.TaskMapper.selectList - ==> Parameters: 
2021-03-29 12:34:00.010 [DEBUG] com.lxw.system.mapper.TaskMapper.selectList - <==      Total: 13
2021-03-29 12:35:00.002 [DEBUG] com.lxw.system.mapper.TaskMapper.selectList - ==>  Preparing: SELECT task_id,level,lostman_id,start_time,end_time,rescue_pos FROM tb_task
2021-03-29 12:35:00.003 [DEBUG] com.lxw.system.mapper.TaskMapper.selectList - ==> Parameters: 
2021-03-29 12:35:00.005 [DEBUG] com.lxw.system.mapper.TaskMapper.selectList - <==      Total: 13
2021-03-29 12:36:00.002 [DEBUG] com.lxw.system.mapper.TaskMapper.selectList - ==>  Preparing: SELECT task_id,level,lostman_id,start_time,end_time,rescue_pos FROM tb_task
2021-03-29 12:36:00.003 [DEBUG] com.lxw.system.mapper.TaskMapper.selectList - ==> Parameters: 
2021-03-29 12:36:00.005 [DEBUG] com.lxw.system.mapper.TaskMapper.selectList - <==      Total: 13
2021-03-29 12:37:00.002 [DEBUG] com.lxw.system.mapper.TaskMapper.selectList - ==>  Preparing: SELECT task_id,level,lostman_id,start_time,end_time,rescue_pos FROM tb_task
2021-03-29 12:37:00.003 [DEBUG] com.lxw.system.mapper.TaskMapper.selectList - ==> Parameters: 
2021-03-29 12:37:00.005 [DEBUG] com.lxw.system.mapper.TaskMapper.selectList - <==      Total: 13
2021-03-29 12:38:00.002 [DEBUG] com.lxw.system.mapper.TaskMapper.selectList - ==>  Preparing: SELECT task_id,level,lostman_id,start_time,end_time,rescue_pos FROM tb_task
2021-03-29 12:38:00.003 [DEBUG] com.lxw.system.mapper.TaskMapper.selectList - ==> Parameters: 
2021-03-29 12:38:00.005 [DEBUG] com.lxw.system.mapper.TaskMapper.selectList - <==      Total: 13
2021-03-29 12:39:00.001 [DEBUG] com.lxw.system.mapper.TaskMapper.selectList - ==>  Preparing: SELECT task_id,level,lostman_id,start_time,end_time,rescue_pos FROM tb_task
2021-03-29 12:39:00.001 [DEBUG] com.lxw.system.mapper.TaskMapper.selectList - ==> Parameters: 
2021-03-29 12:39:00.003 [DEBUG] com.lxw.system.mapper.TaskMapper.selectList - <==      Total: 13
2021-03-29 12:40:00.002 [DEBUG] com.lxw.system.mapper.TaskMapper.selectList - ==>  Preparing: SELECT task_id,level,lostman_id,start_time,end_time,rescue_pos FROM tb_task
2021-03-29 12:40:00.002 [DEBUG] com.lxw.system.mapper.TaskMapper.selectList - ==> Parameters: 
2021-03-29 12:40:00.004 [DEBUG] com.lxw.system.mapper.TaskMapper.selectList - <==      Total: 13
2021-03-29 12:41:00.004 [DEBUG] com.lxw.system.mapper.TaskMapper.selectList - ==>  Preparing: SELECT task_id,level,lostman_id,start_time,end_time,rescue_pos FROM tb_task
2021-03-29 12:41:00.005 [DEBUG] com.lxw.system.mapper.TaskMapper.selectList - ==> Parameters: 
2021-03-29 12:41:00.009 [DEBUG] com.lxw.system.mapper.TaskMapper.selectList - <==      Total: 13
2021-03-29 12:42:00.002 [DEBUG] com.lxw.system.mapper.TaskMapper.selectList - ==>  Preparing: SELECT task_id,level,lostman_id,start_time,end_time,rescue_pos FROM tb_task
2021-03-29 12:42:00.003 [DEBUG] com.lxw.system.mapper.TaskMapper.selectList - ==> Parameters: 
2021-03-29 12:42:00.005 [DEBUG] com.lxw.system.mapper.TaskMapper.selectList - <==      Total: 13
2021-03-29 12:43:00.005 [DEBUG] com.lxw.system.mapper.TaskMapper.selectList - ==>  Preparing: SELECT task_id,level,lostman_id,start_time,end_time,rescue_pos FROM tb_task
2021-03-29 12:43:00.007 [DEBUG] com.lxw.system.mapper.TaskMapper.selectList - ==> Parameters: 
2021-03-29 12:43:00.011 [DEBUG] com.lxw.system.mapper.TaskMapper.selectList - <==      Total: 13
2021-03-29 12:44:00.003 [DEBUG] com.lxw.system.mapper.TaskMapper.selectList - ==>  Preparing: SELECT task_id,level,lostman_id,start_time,end_time,rescue_pos FROM tb_task
2021-03-29 12:44:00.004 [DEBUG] com.lxw.system.mapper.TaskMapper.selectList - ==> Parameters: 
2021-03-29 12:44:00.008 [DEBUG] com.lxw.system.mapper.TaskMapper.selectList - <==      Total: 13
2021-03-29 12:45:00.001 [DEBUG] com.lxw.system.mapper.TaskMapper.selectList - ==>  Preparing: SELECT task_id,level,lostman_id,start_time,end_time,rescue_pos FROM tb_task
2021-03-29 12:45:00.002 [DEBUG] com.lxw.system.mapper.TaskMapper.selectList - ==> Parameters: 
2021-03-29 12:45:00.004 [DEBUG] com.lxw.system.mapper.TaskMapper.selectList - <==      Total: 13
2021-03-29 12:46:00.002 [DEBUG] com.lxw.system.mapper.TaskMapper.selectList - ==>  Preparing: SELECT task_id,level,lostman_id,start_time,end_time,rescue_pos FROM tb_task
2021-03-29 12:46:00.002 [DEBUG] com.lxw.system.mapper.TaskMapper.selectList - ==> Parameters: 
2021-03-29 12:46:00.004 [DEBUG] com.lxw.system.mapper.TaskMapper.selectList - <==      Total: 13
2021-03-29 12:47:00.003 [DEBUG] com.lxw.system.mapper.TaskMapper.selectList - ==>  Preparing: SELECT task_id,level,lostman_id,start_time,end_time,rescue_pos FROM tb_task
2021-03-29 12:47:00.004 [DEBUG] com.lxw.system.mapper.TaskMapper.selectList - ==> Parameters: 
2021-03-29 12:47:00.007 [DEBUG] com.lxw.system.mapper.TaskMapper.selectList - <==      Total: 13
2021-03-29 12:48:00.003 [DEBUG] com.lxw.system.mapper.TaskMapper.selectList - ==>  Preparing: SELECT task_id,level,lostman_id,start_time,end_time,rescue_pos FROM tb_task
2021-03-29 12:48:00.005 [DEBUG] com.lxw.system.mapper.TaskMapper.selectList - ==> Parameters: 
2021-03-29 12:48:00.009 [DEBUG] com.lxw.system.mapper.TaskMapper.selectList - <==      Total: 13
2021-03-29 12:49:00.005 [DEBUG] com.lxw.system.mapper.TaskMapper.selectList - ==>  Preparing: SELECT task_id,level,lostman_id,start_time,end_time,rescue_pos FROM tb_task
2021-03-29 12:49:00.005 [DEBUG] com.lxw.system.mapper.TaskMapper.selectList - ==> Parameters: 
2021-03-29 12:49:00.005 [DEBUG] com.lxw.system.mapper.TaskMapper.selectList - <==      Total: 13
2021-03-29 23:50:06.041 [DEBUG] com.lxw.system.mapper.QuartzMapper.selectList - ==>  Preparing: SELECT id,job_name,job_class,cron_expression,status FROM sys_quartz
2021-03-29 23:50:06.158 [DEBUG] com.lxw.system.mapper.QuartzMapper.selectList - ==> Parameters: 
2021-03-29 23:50:06.187 [DEBUG] com.lxw.system.mapper.QuartzMapper.selectList - <==      Total: 1
2021-03-29 23:51:00.028 [DEBUG] com.lxw.system.mapper.TaskMapper.selectList - ==>  Preparing: SELECT task_id,level,lostman_id,start_time,end_time,rescue_pos FROM tb_task
2021-03-29 23:51:00.029 [DEBUG] com.lxw.system.mapper.TaskMapper.selectList - ==> Parameters: 
2021-03-29 23:51:00.033 [DEBUG] com.lxw.system.mapper.TaskMapper.selectList - <==      Total: 13
2021-03-29 23:52:00.006 [DEBUG] com.lxw.system.mapper.TaskMapper.selectList - ==>  Preparing: SELECT task_id,level,lostman_id,start_time,end_time,rescue_pos FROM tb_task
2021-03-29 23:52:00.007 [DEBUG] com.lxw.system.mapper.TaskMapper.selectList - ==> Parameters: 
2021-03-29 23:52:00.012 [DEBUG] com.lxw.system.mapper.TaskMapper.selectList - <==      Total: 13
2021-03-29 23:53:00.004 [DEBUG] com.lxw.system.mapper.TaskMapper.selectList - ==>  Preparing: SELECT task_id,level,lostman_id,start_time,end_time,rescue_pos FROM tb_task
2021-03-29 23:53:00.005 [DEBUG] com.lxw.system.mapper.TaskMapper.selectList - ==> Parameters: 
2021-03-29 23:53:00.008 [DEBUG] com.lxw.system.mapper.TaskMapper.selectList - <==      Total: 13
2021-03-29 23:53:38.456 [DEBUG] com.lxw.system.mapper.VolunteerMapper.selectOne - ==>  Preparing: SELECT id,account,password,openid,volunteer_name,sex,phone_number,address,email,avatar,create_time,status,IDCard FROM tb_volunteer_info WHERE (openid = ?)
2021-03-29 23:53:38.457 [DEBUG] com.lxw.system.mapper.VolunteerMapper.selectOne - ==> Parameters: oqoWz4vNM5JVQlOWkzrVeW_Sz5Vc(String)
2021-03-29 23:53:38.460 [DEBUG] com.lxw.system.mapper.VolunteerMapper.selectOne - <==      Total: 1
2021-03-29 23:53:38.467 [DEBUG] com.lxw.system.mapper.VolunteerTaskMapper.selectList - ==>  Preparing: SELECT task_id,volunteer_id FROM tb_volunteer_task WHERE (volunteer_id = ?)
2021-03-29 23:53:38.468 [DEBUG] com.lxw.system.mapper.VolunteerTaskMapper.selectList - ==> Parameters: 1(Long)
2021-03-29 23:53:38.470 [DEBUG] com.lxw.system.mapper.VolunteerTaskMapper.selectList - <==      Total: 0
2021-03-29 23:54:00.004 [DEBUG] com.lxw.system.mapper.TaskMapper.selectList - ==>  Preparing: SELECT task_id,level,lostman_id,start_time,end_time,rescue_pos FROM tb_task
2021-03-29 23:54:00.006 [DEBUG] com.lxw.system.mapper.TaskMapper.selectList - ==> Parameters: 
2021-03-29 23:54:00.009 [DEBUG] com.lxw.system.mapper.TaskMapper.selectList - <==      Total: 13
2021-03-29 23:54:41.849 [DEBUG] com.lxw.system.mapper.VolunteerMapper.selectOne - ==>  Preparing: SELECT id,account,password,openid,volunteer_name,sex,phone_number,address,email,avatar,create_time,status,IDCard FROM tb_volunteer_info WHERE (openid = ?)
2021-03-29 23:54:41.849 [DEBUG] com.lxw.system.mapper.VolunteerMapper.selectOne - ==> Parameters: 44444(String)
2021-03-29 23:54:41.852 [DEBUG] com.lxw.system.mapper.VolunteerMapper.selectOne - <==      Total: 1
2021-03-29 23:54:41.854 [DEBUG] com.lxw.system.mapper.VolunteerTaskMapper.selectList - ==>  Preparing: SELECT task_id,volunteer_id FROM tb_volunteer_task WHERE (volunteer_id = ?)
2021-03-29 23:54:41.854 [DEBUG] com.lxw.system.mapper.VolunteerTaskMapper.selectList - ==> Parameters: 4(Long)
2021-03-29 23:54:41.856 [DEBUG] com.lxw.system.mapper.VolunteerTaskMapper.selectList - <==      Total: 1
2021-03-29 23:55:00.004 [DEBUG] com.lxw.system.mapper.TaskMapper.selectList - ==>  Preparing: SELECT task_id,level,lostman_id,start_time,end_time,rescue_pos FROM tb_task
2021-03-29 23:55:00.005 [DEBUG] com.lxw.system.mapper.TaskMapper.selectList - ==> Parameters: 
2021-03-29 23:55:00.011 [DEBUG] com.lxw.system.mapper.TaskMapper.selectList - <==      Total: 13
2021-03-29 23:56:00.010 [DEBUG] com.lxw.system.mapper.TaskMapper.selectList - ==>  Preparing: SELECT task_id,level,lostman_id,start_time,end_time,rescue_pos FROM tb_task
2021-03-29 23:56:00.011 [DEBUG] com.lxw.system.mapper.TaskMapper.selectList - ==> Parameters: 
2021-03-29 23:56:00.014 [DEBUG] com.lxw.system.mapper.TaskMapper.selectList - <==      Total: 13
2021-03-29 23:56:12.503 [DEBUG] com.lxw.system.mapper.QuartzMapper.selectList - ==>  Preparing: SELECT id,job_name,job_class,cron_expression,status FROM sys_quartz
2021-03-29 23:56:12.519 [DEBUG] com.lxw.system.mapper.QuartzMapper.selectList - ==> Parameters: 
2021-03-29 23:56:12.537 [DEBUG] com.lxw.system.mapper.QuartzMapper.selectList - <==      Total: 1
2021-03-29 23:56:17.097 [DEBUG] com.lxw.system.mapper.VolunteerMapper.selectOne - ==>  Preparing: SELECT id,account,password,openid,volunteer_name,sex,phone_number,address,email,avatar,create_time,status,IDCard FROM tb_volunteer_info WHERE (openid = ?)
2021-03-29 23:56:17.098 [DEBUG] com.lxw.system.mapper.VolunteerMapper.selectOne - ==> Parameters: 44444(String)
2021-03-29 23:56:17.102 [DEBUG] com.lxw.system.mapper.VolunteerMapper.selectOne - <==      Total: 1
2021-03-29 23:56:17.106 [DEBUG] com.lxw.system.mapper.VolunteerTaskMapper.selectList - ==>  Preparing: SELECT task_id,volunteer_id FROM tb_volunteer_task WHERE (volunteer_id = ?)
2021-03-29 23:56:17.107 [DEBUG] com.lxw.system.mapper.VolunteerTaskMapper.selectList - ==> Parameters: 4(Long)
2021-03-29 23:56:17.109 [DEBUG] com.lxw.system.mapper.VolunteerTaskMapper.selectList - <==      Total: 1
2021-03-29 23:57:52.926 [DEBUG] com.lxw.system.mapper.QuartzMapper.selectList - ==>  Preparing: SELECT id,job_name,job_class,cron_expression,status FROM sys_quartz
2021-03-29 23:57:52.945 [DEBUG] com.lxw.system.mapper.QuartzMapper.selectList - ==> Parameters: 
2021-03-29 23:57:52.961 [DEBUG] com.lxw.system.mapper.QuartzMapper.selectList - <==      Total: 1
2021-03-29 23:57:59.540 [DEBUG] com.lxw.system.mapper.VolunteerMapper.selectOne - ==>  Preparing: SELECT id,account,password,openid,volunteer_name,sex,phone_number,address,email,avatar,create_time,status,IDCard FROM tb_volunteer_info WHERE (openid = ?)
2021-03-29 23:57:59.541 [DEBUG] com.lxw.system.mapper.VolunteerMapper.selectOne - ==> Parameters: 44444(String)
2021-03-29 23:57:59.545 [DEBUG] com.lxw.system.mapper.VolunteerMapper.selectOne - <==      Total: 1
2021-03-29 23:57:59.550 [DEBUG] com.lxw.system.mapper.VolunteerTaskMapper.selectList - ==>  Preparing: SELECT task_id FROM tb_volunteer_task WHERE (volunteer_id = ?)
2021-03-29 23:57:59.550 [DEBUG] com.lxw.system.mapper.VolunteerTaskMapper.selectList - ==> Parameters: 4(Long)
2021-03-29 23:57:59.551 [DEBUG] com.lxw.system.mapper.VolunteerTaskMapper.selectList - <==      Total: 1
2021-03-29 23:58:00.022 [DEBUG] com.lxw.system.mapper.TaskMapper.selectList - ==>  Preparing: SELECT task_id,level,lostman_id,start_time,end_time,rescue_pos FROM tb_task
2021-03-29 23:58:00.024 [DEBUG] com.lxw.system.mapper.TaskMapper.selectList - ==> Parameters: 
2021-03-29 23:58:00.032 [DEBUG] com.lxw.system.mapper.TaskMapper.selectList - <==      Total: 13
2021-03-29 23:59:00.004 [DEBUG] com.lxw.system.mapper.TaskMapper.selectList - ==>  Preparing: SELECT task_id,level,lostman_id,start_time,end_time,rescue_pos FROM tb_task
2021-03-29 23:59:00.004 [DEBUG] com.lxw.system.mapper.TaskMapper.selectList - ==> Parameters: 
2021-03-29 23:59:00.009 [DEBUG] com.lxw.system.mapper.TaskMapper.selectList - <==      Total: 13
