2021-04-08 00:00:00.022 [quartzScheduler_Worker-1] WARN  com.alibaba.druid.pool.DruidAbstractDataSource - discard long time none received connection. , jdbcUrl : jdbc:mysql://localhost:3306/returnhome?useUnicode=true&characterEncoding=utf-8&useSSL=false&serverTimezone=GMT%2B8, version : 1.2.4, lastPacketReceivedIdleMillis : 91615
2021-04-08 00:00:00.026 [quartzScheduler_Worker-1] WARN  com.alibaba.druid.pool.DruidAbstractDataSource - discard long time none received connection. , jdbcUrl : jdbc:mysql://localhost:3306/returnhome?useUnicode=true&characterEncoding=utf-8&useSSL=false&serverTimezone=GMT%2B8, version : 1.2.4, lastPacketReceivedIdleMillis : 93339
2021-04-08 00:00:00.028 [quartzScheduler_Worker-1] WARN  com.alibaba.druid.pool.DruidAbstractDataSource - discard long time none received connection. , jdbcUrl : jdbc:mysql://localhost:3306/returnhome?useUnicode=true&characterEncoding=utf-8&useSSL=false&serverTimezone=GMT%2B8, version : 1.2.4, lastPacketReceivedIdleMillis : 178742
2021-04-08 00:00:00.030 [quartzScheduler_Worker-1] WARN  com.alibaba.druid.pool.DruidAbstractDataSource - discard long time none received connection. , jdbcUrl : jdbc:mysql://localhost:3306/returnhome?useUnicode=true&characterEncoding=utf-8&useSSL=false&serverTimezone=GMT%2B8, version : 1.2.4, lastPacketReceivedIdleMillis : 178750
2021-04-08 00:03:00.003 [quartzScheduler_Worker-2] WARN  com.alibaba.druid.pool.DruidAbstractDataSource - discard long time none received connection. , jdbcUrl : jdbc:mysql://localhost:3306/returnhome?useUnicode=true&characterEncoding=utf-8&useSSL=false&serverTimezone=GMT%2B8, version : 1.2.4, lastPacketReceivedIdleMillis : 78302
2021-04-08 00:03:00.005 [quartzScheduler_Worker-2] WARN  com.alibaba.druid.pool.DruidAbstractDataSource - discard long time none received connection. , jdbcUrl : jdbc:mysql://localhost:3306/returnhome?useUnicode=true&characterEncoding=utf-8&useSSL=false&serverTimezone=GMT%2B8, version : 1.2.4, lastPacketReceivedIdleMillis : 87393
2021-04-08 00:03:00.007 [quartzScheduler_Worker-2] WARN  com.alibaba.druid.pool.DruidAbstractDataSource - discard long time none received connection. , jdbcUrl : jdbc:mysql://localhost:3306/returnhome?useUnicode=true&characterEncoding=utf-8&useSSL=false&serverTimezone=GMT%2B8, version : 1.2.4, lastPacketReceivedIdleMillis : 358726
2021-04-08 00:03:00.009 [quartzScheduler_Worker-2] WARN  com.alibaba.druid.pool.DruidAbstractDataSource - discard long time none received connection. , jdbcUrl : jdbc:mysql://localhost:3306/returnhome?useUnicode=true&characterEncoding=utf-8&useSSL=false&serverTimezone=GMT%2B8, version : 1.2.4, lastPacketReceivedIdleMillis : 358744
2021-04-08 00:03:00.010 [quartzScheduler_Worker-2] WARN  com.alibaba.druid.pool.DruidAbstractDataSource - discard long time none received connection. , jdbcUrl : jdbc:mysql://localhost:3306/returnhome?useUnicode=true&characterEncoding=utf-8&useSSL=false&serverTimezone=GMT%2B8, version : 1.2.4, lastPacketReceivedIdleMillis : 358746
2021-04-08 00:03:00.011 [quartzScheduler_Worker-2] WARN  com.alibaba.druid.pool.DruidAbstractDataSource - discard long time none received connection. , jdbcUrl : jdbc:mysql://localhost:3306/returnhome?useUnicode=true&characterEncoding=utf-8&useSSL=false&serverTimezone=GMT%2B8, version : 1.2.4, lastPacketReceivedIdleMillis : 358747
2021-04-08 00:04:53.011 [http-nio-8081-exec-7] WARN  com.alibaba.druid.pool.DruidAbstractDataSource - discard long time none received connection. , jdbcUrl : jdbc:mysql://localhost:3306/returnhome?useUnicode=true&characterEncoding=utf-8&useSSL=false&serverTimezone=GMT%2B8, version : 1.2.4, lastPacketReceivedIdleMillis : 86052
2021-04-08 00:04:53.013 [http-nio-8081-exec-7] WARN  com.alibaba.druid.pool.DruidAbstractDataSource - discard long time none received connection. , jdbcUrl : jdbc:mysql://localhost:3306/returnhome?useUnicode=true&characterEncoding=utf-8&useSSL=false&serverTimezone=GMT%2B8, version : 1.2.4, lastPacketReceivedIdleMillis : 96260
2021-04-08 00:04:53.015 [http-nio-8081-exec-7] WARN  com.alibaba.druid.pool.DruidAbstractDataSource - discard long time none received connection. , jdbcUrl : jdbc:mysql://localhost:3306/returnhome?useUnicode=true&characterEncoding=utf-8&useSSL=false&serverTimezone=GMT%2B8, version : 1.2.4, lastPacketReceivedIdleMillis : 471751
2021-04-08 00:04:53.017 [http-nio-8081-exec-7] WARN  com.alibaba.druid.pool.DruidAbstractDataSource - discard long time none received connection. , jdbcUrl : jdbc:mysql://localhost:3306/returnhome?useUnicode=true&characterEncoding=utf-8&useSSL=false&serverTimezone=GMT%2B8, version : 1.2.4, lastPacketReceivedIdleMillis : 471768
2021-04-08 00:11:28.101 [http-nio-8081-exec-1] WARN  com.alibaba.druid.pool.DruidAbstractDataSource - discard long time none received connection. , jdbcUrl : jdbc:mysql://localhost:3306/returnhome?useUnicode=true&characterEncoding=utf-8&useSSL=false&serverTimezone=GMT%2B8, version : 1.2.4, lastPacketReceivedIdleMillis : 80405
2021-04-08 00:11:28.103 [http-nio-8081-exec-1] WARN  com.alibaba.druid.pool.DruidAbstractDataSource - discard long time none received connection. , jdbcUrl : jdbc:mysql://localhost:3306/returnhome?useUnicode=true&characterEncoding=utf-8&useSSL=false&serverTimezone=GMT%2B8, version : 1.2.4, lastPacketReceivedIdleMillis : 336846
2021-04-08 00:13:06.709 [http-nio-8081-exec-6] WARN  com.alibaba.druid.pool.DruidAbstractDataSource - discard long time none received connection. , jdbcUrl : jdbc:mysql://localhost:3306/returnhome?useUnicode=true&characterEncoding=utf-8&useSSL=false&serverTimezone=GMT%2B8, version : 1.2.4, lastPacketReceivedIdleMillis : 98570
2021-04-08 00:14:42.750 [http-nio-8081-exec-4] WARN  com.alibaba.druid.pool.DruidAbstractDataSource - discard long time none received connection. , jdbcUrl : jdbc:mysql://localhost:3306/returnhome?useUnicode=true&characterEncoding=utf-8&useSSL=false&serverTimezone=GMT%2B8, version : 1.2.4, lastPacketReceivedIdleMillis : 82000
2021-04-08 00:14:42.753 [http-nio-8081-exec-5] WARN  com.alibaba.druid.pool.DruidAbstractDataSource - discard long time none received connection. , jdbcUrl : jdbc:mysql://localhost:3306/returnhome?useUnicode=true&characterEncoding=utf-8&useSSL=false&serverTimezone=GMT%2B8, version : 1.2.4, lastPacketReceivedIdleMillis : 96013
2021-04-08 00:18:00.002 [quartzScheduler_Worker-7] WARN  com.alibaba.druid.pool.DruidAbstractDataSource - discard long time none received connection. , jdbcUrl : jdbc:mysql://localhost:3306/returnhome?useUnicode=true&characterEncoding=utf-8&useSSL=false&serverTimezone=GMT%2B8, version : 1.2.4, lastPacketReceivedIdleMillis : 179996
2021-04-08 00:18:00.003 [quartzScheduler_Worker-7] WARN  com.alibaba.druid.pool.DruidAbstractDataSource - discard long time none received connection. , jdbcUrl : jdbc:mysql://localhost:3306/returnhome?useUnicode=true&characterEncoding=utf-8&useSSL=false&serverTimezone=GMT%2B8, version : 1.2.4, lastPacketReceivedIdleMillis : 194005
2021-04-08 00:19:36.171 [http-nio-8081-exec-2] WARN  com.alibaba.druid.pool.DruidAbstractDataSource - discard long time none received connection. , jdbcUrl : jdbc:mysql://localhost:3306/returnhome?useUnicode=true&characterEncoding=utf-8&useSSL=false&serverTimezone=GMT%2B8, version : 1.2.4, lastPacketReceivedIdleMillis : 96153
2021-04-08 00:21:00.005 [quartzScheduler_Worker-8] WARN  com.alibaba.druid.pool.DruidAbstractDataSource - discard long time none received connection. , jdbcUrl : jdbc:mysql://localhost:3306/returnhome?useUnicode=true&characterEncoding=utf-8&useSSL=false&serverTimezone=GMT%2B8, version : 1.2.4, lastPacketReceivedIdleMillis : 83786
2021-04-08 00:21:00.008 [quartzScheduler_Worker-8] WARN  com.alibaba.druid.pool.DruidAbstractDataSource - discard long time none received connection. , jdbcUrl : jdbc:mysql://localhost:3306/returnhome?useUnicode=true&characterEncoding=utf-8&useSSL=false&serverTimezone=GMT%2B8, version : 1.2.4, lastPacketReceivedIdleMillis : 83799
2021-04-08 00:23:35.116 [http-nio-8081-exec-8] WARN  com.alibaba.druid.pool.DruidAbstractDataSource - discard long time none received connection. , jdbcUrl : jdbc:mysql://localhost:3306/returnhome?useUnicode=true&characterEncoding=utf-8&useSSL=false&serverTimezone=GMT%2B8, version : 1.2.4, lastPacketReceivedIdleMillis : 155092
2021-04-08 00:25:35.183 [http-nio-8081-exec-2] WARN  com.alibaba.druid.pool.DruidAbstractDataSource - discard long time none received connection. , jdbcUrl : jdbc:mysql://localhost:3306/returnhome?useUnicode=true&characterEncoding=utf-8&useSSL=false&serverTimezone=GMT%2B8, version : 1.2.4, lastPacketReceivedIdleMillis : 95180
2021-04-08 00:25:35.184 [http-nio-8081-exec-2] WARN  com.alibaba.druid.pool.DruidAbstractDataSource - discard long time none received connection. , jdbcUrl : jdbc:mysql://localhost:3306/returnhome?useUnicode=true&characterEncoding=utf-8&useSSL=false&serverTimezone=GMT%2B8, version : 1.2.4, lastPacketReceivedIdleMillis : 120035
2021-04-08 00:30:00.004 [quartzScheduler_Worker-1] WARN  com.alibaba.druid.pool.DruidAbstractDataSource - discard long time none received connection. , jdbcUrl : jdbc:mysql://localhost:3306/returnhome?useUnicode=true&characterEncoding=utf-8&useSSL=false&serverTimezone=GMT%2B8, version : 1.2.4, lastPacketReceivedIdleMillis : 180001
2021-04-08 00:32:50.879 [http-nio-8081-exec-10] WARN  com.alibaba.druid.pool.DruidAbstractDataSource - discard long time none received connection. , jdbcUrl : jdbc:mysql://localhost:3306/returnhome?useUnicode=true&characterEncoding=utf-8&useSSL=false&serverTimezone=GMT%2B8, version : 1.2.4, lastPacketReceivedIdleMillis : 73742
2021-04-08 00:37:41.262 [http-nio-8081-exec-6] WARN  com.alibaba.druid.pool.DruidAbstractDataSource - discard long time none received connection. , jdbcUrl : jdbc:mysql://localhost:3306/returnhome?useUnicode=true&characterEncoding=utf-8&useSSL=false&serverTimezone=GMT%2B8, version : 1.2.4, lastPacketReceivedIdleMillis : 101248
2021-04-08 00:38:57.442 [http-nio-8081-exec-3] WARN  com.alibaba.druid.pool.DruidAbstractDataSource - discard long time none received connection. , jdbcUrl : jdbc:mysql://localhost:3306/returnhome?useUnicode=true&characterEncoding=utf-8&useSSL=false&serverTimezone=GMT%2B8, version : 1.2.4, lastPacketReceivedIdleMillis : 76141
2021-04-08 00:38:57.442 [http-nio-8081-exec-9] WARN  com.alibaba.druid.pool.DruidAbstractDataSource - discard long time none received connection. , jdbcUrl : jdbc:mysql://localhost:3306/returnhome?useUnicode=true&characterEncoding=utf-8&useSSL=false&serverTimezone=GMT%2B8, version : 1.2.4, lastPacketReceivedIdleMillis : 76160
2021-04-08 00:41:22.748 [http-nio-8081-exec-3] WARN  com.alibaba.druid.pool.DruidAbstractDataSource - discard long time none received connection. , jdbcUrl : jdbc:mysql://localhost:3306/returnhome?useUnicode=true&characterEncoding=utf-8&useSSL=false&serverTimezone=GMT%2B8, version : 1.2.4, lastPacketReceivedIdleMillis : 79109
2021-04-08 00:45:00.006 [quartzScheduler_Worker-6] WARN  com.alibaba.druid.pool.DruidAbstractDataSource - discard long time none received connection. , jdbcUrl : jdbc:mysql://localhost:3306/returnhome?useUnicode=true&characterEncoding=utf-8&useSSL=false&serverTimezone=GMT%2B8, version : 1.2.4, lastPacketReceivedIdleMillis : 116836
2021-04-08 00:45:00.009 [quartzScheduler_Worker-6] WARN  com.alibaba.druid.pool.DruidAbstractDataSource - discard long time none received connection. , jdbcUrl : jdbc:mysql://localhost:3306/returnhome?useUnicode=true&characterEncoding=utf-8&useSSL=false&serverTimezone=GMT%2B8, version : 1.2.4, lastPacketReceivedIdleMillis : 154638
2021-04-08 00:47:54.454 [http-nio-8081-exec-1] WARN  com.alibaba.druid.pool.DruidAbstractDataSource - discard long time none received connection. , jdbcUrl : jdbc:mysql://localhost:3306/returnhome?useUnicode=true&characterEncoding=utf-8&useSSL=false&serverTimezone=GMT%2B8, version : 1.2.4, lastPacketReceivedIdleMillis : 122270
2021-04-08 00:47:54.455 [http-nio-8081-exec-4] WARN  com.alibaba.druid.pool.DruidAbstractDataSource - discard long time none received connection. , jdbcUrl : jdbc:mysql://localhost:3306/returnhome?useUnicode=true&characterEncoding=utf-8&useSSL=false&serverTimezone=GMT%2B8, version : 1.2.4, lastPacketReceivedIdleMillis : 122280
2021-04-08 00:54:00.003 [quartzScheduler_Worker-9] WARN  com.alibaba.druid.pool.DruidAbstractDataSource - discard long time none received connection. , jdbcUrl : jdbc:mysql://localhost:3306/returnhome?useUnicode=true&characterEncoding=utf-8&useSSL=false&serverTimezone=GMT%2B8, version : 1.2.4, lastPacketReceivedIdleMillis : 179996
2021-04-08 00:54:00.005 [quartzScheduler_Worker-9] WARN  com.alibaba.druid.pool.DruidAbstractDataSource - discard long time none received connection. , jdbcUrl : jdbc:mysql://localhost:3306/returnhome?useUnicode=true&characterEncoding=utf-8&useSSL=false&serverTimezone=GMT%2B8, version : 1.2.4, lastPacketReceivedIdleMillis : 282922
2021-04-08 00:57:00.003 [quartzScheduler_Worker-10] WARN  com.alibaba.druid.pool.DruidAbstractDataSource - discard long time none received connection. , jdbcUrl : jdbc:mysql://localhost:3306/returnhome?useUnicode=true&characterEncoding=utf-8&useSSL=false&serverTimezone=GMT%2B8, version : 1.2.4, lastPacketReceivedIdleMillis : 179992
2021-04-08 01:00:00.002 [quartzScheduler_Worker-1] WARN  com.alibaba.druid.pool.DruidAbstractDataSource - discard long time none received connection. , jdbcUrl : jdbc:mysql://localhost:3306/returnhome?useUnicode=true&characterEncoding=utf-8&useSSL=false&serverTimezone=GMT%2B8, version : 1.2.4, lastPacketReceivedIdleMillis : 179993
2021-04-08 01:06:05.604 [main] WARN  c.b.mybatisplus.core.metadata.TableInfoHelper - Can not find table primary key in Class: "com.lxw.entity.RoleMenu".
2021-04-08 01:06:05.778 [main] WARN  c.b.mybatisplus.core.metadata.TableInfoHelper - Can not find table primary key in Class: "com.lxw.entity.UserRole".
2021-04-08 01:06:05.864 [main] WARN  c.b.mybatisplus.core.metadata.TableInfoHelper - Can not find table primary key in Class: "com.lxw.entity.VolunteerTask".
2021-04-08 01:12:00.021 [quartzScheduler_Worker-2] WARN  com.alibaba.druid.pool.DruidAbstractDataSource - discard long time none received connection. , jdbcUrl : jdbc:mysql://localhost:3306/returnhome?useUnicode=true&characterEncoding=utf-8&useSSL=false&serverTimezone=GMT%2B8, version : 1.2.4, lastPacketReceivedIdleMillis : 179994
2021-04-08 01:12:00.022 [quartzScheduler_Worker-2] WARN  com.alibaba.druid.pool.DruidAbstractDataSource - discard long time none received connection. , jdbcUrl : jdbc:mysql://localhost:3306/returnhome?useUnicode=true&characterEncoding=utf-8&useSSL=false&serverTimezone=GMT%2B8, version : 1.2.4, lastPacketReceivedIdleMillis : 291836
2021-04-08 01:12:00.022 [quartzScheduler_Worker-2] WARN  com.alibaba.druid.pool.DruidAbstractDataSource - discard long time none received connection. , jdbcUrl : jdbc:mysql://localhost:3306/returnhome?useUnicode=true&characterEncoding=utf-8&useSSL=false&serverTimezone=GMT%2B8, version : 1.2.4, lastPacketReceivedIdleMillis : 354833
2021-04-08 01:12:00.023 [quartzScheduler_Worker-2] WARN  com.alibaba.druid.pool.DruidAbstractDataSource - discard long time none received connection. , jdbcUrl : jdbc:mysql://localhost:3306/returnhome?useUnicode=true&characterEncoding=utf-8&useSSL=false&serverTimezone=GMT%2B8, version : 1.2.4, lastPacketReceivedIdleMillis : 354836
2021-04-08 01:12:00.023 [quartzScheduler_Worker-2] WARN  com.alibaba.druid.pool.DruidAbstractDataSource - discard long time none received connection. , jdbcUrl : jdbc:mysql://localhost:3306/returnhome?useUnicode=true&characterEncoding=utf-8&useSSL=false&serverTimezone=GMT%2B8, version : 1.2.4, lastPacketReceivedIdleMillis : 354841
2021-04-08 01:12:00.024 [quartzScheduler_Worker-2] WARN  com.alibaba.druid.pool.DruidAbstractDataSource - discard long time none received connection. , jdbcUrl : jdbc:mysql://localhost:3306/returnhome?useUnicode=true&characterEncoding=utf-8&useSSL=false&serverTimezone=GMT%2B8, version : 1.2.4, lastPacketReceivedIdleMillis : 354845
2021-04-08 01:12:00.025 [quartzScheduler_Worker-2] WARN  com.alibaba.druid.pool.DruidAbstractDataSource - discard long time none received connection. , jdbcUrl : jdbc:mysql://localhost:3306/returnhome?useUnicode=true&characterEncoding=utf-8&useSSL=false&serverTimezone=GMT%2B8, version : 1.2.4, lastPacketReceivedIdleMillis : 354849
2021-04-08 01:12:00.026 [quartzScheduler_Worker-2] WARN  com.alibaba.druid.pool.DruidAbstractDataSource - discard long time none received connection. , jdbcUrl : jdbc:mysql://localhost:3306/returnhome?useUnicode=true&characterEncoding=utf-8&useSSL=false&serverTimezone=GMT%2B8, version : 1.2.4, lastPacketReceivedIdleMillis : 354852
2021-04-08 01:12:00.027 [quartzScheduler_Worker-2] WARN  com.alibaba.druid.pool.DruidAbstractDataSource - discard long time none received connection. , jdbcUrl : jdbc:mysql://localhost:3306/returnhome?useUnicode=true&characterEncoding=utf-8&useSSL=false&serverTimezone=GMT%2B8, version : 1.2.4, lastPacketReceivedIdleMillis : 354856
2021-04-08 01:12:00.028 [quartzScheduler_Worker-2] WARN  com.alibaba.druid.pool.DruidAbstractDataSource - discard long time none received connection. , jdbcUrl : jdbc:mysql://localhost:3306/returnhome?useUnicode=true&characterEncoding=utf-8&useSSL=false&serverTimezone=GMT%2B8, version : 1.2.4, lastPacketReceivedIdleMillis : 354862
2021-04-08 01:14:32.057 [http-nio-8081-exec-1] WARN  com.alibaba.druid.pool.DruidAbstractDataSource - discard long time none received connection. , jdbcUrl : jdbc:mysql://localhost:3306/returnhome?useUnicode=true&characterEncoding=utf-8&useSSL=false&serverTimezone=GMT%2B8, version : 1.2.4, lastPacketReceivedIdleMillis : 152016
2021-04-08 01:16:06.473 [http-nio-8081-exec-2] WARN  com.alibaba.druid.pool.DruidAbstractDataSource - discard long time none received connection. , jdbcUrl : jdbc:mysql://localhost:3306/returnhome?useUnicode=true&characterEncoding=utf-8&useSSL=false&serverTimezone=GMT%2B8, version : 1.2.4, lastPacketReceivedIdleMillis : 94371
2021-04-08 01:18:48.382 [http-nio-8081-exec-5] WARN  com.alibaba.druid.pool.DruidAbstractDataSource - discard long time none received connection. , jdbcUrl : jdbc:mysql://localhost:3306/returnhome?useUnicode=true&characterEncoding=utf-8&useSSL=false&serverTimezone=GMT%2B8, version : 1.2.4, lastPacketReceivedIdleMillis : 92935
2021-04-08 01:21:08.452 [http-nio-8081-exec-1] WARN  com.alibaba.druid.pool.DruidAbstractDataSource - discard long time none received connection. , jdbcUrl : jdbc:mysql://localhost:3306/returnhome?useUnicode=true&characterEncoding=utf-8&useSSL=false&serverTimezone=GMT%2B8, version : 1.2.4, lastPacketReceivedIdleMillis : 96256
2021-04-08 01:22:42.354 [main] WARN  c.b.mybatisplus.core.metadata.TableInfoHelper - Can not find table primary key in Class: "com.lxw.entity.RoleMenu".
2021-04-08 01:22:42.466 [main] WARN  c.b.mybatisplus.core.metadata.TableInfoHelper - Can not find table primary key in Class: "com.lxw.entity.UserRole".
2021-04-08 01:22:42.536 [main] WARN  c.b.mybatisplus.core.metadata.TableInfoHelper - Can not find table primary key in Class: "com.lxw.entity.VolunteerTask".
2021-04-08 01:24:00.025 [quartzScheduler_Worker-1] WARN  com.alibaba.druid.pool.DruidAbstractDataSource - discard long time none received connection. , jdbcUrl : jdbc:mysql://localhost:3306/returnhome?useUnicode=true&characterEncoding=utf-8&useSSL=false&serverTimezone=GMT%2B8, version : 1.2.4, lastPacketReceivedIdleMillis : 75224
2021-04-08 01:24:00.027 [quartzScheduler_Worker-1] WARN  com.alibaba.druid.pool.DruidAbstractDataSource - discard long time none received connection. , jdbcUrl : jdbc:mysql://localhost:3306/returnhome?useUnicode=true&characterEncoding=utf-8&useSSL=false&serverTimezone=GMT%2B8, version : 1.2.4, lastPacketReceivedIdleMillis : 78080
2021-04-08 01:24:00.027 [quartzScheduler_Worker-1] WARN  com.alibaba.druid.pool.DruidAbstractDataSource - discard long time none received connection. , jdbcUrl : jdbc:mysql://localhost:3306/returnhome?useUnicode=true&characterEncoding=utf-8&useSSL=false&serverTimezone=GMT%2B8, version : 1.2.4, lastPacketReceivedIdleMillis : 78086
2021-04-08 01:24:00.029 [quartzScheduler_Worker-1] WARN  com.alibaba.druid.pool.DruidAbstractDataSource - discard long time none received connection. , jdbcUrl : jdbc:mysql://localhost:3306/returnhome?useUnicode=true&characterEncoding=utf-8&useSSL=false&serverTimezone=GMT%2B8, version : 1.2.4, lastPacketReceivedIdleMillis : 78092
2021-04-08 01:24:00.029 [quartzScheduler_Worker-1] WARN  com.alibaba.druid.pool.DruidAbstractDataSource - discard long time none received connection. , jdbcUrl : jdbc:mysql://localhost:3306/returnhome?useUnicode=true&characterEncoding=utf-8&useSSL=false&serverTimezone=GMT%2B8, version : 1.2.4, lastPacketReceivedIdleMillis : 78097
2021-04-08 01:24:00.030 [quartzScheduler_Worker-1] WARN  com.alibaba.druid.pool.DruidAbstractDataSource - discard long time none received connection. , jdbcUrl : jdbc:mysql://localhost:3306/returnhome?useUnicode=true&characterEncoding=utf-8&useSSL=false&serverTimezone=GMT%2B8, version : 1.2.4, lastPacketReceivedIdleMillis : 78101
2021-04-08 01:24:00.031 [quartzScheduler_Worker-1] WARN  com.alibaba.druid.pool.DruidAbstractDataSource - discard long time none received connection. , jdbcUrl : jdbc:mysql://localhost:3306/returnhome?useUnicode=true&characterEncoding=utf-8&useSSL=false&serverTimezone=GMT%2B8, version : 1.2.4, lastPacketReceivedIdleMillis : 78108
2021-04-08 01:24:00.031 [quartzScheduler_Worker-1] WARN  com.alibaba.druid.pool.DruidAbstractDataSource - discard long time none received connection. , jdbcUrl : jdbc:mysql://localhost:3306/returnhome?useUnicode=true&characterEncoding=utf-8&useSSL=false&serverTimezone=GMT%2B8, version : 1.2.4, lastPacketReceivedIdleMillis : 78113
2021-04-08 01:24:00.032 [quartzScheduler_Worker-1] WARN  com.alibaba.druid.pool.DruidAbstractDataSource - discard long time none received connection. , jdbcUrl : jdbc:mysql://localhost:3306/returnhome?useUnicode=true&characterEncoding=utf-8&useSSL=false&serverTimezone=GMT%2B8, version : 1.2.4, lastPacketReceivedIdleMillis : 78119
2021-04-08 01:24:00.032 [quartzScheduler_Worker-1] WARN  com.alibaba.druid.pool.DruidAbstractDataSource - discard long time none received connection. , jdbcUrl : jdbc:mysql://localhost:3306/returnhome?useUnicode=true&characterEncoding=utf-8&useSSL=false&serverTimezone=GMT%2B8, version : 1.2.4, lastPacketReceivedIdleMillis : 78126
2021-04-08 01:25:20.107 [http-nio-8081-exec-1] WARN  com.alibaba.druid.pool.DruidAbstractDataSource - discard long time none received connection. , jdbcUrl : jdbc:mysql://localhost:3306/returnhome?useUnicode=true&characterEncoding=utf-8&useSSL=false&serverTimezone=GMT%2B8, version : 1.2.4, lastPacketReceivedIdleMillis : 80067
2021-04-08 01:28:10.625 [http-nio-8081-exec-1] WARN  com.alibaba.druid.pool.DruidAbstractDataSource - discard long time none received connection. , jdbcUrl : jdbc:mysql://localhost:3306/returnhome?useUnicode=true&characterEncoding=utf-8&useSSL=false&serverTimezone=GMT%2B8, version : 1.2.4, lastPacketReceivedIdleMillis : 70615
2021-04-08 11:55:10.107 [main] WARN  c.b.mybatisplus.core.metadata.TableInfoHelper - Can not find table primary key in Class: "com.lxw.entity.RoleMenu".
2021-04-08 11:55:10.223 [main] WARN  c.b.mybatisplus.core.metadata.TableInfoHelper - Can not find table primary key in Class: "com.lxw.entity.UserRole".
2021-04-08 11:55:10.270 [main] WARN  c.b.mybatisplus.core.metadata.TableInfoHelper - Can not find table primary key in Class: "com.lxw.entity.VolunteerTask".
2021-04-08 11:58:39.111 [http-nio-8081-exec-5] WARN  com.alibaba.druid.pool.DruidAbstractDataSource - discard long time none received connection. , jdbcUrl : jdbc:mysql://localhost:3306/returnhome?useUnicode=true&characterEncoding=utf-8&useSSL=false&serverTimezone=GMT%2B8, version : 1.2.4, lastPacketReceivedIdleMillis : 99026
2021-04-08 11:58:39.113 [http-nio-8081-exec-6] WARN  com.alibaba.druid.pool.DruidAbstractDataSource - discard long time none received connection. , jdbcUrl : jdbc:mysql://localhost:3306/returnhome?useUnicode=true&characterEncoding=utf-8&useSSL=false&serverTimezone=GMT%2B8, version : 1.2.4, lastPacketReceivedIdleMillis : 209474
2021-04-08 11:58:39.115 [http-nio-8081-exec-6] WARN  com.alibaba.druid.pool.DruidAbstractDataSource - discard long time none received connection. , jdbcUrl : jdbc:mysql://localhost:3306/returnhome?useUnicode=true&characterEncoding=utf-8&useSSL=false&serverTimezone=GMT%2B8, version : 1.2.4, lastPacketReceivedIdleMillis : 209563
2021-04-08 11:58:39.117 [http-nio-8081-exec-6] WARN  com.alibaba.druid.pool.DruidAbstractDataSource - discard long time none received connection. , jdbcUrl : jdbc:mysql://localhost:3306/returnhome?useUnicode=true&characterEncoding=utf-8&useSSL=false&serverTimezone=GMT%2B8, version : 1.2.4, lastPacketReceivedIdleMillis : 209565
2021-04-08 11:58:39.120 [http-nio-8081-exec-6] WARN  com.alibaba.druid.pool.DruidAbstractDataSource - discard long time none received connection. , jdbcUrl : jdbc:mysql://localhost:3306/returnhome?useUnicode=true&characterEncoding=utf-8&useSSL=false&serverTimezone=GMT%2B8, version : 1.2.4, lastPacketReceivedIdleMillis : 209568
2021-04-08 12:02:56.018 [http-nio-8081-exec-1] WARN  com.alibaba.druid.pool.DruidAbstractDataSource - discard long time none received connection. , jdbcUrl : jdbc:mysql://localhost:3306/returnhome?useUnicode=true&characterEncoding=utf-8&useSSL=false&serverTimezone=GMT%2B8, version : 1.2.4, lastPacketReceivedIdleMillis : 147880
2021-04-08 12:02:56.019 [http-nio-8081-exec-8] WARN  com.alibaba.druid.pool.DruidAbstractDataSource - discard long time none received connection. , jdbcUrl : jdbc:mysql://localhost:3306/returnhome?useUnicode=true&characterEncoding=utf-8&useSSL=false&serverTimezone=GMT%2B8, version : 1.2.4, lastPacketReceivedIdleMillis : 155018
2021-04-08 12:02:56.021 [http-nio-8081-exec-1] WARN  com.alibaba.druid.pool.DruidAbstractDataSource - discard long time none received connection. , jdbcUrl : jdbc:mysql://localhost:3306/returnhome?useUnicode=true&characterEncoding=utf-8&useSSL=false&serverTimezone=GMT%2B8, version : 1.2.4, lastPacketReceivedIdleMillis : 466468
2021-04-08 12:02:56.021 [http-nio-8081-exec-8] WARN  com.alibaba.druid.pool.DruidAbstractDataSource - discard long time none received connection. , jdbcUrl : jdbc:mysql://localhost:3306/returnhome?useUnicode=true&characterEncoding=utf-8&useSSL=false&serverTimezone=GMT%2B8, version : 1.2.4, lastPacketReceivedIdleMillis : 466469
2021-04-08 12:02:56.023 [http-nio-8081-exec-1] WARN  com.alibaba.druid.pool.DruidAbstractDataSource - discard long time none received connection. , jdbcUrl : jdbc:mysql://localhost:3306/returnhome?useUnicode=true&characterEncoding=utf-8&useSSL=false&serverTimezone=GMT%2B8, version : 1.2.4, lastPacketReceivedIdleMillis : 466487
2021-04-08 12:02:56.025 [http-nio-8081-exec-8] WARN  com.alibaba.druid.pool.DruidAbstractDataSource - discard long time none received connection. , jdbcUrl : jdbc:mysql://localhost:3306/returnhome?useUnicode=true&characterEncoding=utf-8&useSSL=false&serverTimezone=GMT%2B8, version : 1.2.4, lastPacketReceivedIdleMillis : 466488
2021-04-08 12:02:56.027 [http-nio-8081-exec-1] WARN  com.alibaba.druid.pool.DruidAbstractDataSource - discard long time none received connection. , jdbcUrl : jdbc:mysql://localhost:3306/returnhome?useUnicode=true&characterEncoding=utf-8&useSSL=false&serverTimezone=GMT%2B8, version : 1.2.4, lastPacketReceivedIdleMillis : 466491
2021-04-08 12:06:00.003 [quartzScheduler_Worker-4] WARN  com.alibaba.druid.pool.DruidAbstractDataSource - discard long time none received connection. , jdbcUrl : jdbc:mysql://localhost:3306/returnhome?useUnicode=true&characterEncoding=utf-8&useSSL=false&serverTimezone=GMT%2B8, version : 1.2.4, lastPacketReceivedIdleMillis : 179994
2021-04-08 12:06:00.005 [quartzScheduler_Worker-4] WARN  com.alibaba.druid.pool.DruidAbstractDataSource - discard long time none received connection. , jdbcUrl : jdbc:mysql://localhost:3306/returnhome?useUnicode=true&characterEncoding=utf-8&useSSL=false&serverTimezone=GMT%2B8, version : 1.2.4, lastPacketReceivedIdleMillis : 183948
2021-04-08 12:08:01.210 [http-nio-8081-exec-8] WARN  com.alibaba.druid.pool.DruidAbstractDataSource - discard long time none received connection. , jdbcUrl : jdbc:mysql://localhost:3306/returnhome?useUnicode=true&characterEncoding=utf-8&useSSL=false&serverTimezone=GMT%2B8, version : 1.2.4, lastPacketReceivedIdleMillis : 70009
2021-04-08 12:12:00.005 [quartzScheduler_Worker-6] WARN  com.alibaba.druid.pool.DruidAbstractDataSource - discard long time none received connection. , jdbcUrl : jdbc:mysql://localhost:3306/returnhome?useUnicode=true&characterEncoding=utf-8&useSSL=false&serverTimezone=GMT%2B8, version : 1.2.4, lastPacketReceivedIdleMillis : 180001
2021-04-08 12:12:00.007 [quartzScheduler_Worker-6] WARN  com.alibaba.druid.pool.DruidAbstractDataSource - discard long time none received connection. , jdbcUrl : jdbc:mysql://localhost:3306/returnhome?useUnicode=true&characterEncoding=utf-8&useSSL=false&serverTimezone=GMT%2B8, version : 1.2.4, lastPacketReceivedIdleMillis : 191260
2021-04-08 12:12:43.147 [main] WARN  c.b.mybatisplus.core.metadata.TableInfoHelper - Can not find table primary key in Class: "com.lxw.entity.RoleMenu".
2021-04-08 12:12:43.249 [main] WARN  c.b.mybatisplus.core.metadata.TableInfoHelper - Can not find table primary key in Class: "com.lxw.entity.UserRole".
2021-04-08 12:12:43.301 [main] WARN  c.b.mybatisplus.core.metadata.TableInfoHelper - Can not find table primary key in Class: "com.lxw.entity.VolunteerTask".
2021-04-08 12:15:00.021 [quartzScheduler_Worker-1] WARN  com.alibaba.druid.pool.DruidAbstractDataSource - discard long time none received connection. , jdbcUrl : jdbc:mysql://localhost:3306/returnhome?useUnicode=true&characterEncoding=utf-8&useSSL=false&serverTimezone=GMT%2B8, version : 1.2.4, lastPacketReceivedIdleMillis : 134532
2021-04-08 12:15:00.022 [quartzScheduler_Worker-1] WARN  com.alibaba.druid.pool.DruidAbstractDataSource - discard long time none received connection. , jdbcUrl : jdbc:mysql://localhost:3306/returnhome?useUnicode=true&characterEncoding=utf-8&useSSL=false&serverTimezone=GMT%2B8, version : 1.2.4, lastPacketReceivedIdleMillis : 137241
2021-04-08 12:15:00.022 [quartzScheduler_Worker-1] WARN  com.alibaba.druid.pool.DruidAbstractDataSource - discard long time none received connection. , jdbcUrl : jdbc:mysql://localhost:3306/returnhome?useUnicode=true&characterEncoding=utf-8&useSSL=false&serverTimezone=GMT%2B8, version : 1.2.4, lastPacketReceivedIdleMillis : 137246
2021-04-08 12:15:00.023 [quartzScheduler_Worker-1] WARN  com.alibaba.druid.pool.DruidAbstractDataSource - discard long time none received connection. , jdbcUrl : jdbc:mysql://localhost:3306/returnhome?useUnicode=true&characterEncoding=utf-8&useSSL=false&serverTimezone=GMT%2B8, version : 1.2.4, lastPacketReceivedIdleMillis : 137251
2021-04-08 12:15:00.023 [quartzScheduler_Worker-1] WARN  com.alibaba.druid.pool.DruidAbstractDataSource - discard long time none received connection. , jdbcUrl : jdbc:mysql://localhost:3306/returnhome?useUnicode=true&characterEncoding=utf-8&useSSL=false&serverTimezone=GMT%2B8, version : 1.2.4, lastPacketReceivedIdleMillis : 137255
2021-04-08 12:15:00.024 [quartzScheduler_Worker-1] WARN  com.alibaba.druid.pool.DruidAbstractDataSource - discard long time none received connection. , jdbcUrl : jdbc:mysql://localhost:3306/returnhome?useUnicode=true&characterEncoding=utf-8&useSSL=false&serverTimezone=GMT%2B8, version : 1.2.4, lastPacketReceivedIdleMillis : 137260
2021-04-08 12:15:00.025 [quartzScheduler_Worker-1] WARN  com.alibaba.druid.pool.DruidAbstractDataSource - discard long time none received connection. , jdbcUrl : jdbc:mysql://localhost:3306/returnhome?useUnicode=true&characterEncoding=utf-8&useSSL=false&serverTimezone=GMT%2B8, version : 1.2.4, lastPacketReceivedIdleMillis : 137264
2021-04-08 12:18:00.004 [quartzScheduler_Worker-2] WARN  com.alibaba.druid.pool.DruidAbstractDataSource - discard long time none received connection. , jdbcUrl : jdbc:mysql://localhost:3306/returnhome?useUnicode=true&characterEncoding=utf-8&useSSL=false&serverTimezone=GMT%2B8, version : 1.2.4, lastPacketReceivedIdleMillis : 179975
2021-04-08 12:18:00.005 [quartzScheduler_Worker-2] WARN  com.alibaba.druid.pool.DruidAbstractDataSource - discard long time none received connection. , jdbcUrl : jdbc:mysql://localhost:3306/returnhome?useUnicode=true&characterEncoding=utf-8&useSSL=false&serverTimezone=GMT%2B8, version : 1.2.4, lastPacketReceivedIdleMillis : 317249
2021-04-08 12:18:00.007 [quartzScheduler_Worker-2] WARN  com.alibaba.druid.pool.DruidAbstractDataSource - discard long time none received connection. , jdbcUrl : jdbc:mysql://localhost:3306/returnhome?useUnicode=true&characterEncoding=utf-8&useSSL=false&serverTimezone=GMT%2B8, version : 1.2.4, lastPacketReceivedIdleMillis : 317254
2021-04-08 12:18:00.008 [quartzScheduler_Worker-2] WARN  com.alibaba.druid.pool.DruidAbstractDataSource - discard long time none received connection. , jdbcUrl : jdbc:mysql://localhost:3306/returnhome?useUnicode=true&characterEncoding=utf-8&useSSL=false&serverTimezone=GMT%2B8, version : 1.2.4, lastPacketReceivedIdleMillis : 317262
2021-04-08 12:19:35.082 [main] WARN  c.b.mybatisplus.core.metadata.TableInfoHelper - Can not find table primary key in Class: "com.lxw.entity.RoleMenu".
2021-04-08 12:19:35.166 [main] WARN  c.b.mybatisplus.core.metadata.TableInfoHelper - Can not find table primary key in Class: "com.lxw.entity.UserRole".
2021-04-08 12:19:35.231 [main] WARN  c.b.mybatisplus.core.metadata.TableInfoHelper - Can not find table primary key in Class: "com.lxw.entity.VolunteerTask".
2021-04-08 12:21:00.945 [main] WARN  c.b.mybatisplus.core.metadata.TableInfoHelper - Can not find table primary key in Class: "com.lxw.entity.RoleMenu".
2021-04-08 12:21:01.045 [main] WARN  c.b.mybatisplus.core.metadata.TableInfoHelper - Can not find table primary key in Class: "com.lxw.entity.UserRole".
2021-04-08 12:21:01.101 [main] WARN  c.b.mybatisplus.core.metadata.TableInfoHelper - Can not find table primary key in Class: "com.lxw.entity.VolunteerTask".
2021-04-08 12:22:36.809 [main] WARN  c.b.mybatisplus.core.metadata.TableInfoHelper - Can not find table primary key in Class: "com.lxw.entity.RoleMenu".
2021-04-08 12:22:36.897 [main] WARN  c.b.mybatisplus.core.metadata.TableInfoHelper - Can not find table primary key in Class: "com.lxw.entity.UserRole".
2021-04-08 12:22:36.958 [main] WARN  c.b.mybatisplus.core.metadata.TableInfoHelper - Can not find table primary key in Class: "com.lxw.entity.VolunteerTask".
2021-04-08 12:24:00.039 [quartzScheduler_Worker-1] WARN  com.alibaba.druid.pool.DruidAbstractDataSource - discard long time none received connection. , jdbcUrl : jdbc:mysql://localhost:3306/returnhome?useUnicode=true&characterEncoding=utf-8&useSSL=false&serverTimezone=GMT%2B8, version : 1.2.4, lastPacketReceivedIdleMillis : 80715
2021-04-08 12:24:00.040 [quartzScheduler_Worker-1] WARN  com.alibaba.druid.pool.DruidAbstractDataSource - discard long time none received connection. , jdbcUrl : jdbc:mysql://localhost:3306/returnhome?useUnicode=true&characterEncoding=utf-8&useSSL=false&serverTimezone=GMT%2B8, version : 1.2.4, lastPacketReceivedIdleMillis : 83565
2021-04-08 12:24:00.041 [quartzScheduler_Worker-1] WARN  com.alibaba.druid.pool.DruidAbstractDataSource - discard long time none received connection. , jdbcUrl : jdbc:mysql://localhost:3306/returnhome?useUnicode=true&characterEncoding=utf-8&useSSL=false&serverTimezone=GMT%2B8, version : 1.2.4, lastPacketReceivedIdleMillis : 83568
2021-04-08 12:24:00.042 [quartzScheduler_Worker-1] WARN  com.alibaba.druid.pool.DruidAbstractDataSource - discard long time none received connection. , jdbcUrl : jdbc:mysql://localhost:3306/returnhome?useUnicode=true&characterEncoding=utf-8&useSSL=false&serverTimezone=GMT%2B8, version : 1.2.4, lastPacketReceivedIdleMillis : 83572
2021-04-08 12:24:00.042 [quartzScheduler_Worker-1] WARN  com.alibaba.druid.pool.DruidAbstractDataSource - discard long time none received connection. , jdbcUrl : jdbc:mysql://localhost:3306/returnhome?useUnicode=true&characterEncoding=utf-8&useSSL=false&serverTimezone=GMT%2B8, version : 1.2.4, lastPacketReceivedIdleMillis : 83576
2021-04-08 12:24:00.043 [quartzScheduler_Worker-1] WARN  com.alibaba.druid.pool.DruidAbstractDataSource - discard long time none received connection. , jdbcUrl : jdbc:mysql://localhost:3306/returnhome?useUnicode=true&characterEncoding=utf-8&useSSL=false&serverTimezone=GMT%2B8, version : 1.2.4, lastPacketReceivedIdleMillis : 83582
2021-04-08 12:24:00.044 [quartzScheduler_Worker-1] WARN  com.alibaba.druid.pool.DruidAbstractDataSource - discard long time none received connection. , jdbcUrl : jdbc:mysql://localhost:3306/returnhome?useUnicode=true&characterEncoding=utf-8&useSSL=false&serverTimezone=GMT%2B8, version : 1.2.4, lastPacketReceivedIdleMillis : 83587
2021-04-08 12:25:07.198 [main] WARN  c.b.mybatisplus.core.metadata.TableInfoHelper - Can not find table primary key in Class: "com.lxw.entity.RoleMenu".
2021-04-08 12:25:07.292 [main] WARN  c.b.mybatisplus.core.metadata.TableInfoHelper - Can not find table primary key in Class: "com.lxw.entity.UserRole".
2021-04-08 12:25:07.342 [main] WARN  c.b.mybatisplus.core.metadata.TableInfoHelper - Can not find table primary key in Class: "com.lxw.entity.VolunteerTask".
2021-04-08 12:26:04.698 [main] WARN  c.b.mybatisplus.core.metadata.TableInfoHelper - Can not find table primary key in Class: "com.lxw.entity.RoleMenu".
2021-04-08 12:26:04.801 [main] WARN  c.b.mybatisplus.core.metadata.TableInfoHelper - Can not find table primary key in Class: "com.lxw.entity.UserRole".
2021-04-08 12:26:04.852 [main] WARN  c.b.mybatisplus.core.metadata.TableInfoHelper - Can not find table primary key in Class: "com.lxw.entity.VolunteerTask".
2021-04-08 12:29:59.316 [main] WARN  c.b.mybatisplus.core.metadata.TableInfoHelper - Can not find table primary key in Class: "com.lxw.entity.RoleMenu".
2021-04-08 12:29:59.414 [main] WARN  c.b.mybatisplus.core.metadata.TableInfoHelper - Can not find table primary key in Class: "com.lxw.entity.UserRole".
2021-04-08 12:29:59.494 [main] WARN  c.b.mybatisplus.core.metadata.TableInfoHelper - Can not find table primary key in Class: "com.lxw.entity.VolunteerTask".
2021-04-08 12:30:18.876 [main] WARN  c.b.mybatisplus.core.metadata.TableInfoHelper - Can not find table primary key in Class: "com.lxw.entity.RoleMenu".
2021-04-08 12:30:18.971 [main] WARN  c.b.mybatisplus.core.metadata.TableInfoHelper - Can not find table primary key in Class: "com.lxw.entity.UserRole".
2021-04-08 12:30:19.036 [main] WARN  c.b.mybatisplus.core.metadata.TableInfoHelper - Can not find table primary key in Class: "com.lxw.entity.VolunteerTask".
2021-04-08 12:31:54.543 [main] WARN  c.b.mybatisplus.core.metadata.TableInfoHelper - Can not find table primary key in Class: "com.lxw.entity.RoleMenu".
2021-04-08 12:31:54.636 [main] WARN  c.b.mybatisplus.core.metadata.TableInfoHelper - Can not find table primary key in Class: "com.lxw.entity.UserRole".
2021-04-08 12:31:54.690 [main] WARN  c.b.mybatisplus.core.metadata.TableInfoHelper - Can not find table primary key in Class: "com.lxw.entity.VolunteerTask".
2021-04-08 12:33:33.226 [http-nio-8081-exec-1] WARN  com.alibaba.druid.pool.DruidAbstractDataSource - discard long time none received connection. , jdbcUrl : jdbc:mysql://localhost:3306/returnhome?useUnicode=true&characterEncoding=utf-8&useSSL=false&serverTimezone=GMT%2B8, version : 1.2.4, lastPacketReceivedIdleMillis : 85155
2021-04-08 12:33:33.227 [http-nio-8081-exec-1] WARN  com.alibaba.druid.pool.DruidAbstractDataSource - discard long time none received connection. , jdbcUrl : jdbc:mysql://localhost:3306/returnhome?useUnicode=true&characterEncoding=utf-8&useSSL=false&serverTimezone=GMT%2B8, version : 1.2.4, lastPacketReceivedIdleMillis : 99018
2021-04-08 12:33:33.228 [http-nio-8081-exec-1] WARN  com.alibaba.druid.pool.DruidAbstractDataSource - discard long time none received connection. , jdbcUrl : jdbc:mysql://localhost:3306/returnhome?useUnicode=true&characterEncoding=utf-8&useSSL=false&serverTimezone=GMT%2B8, version : 1.2.4, lastPacketReceivedIdleMillis : 99023
2021-04-08 12:33:33.229 [http-nio-8081-exec-1] WARN  com.alibaba.druid.pool.DruidAbstractDataSource - discard long time none received connection. , jdbcUrl : jdbc:mysql://localhost:3306/returnhome?useUnicode=true&characterEncoding=utf-8&useSSL=false&serverTimezone=GMT%2B8, version : 1.2.4, lastPacketReceivedIdleMillis : 99028
2021-04-08 12:33:33.230 [http-nio-8081-exec-1] WARN  com.alibaba.druid.pool.DruidAbstractDataSource - discard long time none received connection. , jdbcUrl : jdbc:mysql://localhost:3306/returnhome?useUnicode=true&characterEncoding=utf-8&useSSL=false&serverTimezone=GMT%2B8, version : 1.2.4, lastPacketReceivedIdleMillis : 99032
2021-04-08 12:36:00.004 [quartzScheduler_Worker-2] WARN  com.alibaba.druid.pool.DruidAbstractDataSource - discard long time none received connection. , jdbcUrl : jdbc:mysql://localhost:3306/returnhome?useUnicode=true&characterEncoding=utf-8&useSSL=false&serverTimezone=GMT%2B8, version : 1.2.4, lastPacketReceivedIdleMillis : 109625
2021-04-08 12:36:00.005 [quartzScheduler_Worker-2] WARN  com.alibaba.druid.pool.DruidAbstractDataSource - discard long time none received connection. , jdbcUrl : jdbc:mysql://localhost:3306/returnhome?useUnicode=true&characterEncoding=utf-8&useSSL=false&serverTimezone=GMT%2B8, version : 1.2.4, lastPacketReceivedIdleMillis : 146754
2021-04-08 12:36:00.007 [quartzScheduler_Worker-2] WARN  com.alibaba.druid.pool.DruidAbstractDataSource - discard long time none received connection. , jdbcUrl : jdbc:mysql://localhost:3306/returnhome?useUnicode=true&characterEncoding=utf-8&useSSL=false&serverTimezone=GMT%2B8, version : 1.2.4, lastPacketReceivedIdleMillis : 146774
2021-04-08 12:36:00.008 [quartzScheduler_Worker-2] WARN  com.alibaba.druid.pool.DruidAbstractDataSource - discard long time none received connection. , jdbcUrl : jdbc:mysql://localhost:3306/returnhome?useUnicode=true&characterEncoding=utf-8&useSSL=false&serverTimezone=GMT%2B8, version : 1.2.4, lastPacketReceivedIdleMillis : 245813
2021-04-08 12:36:00.008 [quartzScheduler_Worker-2] WARN  com.alibaba.druid.pool.DruidAbstractDataSource - discard long time none received connection. , jdbcUrl : jdbc:mysql://localhost:3306/returnhome?useUnicode=true&characterEncoding=utf-8&useSSL=false&serverTimezone=GMT%2B8, version : 1.2.4, lastPacketReceivedIdleMillis : 245817
2021-04-08 12:36:00.009 [quartzScheduler_Worker-2] WARN  com.alibaba.druid.pool.DruidAbstractDataSource - discard long time none received connection. , jdbcUrl : jdbc:mysql://localhost:3306/returnhome?useUnicode=true&characterEncoding=utf-8&useSSL=false&serverTimezone=GMT%2B8, version : 1.2.4, lastPacketReceivedIdleMillis : 245821
2021-04-08 12:37:40.431 [http-nio-8081-exec-8] WARN  com.alibaba.druid.pool.DruidAbstractDataSource - discard long time none received connection. , jdbcUrl : jdbc:mysql://localhost:3306/returnhome?useUnicode=true&characterEncoding=utf-8&useSSL=false&serverTimezone=GMT%2B8, version : 1.2.4, lastPacketReceivedIdleMillis : 100419
2021-04-08 12:37:40.432 [http-nio-8081-exec-8] WARN  com.alibaba.druid.pool.DruidAbstractDataSource - discard long time none received connection. , jdbcUrl : jdbc:mysql://localhost:3306/returnhome?useUnicode=true&characterEncoding=utf-8&useSSL=false&serverTimezone=GMT%2B8, version : 1.2.4, lastPacketReceivedIdleMillis : 346250
2021-04-08 12:42:05.091 [main] WARN  c.b.mybatisplus.core.metadata.TableInfoHelper - Can not find table primary key in Class: "com.lxw.entity.RoleMenu".
2021-04-08 12:42:05.178 [main] WARN  c.b.mybatisplus.core.metadata.TableInfoHelper - Can not find table primary key in Class: "com.lxw.entity.UserRole".
2021-04-08 12:42:05.243 [main] WARN  c.b.mybatisplus.core.metadata.TableInfoHelper - Can not find table primary key in Class: "com.lxw.entity.VolunteerTask".
2021-04-08 12:45:00.017 [quartzScheduler_Worker-1] WARN  com.alibaba.druid.pool.DruidAbstractDataSource - discard long time none received connection. , jdbcUrl : jdbc:mysql://localhost:3306/returnhome?useUnicode=true&characterEncoding=utf-8&useSSL=false&serverTimezone=GMT%2B8, version : 1.2.4, lastPacketReceivedIdleMillis : 157015
2021-04-08 12:45:00.018 [quartzScheduler_Worker-1] WARN  com.alibaba.druid.pool.DruidAbstractDataSource - discard long time none received connection. , jdbcUrl : jdbc:mysql://localhost:3306/returnhome?useUnicode=true&characterEncoding=utf-8&useSSL=false&serverTimezone=GMT%2B8, version : 1.2.4, lastPacketReceivedIdleMillis : 167538
2021-04-08 12:45:00.019 [quartzScheduler_Worker-1] WARN  com.alibaba.druid.pool.DruidAbstractDataSource - discard long time none received connection. , jdbcUrl : jdbc:mysql://localhost:3306/returnhome?useUnicode=true&characterEncoding=utf-8&useSSL=false&serverTimezone=GMT%2B8, version : 1.2.4, lastPacketReceivedIdleMillis : 175254
2021-04-08 12:45:00.020 [quartzScheduler_Worker-1] WARN  com.alibaba.druid.pool.DruidAbstractDataSource - discard long time none received connection. , jdbcUrl : jdbc:mysql://localhost:3306/returnhome?useUnicode=true&characterEncoding=utf-8&useSSL=false&serverTimezone=GMT%2B8, version : 1.2.4, lastPacketReceivedIdleMillis : 175257
2021-04-08 12:45:00.020 [quartzScheduler_Worker-1] WARN  com.alibaba.druid.pool.DruidAbstractDataSource - discard long time none received connection. , jdbcUrl : jdbc:mysql://localhost:3306/returnhome?useUnicode=true&characterEncoding=utf-8&useSSL=false&serverTimezone=GMT%2B8, version : 1.2.4, lastPacketReceivedIdleMillis : 175262
2021-04-08 12:45:00.021 [quartzScheduler_Worker-1] WARN  com.alibaba.druid.pool.DruidAbstractDataSource - discard long time none received connection. , jdbcUrl : jdbc:mysql://localhost:3306/returnhome?useUnicode=true&characterEncoding=utf-8&useSSL=false&serverTimezone=GMT%2B8, version : 1.2.4, lastPacketReceivedIdleMillis : 175266
2021-04-08 12:45:00.022 [quartzScheduler_Worker-1] WARN  com.alibaba.druid.pool.DruidAbstractDataSource - discard long time none received connection. , jdbcUrl : jdbc:mysql://localhost:3306/returnhome?useUnicode=true&characterEncoding=utf-8&useSSL=false&serverTimezone=GMT%2B8, version : 1.2.4, lastPacketReceivedIdleMillis : 175270
2021-04-08 12:54:27.307 [main] WARN  c.b.mybatisplus.core.metadata.TableInfoHelper - Can not find table primary key in Class: "com.lxw.entity.RoleMenu".
2021-04-08 12:54:27.400 [main] WARN  c.b.mybatisplus.core.metadata.TableInfoHelper - Can not find table primary key in Class: "com.lxw.entity.UserRole".
2021-04-08 12:54:27.472 [main] WARN  c.b.mybatisplus.core.metadata.TableInfoHelper - Can not find table primary key in Class: "com.lxw.entity.VolunteerTask".
2021-04-08 12:55:03.652 [main] WARN  c.b.mybatisplus.core.metadata.TableInfoHelper - Can not find table primary key in Class: "com.lxw.entity.RoleMenu".
2021-04-08 12:55:03.754 [main] WARN  c.b.mybatisplus.core.metadata.TableInfoHelper - Can not find table primary key in Class: "com.lxw.entity.UserRole".
2021-04-08 12:55:03.829 [main] WARN  c.b.mybatisplus.core.metadata.TableInfoHelper - Can not find table primary key in Class: "com.lxw.entity.VolunteerTask".
2021-04-08 12:58:03.006 [http-nio-8081-exec-7] WARN  com.alibaba.druid.pool.DruidAbstractDataSource - discard long time none received connection. , jdbcUrl : jdbc:mysql://localhost:3306/returnhome?useUnicode=true&characterEncoding=utf-8&useSSL=false&serverTimezone=GMT%2B8, version : 1.2.4, lastPacketReceivedIdleMillis : 142400
2021-04-08 12:58:03.008 [http-nio-8081-exec-7] WARN  com.alibaba.druid.pool.DruidAbstractDataSource - discard long time none received connection. , jdbcUrl : jdbc:mysql://localhost:3306/returnhome?useUnicode=true&characterEncoding=utf-8&useSSL=false&serverTimezone=GMT%2B8, version : 1.2.4, lastPacketReceivedIdleMillis : 179717
2021-04-08 12:58:03.009 [http-nio-8081-exec-7] WARN  com.alibaba.druid.pool.DruidAbstractDataSource - discard long time none received connection. , jdbcUrl : jdbc:mysql://localhost:3306/returnhome?useUnicode=true&characterEncoding=utf-8&useSSL=false&serverTimezone=GMT%2B8, version : 1.2.4, lastPacketReceivedIdleMillis : 179724
2021-04-08 12:58:03.010 [http-nio-8081-exec-7] WARN  com.alibaba.druid.pool.DruidAbstractDataSource - discard long time none received connection. , jdbcUrl : jdbc:mysql://localhost:3306/returnhome?useUnicode=true&characterEncoding=utf-8&useSSL=false&serverTimezone=GMT%2B8, version : 1.2.4, lastPacketReceivedIdleMillis : 179729
2021-04-08 12:58:03.012 [http-nio-8081-exec-7] WARN  com.alibaba.druid.pool.DruidAbstractDataSource - discard long time none received connection. , jdbcUrl : jdbc:mysql://localhost:3306/returnhome?useUnicode=true&characterEncoding=utf-8&useSSL=false&serverTimezone=GMT%2B8, version : 1.2.4, lastPacketReceivedIdleMillis : 179735
2021-04-08 12:58:03.014 [http-nio-8081-exec-7] WARN  com.alibaba.druid.pool.DruidAbstractDataSource - discard long time none received connection. , jdbcUrl : jdbc:mysql://localhost:3306/returnhome?useUnicode=true&characterEncoding=utf-8&useSSL=false&serverTimezone=GMT%2B8, version : 1.2.4, lastPacketReceivedIdleMillis : 179741
2021-04-08 12:58:03.015 [http-nio-8081-exec-7] WARN  com.alibaba.druid.pool.DruidAbstractDataSource - discard long time none received connection. , jdbcUrl : jdbc:mysql://localhost:3306/returnhome?useUnicode=true&characterEncoding=utf-8&useSSL=false&serverTimezone=GMT%2B8, version : 1.2.4, lastPacketReceivedIdleMillis : 179749
2021-04-08 13:32:14.689 [main] WARN  c.b.mybatisplus.core.metadata.TableInfoHelper - Can not find table primary key in Class: "com.lxw.entity.RoleMenu".
2021-04-08 13:32:14.786 [main] WARN  c.b.mybatisplus.core.metadata.TableInfoHelper - Can not find table primary key in Class: "com.lxw.entity.UserRole".
2021-04-08 13:32:14.846 [main] WARN  c.b.mybatisplus.core.metadata.TableInfoHelper - Can not find table primary key in Class: "com.lxw.entity.VolunteerTask".
2021-04-08 13:35:40.143 [http-nio-8081-exec-2] WARN  com.alibaba.druid.pool.DruidAbstractDataSource - discard long time none received connection. , jdbcUrl : jdbc:mysql://localhost:3306/returnhome?useUnicode=true&characterEncoding=utf-8&useSSL=false&serverTimezone=GMT%2B8, version : 1.2.4, lastPacketReceivedIdleMillis : 89061
2021-04-08 13:35:40.144 [http-nio-8081-exec-2] WARN  com.alibaba.druid.pool.DruidAbstractDataSource - discard long time none received connection. , jdbcUrl : jdbc:mysql://localhost:3306/returnhome?useUnicode=true&characterEncoding=utf-8&useSSL=false&serverTimezone=GMT%2B8, version : 1.2.4, lastPacketReceivedIdleMillis : 205818
2021-04-08 13:35:40.145 [http-nio-8081-exec-2] WARN  com.alibaba.druid.pool.DruidAbstractDataSource - discard long time none received connection. , jdbcUrl : jdbc:mysql://localhost:3306/returnhome?useUnicode=true&characterEncoding=utf-8&useSSL=false&serverTimezone=GMT%2B8, version : 1.2.4, lastPacketReceivedIdleMillis : 205823
2021-04-08 13:35:40.146 [http-nio-8081-exec-2] WARN  com.alibaba.druid.pool.DruidAbstractDataSource - discard long time none received connection. , jdbcUrl : jdbc:mysql://localhost:3306/returnhome?useUnicode=true&characterEncoding=utf-8&useSSL=false&serverTimezone=GMT%2B8, version : 1.2.4, lastPacketReceivedIdleMillis : 205827
2021-04-08 13:35:40.147 [http-nio-8081-exec-2] WARN  com.alibaba.druid.pool.DruidAbstractDataSource - discard long time none received connection. , jdbcUrl : jdbc:mysql://localhost:3306/returnhome?useUnicode=true&characterEncoding=utf-8&useSSL=false&serverTimezone=GMT%2B8, version : 1.2.4, lastPacketReceivedIdleMillis : 205831
2021-04-08 13:42:00.904 [main] WARN  c.b.mybatisplus.core.metadata.TableInfoHelper - Can not find table primary key in Class: "com.lxw.entity.RoleMenu".
2021-04-08 13:42:01.025 [main] WARN  c.b.mybatisplus.core.metadata.TableInfoHelper - Can not find table primary key in Class: "com.lxw.entity.UserRole".
2021-04-08 13:42:01.086 [main] WARN  c.b.mybatisplus.core.metadata.TableInfoHelper - Can not find table primary key in Class: "com.lxw.entity.VolunteerTask".
2021-04-08 13:45:00.023 [quartzScheduler_Worker-1] WARN  com.alibaba.druid.pool.DruidAbstractDataSource - discard long time none received connection. , jdbcUrl : jdbc:mysql://localhost:3306/returnhome?useUnicode=true&characterEncoding=utf-8&useSSL=false&serverTimezone=GMT%2B8, version : 1.2.4, lastPacketReceivedIdleMillis : 132320
2021-04-08 13:45:00.024 [quartzScheduler_Worker-1] WARN  com.alibaba.druid.pool.DruidAbstractDataSource - discard long time none received connection. , jdbcUrl : jdbc:mysql://localhost:3306/returnhome?useUnicode=true&characterEncoding=utf-8&useSSL=false&serverTimezone=GMT%2B8, version : 1.2.4, lastPacketReceivedIdleMillis : 179479
2021-04-08 13:45:00.025 [quartzScheduler_Worker-1] WARN  com.alibaba.druid.pool.DruidAbstractDataSource - discard long time none received connection. , jdbcUrl : jdbc:mysql://localhost:3306/returnhome?useUnicode=true&characterEncoding=utf-8&useSSL=false&serverTimezone=GMT%2B8, version : 1.2.4, lastPacketReceivedIdleMillis : 179483
2021-04-08 13:45:00.025 [quartzScheduler_Worker-1] WARN  com.alibaba.druid.pool.DruidAbstractDataSource - discard long time none received connection. , jdbcUrl : jdbc:mysql://localhost:3306/returnhome?useUnicode=true&characterEncoding=utf-8&useSSL=false&serverTimezone=GMT%2B8, version : 1.2.4, lastPacketReceivedIdleMillis : 179487
2021-04-08 13:45:00.026 [quartzScheduler_Worker-1] WARN  com.alibaba.druid.pool.DruidAbstractDataSource - discard long time none received connection. , jdbcUrl : jdbc:mysql://localhost:3306/returnhome?useUnicode=true&characterEncoding=utf-8&useSSL=false&serverTimezone=GMT%2B8, version : 1.2.4, lastPacketReceivedIdleMillis : 179491
2021-04-08 13:45:00.034 [quartzScheduler_Worker-1] WARN  com.alibaba.druid.pool.DruidAbstractDataSource - discard long time none received connection. , jdbcUrl : jdbc:mysql://localhost:3306/returnhome?useUnicode=true&characterEncoding=utf-8&useSSL=false&serverTimezone=GMT%2B8, version : 1.2.4, lastPacketReceivedIdleMillis : 179505
2021-04-08 13:45:00.035 [quartzScheduler_Worker-1] WARN  com.alibaba.druid.pool.DruidAbstractDataSource - discard long time none received connection. , jdbcUrl : jdbc:mysql://localhost:3306/returnhome?useUnicode=true&characterEncoding=utf-8&useSSL=false&serverTimezone=GMT%2B8, version : 1.2.4, lastPacketReceivedIdleMillis : 179510
2021-04-08 13:45:00.036 [quartzScheduler_Worker-1] WARN  com.alibaba.druid.pool.DruidAbstractDataSource - discard long time none received connection. , jdbcUrl : jdbc:mysql://localhost:3306/returnhome?useUnicode=true&characterEncoding=utf-8&useSSL=false&serverTimezone=GMT%2B8, version : 1.2.4, lastPacketReceivedIdleMillis : 179516
2021-04-08 13:48:00.006 [quartzScheduler_Worker-2] WARN  com.alibaba.druid.pool.DruidAbstractDataSource - discard long time none received connection. , jdbcUrl : jdbc:mysql://localhost:3306/returnhome?useUnicode=true&characterEncoding=utf-8&useSSL=false&serverTimezone=GMT%2B8, version : 1.2.4, lastPacketReceivedIdleMillis : 179965
2021-04-08 13:48:00.009 [quartzScheduler_Worker-2] WARN  com.alibaba.druid.pool.DruidAbstractDataSource - discard long time none received connection. , jdbcUrl : jdbc:mysql://localhost:3306/returnhome?useUnicode=true&characterEncoding=utf-8&useSSL=false&serverTimezone=GMT%2B8, version : 1.2.4, lastPacketReceivedIdleMillis : 179968
2021-04-08 13:48:00.009 [quartzScheduler_Worker-2] WARN  com.alibaba.druid.pool.DruidAbstractDataSource - discard long time none received connection. , jdbcUrl : jdbc:mysql://localhost:3306/returnhome?useUnicode=true&characterEncoding=utf-8&useSSL=false&serverTimezone=GMT%2B8, version : 1.2.4, lastPacketReceivedIdleMillis : 359494
2021-04-08 13:48:00.010 [quartzScheduler_Worker-2] WARN  com.alibaba.druid.pool.DruidAbstractDataSource - discard long time none received connection. , jdbcUrl : jdbc:mysql://localhost:3306/returnhome?useUnicode=true&characterEncoding=utf-8&useSSL=false&serverTimezone=GMT%2B8, version : 1.2.4, lastPacketReceivedIdleMillis : 359501
2021-04-08 13:54:00.002 [quartzScheduler_Worker-4] WARN  com.alibaba.druid.pool.DruidAbstractDataSource - discard long time none received connection. , jdbcUrl : jdbc:mysql://localhost:3306/returnhome?useUnicode=true&characterEncoding=utf-8&useSSL=false&serverTimezone=GMT%2B8, version : 1.2.4, lastPacketReceivedIdleMillis : 179999
2021-04-08 13:54:00.004 [quartzScheduler_Worker-4] WARN  com.alibaba.druid.pool.DruidAbstractDataSource - discard long time none received connection. , jdbcUrl : jdbc:mysql://localhost:3306/returnhome?useUnicode=true&characterEncoding=utf-8&useSSL=false&serverTimezone=GMT%2B8, version : 1.2.4, lastPacketReceivedIdleMillis : 310778
2021-04-08 13:57:00.003 [quartzScheduler_Worker-5] WARN  com.alibaba.druid.pool.DruidAbstractDataSource - discard long time none received connection. , jdbcUrl : jdbc:mysql://localhost:3306/returnhome?useUnicode=true&characterEncoding=utf-8&useSSL=false&serverTimezone=GMT%2B8, version : 1.2.4, lastPacketReceivedIdleMillis : 179993
2021-04-08 14:00:00.006 [quartzScheduler_Worker-6] WARN  com.alibaba.druid.pool.DruidAbstractDataSource - discard long time none received connection. , jdbcUrl : jdbc:mysql://localhost:3306/returnhome?useUnicode=true&characterEncoding=utf-8&useSSL=false&serverTimezone=GMT%2B8, version : 1.2.4, lastPacketReceivedIdleMillis : 179987
2021-04-08 14:03:00.003 [quartzScheduler_Worker-7] WARN  com.alibaba.druid.pool.DruidAbstractDataSource - discard long time none received connection. , jdbcUrl : jdbc:mysql://localhost:3306/returnhome?useUnicode=true&characterEncoding=utf-8&useSSL=false&serverTimezone=GMT%2B8, version : 1.2.4, lastPacketReceivedIdleMillis : 179988
2021-04-08 14:06:00.002 [quartzScheduler_Worker-8] WARN  com.alibaba.druid.pool.DruidAbstractDataSource - discard long time none received connection. , jdbcUrl : jdbc:mysql://localhost:3306/returnhome?useUnicode=true&characterEncoding=utf-8&useSSL=false&serverTimezone=GMT%2B8, version : 1.2.4, lastPacketReceivedIdleMillis : 179992
2021-04-08 14:09:00.003 [quartzScheduler_Worker-9] WARN  com.alibaba.druid.pool.DruidAbstractDataSource - discard long time none received connection. , jdbcUrl : jdbc:mysql://localhost:3306/returnhome?useUnicode=true&characterEncoding=utf-8&useSSL=false&serverTimezone=GMT%2B8, version : 1.2.4, lastPacketReceivedIdleMillis : 179994
2021-04-08 14:12:00.003 [quartzScheduler_Worker-10] WARN  com.alibaba.druid.pool.DruidAbstractDataSource - discard long time none received connection. , jdbcUrl : jdbc:mysql://localhost:3306/returnhome?useUnicode=true&characterEncoding=utf-8&useSSL=false&serverTimezone=GMT%2B8, version : 1.2.4, lastPacketReceivedIdleMillis : 179993
2021-04-08 14:15:00.002 [quartzScheduler_Worker-1] WARN  com.alibaba.druid.pool.DruidAbstractDataSource - discard long time none received connection. , jdbcUrl : jdbc:mysql://localhost:3306/returnhome?useUnicode=true&characterEncoding=utf-8&useSSL=false&serverTimezone=GMT%2B8, version : 1.2.4, lastPacketReceivedIdleMillis : 179991
2021-04-08 14:18:00.003 [quartzScheduler_Worker-2] WARN  com.alibaba.druid.pool.DruidAbstractDataSource - discard long time none received connection. , jdbcUrl : jdbc:mysql://localhost:3306/returnhome?useUnicode=true&characterEncoding=utf-8&useSSL=false&serverTimezone=GMT%2B8, version : 1.2.4, lastPacketReceivedIdleMillis : 179993
2021-04-08 15:57:38.108 [main] WARN  c.b.mybatisplus.core.metadata.TableInfoHelper - Can not find table primary key in Class: "com.lxw.entity.RoleMenu".
2021-04-08 15:57:38.200 [main] WARN  c.b.mybatisplus.core.metadata.TableInfoHelper - Can not find table primary key in Class: "com.lxw.entity.UserRole".
2021-04-08 15:57:38.269 [main] WARN  c.b.mybatisplus.core.metadata.TableInfoHelper - Can not find table primary key in Class: "com.lxw.entity.VolunteerTask".
2021-04-08 16:00:00.026 [quartzScheduler_Worker-1] WARN  com.alibaba.druid.pool.DruidAbstractDataSource - discard long time none received connection. , jdbcUrl : jdbc:mysql://localhost:3306/returnhome?useUnicode=true&characterEncoding=utf-8&useSSL=false&serverTimezone=GMT%2B8, version : 1.2.4, lastPacketReceivedIdleMillis : 101457
2021-04-08 16:00:00.027 [quartzScheduler_Worker-1] WARN  com.alibaba.druid.pool.DruidAbstractDataSource - discard long time none received connection. , jdbcUrl : jdbc:mysql://localhost:3306/returnhome?useUnicode=true&characterEncoding=utf-8&useSSL=false&serverTimezone=GMT%2B8, version : 1.2.4, lastPacketReceivedIdleMillis : 142273
2021-04-08 16:00:00.027 [quartzScheduler_Worker-1] WARN  com.alibaba.druid.pool.DruidAbstractDataSource - discard long time none received connection. , jdbcUrl : jdbc:mysql://localhost:3306/returnhome?useUnicode=true&characterEncoding=utf-8&useSSL=false&serverTimezone=GMT%2B8, version : 1.2.4, lastPacketReceivedIdleMillis : 142277
2021-04-08 16:00:00.028 [quartzScheduler_Worker-1] WARN  com.alibaba.druid.pool.DruidAbstractDataSource - discard long time none received connection. , jdbcUrl : jdbc:mysql://localhost:3306/returnhome?useUnicode=true&characterEncoding=utf-8&useSSL=false&serverTimezone=GMT%2B8, version : 1.2.4, lastPacketReceivedIdleMillis : 142284
2021-04-08 16:00:00.029 [quartzScheduler_Worker-1] WARN  com.alibaba.druid.pool.DruidAbstractDataSource - discard long time none received connection. , jdbcUrl : jdbc:mysql://localhost:3306/returnhome?useUnicode=true&characterEncoding=utf-8&useSSL=false&serverTimezone=GMT%2B8, version : 1.2.4, lastPacketReceivedIdleMillis : 142290
2021-04-08 16:00:00.030 [quartzScheduler_Worker-1] WARN  com.alibaba.druid.pool.DruidAbstractDataSource - discard long time none received connection. , jdbcUrl : jdbc:mysql://localhost:3306/returnhome?useUnicode=true&characterEncoding=utf-8&useSSL=false&serverTimezone=GMT%2B8, version : 1.2.4, lastPacketReceivedIdleMillis : 142297
2021-04-08 16:00:00.030 [quartzScheduler_Worker-1] WARN  com.alibaba.druid.pool.DruidAbstractDataSource - discard long time none received connection. , jdbcUrl : jdbc:mysql://localhost:3306/returnhome?useUnicode=true&characterEncoding=utf-8&useSSL=false&serverTimezone=GMT%2B8, version : 1.2.4, lastPacketReceivedIdleMillis : 142303
2021-04-08 16:03:00.004 [quartzScheduler_Worker-2] WARN  com.alibaba.druid.pool.DruidAbstractDataSource - discard long time none received connection. , jdbcUrl : jdbc:mysql://localhost:3306/returnhome?useUnicode=true&characterEncoding=utf-8&useSSL=false&serverTimezone=GMT%2B8, version : 1.2.4, lastPacketReceivedIdleMillis : 127463
2021-04-08 16:03:00.006 [quartzScheduler_Worker-2] WARN  com.alibaba.druid.pool.DruidAbstractDataSource - discard long time none received connection. , jdbcUrl : jdbc:mysql://localhost:3306/returnhome?useUnicode=true&characterEncoding=utf-8&useSSL=false&serverTimezone=GMT%2B8, version : 1.2.4, lastPacketReceivedIdleMillis : 179972
2021-04-08 16:03:00.007 [quartzScheduler_Worker-2] WARN  com.alibaba.druid.pool.DruidAbstractDataSource - discard long time none received connection. , jdbcUrl : jdbc:mysql://localhost:3306/returnhome?useUnicode=true&characterEncoding=utf-8&useSSL=false&serverTimezone=GMT%2B8, version : 1.2.4, lastPacketReceivedIdleMillis : 322287
2021-04-08 16:03:00.008 [quartzScheduler_Worker-2] WARN  com.alibaba.druid.pool.DruidAbstractDataSource - discard long time none received connection. , jdbcUrl : jdbc:mysql://localhost:3306/returnhome?useUnicode=true&characterEncoding=utf-8&useSSL=false&serverTimezone=GMT%2B8, version : 1.2.4, lastPacketReceivedIdleMillis : 322293
2021-04-08 16:03:00.009 [quartzScheduler_Worker-2] WARN  com.alibaba.druid.pool.DruidAbstractDataSource - discard long time none received connection. , jdbcUrl : jdbc:mysql://localhost:3306/returnhome?useUnicode=true&characterEncoding=utf-8&useSSL=false&serverTimezone=GMT%2B8, version : 1.2.4, lastPacketReceivedIdleMillis : 322304
2021-04-08 16:05:54.141 [main] WARN  c.b.mybatisplus.core.metadata.TableInfoHelper - Can not find table primary key in Class: "com.lxw.entity.RoleMenu".
2021-04-08 16:05:54.251 [main] WARN  c.b.mybatisplus.core.metadata.TableInfoHelper - Can not find table primary key in Class: "com.lxw.entity.UserRole".
2021-04-08 16:05:54.327 [main] WARN  c.b.mybatisplus.core.metadata.TableInfoHelper - Can not find table primary key in Class: "com.lxw.entity.VolunteerTask".
2021-04-08 16:07:49.295 [http-nio-8081-exec-4] WARN  com.alibaba.druid.pool.DruidAbstractDataSource - discard long time none received connection. , jdbcUrl : jdbc:mysql://localhost:3306/returnhome?useUnicode=true&characterEncoding=utf-8&useSSL=false&serverTimezone=GMT%2B8, version : 1.2.4, lastPacketReceivedIdleMillis : 85505
2021-04-08 16:07:49.297 [http-nio-8081-exec-4] WARN  com.alibaba.druid.pool.DruidAbstractDataSource - discard long time none received connection. , jdbcUrl : jdbc:mysql://localhost:3306/returnhome?useUnicode=true&characterEncoding=utf-8&useSSL=false&serverTimezone=GMT%2B8, version : 1.2.4, lastPacketReceivedIdleMillis : 115522
2021-04-08 16:07:49.298 [http-nio-8081-exec-4] WARN  com.alibaba.druid.pool.DruidAbstractDataSource - discard long time none received connection. , jdbcUrl : jdbc:mysql://localhost:3306/returnhome?useUnicode=true&characterEncoding=utf-8&useSSL=false&serverTimezone=GMT%2B8, version : 1.2.4, lastPacketReceivedIdleMillis : 115527
2021-04-08 16:07:49.299 [http-nio-8081-exec-4] WARN  com.alibaba.druid.pool.DruidAbstractDataSource - discard long time none received connection. , jdbcUrl : jdbc:mysql://localhost:3306/returnhome?useUnicode=true&characterEncoding=utf-8&useSSL=false&serverTimezone=GMT%2B8, version : 1.2.4, lastPacketReceivedIdleMillis : 115530
2021-04-08 16:07:49.301 [http-nio-8081-exec-4] WARN  com.alibaba.druid.pool.DruidAbstractDataSource - discard long time none received connection. , jdbcUrl : jdbc:mysql://localhost:3306/returnhome?useUnicode=true&characterEncoding=utf-8&useSSL=false&serverTimezone=GMT%2B8, version : 1.2.4, lastPacketReceivedIdleMillis : 115535
2021-04-08 16:09:00.005 [quartzScheduler_Worker-2] WARN  com.alibaba.druid.pool.DruidAbstractDataSource - discard long time none received connection. , jdbcUrl : jdbc:mysql://localhost:3306/returnhome?useUnicode=true&characterEncoding=utf-8&useSSL=false&serverTimezone=GMT%2B8, version : 1.2.4, lastPacketReceivedIdleMillis : 70650
2021-04-08 16:09:00.006 [quartzScheduler_Worker-2] WARN  com.alibaba.druid.pool.DruidAbstractDataSource - discard long time none received connection. , jdbcUrl : jdbc:mysql://localhost:3306/returnhome?useUnicode=true&characterEncoding=utf-8&useSSL=false&serverTimezone=GMT%2B8, version : 1.2.4, lastPacketReceivedIdleMillis : 186244
2021-04-08 16:09:00.008 [quartzScheduler_Worker-2] WARN  com.alibaba.druid.pool.DruidAbstractDataSource - discard long time none received connection. , jdbcUrl : jdbc:mysql://localhost:3306/returnhome?useUnicode=true&characterEncoding=utf-8&useSSL=false&serverTimezone=GMT%2B8, version : 1.2.4, lastPacketReceivedIdleMillis : 186248
2021-04-08 16:09:00.009 [quartzScheduler_Worker-2] WARN  com.alibaba.druid.pool.DruidAbstractDataSource - discard long time none received connection. , jdbcUrl : jdbc:mysql://localhost:3306/returnhome?useUnicode=true&characterEncoding=utf-8&useSSL=false&serverTimezone=GMT%2B8, version : 1.2.4, lastPacketReceivedIdleMillis : 186253
2021-04-08 16:09:00.011 [quartzScheduler_Worker-2] WARN  com.alibaba.druid.pool.DruidAbstractDataSource - discard long time none received connection. , jdbcUrl : jdbc:mysql://localhost:3306/returnhome?useUnicode=true&characterEncoding=utf-8&useSSL=false&serverTimezone=GMT%2B8, version : 1.2.4, lastPacketReceivedIdleMillis : 186258
2021-04-08 16:09:00.012 [quartzScheduler_Worker-2] WARN  com.alibaba.druid.pool.DruidAbstractDataSource - discard long time none received connection. , jdbcUrl : jdbc:mysql://localhost:3306/returnhome?useUnicode=true&characterEncoding=utf-8&useSSL=false&serverTimezone=GMT%2B8, version : 1.2.4, lastPacketReceivedIdleMillis : 186267
2021-04-08 16:12:00.003 [quartzScheduler_Worker-3] WARN  com.alibaba.druid.pool.DruidAbstractDataSource - discard long time none received connection. , jdbcUrl : jdbc:mysql://localhost:3306/returnhome?useUnicode=true&characterEncoding=utf-8&useSSL=false&serverTimezone=GMT%2B8, version : 1.2.4, lastPacketReceivedIdleMillis : 179979
2021-04-08 16:15:00.004 [quartzScheduler_Worker-4] WARN  com.alibaba.druid.pool.DruidAbstractDataSource - discard long time none received connection. , jdbcUrl : jdbc:mysql://localhost:3306/returnhome?useUnicode=true&characterEncoding=utf-8&useSSL=false&serverTimezone=GMT%2B8, version : 1.2.4, lastPacketReceivedIdleMillis : 179993
2021-04-08 16:16:11.325 [main] WARN  c.b.mybatisplus.core.metadata.TableInfoHelper - Can not find table primary key in Class: "com.lxw.entity.RoleMenu".
2021-04-08 16:16:11.428 [main] WARN  c.b.mybatisplus.core.metadata.TableInfoHelper - Can not find table primary key in Class: "com.lxw.entity.UserRole".
2021-04-08 16:16:11.484 [main] WARN  c.b.mybatisplus.core.metadata.TableInfoHelper - Can not find table primary key in Class: "com.lxw.entity.VolunteerTask".
2021-04-08 16:16:58.206 [main] WARN  c.b.mybatisplus.core.metadata.TableInfoHelper - Can not find table primary key in Class: "com.lxw.entity.RoleMenu".
2021-04-08 16:16:58.311 [main] WARN  c.b.mybatisplus.core.metadata.TableInfoHelper - Can not find table primary key in Class: "com.lxw.entity.UserRole".
2021-04-08 16:16:58.380 [main] WARN  c.b.mybatisplus.core.metadata.TableInfoHelper - Can not find table primary key in Class: "com.lxw.entity.VolunteerTask".
2021-04-08 16:21:00.017 [quartzScheduler_Worker-2] WARN  com.alibaba.druid.pool.DruidAbstractDataSource - discard long time none received connection. , jdbcUrl : jdbc:mysql://localhost:3306/returnhome?useUnicode=true&characterEncoding=utf-8&useSSL=false&serverTimezone=GMT%2B8, version : 1.2.4, lastPacketReceivedIdleMillis : 179989
2021-04-08 16:21:00.018 [quartzScheduler_Worker-2] WARN  com.alibaba.druid.pool.DruidAbstractDataSource - discard long time none received connection. , jdbcUrl : jdbc:mysql://localhost:3306/returnhome?useUnicode=true&characterEncoding=utf-8&useSSL=false&serverTimezone=GMT%2B8, version : 1.2.4, lastPacketReceivedIdleMillis : 242157
2021-04-08 16:21:00.019 [quartzScheduler_Worker-2] WARN  com.alibaba.druid.pool.DruidAbstractDataSource - discard long time none received connection. , jdbcUrl : jdbc:mysql://localhost:3306/returnhome?useUnicode=true&characterEncoding=utf-8&useSSL=false&serverTimezone=GMT%2B8, version : 1.2.4, lastPacketReceivedIdleMillis : 242161
2021-04-08 16:21:00.020 [quartzScheduler_Worker-2] WARN  com.alibaba.druid.pool.DruidAbstractDataSource - discard long time none received connection. , jdbcUrl : jdbc:mysql://localhost:3306/returnhome?useUnicode=true&characterEncoding=utf-8&useSSL=false&serverTimezone=GMT%2B8, version : 1.2.4, lastPacketReceivedIdleMillis : 242166
2021-04-08 16:21:00.021 [quartzScheduler_Worker-2] WARN  com.alibaba.druid.pool.DruidAbstractDataSource - discard long time none received connection. , jdbcUrl : jdbc:mysql://localhost:3306/returnhome?useUnicode=true&characterEncoding=utf-8&useSSL=false&serverTimezone=GMT%2B8, version : 1.2.4, lastPacketReceivedIdleMillis : 242171
2021-04-08 16:21:00.022 [quartzScheduler_Worker-2] WARN  com.alibaba.druid.pool.DruidAbstractDataSource - discard long time none received connection. , jdbcUrl : jdbc:mysql://localhost:3306/returnhome?useUnicode=true&characterEncoding=utf-8&useSSL=false&serverTimezone=GMT%2B8, version : 1.2.4, lastPacketReceivedIdleMillis : 242175
2021-04-08 16:23:20.143 [http-nio-8081-exec-2] WARN  com.alibaba.druid.pool.DruidAbstractDataSource - discard long time none received connection. , jdbcUrl : jdbc:mysql://localhost:3306/returnhome?useUnicode=true&characterEncoding=utf-8&useSSL=false&serverTimezone=GMT%2B8, version : 1.2.4, lastPacketReceivedIdleMillis : 140118
2021-04-08 16:23:20.144 [http-nio-8081-exec-2] WARN  com.alibaba.druid.pool.DruidAbstractDataSource - discard long time none received connection. , jdbcUrl : jdbc:mysql://localhost:3306/returnhome?useUnicode=true&characterEncoding=utf-8&useSSL=false&serverTimezone=GMT%2B8, version : 1.2.4, lastPacketReceivedIdleMillis : 382299
2021-04-08 16:23:20.145 [http-nio-8081-exec-2] WARN  com.alibaba.druid.pool.DruidAbstractDataSource - discard long time none received connection. , jdbcUrl : jdbc:mysql://localhost:3306/returnhome?useUnicode=true&characterEncoding=utf-8&useSSL=false&serverTimezone=GMT%2B8, version : 1.2.4, lastPacketReceivedIdleMillis : 382303
2021-04-08 16:23:20.146 [http-nio-8081-exec-2] WARN  com.alibaba.druid.pool.DruidAbstractDataSource - discard long time none received connection. , jdbcUrl : jdbc:mysql://localhost:3306/returnhome?useUnicode=true&characterEncoding=utf-8&useSSL=false&serverTimezone=GMT%2B8, version : 1.2.4, lastPacketReceivedIdleMillis : 382309
2021-04-08 16:23:20.147 [http-nio-8081-exec-2] WARN  com.alibaba.druid.pool.DruidAbstractDataSource - discard long time none received connection. , jdbcUrl : jdbc:mysql://localhost:3306/returnhome?useUnicode=true&characterEncoding=utf-8&useSSL=false&serverTimezone=GMT%2B8, version : 1.2.4, lastPacketReceivedIdleMillis : 382315
2021-04-08 16:25:35.965 [http-nio-8081-exec-2] WARN  com.alibaba.druid.pool.DruidAbstractDataSource - discard long time none received connection. , jdbcUrl : jdbc:mysql://localhost:3306/returnhome?useUnicode=true&characterEncoding=utf-8&useSSL=false&serverTimezone=GMT%2B8, version : 1.2.4, lastPacketReceivedIdleMillis : 95961
2021-04-08 16:27:00.004 [quartzScheduler_Worker-4] WARN  com.alibaba.druid.pool.DruidAbstractDataSource - discard long time none received connection. , jdbcUrl : jdbc:mysql://localhost:3306/returnhome?useUnicode=true&characterEncoding=utf-8&useSSL=false&serverTimezone=GMT%2B8, version : 1.2.4, lastPacketReceivedIdleMillis : 83991
2021-04-08 16:30:00.003 [quartzScheduler_Worker-5] WARN  com.alibaba.druid.pool.DruidAbstractDataSource - discard long time none received connection. , jdbcUrl : jdbc:mysql://localhost:3306/returnhome?useUnicode=true&characterEncoding=utf-8&useSSL=false&serverTimezone=GMT%2B8, version : 1.2.4, lastPacketReceivedIdleMillis : 179989
2021-04-08 16:33:00.002 [quartzScheduler_Worker-6] WARN  com.alibaba.druid.pool.DruidAbstractDataSource - discard long time none received connection. , jdbcUrl : jdbc:mysql://localhost:3306/returnhome?useUnicode=true&characterEncoding=utf-8&useSSL=false&serverTimezone=GMT%2B8, version : 1.2.4, lastPacketReceivedIdleMillis : 179985
2021-04-08 16:43:15.367 [main] WARN  c.b.mybatisplus.core.metadata.TableInfoHelper - Can not find table primary key in Class: "com.lxw.entity.RoleMenu".
2021-04-08 16:43:15.474 [main] WARN  c.b.mybatisplus.core.metadata.TableInfoHelper - Can not find table primary key in Class: "com.lxw.entity.UserRole".
2021-04-08 16:43:15.563 [main] WARN  c.b.mybatisplus.core.metadata.TableInfoHelper - Can not find table primary key in Class: "com.lxw.entity.VolunteerTask".
2021-04-08 16:48:00.013 [quartzScheduler_Worker-2] WARN  com.alibaba.druid.pool.DruidAbstractDataSource - discard long time none received connection. , jdbcUrl : jdbc:mysql://localhost:3306/returnhome?useUnicode=true&characterEncoding=utf-8&useSSL=false&serverTimezone=GMT%2B8, version : 1.2.4, lastPacketReceivedIdleMillis : 179988
2021-04-08 16:48:00.014 [quartzScheduler_Worker-2] WARN  com.alibaba.druid.pool.DruidAbstractDataSource - discard long time none received connection. , jdbcUrl : jdbc:mysql://localhost:3306/returnhome?useUnicode=true&characterEncoding=utf-8&useSSL=false&serverTimezone=GMT%2B8, version : 1.2.4, lastPacketReceivedIdleMillis : 285055
2021-04-08 16:48:00.015 [quartzScheduler_Worker-2] WARN  com.alibaba.druid.pool.DruidAbstractDataSource - discard long time none received connection. , jdbcUrl : jdbc:mysql://localhost:3306/returnhome?useUnicode=true&characterEncoding=utf-8&useSSL=false&serverTimezone=GMT%2B8, version : 1.2.4, lastPacketReceivedIdleMillis : 285059
2021-04-08 16:48:00.015 [quartzScheduler_Worker-2] WARN  com.alibaba.druid.pool.DruidAbstractDataSource - discard long time none received connection. , jdbcUrl : jdbc:mysql://localhost:3306/returnhome?useUnicode=true&characterEncoding=utf-8&useSSL=false&serverTimezone=GMT%2B8, version : 1.2.4, lastPacketReceivedIdleMillis : 285065
2021-04-08 16:48:00.015 [quartzScheduler_Worker-2] WARN  com.alibaba.druid.pool.DruidAbstractDataSource - discard long time none received connection. , jdbcUrl : jdbc:mysql://localhost:3306/returnhome?useUnicode=true&characterEncoding=utf-8&useSSL=false&serverTimezone=GMT%2B8, version : 1.2.4, lastPacketReceivedIdleMillis : 285068
2021-04-08 16:48:00.016 [quartzScheduler_Worker-2] WARN  com.alibaba.druid.pool.DruidAbstractDataSource - discard long time none received connection. , jdbcUrl : jdbc:mysql://localhost:3306/returnhome?useUnicode=true&characterEncoding=utf-8&useSSL=false&serverTimezone=GMT%2B8, version : 1.2.4, lastPacketReceivedIdleMillis : 285072
2021-04-08 16:48:00.017 [quartzScheduler_Worker-2] WARN  com.alibaba.druid.pool.DruidAbstractDataSource - discard long time none received connection. , jdbcUrl : jdbc:mysql://localhost:3306/returnhome?useUnicode=true&characterEncoding=utf-8&useSSL=false&serverTimezone=GMT%2B8, version : 1.2.4, lastPacketReceivedIdleMillis : 285077
2021-04-08 16:51:00.006 [quartzScheduler_Worker-3] WARN  com.alibaba.druid.pool.DruidAbstractDataSource - discard long time none received connection. , jdbcUrl : jdbc:mysql://localhost:3306/returnhome?useUnicode=true&characterEncoding=utf-8&useSSL=false&serverTimezone=GMT%2B8, version : 1.2.4, lastPacketReceivedIdleMillis : 179986
2021-04-08 16:51:00.008 [quartzScheduler_Worker-3] WARN  com.alibaba.druid.pool.DruidAbstractDataSource - discard long time none received connection. , jdbcUrl : jdbc:mysql://localhost:3306/returnhome?useUnicode=true&characterEncoding=utf-8&useSSL=false&serverTimezone=GMT%2B8, version : 1.2.4, lastPacketReceivedIdleMillis : 465071
2021-04-08 16:51:00.009 [quartzScheduler_Worker-3] WARN  com.alibaba.druid.pool.DruidAbstractDataSource - discard long time none received connection. , jdbcUrl : jdbc:mysql://localhost:3306/returnhome?useUnicode=true&characterEncoding=utf-8&useSSL=false&serverTimezone=GMT%2B8, version : 1.2.4, lastPacketReceivedIdleMillis : 465076
2021-04-08 16:51:00.010 [quartzScheduler_Worker-3] WARN  com.alibaba.druid.pool.DruidAbstractDataSource - discard long time none received connection. , jdbcUrl : jdbc:mysql://localhost:3306/returnhome?useUnicode=true&characterEncoding=utf-8&useSSL=false&serverTimezone=GMT%2B8, version : 1.2.4, lastPacketReceivedIdleMillis : 465083
2021-04-08 17:09:23.735 [main] WARN  c.b.mybatisplus.core.metadata.TableInfoHelper - Can not find table primary key in Class: "com.lxw.entity.RoleMenu".
2021-04-08 17:09:23.860 [main] WARN  c.b.mybatisplus.core.metadata.TableInfoHelper - Can not find table primary key in Class: "com.lxw.entity.UserRole".
2021-04-08 17:09:23.927 [main] WARN  c.b.mybatisplus.core.metadata.TableInfoHelper - Can not find table primary key in Class: "com.lxw.entity.VolunteerTask".
2021-04-08 17:12:00.022 [quartzScheduler_Worker-1] WARN  com.alibaba.druid.pool.DruidAbstractDataSource - discard long time none received connection. , jdbcUrl : jdbc:mysql://localhost:3306/returnhome?useUnicode=true&characterEncoding=utf-8&useSSL=false&serverTimezone=GMT%2B8, version : 1.2.4, lastPacketReceivedIdleMillis : 153768
2021-04-08 17:12:00.023 [quartzScheduler_Worker-1] WARN  com.alibaba.druid.pool.DruidAbstractDataSource - discard long time none received connection. , jdbcUrl : jdbc:mysql://localhost:3306/returnhome?useUnicode=true&characterEncoding=utf-8&useSSL=false&serverTimezone=GMT%2B8, version : 1.2.4, lastPacketReceivedIdleMillis : 156638
2021-04-08 17:12:00.023 [quartzScheduler_Worker-1] WARN  com.alibaba.druid.pool.DruidAbstractDataSource - discard long time none received connection. , jdbcUrl : jdbc:mysql://localhost:3306/returnhome?useUnicode=true&characterEncoding=utf-8&useSSL=false&serverTimezone=GMT%2B8, version : 1.2.4, lastPacketReceivedIdleMillis : 156645
2021-04-08 17:12:00.024 [quartzScheduler_Worker-1] WARN  com.alibaba.druid.pool.DruidAbstractDataSource - discard long time none received connection. , jdbcUrl : jdbc:mysql://localhost:3306/returnhome?useUnicode=true&characterEncoding=utf-8&useSSL=false&serverTimezone=GMT%2B8, version : 1.2.4, lastPacketReceivedIdleMillis : 156650
2021-04-08 17:12:00.025 [quartzScheduler_Worker-1] WARN  com.alibaba.druid.pool.DruidAbstractDataSource - discard long time none received connection. , jdbcUrl : jdbc:mysql://localhost:3306/returnhome?useUnicode=true&characterEncoding=utf-8&useSSL=false&serverTimezone=GMT%2B8, version : 1.2.4, lastPacketReceivedIdleMillis : 156665
2021-04-08 17:12:00.026 [quartzScheduler_Worker-1] WARN  com.alibaba.druid.pool.DruidAbstractDataSource - discard long time none received connection. , jdbcUrl : jdbc:mysql://localhost:3306/returnhome?useUnicode=true&characterEncoding=utf-8&useSSL=false&serverTimezone=GMT%2B8, version : 1.2.4, lastPacketReceivedIdleMillis : 156669
2021-04-08 17:13:28.951 [http-nio-8081-exec-3] WARN  com.alibaba.druid.pool.DruidAbstractDataSource - discard long time none received connection. , jdbcUrl : jdbc:mysql://localhost:3306/returnhome?useUnicode=true&characterEncoding=utf-8&useSSL=false&serverTimezone=GMT%2B8, version : 1.2.4, lastPacketReceivedIdleMillis : 88921
2021-04-08 17:13:28.952 [http-nio-8081-exec-3] WARN  com.alibaba.druid.pool.DruidAbstractDataSource - discard long time none received connection. , jdbcUrl : jdbc:mysql://localhost:3306/returnhome?useUnicode=true&characterEncoding=utf-8&useSSL=false&serverTimezone=GMT%2B8, version : 1.2.4, lastPacketReceivedIdleMillis : 245599
2021-04-08 17:13:28.953 [http-nio-8081-exec-3] WARN  com.alibaba.druid.pool.DruidAbstractDataSource - discard long time none received connection. , jdbcUrl : jdbc:mysql://localhost:3306/returnhome?useUnicode=true&characterEncoding=utf-8&useSSL=false&serverTimezone=GMT%2B8, version : 1.2.4, lastPacketReceivedIdleMillis : 245604
2021-04-08 17:13:28.954 [http-nio-8081-exec-3] WARN  com.alibaba.druid.pool.DruidAbstractDataSource - discard long time none received connection. , jdbcUrl : jdbc:mysql://localhost:3306/returnhome?useUnicode=true&characterEncoding=utf-8&useSSL=false&serverTimezone=GMT%2B8, version : 1.2.4, lastPacketReceivedIdleMillis : 245608
2021-04-08 17:13:28.956 [http-nio-8081-exec-3] WARN  com.alibaba.druid.pool.DruidAbstractDataSource - discard long time none received connection. , jdbcUrl : jdbc:mysql://localhost:3306/returnhome?useUnicode=true&characterEncoding=utf-8&useSSL=false&serverTimezone=GMT%2B8, version : 1.2.4, lastPacketReceivedIdleMillis : 245616
2021-04-08 17:17:04.843 [main] WARN  c.b.mybatisplus.core.metadata.TableInfoHelper - Can not find table primary key in Class: "com.lxw.entity.RoleMenu".
2021-04-08 17:17:04.939 [main] WARN  c.b.mybatisplus.core.metadata.TableInfoHelper - Can not find table primary key in Class: "com.lxw.entity.UserRole".
2021-04-08 17:17:04.999 [main] WARN  c.b.mybatisplus.core.metadata.TableInfoHelper - Can not find table primary key in Class: "com.lxw.entity.VolunteerTask".
2021-04-08 17:19:11.799 [main] WARN  c.b.mybatisplus.core.metadata.TableInfoHelper - Can not find table primary key in Class: "com.lxw.entity.RoleMenu".
2021-04-08 17:19:11.910 [main] WARN  c.b.mybatisplus.core.metadata.TableInfoHelper - Can not find table primary key in Class: "com.lxw.entity.UserRole".
2021-04-08 17:19:11.973 [main] WARN  c.b.mybatisplus.core.metadata.TableInfoHelper - Can not find table primary key in Class: "com.lxw.entity.VolunteerTask".
2021-04-08 17:24:55.429 [main] WARN  c.b.mybatisplus.core.metadata.TableInfoHelper - Can not find table primary key in Class: "com.lxw.entity.RoleMenu".
2021-04-08 17:24:55.540 [main] WARN  c.b.mybatisplus.core.metadata.TableInfoHelper - Can not find table primary key in Class: "com.lxw.entity.UserRole".
2021-04-08 17:24:55.619 [main] WARN  c.b.mybatisplus.core.metadata.TableInfoHelper - Can not find table primary key in Class: "com.lxw.entity.VolunteerTask".
2021-04-08 20:20:51.720 [main] WARN  c.b.mybatisplus.core.metadata.TableInfoHelper - Can not find table primary key in Class: "com.lxw.entity.RoleMenu".
2021-04-08 20:20:51.895 [main] WARN  c.b.mybatisplus.core.metadata.TableInfoHelper - Can not find table primary key in Class: "com.lxw.entity.UserRole".
2021-04-08 20:20:51.960 [main] WARN  c.b.mybatisplus.core.metadata.TableInfoHelper - Can not find table primary key in Class: "com.lxw.entity.VolunteerTask".
2021-04-08 20:28:12.040 [main] WARN  c.b.mybatisplus.core.metadata.TableInfoHelper - Can not find table primary key in Class: "com.lxw.entity.RoleMenu".
2021-04-08 20:28:12.266 [main] WARN  c.b.mybatisplus.core.metadata.TableInfoHelper - Can not find table primary key in Class: "com.lxw.entity.UserRole".
2021-04-08 20:28:12.435 [main] WARN  c.b.mybatisplus.core.metadata.TableInfoHelper - Can not find table primary key in Class: "com.lxw.entity.VolunteerTask".
2021-04-08 20:30:33.266 [main] WARN  c.b.mybatisplus.core.metadata.TableInfoHelper - Can not find table primary key in Class: "com.lxw.entity.RoleMenu".
2021-04-08 20:30:33.455 [main] WARN  c.b.mybatisplus.core.metadata.TableInfoHelper - Can not find table primary key in Class: "com.lxw.entity.UserRole".
2021-04-08 20:30:33.599 [main] WARN  c.b.mybatisplus.core.metadata.TableInfoHelper - Can not find table primary key in Class: "com.lxw.entity.VolunteerTask".
2021-04-08 20:33:00.043 [quartzScheduler_Worker-1] WARN  com.alibaba.druid.pool.DruidAbstractDataSource - discard long time none received connection. , jdbcUrl : jdbc:mysql://localhost:3306/returnhome?useUnicode=true&characterEncoding=utf-8&useSSL=false&serverTimezone=GMT%2B8, version : 1.2.4, lastPacketReceivedIdleMillis : 126546
2021-04-08 20:33:00.046 [quartzScheduler_Worker-1] WARN  com.alibaba.druid.pool.DruidAbstractDataSource - discard long time none received connection. , jdbcUrl : jdbc:mysql://localhost:3306/returnhome?useUnicode=true&characterEncoding=utf-8&useSSL=false&serverTimezone=GMT%2B8, version : 1.2.4, lastPacketReceivedIdleMillis : 147419
2021-04-08 20:33:00.049 [quartzScheduler_Worker-1] WARN  com.alibaba.druid.pool.DruidAbstractDataSource - discard long time none received connection. , jdbcUrl : jdbc:mysql://localhost:3306/returnhome?useUnicode=true&characterEncoding=utf-8&useSSL=false&serverTimezone=GMT%2B8, version : 1.2.4, lastPacketReceivedIdleMillis : 147427
2021-04-08 20:33:00.053 [quartzScheduler_Worker-1] WARN  com.alibaba.druid.pool.DruidAbstractDataSource - discard long time none received connection. , jdbcUrl : jdbc:mysql://localhost:3306/returnhome?useUnicode=true&characterEncoding=utf-8&useSSL=false&serverTimezone=GMT%2B8, version : 1.2.4, lastPacketReceivedIdleMillis : 147434
2021-04-08 20:36:00.004 [quartzScheduler_Worker-2] WARN  com.alibaba.druid.pool.DruidAbstractDataSource - discard long time none received connection. , jdbcUrl : jdbc:mysql://localhost:3306/returnhome?useUnicode=true&characterEncoding=utf-8&useSSL=false&serverTimezone=GMT%2B8, version : 1.2.4, lastPacketReceivedIdleMillis : 179915
2021-04-08 20:36:00.007 [quartzScheduler_Worker-2] WARN  com.alibaba.druid.pool.DruidAbstractDataSource - discard long time none received connection. , jdbcUrl : jdbc:mysql://localhost:3306/returnhome?useUnicode=true&characterEncoding=utf-8&useSSL=false&serverTimezone=GMT%2B8, version : 1.2.4, lastPacketReceivedIdleMillis : 179947
2021-04-08 20:36:00.009 [quartzScheduler_Worker-2] WARN  com.alibaba.druid.pool.DruidAbstractDataSource - discard long time none received connection. , jdbcUrl : jdbc:mysql://localhost:3306/returnhome?useUnicode=true&characterEncoding=utf-8&useSSL=false&serverTimezone=GMT%2B8, version : 1.2.4, lastPacketReceivedIdleMillis : 327395
2021-04-08 20:36:00.011 [quartzScheduler_Worker-2] WARN  com.alibaba.druid.pool.DruidAbstractDataSource - discard long time none received connection. , jdbcUrl : jdbc:mysql://localhost:3306/returnhome?useUnicode=true&characterEncoding=utf-8&useSSL=false&serverTimezone=GMT%2B8, version : 1.2.4, lastPacketReceivedIdleMillis : 327402
2021-04-08 20:36:00.013 [quartzScheduler_Worker-2] WARN  com.alibaba.druid.pool.DruidAbstractDataSource - discard long time none received connection. , jdbcUrl : jdbc:mysql://localhost:3306/returnhome?useUnicode=true&characterEncoding=utf-8&useSSL=false&serverTimezone=GMT%2B8, version : 1.2.4, lastPacketReceivedIdleMillis : 327413
2021-04-08 20:39:00.004 [quartzScheduler_Worker-3] WARN  com.alibaba.druid.pool.DruidAbstractDataSource - discard long time none received connection. , jdbcUrl : jdbc:mysql://localhost:3306/returnhome?useUnicode=true&characterEncoding=utf-8&useSSL=false&serverTimezone=GMT%2B8, version : 1.2.4, lastPacketReceivedIdleMillis : 179986
2021-04-08 20:39:00.007 [quartzScheduler_Worker-3] WARN  com.alibaba.druid.pool.DruidAbstractDataSource - discard long time none received connection. , jdbcUrl : jdbc:mysql://localhost:3306/returnhome?useUnicode=true&characterEncoding=utf-8&useSSL=false&serverTimezone=GMT%2B8, version : 1.2.4, lastPacketReceivedIdleMillis : 507412
2021-04-08 20:39:00.010 [quartzScheduler_Worker-3] WARN  com.alibaba.druid.pool.DruidAbstractDataSource - discard long time none received connection. , jdbcUrl : jdbc:mysql://localhost:3306/returnhome?useUnicode=true&characterEncoding=utf-8&useSSL=false&serverTimezone=GMT%2B8, version : 1.2.4, lastPacketReceivedIdleMillis : 507421
2021-04-08 20:39:00.014 [quartzScheduler_Worker-3] WARN  com.alibaba.druid.pool.DruidAbstractDataSource - discard long time none received connection. , jdbcUrl : jdbc:mysql://localhost:3306/returnhome?useUnicode=true&characterEncoding=utf-8&useSSL=false&serverTimezone=GMT%2B8, version : 1.2.4, lastPacketReceivedIdleMillis : 507436
2021-04-08 20:42:00.006 [quartzScheduler_Worker-4] WARN  com.alibaba.druid.pool.DruidAbstractDataSource - discard long time none received connection. , jdbcUrl : jdbc:mysql://localhost:3306/returnhome?useUnicode=true&characterEncoding=utf-8&useSSL=false&serverTimezone=GMT%2B8, version : 1.2.4, lastPacketReceivedIdleMillis : 179981
2021-04-08 20:45:00.003 [quartzScheduler_Worker-5] WARN  com.alibaba.druid.pool.DruidAbstractDataSource - discard long time none received connection. , jdbcUrl : jdbc:mysql://localhost:3306/returnhome?useUnicode=true&characterEncoding=utf-8&useSSL=false&serverTimezone=GMT%2B8, version : 1.2.4, lastPacketReceivedIdleMillis : 140699
2021-04-08 20:48:00.009 [quartzScheduler_Worker-6] WARN  com.alibaba.druid.pool.DruidAbstractDataSource - discard long time none received connection. , jdbcUrl : jdbc:mysql://localhost:3306/returnhome?useUnicode=true&characterEncoding=utf-8&useSSL=false&serverTimezone=GMT%2B8, version : 1.2.4, lastPacketReceivedIdleMillis : 179993
2021-04-08 20:51:00.004 [quartzScheduler_Worker-7] WARN  com.alibaba.druid.pool.DruidAbstractDataSource - discard long time none received connection. , jdbcUrl : jdbc:mysql://localhost:3306/returnhome?useUnicode=true&characterEncoding=utf-8&useSSL=false&serverTimezone=GMT%2B8, version : 1.2.4, lastPacketReceivedIdleMillis : 179982
2021-04-08 20:54:00.004 [quartzScheduler_Worker-8] WARN  com.alibaba.druid.pool.DruidAbstractDataSource - discard long time none received connection. , jdbcUrl : jdbc:mysql://localhost:3306/returnhome?useUnicode=true&characterEncoding=utf-8&useSSL=false&serverTimezone=GMT%2B8, version : 1.2.4, lastPacketReceivedIdleMillis : 179986
2021-04-08 20:57:00.004 [quartzScheduler_Worker-9] WARN  com.alibaba.druid.pool.DruidAbstractDataSource - discard long time none received connection. , jdbcUrl : jdbc:mysql://localhost:3306/returnhome?useUnicode=true&characterEncoding=utf-8&useSSL=false&serverTimezone=GMT%2B8, version : 1.2.4, lastPacketReceivedIdleMillis : 179988
2021-04-08 20:59:58.918 [main] WARN  c.b.mybatisplus.core.metadata.TableInfoHelper - Can not find table primary key in Class: "com.lxw.entity.RoleMenu".
2021-04-08 20:59:59.004 [main] WARN  c.b.mybatisplus.core.metadata.TableInfoHelper - Can not find table primary key in Class: "com.lxw.entity.UserRole".
2021-04-08 20:59:59.071 [main] WARN  c.b.mybatisplus.core.metadata.TableInfoHelper - Can not find table primary key in Class: "com.lxw.entity.VolunteerTask".
2021-04-08 21:00:00.004 [quartzScheduler_Worker-10] WARN  com.alibaba.druid.pool.DruidAbstractDataSource - discard long time none received connection. , jdbcUrl : jdbc:mysql://localhost:3306/returnhome?useUnicode=true&characterEncoding=utf-8&useSSL=false&serverTimezone=GMT%2B8, version : 1.2.4, lastPacketReceivedIdleMillis : 179989
2021-04-08 21:00:01.088 [main] WARN  o.s.b.w.s.c.AnnotationConfigServletWebServerApplicationContext - Exception encountered during context initialization - cancelling refresh attempt: org.springframework.context.ApplicationContextException: Failed to start bean 'webServerStartStop'; nested exception is org.springframework.boot.web.server.PortInUseException: Port 8081 is already in use
2021-04-08 21:00:42.432 [main] WARN  c.b.mybatisplus.core.metadata.TableInfoHelper - Can not find table primary key in Class: "com.lxw.entity.RoleMenu".
2021-04-08 21:00:42.526 [main] WARN  c.b.mybatisplus.core.metadata.TableInfoHelper - Can not find table primary key in Class: "com.lxw.entity.UserRole".
2021-04-08 21:00:42.588 [main] WARN  c.b.mybatisplus.core.metadata.TableInfoHelper - Can not find table primary key in Class: "com.lxw.entity.VolunteerTask".
2021-04-08 21:00:44.545 [main] WARN  o.s.b.w.s.c.AnnotationConfigServletWebServerApplicationContext - Exception encountered during context initialization - cancelling refresh attempt: org.springframework.context.ApplicationContextException: Failed to start bean 'webServerStartStop'; nested exception is org.springframework.boot.web.server.PortInUseException: Port 8081 is already in use
2021-04-08 21:01:01.404 [main] WARN  c.b.mybatisplus.core.metadata.TableInfoHelper - Can not find table primary key in Class: "com.lxw.entity.RoleMenu".
2021-04-08 21:01:01.553 [main] WARN  c.b.mybatisplus.core.metadata.TableInfoHelper - Can not find table primary key in Class: "com.lxw.entity.UserRole".
2021-04-08 21:01:01.621 [main] WARN  c.b.mybatisplus.core.metadata.TableInfoHelper - Can not find table primary key in Class: "com.lxw.entity.VolunteerTask".
2021-04-08 21:03:00.029 [quartzScheduler_Worker-1] WARN  com.alibaba.druid.pool.DruidAbstractDataSource - discard long time none received connection. , jdbcUrl : jdbc:mysql://localhost:3306/returnhome?useUnicode=true&characterEncoding=utf-8&useSSL=false&serverTimezone=GMT%2B8, version : 1.2.4, lastPacketReceivedIdleMillis : 82254
2021-04-08 21:03:00.030 [quartzScheduler_Worker-1] WARN  com.alibaba.druid.pool.DruidAbstractDataSource - discard long time none received connection. , jdbcUrl : jdbc:mysql://localhost:3306/returnhome?useUnicode=true&characterEncoding=utf-8&useSSL=false&serverTimezone=GMT%2B8, version : 1.2.4, lastPacketReceivedIdleMillis : 119158
2021-04-08 21:03:00.031 [quartzScheduler_Worker-1] WARN  com.alibaba.druid.pool.DruidAbstractDataSource - discard long time none received connection. , jdbcUrl : jdbc:mysql://localhost:3306/returnhome?useUnicode=true&characterEncoding=utf-8&useSSL=false&serverTimezone=GMT%2B8, version : 1.2.4, lastPacketReceivedIdleMillis : 119162
2021-04-08 21:03:00.032 [quartzScheduler_Worker-1] WARN  com.alibaba.druid.pool.DruidAbstractDataSource - discard long time none received connection. , jdbcUrl : jdbc:mysql://localhost:3306/returnhome?useUnicode=true&characterEncoding=utf-8&useSSL=false&serverTimezone=GMT%2B8, version : 1.2.4, lastPacketReceivedIdleMillis : 119167
2021-04-08 21:03:00.032 [quartzScheduler_Worker-1] WARN  com.alibaba.druid.pool.DruidAbstractDataSource - discard long time none received connection. , jdbcUrl : jdbc:mysql://localhost:3306/returnhome?useUnicode=true&characterEncoding=utf-8&useSSL=false&serverTimezone=GMT%2B8, version : 1.2.4, lastPacketReceivedIdleMillis : 119170
2021-04-08 21:03:00.033 [quartzScheduler_Worker-1] WARN  com.alibaba.druid.pool.DruidAbstractDataSource - discard long time none received connection. , jdbcUrl : jdbc:mysql://localhost:3306/returnhome?useUnicode=true&characterEncoding=utf-8&useSSL=false&serverTimezone=GMT%2B8, version : 1.2.4, lastPacketReceivedIdleMillis : 119174
2021-04-08 21:03:00.034 [quartzScheduler_Worker-1] WARN  com.alibaba.druid.pool.DruidAbstractDataSource - discard long time none received connection. , jdbcUrl : jdbc:mysql://localhost:3306/returnhome?useUnicode=true&characterEncoding=utf-8&useSSL=false&serverTimezone=GMT%2B8, version : 1.2.4, lastPacketReceivedIdleMillis : 119179
2021-04-08 21:06:00.005 [quartzScheduler_Worker-2] WARN  com.alibaba.druid.pool.DruidAbstractDataSource - discard long time none received connection. , jdbcUrl : jdbc:mysql://localhost:3306/returnhome?useUnicode=true&characterEncoding=utf-8&useSSL=false&serverTimezone=GMT%2B8, version : 1.2.4, lastPacketReceivedIdleMillis : 179938
2021-04-08 21:06:00.008 [quartzScheduler_Worker-2] WARN  com.alibaba.druid.pool.DruidAbstractDataSource - discard long time none received connection. , jdbcUrl : jdbc:mysql://localhost:3306/returnhome?useUnicode=true&characterEncoding=utf-8&useSSL=false&serverTimezone=GMT%2B8, version : 1.2.4, lastPacketReceivedIdleMillis : 179969
2021-04-08 21:06:00.010 [quartzScheduler_Worker-2] WARN  com.alibaba.druid.pool.DruidAbstractDataSource - discard long time none received connection. , jdbcUrl : jdbc:mysql://localhost:3306/returnhome?useUnicode=true&characterEncoding=utf-8&useSSL=false&serverTimezone=GMT%2B8, version : 1.2.4, lastPacketReceivedIdleMillis : 299159
2021-04-08 21:06:00.011 [quartzScheduler_Worker-2] WARN  com.alibaba.druid.pool.DruidAbstractDataSource - discard long time none received connection. , jdbcUrl : jdbc:mysql://localhost:3306/returnhome?useUnicode=true&characterEncoding=utf-8&useSSL=false&serverTimezone=GMT%2B8, version : 1.2.4, lastPacketReceivedIdleMillis : 299164
2021-04-08 21:06:00.023 [quartzScheduler_Worker-2] WARN  com.alibaba.druid.pool.DruidAbstractDataSource - discard long time none received connection. , jdbcUrl : jdbc:mysql://localhost:3306/returnhome?useUnicode=true&characterEncoding=utf-8&useSSL=false&serverTimezone=GMT%2B8, version : 1.2.4, lastPacketReceivedIdleMillis : 299183
2021-04-08 21:08:01.192 [main] WARN  c.b.mybatisplus.core.metadata.TableInfoHelper - Can not find table primary key in Class: "com.lxw.entity.RoleMenu".
2021-04-08 21:08:01.293 [main] WARN  c.b.mybatisplus.core.metadata.TableInfoHelper - Can not find table primary key in Class: "com.lxw.entity.UserRole".
2021-04-08 21:08:01.344 [main] WARN  c.b.mybatisplus.core.metadata.TableInfoHelper - Can not find table primary key in Class: "com.lxw.entity.VolunteerTask".
2021-04-08 21:08:26.667 [main] WARN  c.b.mybatisplus.core.metadata.TableInfoHelper - Can not find table primary key in Class: "com.lxw.entity.RoleMenu".
2021-04-08 21:08:26.773 [main] WARN  c.b.mybatisplus.core.metadata.TableInfoHelper - Can not find table primary key in Class: "com.lxw.entity.UserRole".
2021-04-08 21:08:26.843 [main] WARN  c.b.mybatisplus.core.metadata.TableInfoHelper - Can not find table primary key in Class: "com.lxw.entity.VolunteerTask".
