2021-03-21 14:36:52.150 [INFO ] org.hibernate.validator.internal.util.Version - HV000001: Hibernate Validator 6.1.7.Final
2021-03-21 14:36:52.150 [INFO ] com.lxw.ReturnHomeApplication - Starting ReturnHomeApplication using Java 1.8.0_212 on LAPTOP-K8D3MGN6 with PID 17284 (E:\return-home\returnhome-web\target\classes started by ASUS in E:\return-home)
2021-03-21 14:36:52.170 [INFO ] com.lxw.ReturnHomeApplication - No active profile set, falling back to default profiles: default
2021-03-21 14:36:56.510 [INFO ] org.springframework.context.support.PostProcessorRegistrationDelegate$BeanPostProcessorChecker - Bean 'org.springframework.security.access.expression.method.DefaultMethodSecurityExpressionHandler@108d55c4' of type [org.springframework.security.access.expression.method.DefaultMethodSecurityExpressionHandler] is not eligible for getting processed by all BeanPostProcessors (for example: not eligible for auto-proxying)
2021-03-21 14:36:56.510 [INFO ] org.springframework.context.support.PostProcessorRegistrationDelegate$BeanPostProcessorChecker - Bean 'methodSecurityMetadataSource' of type [org.springframework.security.access.method.DelegatingMethodSecurityMetadataSource] is not eligible for getting processed by all BeanPostProcessors (for example: not eligible for auto-proxying)
2021-03-21 14:36:57.230 [INFO ] org.springframework.boot.web.embedded.tomcat.TomcatWebServer - Tomcat initialized with port(s): 8081 (http)
2021-03-21 14:36:57.240 [INFO ] org.apache.coyote.http11.Http11NioProtocol - Initializing ProtocolHandler ["http-nio-8081"]
2021-03-21 14:36:57.240 [INFO ] org.apache.catalina.core.StandardService - Starting service [Tomcat]
2021-03-21 14:36:57.240 [INFO ] org.apache.catalina.core.StandardEngine - Starting Servlet engine: [Apache Tomcat/9.0.43]
2021-03-21 14:36:57.240 [INFO ] org.apache.catalina.core.AprLifecycleListener - Loaded Apache Tomcat Native library [1.2.23] using APR version [1.7.0].
2021-03-21 14:36:57.240 [INFO ] org.apache.catalina.core.AprLifecycleListener - APR capabilities: IPv6 [true], sendfile [true], accept filters [false], random [true].
2021-03-21 14:36:57.240 [INFO ] org.apache.catalina.core.AprLifecycleListener - APR/OpenSSL configuration: useAprConnector [false], useOpenSSL [true]
2021-03-21 14:36:57.300 [INFO ] org.apache.catalina.core.AprLifecycleListener - OpenSSL successfully initialized [OpenSSL 1.1.1c  28 May 2019]
2021-03-21 14:36:57.480 [INFO ] org.apache.catalina.core.ContainerBase.[Tomcat].[localhost].[/] - Initializing Spring embedded WebApplicationContext
2021-03-21 14:36:57.480 [INFO ] org.springframework.boot.web.servlet.context.ServletWebServerApplicationContext - Root WebApplicationContext: initialization completed in 5181 ms
2021-03-21 14:36:57.992 [INFO ] com.alibaba.druid.spring.boot.autoconfigure.DruidDataSourceAutoConfigure - Init DruidDataSource
2021-03-21 14:36:58.579 [INFO ] com.alibaba.druid.pool.DruidDataSource - {dataSource-1} inited
2021-03-21 14:37:01.230 [INFO ] springfox.documentation.spring.web.WebMvcPropertySourcedRequestMappingHandlerMapping - Mapped URL path [/v2/api-docs] onto method [springfox.documentation.swagger2.web.Swagger2ControllerWebMvc#getDocumentation(String, HttpServletRequest)]
2021-03-21 14:37:01.365 [INFO ] org.springframework.security.web.DefaultSecurityFilterChain - Will secure any request with [org.springframework.security.web.context.request.async.WebAsyncManagerIntegrationFilter@3f8dfe74, org.springframework.security.web.context.SecurityContextPersistenceFilter@1e8fb66f, org.springframework.security.web.header.HeaderWriterFilter@1e5eb20a, org.springframework.web.filter.CorsFilter@401c4250, org.springframework.security.web.authentication.logout.LogoutFilter@629a9f26, com.lxw.fliter.JwtAuthenticationFilter@1a950fdd, org.springframework.security.web.authentication.UsernamePasswordAuthenticationFilter@58833798, com.lxw.fliter.JwtAuthorizationFilter@77724cbe, org.springframework.security.web.savedrequest.RequestCacheAwareFilter@ac91282, org.springframework.security.web.servletapi.SecurityContextHolderAwareRequestFilter@1775c4e7, org.springframework.security.web.authentication.AnonymousAuthenticationFilter@27dc627a, org.springframework.security.web.session.SessionManagementFilter@74b86971, org.springframework.security.web.access.ExceptionTranslationFilter@679dd234, org.springframework.security.web.access.intercept.FilterSecurityInterceptor@25b38203]
2021-03-21 14:37:01.420 [INFO ] org.springframework.scheduling.concurrent.ThreadPoolTaskExecutor - Initializing ExecutorService 'applicationTaskExecutor'
2021-03-21 14:37:01.830 [INFO ] org.apache.coyote.http11.Http11NioProtocol - Starting ProtocolHandler ["http-nio-8081"]
2021-03-21 14:37:01.850 [INFO ] org.springframework.boot.web.embedded.tomcat.TomcatWebServer - Tomcat started on port(s): 8081 (http) with context path ''
2021-03-21 14:37:01.850 [INFO ] springfox.documentation.spring.web.plugins.DocumentationPluginsBootstrapper - Documentation plugins bootstrapped
2021-03-21 14:37:01.860 [INFO ] springfox.documentation.spring.web.plugins.DocumentationPluginsBootstrapper - Found 1 custom documentation plugin(s)
2021-03-21 14:37:01.880 [INFO ] springfox.documentation.spring.web.scanners.ApiListingReferenceScanner - Scanning for api listing references
2021-03-21 14:37:02.050 [INFO ] com.lxw.ReturnHomeApplication - Started ReturnHomeApplication in 11.386 seconds (JVM running for 13.269)
2021-03-21 14:37:40.050 [INFO ] org.apache.catalina.core.ContainerBase.[Tomcat].[localhost].[/] - Initializing Spring DispatcherServlet 'dispatcherServlet'
2021-03-21 18:36:55.379 [INFO ] com.lxw.ReturnHomeApplication - Starting ReturnHomeApplication using Java 1.8.0_212 on LAPTOP-K8D3MGN6 with PID 6124 (E:\return-home\returnhome-web\target\classes started by ASUS in E:\return-home)
2021-03-21 18:36:55.389 [INFO ] com.lxw.ReturnHomeApplication - No active profile set, falling back to default profiles: default
2021-03-21 18:36:55.429 [INFO ] org.hibernate.validator.internal.util.Version - HV000001: Hibernate Validator 6.1.7.Final
2021-03-21 18:36:57.694 [INFO ] org.springframework.context.support.PostProcessorRegistrationDelegate$BeanPostProcessorChecker - Bean 'org.springframework.security.access.expression.method.DefaultMethodSecurityExpressionHandler@7275c74b' of type [org.springframework.security.access.expression.method.DefaultMethodSecurityExpressionHandler] is not eligible for getting processed by all BeanPostProcessors (for example: not eligible for auto-proxying)
2021-03-21 18:36:57.699 [INFO ] org.springframework.context.support.PostProcessorRegistrationDelegate$BeanPostProcessorChecker - Bean 'methodSecurityMetadataSource' of type [org.springframework.security.access.method.DelegatingMethodSecurityMetadataSource] is not eligible for getting processed by all BeanPostProcessors (for example: not eligible for auto-proxying)
2021-03-21 18:36:58.071 [INFO ] org.springframework.boot.web.embedded.tomcat.TomcatWebServer - Tomcat initialized with port(s): 8081 (http)
2021-03-21 18:36:58.086 [INFO ] org.apache.coyote.http11.Http11NioProtocol - Initializing ProtocolHandler ["http-nio-8081"]
2021-03-21 18:36:58.087 [INFO ] org.apache.catalina.core.StandardService - Starting service [Tomcat]
2021-03-21 18:36:58.087 [INFO ] org.apache.catalina.core.StandardEngine - Starting Servlet engine: [Apache Tomcat/9.0.43]
2021-03-21 18:36:58.090 [INFO ] org.apache.catalina.core.AprLifecycleListener - Loaded Apache Tomcat Native library [1.2.23] using APR version [1.7.0].
2021-03-21 18:36:58.090 [INFO ] org.apache.catalina.core.AprLifecycleListener - APR capabilities: IPv6 [true], sendfile [true], accept filters [false], random [true].
2021-03-21 18:36:58.091 [INFO ] org.apache.catalina.core.AprLifecycleListener - APR/OpenSSL configuration: useAprConnector [false], useOpenSSL [true]
2021-03-21 18:36:58.096 [INFO ] org.apache.catalina.core.AprLifecycleListener - OpenSSL successfully initialized [OpenSSL 1.1.1c  28 May 2019]
2021-03-21 18:36:58.217 [INFO ] org.apache.catalina.core.ContainerBase.[Tomcat].[localhost].[/] - Initializing Spring embedded WebApplicationContext
2021-03-21 18:36:58.217 [INFO ] org.springframework.boot.web.servlet.context.ServletWebServerApplicationContext - Root WebApplicationContext: initialization completed in 2720 ms
2021-03-21 18:36:58.601 [INFO ] com.alibaba.druid.spring.boot.autoconfigure.DruidDataSourceAutoConfigure - Init DruidDataSource
2021-03-21 18:36:58.872 [INFO ] com.alibaba.druid.pool.DruidDataSource - {dataSource-1} inited
2021-03-21 18:37:01.978 [INFO ] springfox.documentation.spring.web.WebMvcPropertySourcedRequestMappingHandlerMapping - Mapped URL path [/v2/api-docs] onto method [springfox.documentation.swagger2.web.Swagger2ControllerWebMvc#getDocumentation(String, HttpServletRequest)]
2021-03-21 18:37:02.102 [INFO ] org.springframework.security.web.DefaultSecurityFilterChain - Will secure any request with [org.springframework.security.web.context.request.async.WebAsyncManagerIntegrationFilter@392781e, org.springframework.security.web.context.SecurityContextPersistenceFilter@1e1232cf, org.springframework.security.web.header.HeaderWriterFilter@64aeaf29, org.springframework.web.filter.CorsFilter@3fcbc766, org.springframework.security.web.authentication.logout.LogoutFilter@7b2bf745, com.lxw.fliter.JwtAuthenticationFilter@28cd2c2, org.springframework.security.web.authentication.UsernamePasswordAuthenticationFilter@d325518, com.lxw.fliter.JwtAuthorizationFilter@8e25d3f, org.springframework.security.web.savedrequest.RequestCacheAwareFilter@4451f60c, org.springframework.security.web.servletapi.SecurityContextHolderAwareRequestFilter@66f5a02e, org.springframework.security.web.authentication.AnonymousAuthenticationFilter@18a096b5, org.springframework.security.web.session.SessionManagementFilter@6579cdbb, org.springframework.security.web.access.ExceptionTranslationFilter@7c40ffef, org.springframework.security.web.access.intercept.FilterSecurityInterceptor@364fd4ae]
2021-03-21 18:37:02.161 [INFO ] org.springframework.scheduling.concurrent.ThreadPoolTaskExecutor - Initializing ExecutorService 'applicationTaskExecutor'
2021-03-21 18:37:02.436 [INFO ] org.apache.coyote.http11.Http11NioProtocol - Starting ProtocolHandler ["http-nio-8081"]
2021-03-21 18:37:02.461 [INFO ] org.springframework.boot.web.embedded.tomcat.TomcatWebServer - Tomcat started on port(s): 8081 (http) with context path ''
2021-03-21 18:37:02.463 [INFO ] springfox.documentation.spring.web.plugins.DocumentationPluginsBootstrapper - Documentation plugins bootstrapped
2021-03-21 18:37:02.467 [INFO ] springfox.documentation.spring.web.plugins.DocumentationPluginsBootstrapper - Found 1 custom documentation plugin(s)
2021-03-21 18:37:02.505 [INFO ] springfox.documentation.spring.web.scanners.ApiListingReferenceScanner - Scanning for api listing references
2021-03-21 18:37:02.776 [INFO ] com.lxw.ReturnHomeApplication - Started ReturnHomeApplication in 8.74 seconds (JVM running for 10.454)
2021-03-21 18:38:15.535 [INFO ] org.apache.catalina.core.ContainerBase.[Tomcat].[localhost].[/] - Initializing Spring DispatcherServlet 'dispatcherServlet'
2021-03-21 20:16:32.254 [INFO ] com.lxw.ReturnHomeApplication - Starting ReturnHomeApplication using Java 1.8.0_212 on LAPTOP-K8D3MGN6 with PID 16024 (E:\return-home\returnhome-web\target\classes started by ASUS in E:\return-home)
2021-03-21 20:16:32.254 [INFO ] org.hibernate.validator.internal.util.Version - HV000001: Hibernate Validator 6.1.7.Final
2021-03-21 20:16:32.257 [INFO ] com.lxw.ReturnHomeApplication - No active profile set, falling back to default profiles: default
2021-03-21 20:16:33.433 [INFO ] org.springframework.context.support.PostProcessorRegistrationDelegate$BeanPostProcessorChecker - Bean 'org.springframework.security.access.expression.method.DefaultMethodSecurityExpressionHandler@71f96dfb' of type [org.springframework.security.access.expression.method.DefaultMethodSecurityExpressionHandler] is not eligible for getting processed by all BeanPostProcessors (for example: not eligible for auto-proxying)
2021-03-21 20:16:33.436 [INFO ] org.springframework.context.support.PostProcessorRegistrationDelegate$BeanPostProcessorChecker - Bean 'methodSecurityMetadataSource' of type [org.springframework.security.access.method.DelegatingMethodSecurityMetadataSource] is not eligible for getting processed by all BeanPostProcessors (for example: not eligible for auto-proxying)
2021-03-21 20:16:33.749 [INFO ] org.springframework.boot.web.embedded.tomcat.TomcatWebServer - Tomcat initialized with port(s): 8081 (http)
2021-03-21 20:16:33.759 [INFO ] org.apache.coyote.http11.Http11NioProtocol - Initializing ProtocolHandler ["http-nio-8081"]
2021-03-21 20:16:33.760 [INFO ] org.apache.catalina.core.StandardService - Starting service [Tomcat]
2021-03-21 20:16:33.761 [INFO ] org.apache.catalina.core.StandardEngine - Starting Servlet engine: [Apache Tomcat/9.0.43]
2021-03-21 20:16:33.763 [INFO ] org.apache.catalina.core.AprLifecycleListener - Loaded Apache Tomcat Native library [1.2.23] using APR version [1.7.0].
2021-03-21 20:16:33.763 [INFO ] org.apache.catalina.core.AprLifecycleListener - APR capabilities: IPv6 [true], sendfile [true], accept filters [false], random [true].
2021-03-21 20:16:33.764 [INFO ] org.apache.catalina.core.AprLifecycleListener - APR/OpenSSL configuration: useAprConnector [false], useOpenSSL [true]
2021-03-21 20:16:33.767 [INFO ] org.apache.catalina.core.AprLifecycleListener - OpenSSL successfully initialized [OpenSSL 1.1.1c  28 May 2019]
2021-03-21 20:16:33.862 [INFO ] org.apache.catalina.core.ContainerBase.[Tomcat].[localhost].[/] - Initializing Spring embedded WebApplicationContext
2021-03-21 20:16:33.862 [INFO ] org.springframework.boot.web.servlet.context.ServletWebServerApplicationContext - Root WebApplicationContext: initialization completed in 1554 ms
2021-03-21 20:16:34.151 [INFO ] com.alibaba.druid.spring.boot.autoconfigure.DruidDataSourceAutoConfigure - Init DruidDataSource
2021-03-21 20:16:34.338 [INFO ] com.alibaba.druid.pool.DruidDataSource - {dataSource-1} inited
2021-03-21 20:16:36.085 [INFO ] springfox.documentation.spring.web.WebMvcPropertySourcedRequestMappingHandlerMapping - Mapped URL path [/v2/api-docs] onto method [springfox.documentation.swagger2.web.Swagger2ControllerWebMvc#getDocumentation(String, HttpServletRequest)]
2021-03-21 20:16:36.187 [INFO ] org.springframework.security.web.DefaultSecurityFilterChain - Will secure any request with [org.springframework.security.web.context.request.async.WebAsyncManagerIntegrationFilter@58833798, org.springframework.security.web.context.SecurityContextPersistenceFilter@ac91282, org.springframework.security.web.header.HeaderWriterFilter@74b86971, org.springframework.web.filter.CorsFilter@7f3ca64a, org.springframework.security.web.authentication.logout.LogoutFilter@4391a2d8, com.lxw.fliter.JwtAuthenticationFilter@4d464510, org.springframework.security.web.authentication.UsernamePasswordAuthenticationFilter@656a3d6b, com.lxw.fliter.JwtAuthorizationFilter@64e7d698, org.springframework.security.web.savedrequest.RequestCacheAwareFilter@1ca610a0, org.springframework.security.web.servletapi.SecurityContextHolderAwareRequestFilter@2f677247, org.springframework.security.web.authentication.AnonymousAuthenticationFilter@2519026b, org.springframework.security.web.session.SessionManagementFilter@1e8fb66f, org.springframework.security.web.access.ExceptionTranslationFilter@4538856f, org.springframework.security.web.access.intercept.FilterSecurityInterceptor@1ad9b8d3]
2021-03-21 20:16:36.235 [INFO ] org.springframework.scheduling.concurrent.ThreadPoolTaskExecutor - Initializing ExecutorService 'applicationTaskExecutor'
2021-03-21 20:16:36.433 [INFO ] org.apache.coyote.http11.Http11NioProtocol - Starting ProtocolHandler ["http-nio-8081"]
2021-03-21 20:16:36.452 [INFO ] org.springframework.boot.web.embedded.tomcat.TomcatWebServer - Tomcat started on port(s): 8081 (http) with context path ''
2021-03-21 20:16:36.453 [INFO ] springfox.documentation.spring.web.plugins.DocumentationPluginsBootstrapper - Documentation plugins bootstrapped
2021-03-21 20:16:36.455 [INFO ] springfox.documentation.spring.web.plugins.DocumentationPluginsBootstrapper - Found 1 custom documentation plugin(s)
2021-03-21 20:16:36.486 [INFO ] springfox.documentation.spring.web.scanners.ApiListingReferenceScanner - Scanning for api listing references
2021-03-21 20:16:36.641 [INFO ] com.lxw.ReturnHomeApplication - Started ReturnHomeApplication in 5.06 seconds (JVM running for 7.031)
2021-03-21 20:16:48.299 [INFO ] org.apache.catalina.core.ContainerBase.[Tomcat].[localhost].[/] - Initializing Spring DispatcherServlet 'dispatcherServlet'
2021-03-21 20:31:15.958 [INFO ] com.lxw.ReturnHomeApplication - Starting ReturnHomeApplication using Java 1.8.0_212 on LAPTOP-K8D3MGN6 with PID 1752 (E:\return-home\returnhome-web\target\classes started by ASUS in E:\return-home)
2021-03-21 20:31:15.961 [INFO ] com.lxw.ReturnHomeApplication - No active profile set, falling back to default profiles: default
2021-03-21 20:31:15.961 [INFO ] org.hibernate.validator.internal.util.Version - HV000001: Hibernate Validator 6.1.7.Final
2021-03-21 20:31:17.210 [INFO ] org.springframework.context.support.PostProcessorRegistrationDelegate$BeanPostProcessorChecker - Bean 'org.springframework.security.access.expression.method.DefaultMethodSecurityExpressionHandler@730e5763' of type [org.springframework.security.access.expression.method.DefaultMethodSecurityExpressionHandler] is not eligible for getting processed by all BeanPostProcessors (for example: not eligible for auto-proxying)
2021-03-21 20:31:17.214 [INFO ] org.springframework.context.support.PostProcessorRegistrationDelegate$BeanPostProcessorChecker - Bean 'methodSecurityMetadataSource' of type [org.springframework.security.access.method.DelegatingMethodSecurityMetadataSource] is not eligible for getting processed by all BeanPostProcessors (for example: not eligible for auto-proxying)
2021-03-21 20:31:17.452 [INFO ] org.springframework.boot.web.embedded.tomcat.TomcatWebServer - Tomcat initialized with port(s): 8081 (http)
2021-03-21 20:31:17.462 [INFO ] org.apache.coyote.http11.Http11NioProtocol - Initializing ProtocolHandler ["http-nio-8081"]
2021-03-21 20:31:17.463 [INFO ] org.apache.catalina.core.StandardService - Starting service [Tomcat]
2021-03-21 20:31:17.463 [INFO ] org.apache.catalina.core.StandardEngine - Starting Servlet engine: [Apache Tomcat/9.0.43]
2021-03-21 20:31:17.465 [INFO ] org.apache.catalina.core.AprLifecycleListener - Loaded Apache Tomcat Native library [1.2.23] using APR version [1.7.0].
2021-03-21 20:31:17.465 [INFO ] org.apache.catalina.core.AprLifecycleListener - APR capabilities: IPv6 [true], sendfile [true], accept filters [false], random [true].
2021-03-21 20:31:17.466 [INFO ] org.apache.catalina.core.AprLifecycleListener - APR/OpenSSL configuration: useAprConnector [false], useOpenSSL [true]
2021-03-21 20:31:17.469 [INFO ] org.apache.catalina.core.AprLifecycleListener - OpenSSL successfully initialized [OpenSSL 1.1.1c  28 May 2019]
2021-03-21 20:31:17.583 [INFO ] org.apache.catalina.core.ContainerBase.[Tomcat].[localhost].[/] - Initializing Spring embedded WebApplicationContext
2021-03-21 20:31:17.583 [INFO ] org.springframework.boot.web.servlet.context.ServletWebServerApplicationContext - Root WebApplicationContext: initialization completed in 1577 ms
2021-03-21 20:31:17.892 [INFO ] com.alibaba.druid.spring.boot.autoconfigure.DruidDataSourceAutoConfigure - Init DruidDataSource
2021-03-21 20:31:18.119 [INFO ] com.alibaba.druid.pool.DruidDataSource - {dataSource-1} inited
2021-03-21 20:31:20.613 [INFO ] springfox.documentation.spring.web.WebMvcPropertySourcedRequestMappingHandlerMapping - Mapped URL path [/v2/api-docs] onto method [springfox.documentation.swagger2.web.Swagger2ControllerWebMvc#getDocumentation(String, HttpServletRequest)]
2021-03-21 20:31:20.830 [INFO ] org.springframework.security.web.DefaultSecurityFilterChain - Will secure any request with [org.springframework.security.web.context.request.async.WebAsyncManagerIntegrationFilter@385dfb63, org.springframework.security.web.context.SecurityContextPersistenceFilter@629a9f26, org.springframework.security.web.header.HeaderWriterFilter@78307a56, org.springframework.web.filter.CorsFilter@364fd4ae, org.springframework.security.web.authentication.logout.LogoutFilter@4e3f2908, com.lxw.fliter.JwtAuthenticationFilter@245253d8, org.springframework.security.web.authentication.UsernamePasswordAuthenticationFilter@6c977dcf, com.lxw.fliter.JwtAuthorizationFilter@12417468, org.springframework.security.web.savedrequest.RequestCacheAwareFilter@4391a2d8, org.springframework.security.web.servletapi.SecurityContextHolderAwareRequestFilter@64aeaf29, org.springframework.security.web.authentication.AnonymousAuthenticationFilter@459003a0, org.springframework.security.web.session.SessionManagementFilter@23ad71bf, org.springframework.security.web.access.ExceptionTranslationFilter@7f13811b, org.springframework.security.web.access.intercept.FilterSecurityInterceptor@37a9b687]
2021-03-21 20:31:20.919 [INFO ] org.springframework.scheduling.concurrent.ThreadPoolTaskExecutor - Initializing ExecutorService 'applicationTaskExecutor'
2021-03-21 20:31:21.181 [INFO ] org.apache.coyote.http11.Http11NioProtocol - Starting ProtocolHandler ["http-nio-8081"]
2021-03-21 20:31:21.201 [INFO ] org.springframework.boot.web.embedded.tomcat.TomcatWebServer - Tomcat started on port(s): 8081 (http) with context path ''
2021-03-21 20:31:21.202 [INFO ] springfox.documentation.spring.web.plugins.DocumentationPluginsBootstrapper - Documentation plugins bootstrapped
2021-03-21 20:31:21.206 [INFO ] springfox.documentation.spring.web.plugins.DocumentationPluginsBootstrapper - Found 1 custom documentation plugin(s)
2021-03-21 20:31:21.246 [INFO ] springfox.documentation.spring.web.scanners.ApiListingReferenceScanner - Scanning for api listing references
2021-03-21 20:31:21.480 [INFO ] com.lxw.ReturnHomeApplication - Started ReturnHomeApplication in 6.523 seconds (JVM running for 7.812)
2021-03-21 20:32:00.149 [INFO ] org.apache.catalina.core.ContainerBase.[Tomcat].[localhost].[/] - Initializing Spring DispatcherServlet 'dispatcherServlet'
2021-03-21 20:40:00.812 [INFO ] org.hibernate.validator.internal.util.Version - HV000001: Hibernate Validator 6.1.7.Final
2021-03-21 20:40:00.812 [INFO ] com.lxw.ReturnHomeApplication - Starting ReturnHomeApplication using Java 1.8.0_212 on LAPTOP-K8D3MGN6 with PID 6924 (E:\return-home\returnhome-web\target\classes started by ASUS in E:\return-home)
2021-03-21 20:40:00.818 [INFO ] com.lxw.ReturnHomeApplication - No active profile set, falling back to default profiles: default
2021-03-21 20:40:02.097 [INFO ] org.springframework.context.support.PostProcessorRegistrationDelegate$BeanPostProcessorChecker - Bean 'org.springframework.security.access.expression.method.DefaultMethodSecurityExpressionHandler@504e1599' of type [org.springframework.security.access.expression.method.DefaultMethodSecurityExpressionHandler] is not eligible for getting processed by all BeanPostProcessors (for example: not eligible for auto-proxying)
2021-03-21 20:40:02.101 [INFO ] org.springframework.context.support.PostProcessorRegistrationDelegate$BeanPostProcessorChecker - Bean 'methodSecurityMetadataSource' of type [org.springframework.security.access.method.DelegatingMethodSecurityMetadataSource] is not eligible for getting processed by all BeanPostProcessors (for example: not eligible for auto-proxying)
2021-03-21 20:40:02.344 [INFO ] org.springframework.boot.web.embedded.tomcat.TomcatWebServer - Tomcat initialized with port(s): 8081 (http)
2021-03-21 20:40:02.353 [INFO ] org.apache.coyote.http11.Http11NioProtocol - Initializing ProtocolHandler ["http-nio-8081"]
2021-03-21 20:40:02.354 [INFO ] org.apache.catalina.core.StandardService - Starting service [Tomcat]
2021-03-21 20:40:02.355 [INFO ] org.apache.catalina.core.StandardEngine - Starting Servlet engine: [Apache Tomcat/9.0.43]
2021-03-21 20:40:02.358 [INFO ] org.apache.catalina.core.AprLifecycleListener - Loaded Apache Tomcat Native library [1.2.23] using APR version [1.7.0].
2021-03-21 20:40:02.359 [INFO ] org.apache.catalina.core.AprLifecycleListener - APR capabilities: IPv6 [true], sendfile [true], accept filters [false], random [true].
2021-03-21 20:40:02.360 [INFO ] org.apache.catalina.core.AprLifecycleListener - APR/OpenSSL configuration: useAprConnector [false], useOpenSSL [true]
2021-03-21 20:40:02.364 [INFO ] org.apache.catalina.core.AprLifecycleListener - OpenSSL successfully initialized [OpenSSL 1.1.1c  28 May 2019]
2021-03-21 20:40:02.477 [INFO ] org.apache.catalina.core.ContainerBase.[Tomcat].[localhost].[/] - Initializing Spring embedded WebApplicationContext
2021-03-21 20:40:02.477 [INFO ] org.springframework.boot.web.servlet.context.ServletWebServerApplicationContext - Root WebApplicationContext: initialization completed in 1573 ms
2021-03-21 20:40:02.818 [INFO ] com.alibaba.druid.spring.boot.autoconfigure.DruidDataSourceAutoConfigure - Init DruidDataSource
2021-03-21 20:40:03.055 [INFO ] com.alibaba.druid.pool.DruidDataSource - {dataSource-1} inited
2021-03-21 20:40:04.804 [INFO ] springfox.documentation.spring.web.WebMvcPropertySourcedRequestMappingHandlerMapping - Mapped URL path [/v2/api-docs] onto method [springfox.documentation.swagger2.web.Swagger2ControllerWebMvc#getDocumentation(String, HttpServletRequest)]
2021-03-21 20:40:04.910 [INFO ] org.springframework.security.web.DefaultSecurityFilterChain - Will secure any request with [org.springframework.security.web.context.request.async.WebAsyncManagerIntegrationFilter@787e4357, org.springframework.security.web.context.SecurityContextPersistenceFilter@71e7adbb, org.springframework.security.web.header.HeaderWriterFilter@629a9f26, org.springframework.web.filter.CorsFilter@392781e, org.springframework.security.web.authentication.logout.LogoutFilter@72443081, com.lxw.fliter.JwtAuthenticationFilter@3fcbc766, org.springframework.security.web.authentication.UsernamePasswordAuthenticationFilter@459003a0, com.lxw.fliter.JwtAuthorizationFilter@28cd2c2, org.springframework.security.web.savedrequest.RequestCacheAwareFilter@7c40ffef, org.springframework.security.web.servletapi.SecurityContextHolderAwareRequestFilter@1e1232cf, org.springframework.security.web.authentication.AnonymousAuthenticationFilter@8e25d3f, org.springframework.security.web.session.SessionManagementFilter@4391a2d8, org.springframework.security.web.access.ExceptionTranslationFilter@23ad71bf, org.springframework.security.web.access.intercept.FilterSecurityInterceptor@385dfb63]
2021-03-21 20:40:04.959 [INFO ] org.springframework.scheduling.concurrent.ThreadPoolTaskExecutor - Initializing ExecutorService 'applicationTaskExecutor'
2021-03-21 20:40:05.164 [INFO ] org.apache.coyote.http11.Http11NioProtocol - Starting ProtocolHandler ["http-nio-8081"]
2021-03-21 20:40:05.183 [INFO ] org.springframework.boot.web.embedded.tomcat.TomcatWebServer - Tomcat started on port(s): 8081 (http) with context path ''
2021-03-21 20:40:05.183 [INFO ] springfox.documentation.spring.web.plugins.DocumentationPluginsBootstrapper - Documentation plugins bootstrapped
2021-03-21 20:40:05.186 [INFO ] springfox.documentation.spring.web.plugins.DocumentationPluginsBootstrapper - Found 1 custom documentation plugin(s)
2021-03-21 20:40:05.217 [INFO ] springfox.documentation.spring.web.scanners.ApiListingReferenceScanner - Scanning for api listing references
2021-03-21 20:40:05.367 [INFO ] com.lxw.ReturnHomeApplication - Started ReturnHomeApplication in 5.443 seconds (JVM running for 6.796)
2021-03-21 20:40:16.876 [INFO ] org.apache.catalina.core.ContainerBase.[Tomcat].[localhost].[/] - Initializing Spring DispatcherServlet 'dispatcherServlet'
2021-03-21 20:44:08.141 [INFO ] com.lxw.ReturnHomeApplication - Starting ReturnHomeApplication using Java 1.8.0_212 on LAPTOP-K8D3MGN6 with PID 10852 (E:\return-home\returnhome-web\target\classes started by ASUS in E:\return-home)
2021-03-21 20:44:08.144 [INFO ] org.hibernate.validator.internal.util.Version - HV000001: Hibernate Validator 6.1.7.Final
2021-03-21 20:44:08.145 [INFO ] com.lxw.ReturnHomeApplication - No active profile set, falling back to default profiles: default
2021-03-21 20:44:09.348 [INFO ] org.springframework.context.support.PostProcessorRegistrationDelegate$BeanPostProcessorChecker - Bean 'org.springframework.security.access.expression.method.DefaultMethodSecurityExpressionHandler@19058533' of type [org.springframework.security.access.expression.method.DefaultMethodSecurityExpressionHandler] is not eligible for getting processed by all BeanPostProcessors (for example: not eligible for auto-proxying)
2021-03-21 20:44:09.352 [INFO ] org.springframework.context.support.PostProcessorRegistrationDelegate$BeanPostProcessorChecker - Bean 'methodSecurityMetadataSource' of type [org.springframework.security.access.method.DelegatingMethodSecurityMetadataSource] is not eligible for getting processed by all BeanPostProcessors (for example: not eligible for auto-proxying)
2021-03-21 20:44:09.555 [INFO ] org.springframework.boot.web.embedded.tomcat.TomcatWebServer - Tomcat initialized with port(s): 8081 (http)
2021-03-21 20:44:09.563 [INFO ] org.apache.coyote.http11.Http11NioProtocol - Initializing ProtocolHandler ["http-nio-8081"]
2021-03-21 20:44:09.564 [INFO ] org.apache.catalina.core.StandardService - Starting service [Tomcat]
2021-03-21 20:44:09.564 [INFO ] org.apache.catalina.core.StandardEngine - Starting Servlet engine: [Apache Tomcat/9.0.43]
2021-03-21 20:44:09.566 [INFO ] org.apache.catalina.core.AprLifecycleListener - Loaded Apache Tomcat Native library [1.2.23] using APR version [1.7.0].
2021-03-21 20:44:09.566 [INFO ] org.apache.catalina.core.AprLifecycleListener - APR capabilities: IPv6 [true], sendfile [true], accept filters [false], random [true].
2021-03-21 20:44:09.566 [INFO ] org.apache.catalina.core.AprLifecycleListener - APR/OpenSSL configuration: useAprConnector [false], useOpenSSL [true]
2021-03-21 20:44:09.570 [INFO ] org.apache.catalina.core.AprLifecycleListener - OpenSSL successfully initialized [OpenSSL 1.1.1c  28 May 2019]
2021-03-21 20:44:09.656 [INFO ] org.apache.catalina.core.ContainerBase.[Tomcat].[localhost].[/] - Initializing Spring embedded WebApplicationContext
2021-03-21 20:44:09.656 [INFO ] org.springframework.boot.web.servlet.context.ServletWebServerApplicationContext - Root WebApplicationContext: initialization completed in 1441 ms
2021-03-21 20:44:09.918 [INFO ] com.alibaba.druid.spring.boot.autoconfigure.DruidDataSourceAutoConfigure - Init DruidDataSource
2021-03-21 20:44:10.106 [INFO ] com.alibaba.druid.pool.DruidDataSource - {dataSource-1} inited
2021-03-21 20:44:11.846 [INFO ] springfox.documentation.spring.web.WebMvcPropertySourcedRequestMappingHandlerMapping - Mapped URL path [/v2/api-docs] onto method [springfox.documentation.swagger2.web.Swagger2ControllerWebMvc#getDocumentation(String, HttpServletRequest)]
2021-03-21 20:44:11.947 [INFO ] org.springframework.security.web.DefaultSecurityFilterChain - Will secure any request with [org.springframework.security.web.context.request.async.WebAsyncManagerIntegrationFilter@3f9b7fe1, org.springframework.security.web.context.SecurityContextPersistenceFilter@3730f716, org.springframework.security.web.header.HeaderWriterFilter@4451f60c, org.springframework.web.filter.CorsFilter@2f79f192, org.springframework.security.web.authentication.logout.LogoutFilter@298b64f7, com.lxw.fliter.JwtAuthenticationFilter@5fdfe8cf, org.springframework.security.web.authentication.UsernamePasswordAuthenticationFilter@6e02721d, com.lxw.fliter.JwtAuthorizationFilter@2a8b33ba, org.springframework.security.web.savedrequest.RequestCacheAwareFilter@66f5a02e, org.springframework.security.web.servletapi.SecurityContextHolderAwareRequestFilter@33feda48, org.springframework.security.web.authentication.AnonymousAuthenticationFilter@4e8b357d, org.springframework.security.web.session.SessionManagementFilter@64bebd55, org.springframework.security.web.access.ExceptionTranslationFilter@1e1232cf, org.springframework.security.web.access.intercept.FilterSecurityInterceptor@79b18230]
2021-03-21 20:44:11.997 [INFO ] org.springframework.scheduling.concurrent.ThreadPoolTaskExecutor - Initializing ExecutorService 'applicationTaskExecutor'
2021-03-21 20:44:12.192 [INFO ] org.apache.coyote.http11.Http11NioProtocol - Starting ProtocolHandler ["http-nio-8081"]
2021-03-21 20:44:12.210 [INFO ] org.springframework.boot.web.embedded.tomcat.TomcatWebServer - Tomcat started on port(s): 8081 (http) with context path ''
2021-03-21 20:44:12.211 [INFO ] springfox.documentation.spring.web.plugins.DocumentationPluginsBootstrapper - Documentation plugins bootstrapped
2021-03-21 20:44:12.214 [INFO ] springfox.documentation.spring.web.plugins.DocumentationPluginsBootstrapper - Found 1 custom documentation plugin(s)
2021-03-21 20:44:12.245 [INFO ] springfox.documentation.spring.web.scanners.ApiListingReferenceScanner - Scanning for api listing references
2021-03-21 20:44:12.392 [INFO ] com.lxw.ReturnHomeApplication - Started ReturnHomeApplication in 4.908 seconds (JVM running for 6.135)
2021-03-21 20:44:17.426 [INFO ] org.apache.catalina.core.ContainerBase.[Tomcat].[localhost].[/] - Initializing Spring DispatcherServlet 'dispatcherServlet'
2021-03-21 20:49:00.595 [INFO ] org.hibernate.validator.internal.util.Version - HV000001: Hibernate Validator 6.1.7.Final
2021-03-21 20:49:00.595 [INFO ] com.lxw.ReturnHomeApplication - Starting ReturnHomeApplication using Java 1.8.0_212 on LAPTOP-K8D3MGN6 with PID 796 (E:\return-home\returnhome-web\target\classes started by ASUS in E:\return-home)
2021-03-21 20:49:00.600 [INFO ] com.lxw.ReturnHomeApplication - No active profile set, falling back to default profiles: default
2021-03-21 20:49:01.934 [INFO ] org.springframework.context.support.PostProcessorRegistrationDelegate$BeanPostProcessorChecker - Bean 'org.springframework.security.access.expression.method.DefaultMethodSecurityExpressionHandler@69e05f61' of type [org.springframework.security.access.expression.method.DefaultMethodSecurityExpressionHandler] is not eligible for getting processed by all BeanPostProcessors (for example: not eligible for auto-proxying)
2021-03-21 20:49:01.937 [INFO ] org.springframework.context.support.PostProcessorRegistrationDelegate$BeanPostProcessorChecker - Bean 'methodSecurityMetadataSource' of type [org.springframework.security.access.method.DelegatingMethodSecurityMetadataSource] is not eligible for getting processed by all BeanPostProcessors (for example: not eligible for auto-proxying)
2021-03-21 20:49:02.165 [INFO ] org.springframework.boot.web.embedded.tomcat.TomcatWebServer - Tomcat initialized with port(s): 8081 (http)
2021-03-21 20:49:02.176 [INFO ] org.apache.coyote.http11.Http11NioProtocol - Initializing ProtocolHandler ["http-nio-8081"]
2021-03-21 20:49:02.176 [INFO ] org.apache.catalina.core.StandardService - Starting service [Tomcat]
2021-03-21 20:49:02.177 [INFO ] org.apache.catalina.core.StandardEngine - Starting Servlet engine: [Apache Tomcat/9.0.43]
2021-03-21 20:49:02.178 [INFO ] org.apache.catalina.core.AprLifecycleListener - Loaded Apache Tomcat Native library [1.2.23] using APR version [1.7.0].
2021-03-21 20:49:02.179 [INFO ] org.apache.catalina.core.AprLifecycleListener - APR capabilities: IPv6 [true], sendfile [true], accept filters [false], random [true].
2021-03-21 20:49:02.179 [INFO ] org.apache.catalina.core.AprLifecycleListener - APR/OpenSSL configuration: useAprConnector [false], useOpenSSL [true]
2021-03-21 20:49:02.182 [INFO ] org.apache.catalina.core.AprLifecycleListener - OpenSSL successfully initialized [OpenSSL 1.1.1c  28 May 2019]
2021-03-21 20:49:02.284 [INFO ] org.apache.catalina.core.ContainerBase.[Tomcat].[localhost].[/] - Initializing Spring embedded WebApplicationContext
2021-03-21 20:49:02.285 [INFO ] org.springframework.boot.web.servlet.context.ServletWebServerApplicationContext - Root WebApplicationContext: initialization completed in 1611 ms
2021-03-21 20:49:02.563 [INFO ] com.alibaba.druid.spring.boot.autoconfigure.DruidDataSourceAutoConfigure - Init DruidDataSource
2021-03-21 20:49:02.744 [INFO ] com.alibaba.druid.pool.DruidDataSource - {dataSource-1} inited
2021-03-21 20:49:04.691 [INFO ] springfox.documentation.spring.web.WebMvcPropertySourcedRequestMappingHandlerMapping - Mapped URL path [/v2/api-docs] onto method [springfox.documentation.swagger2.web.Swagger2ControllerWebMvc#getDocumentation(String, HttpServletRequest)]
2021-03-21 20:49:04.797 [INFO ] org.springframework.security.web.DefaultSecurityFilterChain - Will secure any request with [org.springframework.security.web.context.request.async.WebAsyncManagerIntegrationFilter@d325518, org.springframework.security.web.context.SecurityContextPersistenceFilter@286855ea, org.springframework.security.web.header.HeaderWriterFilter@47b269c4, org.springframework.web.filter.CorsFilter@3b481bf5, org.springframework.security.web.authentication.logout.LogoutFilter@15a3b42, com.lxw.fliter.JwtAuthenticationFilter@2233cac0, org.springframework.security.web.authentication.UsernamePasswordAuthenticationFilter@385dfb63, com.lxw.fliter.JwtAuthorizationFilter@67fb5025, org.springframework.security.web.savedrequest.RequestCacheAwareFilter@1e3df614, org.springframework.security.web.servletapi.SecurityContextHolderAwareRequestFilter@6b357eb6, org.springframework.security.web.authentication.AnonymousAuthenticationFilter@787e4357, org.springframework.security.web.session.SessionManagementFilter@32091c14, org.springframework.security.web.access.ExceptionTranslationFilter@b791a81, org.springframework.security.web.access.intercept.FilterSecurityInterceptor@661d6bb6]
2021-03-21 20:49:04.843 [INFO ] org.springframework.scheduling.concurrent.ThreadPoolTaskExecutor - Initializing ExecutorService 'applicationTaskExecutor'
2021-03-21 20:49:05.033 [INFO ] org.apache.coyote.http11.Http11NioProtocol - Starting ProtocolHandler ["http-nio-8081"]
2021-03-21 20:49:05.052 [INFO ] org.springframework.boot.web.embedded.tomcat.TomcatWebServer - Tomcat started on port(s): 8081 (http) with context path ''
2021-03-21 20:49:05.053 [INFO ] springfox.documentation.spring.web.plugins.DocumentationPluginsBootstrapper - Documentation plugins bootstrapped
2021-03-21 20:49:05.056 [INFO ] springfox.documentation.spring.web.plugins.DocumentationPluginsBootstrapper - Found 1 custom documentation plugin(s)
2021-03-21 20:49:05.083 [INFO ] springfox.documentation.spring.web.scanners.ApiListingReferenceScanner - Scanning for api listing references
2021-03-21 20:49:05.223 [INFO ] com.lxw.ReturnHomeApplication - Started ReturnHomeApplication in 5.602 seconds (JVM running for 7.08)
2021-03-21 20:49:07.741 [INFO ] org.apache.catalina.core.ContainerBase.[Tomcat].[localhost].[/] - Initializing Spring DispatcherServlet 'dispatcherServlet'
2021-03-21 20:51:41.778 [INFO ] com.lxw.ReturnHomeApplication - Starting ReturnHomeApplication using Java 1.8.0_212 on LAPTOP-K8D3MGN6 with PID 13528 (E:\return-home\returnhome-web\target\classes started by ASUS in E:\return-home)
2021-03-21 20:51:41.782 [INFO ] com.lxw.ReturnHomeApplication - No active profile set, falling back to default profiles: default
2021-03-21 20:51:41.781 [INFO ] org.hibernate.validator.internal.util.Version - HV000001: Hibernate Validator 6.1.7.Final
2021-03-21 20:51:43.060 [INFO ] org.springframework.context.support.PostProcessorRegistrationDelegate$BeanPostProcessorChecker - Bean 'org.springframework.security.access.expression.method.DefaultMethodSecurityExpressionHandler@730e5763' of type [org.springframework.security.access.expression.method.DefaultMethodSecurityExpressionHandler] is not eligible for getting processed by all BeanPostProcessors (for example: not eligible for auto-proxying)
2021-03-21 20:51:43.064 [INFO ] org.springframework.context.support.PostProcessorRegistrationDelegate$BeanPostProcessorChecker - Bean 'methodSecurityMetadataSource' of type [org.springframework.security.access.method.DelegatingMethodSecurityMetadataSource] is not eligible for getting processed by all BeanPostProcessors (for example: not eligible for auto-proxying)
2021-03-21 20:51:43.267 [INFO ] org.springframework.boot.web.embedded.tomcat.TomcatWebServer - Tomcat initialized with port(s): 8081 (http)
2021-03-21 20:51:43.278 [INFO ] org.apache.coyote.http11.Http11NioProtocol - Initializing ProtocolHandler ["http-nio-8081"]
2021-03-21 20:51:43.279 [INFO ] org.apache.catalina.core.StandardService - Starting service [Tomcat]
2021-03-21 20:51:43.279 [INFO ] org.apache.catalina.core.StandardEngine - Starting Servlet engine: [Apache Tomcat/9.0.43]
2021-03-21 20:51:43.281 [INFO ] org.apache.catalina.core.AprLifecycleListener - Loaded Apache Tomcat Native library [1.2.23] using APR version [1.7.0].
2021-03-21 20:51:43.281 [INFO ] org.apache.catalina.core.AprLifecycleListener - APR capabilities: IPv6 [true], sendfile [true], accept filters [false], random [true].
2021-03-21 20:51:43.282 [INFO ] org.apache.catalina.core.AprLifecycleListener - APR/OpenSSL configuration: useAprConnector [false], useOpenSSL [true]
2021-03-21 20:51:43.286 [INFO ] org.apache.catalina.core.AprLifecycleListener - OpenSSL successfully initialized [OpenSSL 1.1.1c  28 May 2019]
2021-03-21 20:51:43.373 [INFO ] org.apache.catalina.core.ContainerBase.[Tomcat].[localhost].[/] - Initializing Spring embedded WebApplicationContext
2021-03-21 20:51:43.373 [INFO ] org.springframework.boot.web.servlet.context.ServletWebServerApplicationContext - Root WebApplicationContext: initialization completed in 1534 ms
2021-03-21 20:51:43.657 [INFO ] com.alibaba.druid.spring.boot.autoconfigure.DruidDataSourceAutoConfigure - Init DruidDataSource
2021-03-21 20:51:43.842 [INFO ] com.alibaba.druid.pool.DruidDataSource - {dataSource-1} inited
2021-03-21 20:51:45.575 [INFO ] springfox.documentation.spring.web.WebMvcPropertySourcedRequestMappingHandlerMapping - Mapped URL path [/v2/api-docs] onto method [springfox.documentation.swagger2.web.Swagger2ControllerWebMvc#getDocumentation(String, HttpServletRequest)]
2021-03-21 20:51:45.673 [INFO ] org.springframework.security.web.DefaultSecurityFilterChain - Will secure any request with [org.springframework.security.web.context.request.async.WebAsyncManagerIntegrationFilter@79b18230, org.springframework.security.web.context.SecurityContextPersistenceFilter@4451f60c, org.springframework.security.web.header.HeaderWriterFilter@6579cdbb, org.springframework.web.filter.CorsFilter@1d4f5506, org.springframework.security.web.authentication.logout.LogoutFilter@5af5d76f, com.lxw.fliter.JwtAuthenticationFilter@7dee835, org.springframework.security.web.authentication.UsernamePasswordAuthenticationFilter@392781e, com.lxw.fliter.JwtAuthorizationFilter@1b57c345, org.springframework.security.web.savedrequest.RequestCacheAwareFilter@64bebd55, org.springframework.security.web.servletapi.SecurityContextHolderAwareRequestFilter@7e87ef9e, org.springframework.security.web.authentication.AnonymousAuthenticationFilter@6e02721d, org.springframework.security.web.session.SessionManagementFilter@1e1232cf, org.springframework.security.web.access.ExceptionTranslationFilter@64aeaf29, org.springframework.security.web.access.intercept.FilterSecurityInterceptor@3b481bf5]
2021-03-21 20:51:45.721 [INFO ] org.springframework.scheduling.concurrent.ThreadPoolTaskExecutor - Initializing ExecutorService 'applicationTaskExecutor'
2021-03-21 20:51:45.909 [INFO ] org.apache.coyote.http11.Http11NioProtocol - Starting ProtocolHandler ["http-nio-8081"]
2021-03-21 20:51:45.927 [INFO ] org.springframework.boot.web.embedded.tomcat.TomcatWebServer - Tomcat started on port(s): 8081 (http) with context path ''
2021-03-21 20:51:45.929 [INFO ] springfox.documentation.spring.web.plugins.DocumentationPluginsBootstrapper - Documentation plugins bootstrapped
2021-03-21 20:51:45.932 [INFO ] springfox.documentation.spring.web.plugins.DocumentationPluginsBootstrapper - Found 1 custom documentation plugin(s)
2021-03-21 20:51:45.961 [INFO ] springfox.documentation.spring.web.scanners.ApiListingReferenceScanner - Scanning for api listing references
2021-03-21 20:51:46.097 [INFO ] com.lxw.ReturnHomeApplication - Started ReturnHomeApplication in 5.002 seconds (JVM running for 6.163)
2021-03-21 20:51:51.263 [INFO ] org.apache.catalina.core.ContainerBase.[Tomcat].[localhost].[/] - Initializing Spring DispatcherServlet 'dispatcherServlet'
2021-03-21 20:52:35.784 [INFO ] org.hibernate.validator.internal.util.Version - HV000001: Hibernate Validator 6.1.7.Final
2021-03-21 20:52:35.782 [INFO ] com.lxw.ReturnHomeApplication - Starting ReturnHomeApplication using Java 1.8.0_212 on LAPTOP-K8D3MGN6 with PID 8276 (E:\return-home\returnhome-web\target\classes started by ASUS in E:\return-home)
2021-03-21 20:52:35.787 [INFO ] com.lxw.ReturnHomeApplication - No active profile set, falling back to default profiles: default
2021-03-21 20:52:37.144 [INFO ] org.springframework.context.support.PostProcessorRegistrationDelegate$BeanPostProcessorChecker - Bean 'org.springframework.security.access.expression.method.DefaultMethodSecurityExpressionHandler@7275c74b' of type [org.springframework.security.access.expression.method.DefaultMethodSecurityExpressionHandler] is not eligible for getting processed by all BeanPostProcessors (for example: not eligible for auto-proxying)
2021-03-21 20:52:37.152 [INFO ] org.springframework.context.support.PostProcessorRegistrationDelegate$BeanPostProcessorChecker - Bean 'methodSecurityMetadataSource' of type [org.springframework.security.access.method.DelegatingMethodSecurityMetadataSource] is not eligible for getting processed by all BeanPostProcessors (for example: not eligible for auto-proxying)
2021-03-21 20:52:37.356 [INFO ] org.springframework.boot.web.embedded.tomcat.TomcatWebServer - Tomcat initialized with port(s): 8081 (http)
2021-03-21 20:52:37.364 [INFO ] org.apache.coyote.http11.Http11NioProtocol - Initializing ProtocolHandler ["http-nio-8081"]
2021-03-21 20:52:37.364 [INFO ] org.apache.catalina.core.StandardService - Starting service [Tomcat]
2021-03-21 20:52:37.365 [INFO ] org.apache.catalina.core.StandardEngine - Starting Servlet engine: [Apache Tomcat/9.0.43]
2021-03-21 20:52:37.366 [INFO ] org.apache.catalina.core.AprLifecycleListener - Loaded Apache Tomcat Native library [1.2.23] using APR version [1.7.0].
2021-03-21 20:52:37.367 [INFO ] org.apache.catalina.core.AprLifecycleListener - APR capabilities: IPv6 [true], sendfile [true], accept filters [false], random [true].
2021-03-21 20:52:37.367 [INFO ] org.apache.catalina.core.AprLifecycleListener - APR/OpenSSL configuration: useAprConnector [false], useOpenSSL [true]
2021-03-21 20:52:37.370 [INFO ] org.apache.catalina.core.AprLifecycleListener - OpenSSL successfully initialized [OpenSSL 1.1.1c  28 May 2019]
2021-03-21 20:52:37.452 [INFO ] org.apache.catalina.core.ContainerBase.[Tomcat].[localhost].[/] - Initializing Spring embedded WebApplicationContext
2021-03-21 20:52:37.453 [INFO ] org.springframework.boot.web.servlet.context.ServletWebServerApplicationContext - Root WebApplicationContext: initialization completed in 1600 ms
2021-03-21 20:52:37.709 [INFO ] com.alibaba.druid.spring.boot.autoconfigure.DruidDataSourceAutoConfigure - Init DruidDataSource
2021-03-21 20:52:37.898 [INFO ] com.alibaba.druid.pool.DruidDataSource - {dataSource-1} inited
2021-03-21 20:52:39.559 [INFO ] springfox.documentation.spring.web.WebMvcPropertySourcedRequestMappingHandlerMapping - Mapped URL path [/v2/api-docs] onto method [springfox.documentation.swagger2.web.Swagger2ControllerWebMvc#getDocumentation(String, HttpServletRequest)]
2021-03-21 20:52:39.653 [INFO ] org.springframework.security.web.DefaultSecurityFilterChain - Will secure any request with [org.springframework.security.web.context.request.async.WebAsyncManagerIntegrationFilter@5fdfe8cf, org.springframework.security.web.context.SecurityContextPersistenceFilter@33feda48, org.springframework.security.web.header.HeaderWriterFilter@7e87ef9e, org.springframework.web.filter.CorsFilter@2a8b33ba, org.springframework.security.web.authentication.logout.LogoutFilter@7d8cf9ac, com.lxw.fliter.JwtAuthenticationFilter@4e8b357d, org.springframework.security.web.authentication.UsernamePasswordAuthenticationFilter@796d33eb, com.lxw.fliter.JwtAuthorizationFilter@2e1eb85f, org.springframework.security.web.savedrequest.RequestCacheAwareFilter@15a3b42, org.springframework.security.web.servletapi.SecurityContextHolderAwareRequestFilter@6fe595dc, org.springframework.security.web.authentication.AnonymousAuthenticationFilter@ea7a4c3, org.springframework.security.web.session.SessionManagementFilter@45843650, org.springframework.security.web.access.ExceptionTranslationFilter@66f5a02e, org.springframework.security.web.access.intercept.FilterSecurityInterceptor@7dee835]
2021-03-21 20:52:39.698 [INFO ] org.springframework.scheduling.concurrent.ThreadPoolTaskExecutor - Initializing ExecutorService 'applicationTaskExecutor'
2021-03-21 20:52:39.889 [INFO ] org.apache.coyote.http11.Http11NioProtocol - Starting ProtocolHandler ["http-nio-8081"]
2021-03-21 20:52:39.907 [INFO ] org.springframework.boot.web.embedded.tomcat.TomcatWebServer - Tomcat started on port(s): 8081 (http) with context path ''
2021-03-21 20:52:39.908 [INFO ] springfox.documentation.spring.web.plugins.DocumentationPluginsBootstrapper - Documentation plugins bootstrapped
2021-03-21 20:52:39.911 [INFO ] springfox.documentation.spring.web.plugins.DocumentationPluginsBootstrapper - Found 1 custom documentation plugin(s)
2021-03-21 20:52:39.937 [INFO ] springfox.documentation.spring.web.scanners.ApiListingReferenceScanner - Scanning for api listing references
2021-03-21 20:52:40.099 [INFO ] com.lxw.ReturnHomeApplication - Started ReturnHomeApplication in 5.088 seconds (JVM running for 6.28)
2021-03-21 20:52:43.859 [INFO ] org.apache.catalina.core.ContainerBase.[Tomcat].[localhost].[/] - Initializing Spring DispatcherServlet 'dispatcherServlet'
2021-03-21 21:06:15.183 [INFO ] com.lxw.ReturnHomeApplication - Starting ReturnHomeApplication using Java 1.8.0_212 on LAPTOP-K8D3MGN6 with PID 16252 (E:\return-home\returnhome-web\target\classes started by ASUS in E:\return-home)
2021-03-21 21:06:15.187 [INFO ] com.lxw.ReturnHomeApplication - No active profile set, falling back to default profiles: default
2021-03-21 21:06:15.186 [INFO ] org.hibernate.validator.internal.util.Version - HV000001: Hibernate Validator 6.1.7.Final
2021-03-21 21:06:16.323 [INFO ] org.springframework.context.support.PostProcessorRegistrationDelegate$BeanPostProcessorChecker - Bean 'org.springframework.security.access.expression.method.DefaultMethodSecurityExpressionHandler@19058533' of type [org.springframework.security.access.expression.method.DefaultMethodSecurityExpressionHandler] is not eligible for getting processed by all BeanPostProcessors (for example: not eligible for auto-proxying)
2021-03-21 21:06:16.327 [INFO ] org.springframework.context.support.PostProcessorRegistrationDelegate$BeanPostProcessorChecker - Bean 'methodSecurityMetadataSource' of type [org.springframework.security.access.method.DelegatingMethodSecurityMetadataSource] is not eligible for getting processed by all BeanPostProcessors (for example: not eligible for auto-proxying)
2021-03-21 21:06:16.516 [INFO ] org.springframework.boot.web.embedded.tomcat.TomcatWebServer - Tomcat initialized with port(s): 8081 (http)
2021-03-21 21:06:16.524 [INFO ] org.apache.coyote.http11.Http11NioProtocol - Initializing ProtocolHandler ["http-nio-8081"]
2021-03-21 21:06:16.524 [INFO ] org.apache.catalina.core.StandardService - Starting service [Tomcat]
2021-03-21 21:06:16.525 [INFO ] org.apache.catalina.core.StandardEngine - Starting Servlet engine: [Apache Tomcat/9.0.43]
2021-03-21 21:06:16.526 [INFO ] org.apache.catalina.core.AprLifecycleListener - Loaded Apache Tomcat Native library [1.2.23] using APR version [1.7.0].
2021-03-21 21:06:16.526 [INFO ] org.apache.catalina.core.AprLifecycleListener - APR capabilities: IPv6 [true], sendfile [true], accept filters [false], random [true].
2021-03-21 21:06:16.527 [INFO ] org.apache.catalina.core.AprLifecycleListener - APR/OpenSSL configuration: useAprConnector [false], useOpenSSL [true]
2021-03-21 21:06:16.530 [INFO ] org.apache.catalina.core.AprLifecycleListener - OpenSSL successfully initialized [OpenSSL 1.1.1c  28 May 2019]
2021-03-21 21:06:16.619 [INFO ] org.apache.catalina.core.ContainerBase.[Tomcat].[localhost].[/] - Initializing Spring embedded WebApplicationContext
2021-03-21 21:06:16.619 [INFO ] org.springframework.boot.web.servlet.context.ServletWebServerApplicationContext - Root WebApplicationContext: initialization completed in 1371 ms
2021-03-21 21:06:16.889 [INFO ] com.alibaba.druid.spring.boot.autoconfigure.DruidDataSourceAutoConfigure - Init DruidDataSource
2021-03-21 21:06:17.081 [INFO ] com.alibaba.druid.pool.DruidDataSource - {dataSource-1} inited
2021-03-21 21:06:18.766 [INFO ] springfox.documentation.spring.web.WebMvcPropertySourcedRequestMappingHandlerMapping - Mapped URL path [/v2/api-docs] onto method [springfox.documentation.swagger2.web.Swagger2ControllerWebMvc#getDocumentation(String, HttpServletRequest)]
2021-03-21 21:06:18.862 [INFO ] org.springframework.security.web.DefaultSecurityFilterChain - Will secure any request with [org.springframework.security.web.context.request.async.WebAsyncManagerIntegrationFilter@3fcbc766, org.springframework.security.web.context.SecurityContextPersistenceFilter@66f5a02e, org.springframework.security.web.header.HeaderWriterFilter@64bebd55, org.springframework.web.filter.CorsFilter@28cd2c2, org.springframework.security.web.authentication.logout.LogoutFilter@27fe059d, com.lxw.fliter.JwtAuthenticationFilter@8e25d3f, org.springframework.security.web.authentication.UsernamePasswordAuthenticationFilter@3b481bf5, com.lxw.fliter.JwtAuthorizationFilter@18a096b5, org.springframework.security.web.savedrequest.RequestCacheAwareFilter@7e87ef9e, org.springframework.security.web.servletapi.SecurityContextHolderAwareRequestFilter@15a3b42, org.springframework.security.web.authentication.AnonymousAuthenticationFilter@79b18230, org.springframework.security.web.session.SessionManagementFilter@3730f716, org.springframework.security.web.access.ExceptionTranslationFilter@4451f60c, org.springframework.security.web.access.intercept.FilterSecurityInterceptor@245253d8]
2021-03-21 21:06:18.908 [INFO ] org.springframework.scheduling.concurrent.ThreadPoolTaskExecutor - Initializing ExecutorService 'applicationTaskExecutor'
2021-03-21 21:06:19.094 [INFO ] org.apache.coyote.http11.Http11NioProtocol - Starting ProtocolHandler ["http-nio-8081"]
2021-03-21 21:06:19.111 [INFO ] org.springframework.boot.web.embedded.tomcat.TomcatWebServer - Tomcat started on port(s): 8081 (http) with context path ''
2021-03-21 21:06:19.113 [INFO ] springfox.documentation.spring.web.plugins.DocumentationPluginsBootstrapper - Documentation plugins bootstrapped
2021-03-21 21:06:19.116 [INFO ] springfox.documentation.spring.web.plugins.DocumentationPluginsBootstrapper - Found 1 custom documentation plugin(s)
2021-03-21 21:06:19.143 [INFO ] springfox.documentation.spring.web.scanners.ApiListingReferenceScanner - Scanning for api listing references
2021-03-21 21:06:19.281 [INFO ] com.lxw.ReturnHomeApplication - Started ReturnHomeApplication in 4.681 seconds (JVM running for 5.875)
2021-03-21 21:06:23.760 [INFO ] org.apache.catalina.core.ContainerBase.[Tomcat].[localhost].[/] - Initializing Spring DispatcherServlet 'dispatcherServlet'
2021-03-21 23:20:39.393 [INFO ] org.hibernate.validator.internal.util.Version - HV000001: Hibernate Validator 6.1.7.Final
2021-03-21 23:20:39.394 [INFO ] com.lxw.ReturnHomeApplication - Starting ReturnHomeApplication using Java 1.8.0_212 on LAPTOP-K8D3MGN6 with PID 18580 (E:\return-home\returnhome-web\target\classes started by ASUS in E:\return-home)
2021-03-21 23:20:39.399 [INFO ] com.lxw.ReturnHomeApplication - No active profile set, falling back to default profiles: default
2021-03-21 23:20:40.754 [INFO ] org.springframework.context.support.PostProcessorRegistrationDelegate$BeanPostProcessorChecker - Bean 'org.springframework.security.access.expression.method.DefaultMethodSecurityExpressionHandler@299270eb' of type [org.springframework.security.access.expression.method.DefaultMethodSecurityExpressionHandler] is not eligible for getting processed by all BeanPostProcessors (for example: not eligible for auto-proxying)
2021-03-21 23:20:40.760 [INFO ] org.springframework.context.support.PostProcessorRegistrationDelegate$BeanPostProcessorChecker - Bean 'methodSecurityMetadataSource' of type [org.springframework.security.access.method.DelegatingMethodSecurityMetadataSource] is not eligible for getting processed by all BeanPostProcessors (for example: not eligible for auto-proxying)
2021-03-21 23:20:40.972 [INFO ] org.springframework.boot.web.embedded.tomcat.TomcatWebServer - Tomcat initialized with port(s): 8081 (http)
2021-03-21 23:20:40.981 [INFO ] org.apache.coyote.http11.Http11NioProtocol - Initializing ProtocolHandler ["http-nio-8081"]
2021-03-21 23:20:40.981 [INFO ] org.apache.catalina.core.StandardService - Starting service [Tomcat]
2021-03-21 23:20:40.981 [INFO ] org.apache.catalina.core.StandardEngine - Starting Servlet engine: [Apache Tomcat/9.0.43]
2021-03-21 23:20:40.983 [INFO ] org.apache.catalina.core.AprLifecycleListener - Loaded Apache Tomcat Native library [1.2.23] using APR version [1.7.0].
2021-03-21 23:20:40.983 [INFO ] org.apache.catalina.core.AprLifecycleListener - APR capabilities: IPv6 [true], sendfile [true], accept filters [false], random [true].
2021-03-21 23:20:40.983 [INFO ] org.apache.catalina.core.AprLifecycleListener - APR/OpenSSL configuration: useAprConnector [false], useOpenSSL [true]
2021-03-21 23:20:40.987 [INFO ] org.apache.catalina.core.AprLifecycleListener - OpenSSL successfully initialized [OpenSSL 1.1.1c  28 May 2019]
2021-03-21 23:20:41.086 [INFO ] org.apache.catalina.core.ContainerBase.[Tomcat].[localhost].[/] - Initializing Spring embedded WebApplicationContext
2021-03-21 23:20:41.086 [INFO ] org.springframework.boot.web.servlet.context.ServletWebServerApplicationContext - Root WebApplicationContext: initialization completed in 1591 ms
2021-03-21 23:20:41.375 [INFO ] com.alibaba.druid.spring.boot.autoconfigure.DruidDataSourceAutoConfigure - Init DruidDataSource
2021-03-21 23:20:41.588 [INFO ] com.alibaba.druid.pool.DruidDataSource - {dataSource-1} inited
2021-03-21 23:20:43.426 [INFO ] springfox.documentation.spring.web.WebMvcPropertySourcedRequestMappingHandlerMapping - Mapped URL path [/v2/api-docs] onto method [springfox.documentation.swagger2.web.Swagger2ControllerWebMvc#getDocumentation(String, HttpServletRequest)]
2021-03-21 23:20:43.540 [INFO ] org.springframework.security.web.DefaultSecurityFilterChain - Will secure any request with [org.springframework.security.web.context.request.async.WebAsyncManagerIntegrationFilter@d325518, org.springframework.security.web.context.SecurityContextPersistenceFilter@286855ea, org.springframework.security.web.header.HeaderWriterFilter@47b269c4, org.springframework.web.filter.CorsFilter@3b481bf5, org.springframework.security.web.authentication.logout.LogoutFilter@15a3b42, com.lxw.fliter.JwtAuthenticationFilter@2233cac0, org.springframework.security.web.authentication.UsernamePasswordAuthenticationFilter@385dfb63, com.lxw.fliter.JwtAuthorizationFilter@67fb5025, org.springframework.security.web.savedrequest.RequestCacheAwareFilter@1e3df614, org.springframework.security.web.servletapi.SecurityContextHolderAwareRequestFilter@6b357eb6, org.springframework.security.web.authentication.AnonymousAuthenticationFilter@787e4357, org.springframework.security.web.session.SessionManagementFilter@32091c14, org.springframework.security.web.access.ExceptionTranslationFilter@b791a81, org.springframework.security.web.access.intercept.FilterSecurityInterceptor@661d6bb6]
2021-03-21 23:20:43.592 [INFO ] org.springframework.scheduling.concurrent.ThreadPoolTaskExecutor - Initializing ExecutorService 'applicationTaskExecutor'
2021-03-21 23:20:43.813 [INFO ] org.apache.coyote.http11.Http11NioProtocol - Starting ProtocolHandler ["http-nio-8081"]
2021-03-21 23:20:43.833 [INFO ] org.springframework.boot.web.embedded.tomcat.TomcatWebServer - Tomcat started on port(s): 8081 (http) with context path ''
2021-03-21 23:20:43.834 [INFO ] springfox.documentation.spring.web.plugins.DocumentationPluginsBootstrapper - Documentation plugins bootstrapped
2021-03-21 23:20:43.838 [INFO ] springfox.documentation.spring.web.plugins.DocumentationPluginsBootstrapper - Found 1 custom documentation plugin(s)
2021-03-21 23:20:43.869 [INFO ] springfox.documentation.spring.web.scanners.ApiListingReferenceScanner - Scanning for api listing references
2021-03-21 23:20:44.013 [INFO ] com.lxw.ReturnHomeApplication - Started ReturnHomeApplication in 5.391 seconds (JVM running for 6.585)
2021-03-21 23:40:18.974 [INFO ] com.lxw.ReturnHomeApplication - Starting ReturnHomeApplication using Java 1.8.0_212 on LAPTOP-K8D3MGN6 with PID 5184 (E:\return-home\returnhome-web\target\classes started by ASUS in E:\return-home)
2021-03-21 23:40:18.973 [INFO ] org.hibernate.validator.internal.util.Version - HV000001: Hibernate Validator 6.1.7.Final
2021-03-21 23:40:18.977 [INFO ] com.lxw.ReturnHomeApplication - No active profile set, falling back to default profiles: default
2021-03-21 23:40:20.072 [INFO ] org.springframework.context.support.PostProcessorRegistrationDelegate$BeanPostProcessorChecker - Bean 'org.springframework.security.access.expression.method.DefaultMethodSecurityExpressionHandler@f446158' of type [org.springframework.security.access.expression.method.DefaultMethodSecurityExpressionHandler] is not eligible for getting processed by all BeanPostProcessors (for example: not eligible for auto-proxying)
2021-03-21 23:40:20.076 [INFO ] org.springframework.context.support.PostProcessorRegistrationDelegate$BeanPostProcessorChecker - Bean 'methodSecurityMetadataSource' of type [org.springframework.security.access.method.DelegatingMethodSecurityMetadataSource] is not eligible for getting processed by all BeanPostProcessors (for example: not eligible for auto-proxying)
2021-03-21 23:40:20.261 [INFO ] org.springframework.boot.web.embedded.tomcat.TomcatWebServer - Tomcat initialized with port(s): 8081 (http)
2021-03-21 23:40:20.268 [INFO ] org.apache.coyote.http11.Http11NioProtocol - Initializing ProtocolHandler ["http-nio-8081"]
2021-03-21 23:40:20.269 [INFO ] org.apache.catalina.core.StandardService - Starting service [Tomcat]
2021-03-21 23:40:20.269 [INFO ] org.apache.catalina.core.StandardEngine - Starting Servlet engine: [Apache Tomcat/9.0.43]
2021-03-21 23:40:20.271 [INFO ] org.apache.catalina.core.AprLifecycleListener - Loaded Apache Tomcat Native library [1.2.23] using APR version [1.7.0].
2021-03-21 23:40:20.271 [INFO ] org.apache.catalina.core.AprLifecycleListener - APR capabilities: IPv6 [true], sendfile [true], accept filters [false], random [true].
2021-03-21 23:40:20.272 [INFO ] org.apache.catalina.core.AprLifecycleListener - APR/OpenSSL configuration: useAprConnector [false], useOpenSSL [true]
2021-03-21 23:40:20.274 [INFO ] org.apache.catalina.core.AprLifecycleListener - OpenSSL successfully initialized [OpenSSL 1.1.1c  28 May 2019]
2021-03-21 23:40:20.366 [INFO ] org.apache.catalina.core.ContainerBase.[Tomcat].[localhost].[/] - Initializing Spring embedded WebApplicationContext
2021-03-21 23:40:20.366 [INFO ] org.springframework.boot.web.servlet.context.ServletWebServerApplicationContext - Root WebApplicationContext: initialization completed in 1341 ms
2021-03-21 23:40:20.616 [INFO ] com.alibaba.druid.spring.boot.autoconfigure.DruidDataSourceAutoConfigure - Init DruidDataSource
2021-03-21 23:40:20.804 [INFO ] com.alibaba.druid.pool.DruidDataSource - {dataSource-1} inited
2021-03-21 23:40:22.460 [INFO ] springfox.documentation.spring.web.WebMvcPropertySourcedRequestMappingHandlerMapping - Mapped URL path [/v2/api-docs] onto method [springfox.documentation.swagger2.web.Swagger2ControllerWebMvc#getDocumentation(String, HttpServletRequest)]
2021-03-21 23:40:22.556 [INFO ] org.springframework.security.web.DefaultSecurityFilterChain - Will secure any request with [org.springframework.security.web.context.request.async.WebAsyncManagerIntegrationFilter@8e25d3f, org.springframework.security.web.context.SecurityContextPersistenceFilter@e3b0369, org.springframework.security.web.header.HeaderWriterFilter@7730ef88, org.springframework.web.filter.CorsFilter@18a096b5, org.springframework.security.web.authentication.logout.LogoutFilter@2ba1209b, com.lxw.fliter.JwtAuthenticationFilter@79b18230, org.springframework.security.web.authentication.UsernamePasswordAuthenticationFilter@67fb5025, com.lxw.fliter.JwtAuthorizationFilter@1d4f5506, org.springframework.security.web.savedrequest.RequestCacheAwareFilter@72443081, org.springframework.security.web.servletapi.SecurityContextHolderAwareRequestFilter@373052b5, org.springframework.security.web.authentication.AnonymousAuthenticationFilter@7dee835, org.springframework.security.web.session.SessionManagementFilter@4e3f2908, org.springframework.security.web.access.ExceptionTranslationFilter@7c1a8f0f, org.springframework.security.web.access.intercept.FilterSecurityInterceptor@459003a0]
2021-03-21 23:40:22.601 [INFO ] org.springframework.scheduling.concurrent.ThreadPoolTaskExecutor - Initializing ExecutorService 'applicationTaskExecutor'
2021-03-21 23:40:22.786 [INFO ] org.apache.coyote.http11.Http11NioProtocol - Starting ProtocolHandler ["http-nio-8081"]
2021-03-21 23:40:22.805 [INFO ] org.springframework.boot.web.embedded.tomcat.TomcatWebServer - Tomcat started on port(s): 8081 (http) with context path ''
2021-03-21 23:40:22.806 [INFO ] springfox.documentation.spring.web.plugins.DocumentationPluginsBootstrapper - Documentation plugins bootstrapped
2021-03-21 23:40:22.808 [INFO ] springfox.documentation.spring.web.plugins.DocumentationPluginsBootstrapper - Found 1 custom documentation plugin(s)
2021-03-21 23:40:22.836 [INFO ] springfox.documentation.spring.web.scanners.ApiListingReferenceScanner - Scanning for api listing references
2021-03-21 23:40:22.979 [INFO ] com.lxw.ReturnHomeApplication - Started ReturnHomeApplication in 4.653 seconds (JVM running for 5.788)
2021-03-21 23:41:08.662 [INFO ] org.apache.catalina.core.ContainerBase.[Tomcat].[localhost].[/] - Initializing Spring DispatcherServlet 'dispatcherServlet'
2021-03-21 23:46:48.380 [INFO ] com.lxw.ReturnHomeApplication - Starting ReturnHomeApplication using Java 1.8.0_212 on LAPTOP-K8D3MGN6 with PID 20064 (E:\return-home\returnhome-web\target\classes started by ASUS in E:\return-home)
2021-03-21 23:46:48.381 [INFO ] org.hibernate.validator.internal.util.Version - HV000001: Hibernate Validator 6.1.7.Final
2021-03-21 23:46:48.383 [INFO ] com.lxw.ReturnHomeApplication - No active profile set, falling back to default profiles: default
2021-03-21 23:46:49.548 [INFO ] org.springframework.context.support.PostProcessorRegistrationDelegate$BeanPostProcessorChecker - Bean 'org.springframework.security.access.expression.method.DefaultMethodSecurityExpressionHandler@19058533' of type [org.springframework.security.access.expression.method.DefaultMethodSecurityExpressionHandler] is not eligible for getting processed by all BeanPostProcessors (for example: not eligible for auto-proxying)
2021-03-21 23:46:49.551 [INFO ] org.springframework.context.support.PostProcessorRegistrationDelegate$BeanPostProcessorChecker - Bean 'methodSecurityMetadataSource' of type [org.springframework.security.access.method.DelegatingMethodSecurityMetadataSource] is not eligible for getting processed by all BeanPostProcessors (for example: not eligible for auto-proxying)
2021-03-21 23:46:49.738 [INFO ] org.springframework.boot.web.embedded.tomcat.TomcatWebServer - Tomcat initialized with port(s): 8081 (http)
2021-03-21 23:46:49.746 [INFO ] org.apache.coyote.http11.Http11NioProtocol - Initializing ProtocolHandler ["http-nio-8081"]
2021-03-21 23:46:49.747 [INFO ] org.apache.catalina.core.StandardService - Starting service [Tomcat]
2021-03-21 23:46:49.747 [INFO ] org.apache.catalina.core.StandardEngine - Starting Servlet engine: [Apache Tomcat/9.0.43]
2021-03-21 23:46:49.748 [INFO ] org.apache.catalina.core.AprLifecycleListener - Loaded Apache Tomcat Native library [1.2.23] using APR version [1.7.0].
2021-03-21 23:46:49.749 [INFO ] org.apache.catalina.core.AprLifecycleListener - APR capabilities: IPv6 [true], sendfile [true], accept filters [false], random [true].
2021-03-21 23:46:49.749 [INFO ] org.apache.catalina.core.AprLifecycleListener - APR/OpenSSL configuration: useAprConnector [false], useOpenSSL [true]
2021-03-21 23:46:49.753 [INFO ] org.apache.catalina.core.AprLifecycleListener - OpenSSL successfully initialized [OpenSSL 1.1.1c  28 May 2019]
2021-03-21 23:46:49.844 [INFO ] org.apache.catalina.core.ContainerBase.[Tomcat].[localhost].[/] - Initializing Spring embedded WebApplicationContext
2021-03-21 23:46:49.844 [INFO ] org.springframework.boot.web.servlet.context.ServletWebServerApplicationContext - Root WebApplicationContext: initialization completed in 1410 ms
2021-03-21 23:46:50.094 [INFO ] com.alibaba.druid.spring.boot.autoconfigure.DruidDataSourceAutoConfigure - Init DruidDataSource
2021-03-21 23:46:50.277 [INFO ] com.alibaba.druid.pool.DruidDataSource - {dataSource-1} inited
2021-03-21 23:46:52.066 [INFO ] springfox.documentation.spring.web.WebMvcPropertySourcedRequestMappingHandlerMapping - Mapped URL path [/v2/api-docs] onto method [springfox.documentation.swagger2.web.Swagger2ControllerWebMvc#getDocumentation(String, HttpServletRequest)]
2021-03-21 23:46:52.164 [INFO ] org.springframework.security.web.DefaultSecurityFilterChain - Will secure any request with [org.springframework.security.web.context.request.async.WebAsyncManagerIntegrationFilter@459003a0, org.springframework.security.web.context.SecurityContextPersistenceFilter@4451f60c, org.springframework.security.web.header.HeaderWriterFilter@6579cdbb, org.springframework.web.filter.CorsFilter@d325518, org.springframework.security.web.authentication.logout.LogoutFilter@5af5d76f, com.lxw.fliter.JwtAuthenticationFilter@3b481bf5, org.springframework.security.web.authentication.UsernamePasswordAuthenticationFilter@359066bc, com.lxw.fliter.JwtAuthorizationFilter@2233cac0, org.springframework.security.web.savedrequest.RequestCacheAwareFilter@64bebd55, org.springframework.security.web.servletapi.SecurityContextHolderAwareRequestFilter@7e87ef9e, org.springframework.security.web.authentication.AnonymousAuthenticationFilter@67fb5025, org.springframework.security.web.session.SessionManagementFilter@1e1232cf, org.springframework.security.web.access.ExceptionTranslationFilter@64aeaf29, org.springframework.security.web.access.intercept.FilterSecurityInterceptor@6c977dcf]
2021-03-21 23:46:52.216 [INFO ] org.springframework.scheduling.concurrent.ThreadPoolTaskExecutor - Initializing ExecutorService 'applicationTaskExecutor'
2021-03-21 23:46:52.452 [INFO ] org.apache.coyote.http11.Http11NioProtocol - Starting ProtocolHandler ["http-nio-8081"]
2021-03-21 23:46:52.469 [INFO ] org.springframework.boot.web.embedded.tomcat.TomcatWebServer - Tomcat started on port(s): 8081 (http) with context path ''
2021-03-21 23:46:52.470 [INFO ] springfox.documentation.spring.web.plugins.DocumentationPluginsBootstrapper - Documentation plugins bootstrapped
2021-03-21 23:46:52.472 [INFO ] springfox.documentation.spring.web.plugins.DocumentationPluginsBootstrapper - Found 1 custom documentation plugin(s)
2021-03-21 23:46:52.501 [INFO ] springfox.documentation.spring.web.scanners.ApiListingReferenceScanner - Scanning for api listing references
2021-03-21 23:46:52.647 [INFO ] com.lxw.ReturnHomeApplication - Started ReturnHomeApplication in 5.031 seconds (JVM running for 6.246)
2021-03-21 23:46:58.227 [INFO ] org.apache.catalina.core.ContainerBase.[Tomcat].[localhost].[/] - Initializing Spring DispatcherServlet 'dispatcherServlet'
