2021-04-17 11:14:25.502 [INFO ] org.hibernate.validator.internal.util.Version - HV000001: Hibernate Validator 6.1.7.Final
2021-04-17 11:14:25.587 [INFO ] com.lxw.ReturnHomeApplication - Starting ReturnHomeApplication using Java 1.8.0_212 on LAPTOP-K8D3MGN6 with PID 5552 (E:\return-home\returnhome-web\target\classes started by ASUS in E:\return-home)
2021-04-17 11:14:25.587 [INFO ] com.lxw.ReturnHomeApplication - No active profile set, falling back to default profiles: default
2021-04-17 11:14:30.045 [INFO ] org.springframework.context.support.PostProcessorRegistrationDelegate$BeanPostProcessorChecker - Bean 'org.springframework.security.access.expression.method.DefaultMethodSecurityExpressionHandler@390877d2' of type [org.springframework.security.access.expression.method.DefaultMethodSecurityExpressionHandler] is not eligible for getting processed by all BeanPostProcessors (for example: not eligible for auto-proxying)
2021-04-17 11:14:30.061 [INFO ] org.springframework.context.support.PostProcessorRegistrationDelegate$BeanPostProcessorChecker - Bean 'methodSecurityMetadataSource' of type [org.springframework.security.access.method.DelegatingMethodSecurityMetadataSource] is not eligible for getting processed by all BeanPostProcessors (for example: not eligible for auto-proxying)
2021-04-17 11:14:30.721 [INFO ] org.springframework.boot.web.embedded.tomcat.TomcatWebServer - Tomcat initialized with port(s): 8081 (http)
2021-04-17 11:14:30.721 [INFO ] org.apache.coyote.http11.Http11NioProtocol - Initializing ProtocolHandler ["http-nio-8081"]
2021-04-17 11:14:30.721 [INFO ] org.apache.catalina.core.StandardService - Starting service [Tomcat]
2021-04-17 11:14:30.721 [INFO ] org.apache.catalina.core.StandardEngine - Starting Servlet engine: [Apache Tomcat/9.0.43]
2021-04-17 11:14:30.721 [INFO ] org.apache.catalina.core.AprLifecycleListener - Loaded Apache Tomcat Native library [1.2.23] using APR version [1.7.0].
2021-04-17 11:14:30.721 [INFO ] org.apache.catalina.core.AprLifecycleListener - APR capabilities: IPv6 [true], sendfile [true], accept filters [false], random [true].
2021-04-17 11:14:30.721 [INFO ] org.apache.catalina.core.AprLifecycleListener - APR/OpenSSL configuration: useAprConnector [false], useOpenSSL [true]
2021-04-17 11:14:30.736 [INFO ] org.apache.catalina.core.AprLifecycleListener - OpenSSL successfully initialized [OpenSSL 1.1.1c  28 May 2019]
2021-04-17 11:14:30.864 [INFO ] org.apache.catalina.core.ContainerBase.[Tomcat].[localhost].[/] - Initializing Spring embedded WebApplicationContext
2021-04-17 11:14:30.864 [INFO ] org.springframework.boot.web.servlet.context.ServletWebServerApplicationContext - Root WebApplicationContext: initialization completed in 5127 ms
2021-04-17 11:14:31.202 [INFO ] com.alibaba.druid.spring.boot.autoconfigure.DruidDataSourceAutoConfigure - Init DruidDataSource
2021-04-17 11:14:31.734 [INFO ] com.alibaba.druid.pool.DruidDataSource - {dataSource-1} inited
2021-04-17 11:14:33.237 [INFO ] org.quartz.impl.StdSchedulerFactory - Using default implementation for ThreadExecutor
2021-04-17 11:14:33.237 [INFO ] org.quartz.core.SchedulerSignalerImpl - Initialized Scheduler Signaller of type: class org.quartz.core.SchedulerSignalerImpl
2021-04-17 11:14:33.237 [INFO ] org.quartz.core.QuartzScheduler - Quartz Scheduler v.2.3.2 created.
2021-04-17 11:14:33.237 [INFO ] org.quartz.simpl.RAMJobStore - RAMJobStore initialized.
2021-04-17 11:14:33.237 [INFO ] org.quartz.core.QuartzScheduler - Scheduler meta-data: Quartz Scheduler (v2.3.2) 'quartzScheduler' with instanceId 'NON_CLUSTERED'
  Scheduler class: 'org.quartz.core.QuartzScheduler' - running locally.
  NOT STARTED.
  Currently in standby mode.
  Number of jobs executed: 0
  Using thread pool 'org.quartz.simpl.SimpleThreadPool' - with 10 threads.
  Using job-store 'org.quartz.simpl.RAMJobStore' - which does not support persistence. and is not clustered.

2021-04-17 11:14:33.237 [INFO ] org.quartz.impl.StdSchedulerFactory - Quartz scheduler 'quartzScheduler' initialized from an externally provided properties instance.
2021-04-17 11:14:33.237 [INFO ] org.quartz.impl.StdSchedulerFactory - Quartz scheduler version: 2.3.2
2021-04-17 11:14:33.237 [INFO ] org.quartz.core.QuartzScheduler - JobFactory set to: org.springframework.scheduling.quartz.SpringBeanJobFactory@5a936e64
2021-04-17 11:14:34.155 [INFO ] springfox.documentation.spring.web.WebMvcPropertySourcedRequestMappingHandlerMapping - Mapped URL path [/v2/api-docs] onto method [springfox.documentation.swagger2.web.Swagger2ControllerWebMvc#getDocumentation(String, HttpServletRequest)]
2021-04-17 11:14:34.302 [INFO ] org.springframework.security.web.DefaultSecurityFilterChain - Will secure any request with [org.springframework.security.web.context.request.async.WebAsyncManagerIntegrationFilter@1ac730cd, org.springframework.security.web.context.SecurityContextPersistenceFilter@1d4f5506, org.springframework.security.web.header.HeaderWriterFilter@28cd2c2, org.springframework.web.filter.CorsFilter@668cc9a2, org.springframework.security.web.authentication.logout.LogoutFilter@a85644c, com.lxw.fliter.JwtAuthenticationFilter@5aa62ee7, org.springframework.security.web.authentication.UsernamePasswordAuthenticationFilter@b5b9333, com.lxw.fliter.JwtAuthorizationFilter@1f7cec93, org.springframework.security.web.savedrequest.RequestCacheAwareFilter@1b57c345, org.springframework.security.web.servletapi.SecurityContextHolderAwareRequestFilter@3f9b7fe1, org.springframework.security.web.authentication.AnonymousAuthenticationFilter@3c9ef6e9, org.springframework.security.web.session.SessionManagementFilter@18a096b5, org.springframework.security.web.access.ExceptionTranslationFilter@392781e, org.springframework.security.web.access.intercept.FilterSecurityInterceptor@64518270]
2021-04-17 11:14:34.309 [INFO ] org.springframework.scheduling.concurrent.ThreadPoolTaskScheduler - Initializing ExecutorService 'taskScheduler'
2021-04-17 11:14:34.374 [INFO ] org.springframework.scheduling.concurrent.ThreadPoolTaskExecutor - Initializing ExecutorService 'applicationTaskExecutor'
2021-04-17 11:14:34.788 [INFO ] org.apache.coyote.http11.Http11NioProtocol - Starting ProtocolHandler ["http-nio-8081"]
2021-04-17 11:14:34.810 [INFO ] org.apache.catalina.core.ContainerBase.[Tomcat].[localhost].[/] - Initializing Spring DispatcherServlet 'dispatcherServlet'
2021-04-17 11:14:34.810 [INFO ] org.springframework.boot.web.embedded.tomcat.TomcatWebServer - Tomcat started on port(s): 8081 (http) with context path ''
2021-04-17 11:14:34.810 [INFO ] springfox.documentation.spring.web.plugins.DocumentationPluginsBootstrapper - Documentation plugins bootstrapped
2021-04-17 11:14:34.810 [INFO ] springfox.documentation.spring.web.plugins.DocumentationPluginsBootstrapper - Found 1 custom documentation plugin(s)
2021-04-17 11:14:34.859 [INFO ] springfox.documentation.spring.web.scanners.ApiListingReferenceScanner - Scanning for api listing references
2021-04-17 11:14:35.035 [INFO ] springfox.documentation.spring.web.readers.operation.CachingOperationNameGenerator - Generating unique operation named: getTaskDetailsUsingGET_1
2021-04-17 11:14:35.051 [INFO ] org.springframework.scheduling.quartz.SchedulerFactoryBean - Starting Quartz Scheduler now
2021-04-17 11:14:35.051 [INFO ] org.quartz.core.QuartzScheduler - Scheduler quartzScheduler_$_NON_CLUSTERED started.
2021-04-17 11:14:35.066 [INFO ] com.lxw.ReturnHomeApplication - Started ReturnHomeApplication in 11.056 seconds (JVM running for 12.935)
2021-04-17 11:47:09.605 [INFO ] org.hibernate.validator.internal.util.Version - HV000001: Hibernate Validator 6.1.7.Final
2021-04-17 11:47:09.618 [INFO ] com.lxw.ReturnHomeApplication - Starting ReturnHomeApplication using Java 1.8.0_212 on LAPTOP-K8D3MGN6 with PID 1228 (E:\return-home\returnhome-web\target\classes started by ASUS in E:\return-home)
2021-04-17 11:47:09.619 [INFO ] com.lxw.ReturnHomeApplication - No active profile set, falling back to default profiles: default
2021-04-17 11:47:14.338 [INFO ] org.springframework.context.support.PostProcessorRegistrationDelegate$BeanPostProcessorChecker - Bean 'org.springframework.security.access.expression.method.DefaultMethodSecurityExpressionHandler@86733' of type [org.springframework.security.access.expression.method.DefaultMethodSecurityExpressionHandler] is not eligible for getting processed by all BeanPostProcessors (for example: not eligible for auto-proxying)
2021-04-17 11:47:14.340 [INFO ] org.springframework.context.support.PostProcessorRegistrationDelegate$BeanPostProcessorChecker - Bean 'methodSecurityMetadataSource' of type [org.springframework.security.access.method.DelegatingMethodSecurityMetadataSource] is not eligible for getting processed by all BeanPostProcessors (for example: not eligible for auto-proxying)
2021-04-17 11:47:15.520 [INFO ] org.springframework.boot.web.embedded.tomcat.TomcatWebServer - Tomcat initialized with port(s): 8081 (http)
2021-04-17 11:47:15.532 [INFO ] org.apache.coyote.http11.Http11NioProtocol - Initializing ProtocolHandler ["http-nio-8081"]
2021-04-17 11:47:15.534 [INFO ] org.apache.catalina.core.StandardService - Starting service [Tomcat]
2021-04-17 11:47:15.534 [INFO ] org.apache.catalina.core.StandardEngine - Starting Servlet engine: [Apache Tomcat/9.0.43]
2021-04-17 11:47:15.537 [INFO ] org.apache.catalina.core.AprLifecycleListener - Loaded Apache Tomcat Native library [1.2.23] using APR version [1.7.0].
2021-04-17 11:47:15.537 [INFO ] org.apache.catalina.core.AprLifecycleListener - APR capabilities: IPv6 [true], sendfile [true], accept filters [false], random [true].
2021-04-17 11:47:15.537 [INFO ] org.apache.catalina.core.AprLifecycleListener - APR/OpenSSL configuration: useAprConnector [false], useOpenSSL [true]
2021-04-17 11:47:15.678 [INFO ] org.apache.catalina.core.AprLifecycleListener - OpenSSL successfully initialized [OpenSSL 1.1.1c  28 May 2019]
2021-04-17 11:47:15.937 [INFO ] org.apache.catalina.core.ContainerBase.[Tomcat].[localhost].[/] - Initializing Spring embedded WebApplicationContext
2021-04-17 11:47:15.938 [INFO ] org.springframework.boot.web.servlet.context.ServletWebServerApplicationContext - Root WebApplicationContext: initialization completed in 6226 ms
2021-04-17 11:47:16.214 [INFO ] com.alibaba.druid.spring.boot.autoconfigure.DruidDataSourceAutoConfigure - Init DruidDataSource
2021-04-17 11:47:16.790 [INFO ] com.alibaba.druid.pool.DruidDataSource - {dataSource-1} inited
2021-04-17 11:47:18.681 [INFO ] org.quartz.impl.StdSchedulerFactory - Using default implementation for ThreadExecutor
2021-04-17 11:47:18.691 [INFO ] org.quartz.core.SchedulerSignalerImpl - Initialized Scheduler Signaller of type: class org.quartz.core.SchedulerSignalerImpl
2021-04-17 11:47:18.692 [INFO ] org.quartz.core.QuartzScheduler - Quartz Scheduler v.2.3.2 created.
2021-04-17 11:47:18.693 [INFO ] org.quartz.simpl.RAMJobStore - RAMJobStore initialized.
2021-04-17 11:47:18.694 [INFO ] org.quartz.core.QuartzScheduler - Scheduler meta-data: Quartz Scheduler (v2.3.2) 'quartzScheduler' with instanceId 'NON_CLUSTERED'
  Scheduler class: 'org.quartz.core.QuartzScheduler' - running locally.
  NOT STARTED.
  Currently in standby mode.
  Number of jobs executed: 0
  Using thread pool 'org.quartz.simpl.SimpleThreadPool' - with 10 threads.
  Using job-store 'org.quartz.simpl.RAMJobStore' - which does not support persistence. and is not clustered.

2021-04-17 11:47:18.694 [INFO ] org.quartz.impl.StdSchedulerFactory - Quartz scheduler 'quartzScheduler' initialized from an externally provided properties instance.
2021-04-17 11:47:18.694 [INFO ] org.quartz.impl.StdSchedulerFactory - Quartz scheduler version: 2.3.2
2021-04-17 11:47:18.695 [INFO ] org.quartz.core.QuartzScheduler - JobFactory set to: org.springframework.scheduling.quartz.SpringBeanJobFactory@3eb292cd
2021-04-17 11:47:19.424 [INFO ] springfox.documentation.spring.web.WebMvcPropertySourcedRequestMappingHandlerMapping - Mapped URL path [/v2/api-docs] onto method [springfox.documentation.swagger2.web.Swagger2ControllerWebMvc#getDocumentation(String, HttpServletRequest)]
2021-04-17 11:47:19.558 [INFO ] org.springframework.security.web.DefaultSecurityFilterChain - Will secure any request with [org.springframework.security.web.context.request.async.WebAsyncManagerIntegrationFilter@64518270, org.springframework.security.web.context.SecurityContextPersistenceFilter@21ea996f, org.springframework.security.web.header.HeaderWriterFilter@6e02721d, org.springframework.web.filter.CorsFilter@3b7c58e7, org.springframework.security.web.authentication.logout.LogoutFilter@515b9d4a, com.lxw.fliter.JwtAuthenticationFilter@79627d27, org.springframework.security.web.authentication.UsernamePasswordAuthenticationFilter@eed890d, com.lxw.fliter.JwtAuthorizationFilter@6371cf2f, org.springframework.security.web.savedrequest.RequestCacheAwareFilter@2f79f192, org.springframework.security.web.servletapi.SecurityContextHolderAwareRequestFilter@7d42404e, org.springframework.security.web.authentication.AnonymousAuthenticationFilter@b5b9333, org.springframework.security.web.session.SessionManagementFilter@796d33eb, org.springframework.security.web.access.ExceptionTranslationFilter@7dee835, org.springframework.security.web.access.intercept.FilterSecurityInterceptor@794eeaf8]
2021-04-17 11:47:19.582 [INFO ] org.springframework.scheduling.concurrent.ThreadPoolTaskScheduler - Initializing ExecutorService 'taskScheduler'
2021-04-17 11:47:19.632 [INFO ] org.springframework.scheduling.concurrent.ThreadPoolTaskExecutor - Initializing ExecutorService 'applicationTaskExecutor'
2021-04-17 11:47:19.955 [INFO ] org.apache.coyote.http11.Http11NioProtocol - Starting ProtocolHandler ["http-nio-8081"]
2021-04-17 11:47:20.183 [INFO ] org.apache.catalina.core.ContainerBase.[Tomcat].[localhost].[/] - Initializing Spring DispatcherServlet 'dispatcherServlet'
2021-04-17 11:47:20.187 [INFO ] org.springframework.boot.web.embedded.tomcat.TomcatWebServer - Tomcat started on port(s): 8081 (http) with context path ''
2021-04-17 11:47:20.189 [INFO ] springfox.documentation.spring.web.plugins.DocumentationPluginsBootstrapper - Documentation plugins bootstrapped
2021-04-17 11:47:20.192 [INFO ] springfox.documentation.spring.web.plugins.DocumentationPluginsBootstrapper - Found 1 custom documentation plugin(s)
2021-04-17 11:47:20.234 [INFO ] springfox.documentation.spring.web.scanners.ApiListingReferenceScanner - Scanning for api listing references
2021-04-17 11:47:20.426 [INFO ] springfox.documentation.spring.web.readers.operation.CachingOperationNameGenerator - Generating unique operation named: getTaskDetailsUsingGET_1
2021-04-17 11:47:20.457 [INFO ] org.springframework.scheduling.quartz.SchedulerFactoryBean - Starting Quartz Scheduler now
2021-04-17 11:47:20.458 [INFO ] org.quartz.core.QuartzScheduler - Scheduler quartzScheduler_$_NON_CLUSTERED started.
2021-04-17 11:47:20.470 [INFO ] com.lxw.ReturnHomeApplication - Started ReturnHomeApplication in 12.171 seconds (JVM running for 14.021)
2021-04-17 14:52:09.498 [INFO ] org.hibernate.validator.internal.util.Version - HV000001: Hibernate Validator 6.1.7.Final
2021-04-17 14:52:09.660 [INFO ] com.lxw.ReturnHomeApplication - Starting ReturnHomeApplication using Java 1.8.0_212 on LAPTOP-K8D3MGN6 with PID 4324 (E:\return-home\returnhome-web\target\classes started by ASUS in E:\return-home)
2021-04-17 14:52:09.660 [INFO ] com.lxw.ReturnHomeApplication - No active profile set, falling back to default profiles: default
2021-04-17 14:52:14.371 [INFO ] org.springframework.context.support.PostProcessorRegistrationDelegate$BeanPostProcessorChecker - Bean 'org.springframework.security.access.expression.method.DefaultMethodSecurityExpressionHandler@186cb891' of type [org.springframework.security.access.expression.method.DefaultMethodSecurityExpressionHandler] is not eligible for getting processed by all BeanPostProcessors (for example: not eligible for auto-proxying)
2021-04-17 14:52:14.371 [INFO ] org.springframework.context.support.PostProcessorRegistrationDelegate$BeanPostProcessorChecker - Bean 'methodSecurityMetadataSource' of type [org.springframework.security.access.method.DelegatingMethodSecurityMetadataSource] is not eligible for getting processed by all BeanPostProcessors (for example: not eligible for auto-proxying)
2021-04-17 14:52:15.180 [INFO ] org.springframework.boot.web.embedded.tomcat.TomcatWebServer - Tomcat initialized with port(s): 8081 (http)
2021-04-17 14:52:15.189 [INFO ] org.apache.coyote.http11.Http11NioProtocol - Initializing ProtocolHandler ["http-nio-8081"]
2021-04-17 14:52:15.190 [INFO ] org.apache.catalina.core.StandardService - Starting service [Tomcat]
2021-04-17 14:52:15.190 [INFO ] org.apache.catalina.core.StandardEngine - Starting Servlet engine: [Apache Tomcat/9.0.43]
2021-04-17 14:52:15.192 [INFO ] org.apache.catalina.core.AprLifecycleListener - Loaded Apache Tomcat Native library [1.2.23] using APR version [1.7.0].
2021-04-17 14:52:15.192 [INFO ] org.apache.catalina.core.AprLifecycleListener - APR capabilities: IPv6 [true], sendfile [true], accept filters [false], random [true].
2021-04-17 14:52:15.192 [INFO ] org.apache.catalina.core.AprLifecycleListener - APR/OpenSSL configuration: useAprConnector [false], useOpenSSL [true]
2021-04-17 14:52:15.261 [INFO ] org.apache.catalina.core.AprLifecycleListener - OpenSSL successfully initialized [OpenSSL 1.1.1c  28 May 2019]
2021-04-17 14:52:15.466 [INFO ] org.apache.catalina.core.ContainerBase.[Tomcat].[localhost].[/] - Initializing Spring embedded WebApplicationContext
2021-04-17 14:52:15.467 [INFO ] org.springframework.boot.web.servlet.context.ServletWebServerApplicationContext - Root WebApplicationContext: initialization completed in 5623 ms
2021-04-17 14:52:16.124 [INFO ] com.alibaba.druid.spring.boot.autoconfigure.DruidDataSourceAutoConfigure - Init DruidDataSource
2021-04-17 14:52:16.942 [INFO ] com.alibaba.druid.pool.DruidDataSource - {dataSource-1} inited
2021-04-17 14:52:18.622 [INFO ] org.quartz.impl.StdSchedulerFactory - Using default implementation for ThreadExecutor
2021-04-17 14:52:18.637 [INFO ] org.quartz.core.SchedulerSignalerImpl - Initialized Scheduler Signaller of type: class org.quartz.core.SchedulerSignalerImpl
2021-04-17 14:52:18.637 [INFO ] org.quartz.core.QuartzScheduler - Quartz Scheduler v.2.3.2 created.
2021-04-17 14:52:18.637 [INFO ] org.quartz.simpl.RAMJobStore - RAMJobStore initialized.
2021-04-17 14:52:18.637 [INFO ] org.quartz.core.QuartzScheduler - Scheduler meta-data: Quartz Scheduler (v2.3.2) 'quartzScheduler' with instanceId 'NON_CLUSTERED'
  Scheduler class: 'org.quartz.core.QuartzScheduler' - running locally.
  NOT STARTED.
  Currently in standby mode.
  Number of jobs executed: 0
  Using thread pool 'org.quartz.simpl.SimpleThreadPool' - with 10 threads.
  Using job-store 'org.quartz.simpl.RAMJobStore' - which does not support persistence. and is not clustered.

2021-04-17 14:52:18.637 [INFO ] org.quartz.impl.StdSchedulerFactory - Quartz scheduler 'quartzScheduler' initialized from an externally provided properties instance.
2021-04-17 14:52:18.637 [INFO ] org.quartz.impl.StdSchedulerFactory - Quartz scheduler version: 2.3.2
2021-04-17 14:52:18.637 [INFO ] org.quartz.core.QuartzScheduler - JobFactory set to: org.springframework.scheduling.quartz.SpringBeanJobFactory@5a936e64
2021-04-17 14:52:19.557 [INFO ] springfox.documentation.spring.web.WebMvcPropertySourcedRequestMappingHandlerMapping - Mapped URL path [/v2/api-docs] onto method [springfox.documentation.swagger2.web.Swagger2ControllerWebMvc#getDocumentation(String, HttpServletRequest)]
2021-04-17 14:52:19.697 [INFO ] org.springframework.security.web.DefaultSecurityFilterChain - Will secure any request with [org.springframework.security.web.context.request.async.WebAsyncManagerIntegrationFilter@2a8f6e6, org.springframework.security.web.context.SecurityContextPersistenceFilter@1d4f5506, org.springframework.security.web.header.HeaderWriterFilter@28cd2c2, org.springframework.web.filter.CorsFilter@1ac730cd, org.springframework.security.web.authentication.logout.LogoutFilter@a85644c, com.lxw.fliter.JwtAuthenticationFilter@668cc9a2, org.springframework.security.web.authentication.UsernamePasswordAuthenticationFilter@6371cf2f, com.lxw.fliter.JwtAuthorizationFilter@5aa62ee7, org.springframework.security.web.savedrequest.RequestCacheAwareFilter@1b57c345, org.springframework.security.web.servletapi.SecurityContextHolderAwareRequestFilter@3f9b7fe1, org.springframework.security.web.authentication.AnonymousAuthenticationFilter@1f7cec93, org.springframework.security.web.session.SessionManagementFilter@18a096b5, org.springframework.security.web.access.ExceptionTranslationFilter@392781e, org.springframework.security.web.access.intercept.FilterSecurityInterceptor@5729b410]
2021-04-17 14:52:19.713 [INFO ] org.springframework.scheduling.concurrent.ThreadPoolTaskScheduler - Initializing ExecutorService 'taskScheduler'
2021-04-17 14:52:19.775 [INFO ] org.springframework.scheduling.concurrent.ThreadPoolTaskExecutor - Initializing ExecutorService 'applicationTaskExecutor'
2021-04-17 14:52:20.267 [INFO ] org.apache.coyote.http11.Http11NioProtocol - Starting ProtocolHandler ["http-nio-8081"]
2021-04-17 14:52:20.283 [INFO ] org.apache.catalina.core.ContainerBase.[Tomcat].[localhost].[/] - Initializing Spring DispatcherServlet 'dispatcherServlet'
2021-04-17 14:52:20.298 [INFO ] org.springframework.boot.web.embedded.tomcat.TomcatWebServer - Tomcat started on port(s): 8081 (http) with context path ''
2021-04-17 14:52:20.298 [INFO ] springfox.documentation.spring.web.plugins.DocumentationPluginsBootstrapper - Documentation plugins bootstrapped
2021-04-17 14:52:20.298 [INFO ] springfox.documentation.spring.web.plugins.DocumentationPluginsBootstrapper - Found 1 custom documentation plugin(s)
2021-04-17 14:52:20.343 [INFO ] springfox.documentation.spring.web.scanners.ApiListingReferenceScanner - Scanning for api listing references
2021-04-17 14:52:20.563 [INFO ] springfox.documentation.spring.web.readers.operation.CachingOperationNameGenerator - Generating unique operation named: getTaskDetailsUsingGET_1
2021-04-17 14:52:20.579 [INFO ] org.springframework.scheduling.quartz.SchedulerFactoryBean - Starting Quartz Scheduler now
2021-04-17 14:52:20.579 [INFO ] org.quartz.core.QuartzScheduler - Scheduler quartzScheduler_$_NON_CLUSTERED started.
2021-04-17 14:52:20.595 [INFO ] com.lxw.ReturnHomeApplication - Started ReturnHomeApplication in 12.512 seconds (JVM running for 14.417)
2021-04-17 15:26:35.775 [INFO ] org.hibernate.validator.internal.util.Version - HV000001: Hibernate Validator 6.1.7.Final
2021-04-17 15:26:35.787 [INFO ] com.lxw.ReturnHomeApplication - Starting ReturnHomeApplication using Java 1.8.0_212 on LAPTOP-K8D3MGN6 with PID 8104 (E:\return-home\returnhome-web\target\classes started by ASUS in E:\return-home)
2021-04-17 15:26:35.788 [INFO ] com.lxw.ReturnHomeApplication - No active profile set, falling back to default profiles: default
2021-04-17 15:26:37.049 [INFO ] org.springframework.context.support.PostProcessorRegistrationDelegate$BeanPostProcessorChecker - Bean 'org.springframework.security.access.expression.method.DefaultMethodSecurityExpressionHandler@4f453e63' of type [org.springframework.security.access.expression.method.DefaultMethodSecurityExpressionHandler] is not eligible for getting processed by all BeanPostProcessors (for example: not eligible for auto-proxying)
2021-04-17 15:26:37.056 [INFO ] org.springframework.context.support.PostProcessorRegistrationDelegate$BeanPostProcessorChecker - Bean 'methodSecurityMetadataSource' of type [org.springframework.security.access.method.DelegatingMethodSecurityMetadataSource] is not eligible for getting processed by all BeanPostProcessors (for example: not eligible for auto-proxying)
2021-04-17 15:26:37.333 [INFO ] org.springframework.boot.web.embedded.tomcat.TomcatWebServer - Tomcat initialized with port(s): 8081 (http)
2021-04-17 15:26:37.342 [INFO ] org.apache.coyote.http11.Http11NioProtocol - Initializing ProtocolHandler ["http-nio-8081"]
2021-04-17 15:26:37.343 [INFO ] org.apache.catalina.core.StandardService - Starting service [Tomcat]
2021-04-17 15:26:37.343 [INFO ] org.apache.catalina.core.StandardEngine - Starting Servlet engine: [Apache Tomcat/9.0.43]
2021-04-17 15:26:37.345 [INFO ] org.apache.catalina.core.AprLifecycleListener - Loaded Apache Tomcat Native library [1.2.23] using APR version [1.7.0].
2021-04-17 15:26:37.345 [INFO ] org.apache.catalina.core.AprLifecycleListener - APR capabilities: IPv6 [true], sendfile [true], accept filters [false], random [true].
2021-04-17 15:26:37.345 [INFO ] org.apache.catalina.core.AprLifecycleListener - APR/OpenSSL configuration: useAprConnector [false], useOpenSSL [true]
2021-04-17 15:26:37.349 [INFO ] org.apache.catalina.core.AprLifecycleListener - OpenSSL successfully initialized [OpenSSL 1.1.1c  28 May 2019]
2021-04-17 15:26:37.440 [INFO ] org.apache.catalina.core.ContainerBase.[Tomcat].[localhost].[/] - Initializing Spring embedded WebApplicationContext
2021-04-17 15:26:37.440 [INFO ] org.springframework.boot.web.servlet.context.ServletWebServerApplicationContext - Root WebApplicationContext: initialization completed in 1560 ms
2021-04-17 15:26:37.676 [INFO ] com.alibaba.druid.spring.boot.autoconfigure.DruidDataSourceAutoConfigure - Init DruidDataSource
2021-04-17 15:26:37.900 [INFO ] com.alibaba.druid.pool.DruidDataSource - {dataSource-1} inited
2021-04-17 15:26:39.227 [INFO ] org.quartz.impl.StdSchedulerFactory - Using default implementation for ThreadExecutor
2021-04-17 15:26:39.235 [INFO ] org.quartz.core.SchedulerSignalerImpl - Initialized Scheduler Signaller of type: class org.quartz.core.SchedulerSignalerImpl
2021-04-17 15:26:39.236 [INFO ] org.quartz.core.QuartzScheduler - Quartz Scheduler v.2.3.2 created.
2021-04-17 15:26:39.236 [INFO ] org.quartz.simpl.RAMJobStore - RAMJobStore initialized.
2021-04-17 15:26:39.237 [INFO ] org.quartz.core.QuartzScheduler - Scheduler meta-data: Quartz Scheduler (v2.3.2) 'quartzScheduler' with instanceId 'NON_CLUSTERED'
  Scheduler class: 'org.quartz.core.QuartzScheduler' - running locally.
  NOT STARTED.
  Currently in standby mode.
  Number of jobs executed: 0
  Using thread pool 'org.quartz.simpl.SimpleThreadPool' - with 10 threads.
  Using job-store 'org.quartz.simpl.RAMJobStore' - which does not support persistence. and is not clustered.

2021-04-17 15:26:39.237 [INFO ] org.quartz.impl.StdSchedulerFactory - Quartz scheduler 'quartzScheduler' initialized from an externally provided properties instance.
2021-04-17 15:26:39.237 [INFO ] org.quartz.impl.StdSchedulerFactory - Quartz scheduler version: 2.3.2
2021-04-17 15:26:39.237 [INFO ] org.quartz.core.QuartzScheduler - JobFactory set to: org.springframework.scheduling.quartz.SpringBeanJobFactory@1c3259fa
2021-04-17 15:26:39.824 [INFO ] springfox.documentation.spring.web.WebMvcPropertySourcedRequestMappingHandlerMapping - Mapped URL path [/v2/api-docs] onto method [springfox.documentation.swagger2.web.Swagger2ControllerWebMvc#getDocumentation(String, HttpServletRequest)]
2021-04-17 15:26:39.934 [INFO ] org.springframework.security.web.DefaultSecurityFilterChain - Will secure any request with [org.springframework.security.web.context.request.async.WebAsyncManagerIntegrationFilter@421d54b3, org.springframework.security.web.context.SecurityContextPersistenceFilter@2d7637e6, org.springframework.security.web.header.HeaderWriterFilter@1e3f0aea, org.springframework.web.filter.CorsFilter@63f40ca0, org.springframework.security.web.authentication.logout.LogoutFilter@7b53b1ad, com.lxw.fliter.JwtAuthenticationFilter@4dad8ec0, org.springframework.security.web.authentication.UsernamePasswordAuthenticationFilter@61f377d1, com.lxw.fliter.JwtAuthorizationFilter@24dd44f9, org.springframework.security.web.savedrequest.RequestCacheAwareFilter@39b626e5, org.springframework.security.web.servletapi.SecurityContextHolderAwareRequestFilter@196624bf, org.springframework.security.web.authentication.AnonymousAuthenticationFilter@ccd341d, org.springframework.security.web.session.SessionManagementFilter@69a024a0, org.springframework.security.web.access.ExceptionTranslationFilter@a85644c, org.springframework.security.web.access.intercept.FilterSecurityInterceptor@65be88ae]
2021-04-17 15:26:39.958 [INFO ] org.springframework.scheduling.concurrent.ThreadPoolTaskScheduler - Initializing ExecutorService 'taskScheduler'
2021-04-17 15:26:40.001 [INFO ] org.springframework.scheduling.concurrent.ThreadPoolTaskExecutor - Initializing ExecutorService 'applicationTaskExecutor'
2021-04-17 15:26:40.237 [INFO ] org.apache.coyote.http11.Http11NioProtocol - Starting ProtocolHandler ["http-nio-8081"]
2021-04-17 15:26:40.257 [INFO ] org.apache.catalina.core.ContainerBase.[Tomcat].[localhost].[/] - Initializing Spring DispatcherServlet 'dispatcherServlet'
2021-04-17 15:26:40.261 [INFO ] org.springframework.boot.web.embedded.tomcat.TomcatWebServer - Tomcat started on port(s): 8081 (http) with context path ''
2021-04-17 15:26:40.263 [INFO ] springfox.documentation.spring.web.plugins.DocumentationPluginsBootstrapper - Documentation plugins bootstrapped
2021-04-17 15:26:40.266 [INFO ] springfox.documentation.spring.web.plugins.DocumentationPluginsBootstrapper - Found 1 custom documentation plugin(s)
2021-04-17 15:26:40.313 [INFO ] springfox.documentation.spring.web.scanners.ApiListingReferenceScanner - Scanning for api listing references
2021-04-17 15:26:40.468 [INFO ] springfox.documentation.spring.web.readers.operation.CachingOperationNameGenerator - Generating unique operation named: getTaskDetailsUsingGET_1
2021-04-17 15:26:40.482 [INFO ] org.springframework.scheduling.quartz.SchedulerFactoryBean - Starting Quartz Scheduler now
2021-04-17 15:26:40.483 [INFO ] org.quartz.core.QuartzScheduler - Scheduler quartzScheduler_$_NON_CLUSTERED started.
2021-04-17 15:26:40.491 [INFO ] com.lxw.ReturnHomeApplication - Started ReturnHomeApplication in 5.485 seconds (JVM running for 6.877)
2021-04-17 15:30:15.524 [INFO ] org.hibernate.validator.internal.util.Version - HV000001: Hibernate Validator 6.1.7.Final
2021-04-17 15:30:15.541 [INFO ] com.lxw.ReturnHomeApplication - Starting ReturnHomeApplication using Java 1.8.0_212 on LAPTOP-K8D3MGN6 with PID 17320 (E:\return-home\returnhome-web\target\classes started by ASUS in E:\return-home)
2021-04-17 15:30:15.543 [INFO ] com.lxw.ReturnHomeApplication - No active profile set, falling back to default profiles: default
2021-04-17 15:30:16.631 [INFO ] org.springframework.context.support.PostProcessorRegistrationDelegate$BeanPostProcessorChecker - Bean 'org.springframework.security.access.expression.method.DefaultMethodSecurityExpressionHandler@6b00ad9' of type [org.springframework.security.access.expression.method.DefaultMethodSecurityExpressionHandler] is not eligible for getting processed by all BeanPostProcessors (for example: not eligible for auto-proxying)
2021-04-17 15:30:16.635 [INFO ] org.springframework.context.support.PostProcessorRegistrationDelegate$BeanPostProcessorChecker - Bean 'methodSecurityMetadataSource' of type [org.springframework.security.access.method.DelegatingMethodSecurityMetadataSource] is not eligible for getting processed by all BeanPostProcessors (for example: not eligible for auto-proxying)
2021-04-17 15:30:16.817 [INFO ] org.springframework.boot.web.embedded.tomcat.TomcatWebServer - Tomcat initialized with port(s): 8081 (http)
2021-04-17 15:30:16.823 [INFO ] org.apache.coyote.http11.Http11NioProtocol - Initializing ProtocolHandler ["http-nio-8081"]
2021-04-17 15:30:16.824 [INFO ] org.apache.catalina.core.StandardService - Starting service [Tomcat]
2021-04-17 15:30:16.824 [INFO ] org.apache.catalina.core.StandardEngine - Starting Servlet engine: [Apache Tomcat/9.0.43]
2021-04-17 15:30:16.825 [INFO ] org.apache.catalina.core.AprLifecycleListener - Loaded Apache Tomcat Native library [1.2.23] using APR version [1.7.0].
2021-04-17 15:30:16.826 [INFO ] org.apache.catalina.core.AprLifecycleListener - APR capabilities: IPv6 [true], sendfile [true], accept filters [false], random [true].
2021-04-17 15:30:16.826 [INFO ] org.apache.catalina.core.AprLifecycleListener - APR/OpenSSL configuration: useAprConnector [false], useOpenSSL [true]
2021-04-17 15:30:16.829 [INFO ] org.apache.catalina.core.AprLifecycleListener - OpenSSL successfully initialized [OpenSSL 1.1.1c  28 May 2019]
2021-04-17 15:30:16.928 [INFO ] org.apache.catalina.core.ContainerBase.[Tomcat].[localhost].[/] - Initializing Spring embedded WebApplicationContext
2021-04-17 15:30:16.928 [INFO ] org.springframework.boot.web.servlet.context.ServletWebServerApplicationContext - Root WebApplicationContext: initialization completed in 1299 ms
2021-04-17 15:30:17.115 [INFO ] com.alibaba.druid.spring.boot.autoconfigure.DruidDataSourceAutoConfigure - Init DruidDataSource
2021-04-17 15:30:17.310 [INFO ] com.alibaba.druid.pool.DruidDataSource - {dataSource-1} inited
2021-04-17 15:30:18.514 [INFO ] org.quartz.impl.StdSchedulerFactory - Using default implementation for ThreadExecutor
2021-04-17 15:30:18.523 [INFO ] org.quartz.core.SchedulerSignalerImpl - Initialized Scheduler Signaller of type: class org.quartz.core.SchedulerSignalerImpl
2021-04-17 15:30:18.523 [INFO ] org.quartz.core.QuartzScheduler - Quartz Scheduler v.2.3.2 created.
2021-04-17 15:30:18.524 [INFO ] org.quartz.simpl.RAMJobStore - RAMJobStore initialized.
2021-04-17 15:30:18.525 [INFO ] org.quartz.core.QuartzScheduler - Scheduler meta-data: Quartz Scheduler (v2.3.2) 'quartzScheduler' with instanceId 'NON_CLUSTERED'
  Scheduler class: 'org.quartz.core.QuartzScheduler' - running locally.
  NOT STARTED.
  Currently in standby mode.
  Number of jobs executed: 0
  Using thread pool 'org.quartz.simpl.SimpleThreadPool' - with 10 threads.
  Using job-store 'org.quartz.simpl.RAMJobStore' - which does not support persistence. and is not clustered.

2021-04-17 15:30:18.525 [INFO ] org.quartz.impl.StdSchedulerFactory - Quartz scheduler 'quartzScheduler' initialized from an externally provided properties instance.
2021-04-17 15:30:18.525 [INFO ] org.quartz.impl.StdSchedulerFactory - Quartz scheduler version: 2.3.2
2021-04-17 15:30:18.525 [INFO ] org.quartz.core.QuartzScheduler - JobFactory set to: org.springframework.scheduling.quartz.SpringBeanJobFactory@3b4a1a75
2021-04-17 15:30:19.057 [INFO ] springfox.documentation.spring.web.WebMvcPropertySourcedRequestMappingHandlerMapping - Mapped URL path [/v2/api-docs] onto method [springfox.documentation.swagger2.web.Swagger2ControllerWebMvc#getDocumentation(String, HttpServletRequest)]
2021-04-17 15:30:19.173 [INFO ] org.springframework.security.web.DefaultSecurityFilterChain - Will secure any request with [org.springframework.security.web.context.request.async.WebAsyncManagerIntegrationFilter@20d19f2c, org.springframework.security.web.context.SecurityContextPersistenceFilter@196624bf, org.springframework.security.web.header.HeaderWriterFilter@2e71240b, org.springframework.web.filter.CorsFilter@45592af7, org.springframework.security.web.authentication.logout.LogoutFilter@1c628f6a, com.lxw.fliter.JwtAuthenticationFilter@77b5148c, org.springframework.security.web.authentication.UsernamePasswordAuthenticationFilter@4dad8ec0, com.lxw.fliter.JwtAuthorizationFilter@36359723, org.springframework.security.web.savedrequest.RequestCacheAwareFilter@5df7e31b, org.springframework.security.web.servletapi.SecurityContextHolderAwareRequestFilter@4f3e9fbb, org.springframework.security.web.authentication.AnonymousAuthenticationFilter@1ab14636, org.springframework.security.web.session.SessionManagementFilter@2b44d6d0, org.springframework.security.web.access.ExceptionTranslationFilter@39b626e5, org.springframework.security.web.access.intercept.FilterSecurityInterceptor@487cd177]
2021-04-17 15:30:19.194 [INFO ] org.springframework.scheduling.concurrent.ThreadPoolTaskScheduler - Initializing ExecutorService 'taskScheduler'
2021-04-17 15:30:19.232 [INFO ] org.springframework.scheduling.concurrent.ThreadPoolTaskExecutor - Initializing ExecutorService 'applicationTaskExecutor'
2021-04-17 15:30:19.419 [INFO ] org.apache.coyote.http11.Http11NioProtocol - Starting ProtocolHandler ["http-nio-8081"]
2021-04-17 15:30:19.435 [INFO ] org.apache.catalina.core.ContainerBase.[Tomcat].[localhost].[/] - Initializing Spring DispatcherServlet 'dispatcherServlet'
2021-04-17 15:30:19.437 [INFO ] org.springframework.boot.web.embedded.tomcat.TomcatWebServer - Tomcat started on port(s): 8081 (http) with context path ''
2021-04-17 15:30:19.438 [INFO ] springfox.documentation.spring.web.plugins.DocumentationPluginsBootstrapper - Documentation plugins bootstrapped
2021-04-17 15:30:19.441 [INFO ] springfox.documentation.spring.web.plugins.DocumentationPluginsBootstrapper - Found 1 custom documentation plugin(s)
2021-04-17 15:30:19.471 [INFO ] springfox.documentation.spring.web.scanners.ApiListingReferenceScanner - Scanning for api listing references
2021-04-17 15:30:19.610 [INFO ] springfox.documentation.spring.web.readers.operation.CachingOperationNameGenerator - Generating unique operation named: getTaskDetailsUsingGET_1
2021-04-17 15:30:19.622 [INFO ] org.springframework.scheduling.quartz.SchedulerFactoryBean - Starting Quartz Scheduler now
2021-04-17 15:30:19.623 [INFO ] org.quartz.core.QuartzScheduler - Scheduler quartzScheduler_$_NON_CLUSTERED started.
2021-04-17 15:30:19.632 [INFO ] com.lxw.ReturnHomeApplication - Started ReturnHomeApplication in 4.814 seconds (JVM running for 6.117)
2021-04-17 15:30:45.281 [INFO ] org.hibernate.validator.internal.util.Version - HV000001: Hibernate Validator 6.1.7.Final
2021-04-17 15:30:45.297 [INFO ] com.lxw.ReturnHomeApplication - Starting ReturnHomeApplication using Java 1.8.0_212 on LAPTOP-K8D3MGN6 with PID 12068 (E:\return-home\returnhome-web\target\classes started by ASUS in E:\return-home)
2021-04-17 15:30:45.299 [INFO ] com.lxw.ReturnHomeApplication - No active profile set, falling back to default profiles: default
2021-04-17 15:30:46.765 [INFO ] org.springframework.context.support.PostProcessorRegistrationDelegate$BeanPostProcessorChecker - Bean 'org.springframework.security.access.expression.method.DefaultMethodSecurityExpressionHandler@624a24f6' of type [org.springframework.security.access.expression.method.DefaultMethodSecurityExpressionHandler] is not eligible for getting processed by all BeanPostProcessors (for example: not eligible for auto-proxying)
2021-04-17 15:30:46.770 [INFO ] org.springframework.context.support.PostProcessorRegistrationDelegate$BeanPostProcessorChecker - Bean 'methodSecurityMetadataSource' of type [org.springframework.security.access.method.DelegatingMethodSecurityMetadataSource] is not eligible for getting processed by all BeanPostProcessors (for example: not eligible for auto-proxying)
2021-04-17 15:30:46.982 [INFO ] org.springframework.boot.web.embedded.tomcat.TomcatWebServer - Tomcat initialized with port(s): 8081 (http)
2021-04-17 15:30:46.995 [INFO ] org.apache.coyote.http11.Http11NioProtocol - Initializing ProtocolHandler ["http-nio-8081"]
2021-04-17 15:30:46.995 [INFO ] org.apache.catalina.core.StandardService - Starting service [Tomcat]
2021-04-17 15:30:46.996 [INFO ] org.apache.catalina.core.StandardEngine - Starting Servlet engine: [Apache Tomcat/9.0.43]
2021-04-17 15:30:46.997 [INFO ] org.apache.catalina.core.AprLifecycleListener - Loaded Apache Tomcat Native library [1.2.23] using APR version [1.7.0].
2021-04-17 15:30:46.997 [INFO ] org.apache.catalina.core.AprLifecycleListener - APR capabilities: IPv6 [true], sendfile [true], accept filters [false], random [true].
2021-04-17 15:30:46.998 [INFO ] org.apache.catalina.core.AprLifecycleListener - APR/OpenSSL configuration: useAprConnector [false], useOpenSSL [true]
2021-04-17 15:30:47.002 [INFO ] org.apache.catalina.core.AprLifecycleListener - OpenSSL successfully initialized [OpenSSL 1.1.1c  28 May 2019]
2021-04-17 15:30:47.125 [INFO ] org.apache.catalina.core.ContainerBase.[Tomcat].[localhost].[/] - Initializing Spring embedded WebApplicationContext
2021-04-17 15:30:47.126 [INFO ] org.springframework.boot.web.servlet.context.ServletWebServerApplicationContext - Root WebApplicationContext: initialization completed in 1662 ms
2021-04-17 15:30:47.364 [INFO ] com.alibaba.druid.spring.boot.autoconfigure.DruidDataSourceAutoConfigure - Init DruidDataSource
2021-04-17 15:30:47.591 [INFO ] com.alibaba.druid.pool.DruidDataSource - {dataSource-1} inited
2021-04-17 15:30:49.144 [INFO ] org.quartz.impl.StdSchedulerFactory - Using default implementation for ThreadExecutor
2021-04-17 15:30:49.155 [INFO ] org.quartz.core.SchedulerSignalerImpl - Initialized Scheduler Signaller of type: class org.quartz.core.SchedulerSignalerImpl
2021-04-17 15:30:49.156 [INFO ] org.quartz.core.QuartzScheduler - Quartz Scheduler v.2.3.2 created.
2021-04-17 15:30:49.157 [INFO ] org.quartz.simpl.RAMJobStore - RAMJobStore initialized.
2021-04-17 15:30:49.158 [INFO ] org.quartz.core.QuartzScheduler - Scheduler meta-data: Quartz Scheduler (v2.3.2) 'quartzScheduler' with instanceId 'NON_CLUSTERED'
  Scheduler class: 'org.quartz.core.QuartzScheduler' - running locally.
  NOT STARTED.
  Currently in standby mode.
  Number of jobs executed: 0
  Using thread pool 'org.quartz.simpl.SimpleThreadPool' - with 10 threads.
  Using job-store 'org.quartz.simpl.RAMJobStore' - which does not support persistence. and is not clustered.

2021-04-17 15:30:49.159 [INFO ] org.quartz.impl.StdSchedulerFactory - Quartz scheduler 'quartzScheduler' initialized from an externally provided properties instance.
2021-04-17 15:30:49.159 [INFO ] org.quartz.impl.StdSchedulerFactory - Quartz scheduler version: 2.3.2
2021-04-17 15:30:49.159 [INFO ] org.quartz.core.QuartzScheduler - JobFactory set to: org.springframework.scheduling.quartz.SpringBeanJobFactory@73aeef7d
2021-04-17 15:30:49.842 [INFO ] springfox.documentation.spring.web.WebMvcPropertySourcedRequestMappingHandlerMapping - Mapped URL path [/v2/api-docs] onto method [springfox.documentation.swagger2.web.Swagger2ControllerWebMvc#getDocumentation(String, HttpServletRequest)]
2021-04-17 15:30:49.976 [INFO ] org.springframework.security.web.DefaultSecurityFilterChain - Will secure any request with [org.springframework.security.web.context.request.async.WebAsyncManagerIntegrationFilter@608cd501, org.springframework.security.web.context.SecurityContextPersistenceFilter@7d42404e, org.springframework.security.web.header.HeaderWriterFilter@2a8b33ba, org.springframework.web.filter.CorsFilter@3b97907c, org.springframework.security.web.authentication.logout.LogoutFilter@50085d9c, com.lxw.fliter.JwtAuthenticationFilter@59096b66, org.springframework.security.web.authentication.UsernamePasswordAuthenticationFilter@59636c47, com.lxw.fliter.JwtAuthorizationFilter@631c6d11, org.springframework.security.web.savedrequest.RequestCacheAwareFilter@31723307, org.springframework.security.web.servletapi.SecurityContextHolderAwareRequestFilter@1e3f0aea, org.springframework.security.web.authentication.AnonymousAuthenticationFilter@65be88ae, org.springframework.security.web.session.SessionManagementFilter@2e1eb85f, org.springframework.security.web.access.ExceptionTranslationFilter@2f79f192, org.springframework.security.web.access.intercept.FilterSecurityInterceptor@57e5396b]
2021-04-17 15:30:50.010 [INFO ] org.springframework.scheduling.concurrent.ThreadPoolTaskScheduler - Initializing ExecutorService 'taskScheduler'
2021-04-17 15:30:50.069 [INFO ] org.springframework.scheduling.concurrent.ThreadPoolTaskExecutor - Initializing ExecutorService 'applicationTaskExecutor'
2021-04-17 15:30:50.321 [INFO ] org.apache.coyote.http11.Http11NioProtocol - Starting ProtocolHandler ["http-nio-8081"]
2021-04-17 15:30:50.341 [INFO ] org.apache.catalina.core.ContainerBase.[Tomcat].[localhost].[/] - Initializing Spring DispatcherServlet 'dispatcherServlet'
2021-04-17 15:30:50.343 [INFO ] org.springframework.boot.web.embedded.tomcat.TomcatWebServer - Tomcat started on port(s): 8081 (http) with context path ''
2021-04-17 15:30:50.344 [INFO ] springfox.documentation.spring.web.plugins.DocumentationPluginsBootstrapper - Documentation plugins bootstrapped
2021-04-17 15:30:50.347 [INFO ] springfox.documentation.spring.web.plugins.DocumentationPluginsBootstrapper - Found 1 custom documentation plugin(s)
2021-04-17 15:30:50.382 [INFO ] springfox.documentation.spring.web.scanners.ApiListingReferenceScanner - Scanning for api listing references
2021-04-17 15:30:50.587 [INFO ] springfox.documentation.spring.web.readers.operation.CachingOperationNameGenerator - Generating unique operation named: getTaskDetailsUsingGET_1
2021-04-17 15:30:50.609 [INFO ] org.springframework.scheduling.quartz.SchedulerFactoryBean - Starting Quartz Scheduler now
2021-04-17 15:30:50.609 [INFO ] org.quartz.core.QuartzScheduler - Scheduler quartzScheduler_$_NON_CLUSTERED started.
2021-04-17 15:30:50.619 [INFO ] com.lxw.ReturnHomeApplication - Started ReturnHomeApplication in 6.572 seconds (JVM running for 8.021)
2021-04-17 15:59:48.308 [INFO ] org.hibernate.validator.internal.util.Version - HV000001: Hibernate Validator 6.1.7.Final
2021-04-17 15:59:48.331 [INFO ] com.lxw.ReturnHomeApplication - Starting ReturnHomeApplication using Java 1.8.0_212 on LAPTOP-K8D3MGN6 with PID 12384 (E:\return-home\returnhome-web\target\classes started by ASUS in E:\return-home)
2021-04-17 15:59:48.332 [INFO ] com.lxw.ReturnHomeApplication - No active profile set, falling back to default profiles: default
2021-04-17 15:59:49.672 [INFO ] org.springframework.context.support.PostProcessorRegistrationDelegate$BeanPostProcessorChecker - Bean 'org.springframework.security.access.expression.method.DefaultMethodSecurityExpressionHandler@6b00ad9' of type [org.springframework.security.access.expression.method.DefaultMethodSecurityExpressionHandler] is not eligible for getting processed by all BeanPostProcessors (for example: not eligible for auto-proxying)
2021-04-17 15:59:49.676 [INFO ] org.springframework.context.support.PostProcessorRegistrationDelegate$BeanPostProcessorChecker - Bean 'methodSecurityMetadataSource' of type [org.springframework.security.access.method.DelegatingMethodSecurityMetadataSource] is not eligible for getting processed by all BeanPostProcessors (for example: not eligible for auto-proxying)
2021-04-17 15:59:49.880 [INFO ] org.springframework.boot.web.embedded.tomcat.TomcatWebServer - Tomcat initialized with port(s): 8081 (http)
2021-04-17 15:59:49.888 [INFO ] org.apache.coyote.http11.Http11NioProtocol - Initializing ProtocolHandler ["http-nio-8081"]
2021-04-17 15:59:49.888 [INFO ] org.apache.catalina.core.StandardService - Starting service [Tomcat]
2021-04-17 15:59:49.889 [INFO ] org.apache.catalina.core.StandardEngine - Starting Servlet engine: [Apache Tomcat/9.0.43]
2021-04-17 15:59:49.890 [INFO ] org.apache.catalina.core.AprLifecycleListener - Loaded Apache Tomcat Native library [1.2.23] using APR version [1.7.0].
2021-04-17 15:59:49.890 [INFO ] org.apache.catalina.core.AprLifecycleListener - APR capabilities: IPv6 [true], sendfile [true], accept filters [false], random [true].
2021-04-17 15:59:49.890 [INFO ] org.apache.catalina.core.AprLifecycleListener - APR/OpenSSL configuration: useAprConnector [false], useOpenSSL [true]
2021-04-17 15:59:49.893 [INFO ] org.apache.catalina.core.AprLifecycleListener - OpenSSL successfully initialized [OpenSSL 1.1.1c  28 May 2019]
2021-04-17 15:59:49.980 [INFO ] org.apache.catalina.core.ContainerBase.[Tomcat].[localhost].[/] - Initializing Spring embedded WebApplicationContext
2021-04-17 15:59:49.980 [INFO ] org.springframework.boot.web.servlet.context.ServletWebServerApplicationContext - Root WebApplicationContext: initialization completed in 1535 ms
2021-04-17 15:59:50.182 [INFO ] com.alibaba.druid.spring.boot.autoconfigure.DruidDataSourceAutoConfigure - Init DruidDataSource
2021-04-17 15:59:50.372 [INFO ] com.alibaba.druid.pool.DruidDataSource - {dataSource-1} inited
2021-04-17 15:59:51.717 [INFO ] org.quartz.impl.StdSchedulerFactory - Using default implementation for ThreadExecutor
2021-04-17 15:59:51.728 [INFO ] org.quartz.core.SchedulerSignalerImpl - Initialized Scheduler Signaller of type: class org.quartz.core.SchedulerSignalerImpl
2021-04-17 15:59:51.728 [INFO ] org.quartz.core.QuartzScheduler - Quartz Scheduler v.2.3.2 created.
2021-04-17 15:59:51.729 [INFO ] org.quartz.simpl.RAMJobStore - RAMJobStore initialized.
2021-04-17 15:59:51.730 [INFO ] org.quartz.core.QuartzScheduler - Scheduler meta-data: Quartz Scheduler (v2.3.2) 'quartzScheduler' with instanceId 'NON_CLUSTERED'
  Scheduler class: 'org.quartz.core.QuartzScheduler' - running locally.
  NOT STARTED.
  Currently in standby mode.
  Number of jobs executed: 0
  Using thread pool 'org.quartz.simpl.SimpleThreadPool' - with 10 threads.
  Using job-store 'org.quartz.simpl.RAMJobStore' - which does not support persistence. and is not clustered.

2021-04-17 15:59:51.730 [INFO ] org.quartz.impl.StdSchedulerFactory - Quartz scheduler 'quartzScheduler' initialized from an externally provided properties instance.
2021-04-17 15:59:51.730 [INFO ] org.quartz.impl.StdSchedulerFactory - Quartz scheduler version: 2.3.2
2021-04-17 15:59:51.731 [INFO ] org.quartz.core.QuartzScheduler - JobFactory set to: org.springframework.scheduling.quartz.SpringBeanJobFactory@1c3259fa
2021-04-17 15:59:52.373 [INFO ] springfox.documentation.spring.web.WebMvcPropertySourcedRequestMappingHandlerMapping - Mapped URL path [/v2/api-docs] onto method [springfox.documentation.swagger2.web.Swagger2ControllerWebMvc#getDocumentation(String, HttpServletRequest)]
2021-04-17 15:59:52.513 [INFO ] org.springframework.security.web.DefaultSecurityFilterChain - Will secure any request with [org.springframework.security.web.context.request.async.WebAsyncManagerIntegrationFilter@38fb50f8, org.springframework.security.web.context.SecurityContextPersistenceFilter@6d6f6860, org.springframework.security.web.header.HeaderWriterFilter@7d42404e, org.springframework.web.filter.CorsFilter@7ab802f4, org.springframework.security.web.authentication.logout.LogoutFilter@5934153e, com.lxw.fliter.JwtAuthenticationFilter@608cd501, org.springframework.security.web.authentication.UsernamePasswordAuthenticationFilter@6467ddc7, com.lxw.fliter.JwtAuthorizationFilter@3b97907c, org.springframework.security.web.savedrequest.RequestCacheAwareFilter@a85644c, org.springframework.security.web.servletapi.SecurityContextHolderAwareRequestFilter@2d7637e6, org.springframework.security.web.authentication.AnonymousAuthenticationFilter@59096b66, org.springframework.security.web.session.SessionManagementFilter@31723307, org.springframework.security.web.access.ExceptionTranslationFilter@2e1eb85f, org.springframework.security.web.access.intercept.FilterSecurityInterceptor@3c9ef6e9]
2021-04-17 15:59:52.538 [INFO ] org.springframework.scheduling.concurrent.ThreadPoolTaskScheduler - Initializing ExecutorService 'taskScheduler'
2021-04-17 15:59:52.576 [INFO ] org.springframework.scheduling.concurrent.ThreadPoolTaskExecutor - Initializing ExecutorService 'applicationTaskExecutor'
2021-04-17 15:59:52.837 [INFO ] org.apache.coyote.http11.Http11NioProtocol - Starting ProtocolHandler ["http-nio-8081"]
2021-04-17 15:59:52.860 [INFO ] org.apache.catalina.core.ContainerBase.[Tomcat].[localhost].[/] - Initializing Spring DispatcherServlet 'dispatcherServlet'
2021-04-17 15:59:52.863 [INFO ] org.springframework.boot.web.embedded.tomcat.TomcatWebServer - Tomcat started on port(s): 8081 (http) with context path ''
2021-04-17 15:59:52.864 [INFO ] springfox.documentation.spring.web.plugins.DocumentationPluginsBootstrapper - Documentation plugins bootstrapped
2021-04-17 15:59:52.867 [INFO ] springfox.documentation.spring.web.plugins.DocumentationPluginsBootstrapper - Found 1 custom documentation plugin(s)
2021-04-17 15:59:52.912 [INFO ] springfox.documentation.spring.web.scanners.ApiListingReferenceScanner - Scanning for api listing references
2021-04-17 15:59:53.086 [INFO ] springfox.documentation.spring.web.readers.operation.CachingOperationNameGenerator - Generating unique operation named: getTaskDetailsUsingGET_1
2021-04-17 15:59:53.103 [INFO ] org.springframework.scheduling.quartz.SchedulerFactoryBean - Starting Quartz Scheduler now
2021-04-17 15:59:53.104 [INFO ] org.quartz.core.QuartzScheduler - Scheduler quartzScheduler_$_NON_CLUSTERED started.
2021-04-17 15:59:53.112 [INFO ] com.lxw.ReturnHomeApplication - Started ReturnHomeApplication in 5.545 seconds (JVM running for 7.003)
2021-04-17 16:16:20.293 [INFO ] org.hibernate.validator.internal.util.Version - HV000001: Hibernate Validator 6.1.7.Final
2021-04-17 16:16:20.314 [INFO ] com.lxw.ReturnHomeApplication - Starting ReturnHomeApplication using Java 1.8.0_212 on LAPTOP-K8D3MGN6 with PID 11408 (E:\return-home\returnhome-web\target\classes started by ASUS in E:\return-home)
2021-04-17 16:16:20.316 [INFO ] com.lxw.ReturnHomeApplication - No active profile set, falling back to default profiles: default
2021-04-17 16:16:22.447 [INFO ] org.springframework.context.support.PostProcessorRegistrationDelegate$BeanPostProcessorChecker - Bean 'org.springframework.security.access.expression.method.DefaultMethodSecurityExpressionHandler@7fc7c4a' of type [org.springframework.security.access.expression.method.DefaultMethodSecurityExpressionHandler] is not eligible for getting processed by all BeanPostProcessors (for example: not eligible for auto-proxying)
2021-04-17 16:16:22.455 [INFO ] org.springframework.context.support.PostProcessorRegistrationDelegate$BeanPostProcessorChecker - Bean 'methodSecurityMetadataSource' of type [org.springframework.security.access.method.DelegatingMethodSecurityMetadataSource] is not eligible for getting processed by all BeanPostProcessors (for example: not eligible for auto-proxying)
2021-04-17 16:16:22.704 [INFO ] org.springframework.boot.web.embedded.tomcat.TomcatWebServer - Tomcat initialized with port(s): 8081 (http)
2021-04-17 16:16:22.712 [INFO ] org.apache.coyote.http11.Http11NioProtocol - Initializing ProtocolHandler ["http-nio-8081"]
2021-04-17 16:16:22.713 [INFO ] org.apache.catalina.core.StandardService - Starting service [Tomcat]
2021-04-17 16:16:22.713 [INFO ] org.apache.catalina.core.StandardEngine - Starting Servlet engine: [Apache Tomcat/9.0.43]
2021-04-17 16:16:22.714 [INFO ] org.apache.catalina.core.AprLifecycleListener - Loaded Apache Tomcat Native library [1.2.23] using APR version [1.7.0].
2021-04-17 16:16:22.715 [INFO ] org.apache.catalina.core.AprLifecycleListener - APR capabilities: IPv6 [true], sendfile [true], accept filters [false], random [true].
2021-04-17 16:16:22.715 [INFO ] org.apache.catalina.core.AprLifecycleListener - APR/OpenSSL configuration: useAprConnector [false], useOpenSSL [true]
2021-04-17 16:16:22.718 [INFO ] org.apache.catalina.core.AprLifecycleListener - OpenSSL successfully initialized [OpenSSL 1.1.1c  28 May 2019]
2021-04-17 16:16:22.808 [INFO ] org.apache.catalina.core.ContainerBase.[Tomcat].[localhost].[/] - Initializing Spring embedded WebApplicationContext
2021-04-17 16:16:22.808 [INFO ] org.springframework.boot.web.servlet.context.ServletWebServerApplicationContext - Root WebApplicationContext: initialization completed in 2196 ms
2021-04-17 16:16:23.062 [INFO ] com.alibaba.druid.spring.boot.autoconfigure.DruidDataSourceAutoConfigure - Init DruidDataSource
2021-04-17 16:16:23.322 [INFO ] com.alibaba.druid.pool.DruidDataSource - {dataSource-1} inited
2021-04-17 16:16:24.864 [INFO ] org.quartz.impl.StdSchedulerFactory - Using default implementation for ThreadExecutor
2021-04-17 16:16:24.875 [INFO ] org.quartz.core.SchedulerSignalerImpl - Initialized Scheduler Signaller of type: class org.quartz.core.SchedulerSignalerImpl
2021-04-17 16:16:24.876 [INFO ] org.quartz.core.QuartzScheduler - Quartz Scheduler v.2.3.2 created.
2021-04-17 16:16:24.877 [INFO ] org.quartz.simpl.RAMJobStore - RAMJobStore initialized.
2021-04-17 16:16:24.878 [INFO ] org.quartz.core.QuartzScheduler - Scheduler meta-data: Quartz Scheduler (v2.3.2) 'quartzScheduler' with instanceId 'NON_CLUSTERED'
  Scheduler class: 'org.quartz.core.QuartzScheduler' - running locally.
  NOT STARTED.
  Currently in standby mode.
  Number of jobs executed: 0
  Using thread pool 'org.quartz.simpl.SimpleThreadPool' - with 10 threads.
  Using job-store 'org.quartz.simpl.RAMJobStore' - which does not support persistence. and is not clustered.

2021-04-17 16:16:24.879 [INFO ] org.quartz.impl.StdSchedulerFactory - Quartz scheduler 'quartzScheduler' initialized from an externally provided properties instance.
2021-04-17 16:16:24.879 [INFO ] org.quartz.impl.StdSchedulerFactory - Quartz scheduler version: 2.3.2
2021-04-17 16:16:24.879 [INFO ] org.quartz.core.QuartzScheduler - JobFactory set to: org.springframework.scheduling.quartz.SpringBeanJobFactory@6807a356
2021-04-17 16:16:25.501 [INFO ] springfox.documentation.spring.web.WebMvcPropertySourcedRequestMappingHandlerMapping - Mapped URL path [/v2/api-docs] onto method [springfox.documentation.swagger2.web.Swagger2ControllerWebMvc#getDocumentation(String, HttpServletRequest)]
2021-04-17 16:16:25.650 [INFO ] org.springframework.security.web.DefaultSecurityFilterChain - Will secure any request with [org.springframework.security.web.context.request.async.WebAsyncManagerIntegrationFilter@38588dea, org.springframework.security.web.context.SecurityContextPersistenceFilter@2e1eb85f, org.springframework.security.web.header.HeaderWriterFilter@2f79f192, org.springframework.web.filter.CorsFilter@553d2579, org.springframework.security.web.authentication.logout.LogoutFilter@3e900e1a, com.lxw.fliter.JwtAuthenticationFilter@2a8f6e6, org.springframework.security.web.authentication.UsernamePasswordAuthenticationFilter@3b7c58e7, com.lxw.fliter.JwtAuthorizationFilter@1ac730cd, org.springframework.security.web.savedrequest.RequestCacheAwareFilter@7d42404e, org.springframework.security.web.servletapi.SecurityContextHolderAwareRequestFilter@a85644c, org.springframework.security.web.authentication.AnonymousAuthenticationFilter@668cc9a2, org.springframework.security.web.session.SessionManagementFilter@2a8b33ba, org.springframework.security.web.access.ExceptionTranslationFilter@21ea996f, org.springframework.security.web.access.intercept.FilterSecurityInterceptor@6097fca9]
2021-04-17 16:16:25.677 [INFO ] org.springframework.scheduling.concurrent.ThreadPoolTaskScheduler - Initializing ExecutorService 'taskScheduler'
2021-04-17 16:16:25.724 [INFO ] org.springframework.scheduling.concurrent.ThreadPoolTaskExecutor - Initializing ExecutorService 'applicationTaskExecutor'
2021-04-17 16:16:25.954 [INFO ] org.apache.coyote.http11.Http11NioProtocol - Starting ProtocolHandler ["http-nio-8081"]
2021-04-17 16:16:25.983 [INFO ] org.apache.catalina.core.ContainerBase.[Tomcat].[localhost].[/] - Initializing Spring DispatcherServlet 'dispatcherServlet'
2021-04-17 16:16:25.988 [INFO ] org.springframework.boot.web.embedded.tomcat.TomcatWebServer - Tomcat started on port(s): 8081 (http) with context path ''
2021-04-17 16:16:25.989 [INFO ] springfox.documentation.spring.web.plugins.DocumentationPluginsBootstrapper - Documentation plugins bootstrapped
2021-04-17 16:16:25.993 [INFO ] springfox.documentation.spring.web.plugins.DocumentationPluginsBootstrapper - Found 1 custom documentation plugin(s)
2021-04-17 16:16:26.042 [INFO ] springfox.documentation.spring.web.scanners.ApiListingReferenceScanner - Scanning for api listing references
2021-04-17 16:16:26.282 [INFO ] springfox.documentation.spring.web.readers.operation.CachingOperationNameGenerator - Generating unique operation named: getTaskDetailsUsingGET_1
2021-04-17 16:16:26.306 [INFO ] org.springframework.scheduling.quartz.SchedulerFactoryBean - Starting Quartz Scheduler now
2021-04-17 16:16:26.306 [INFO ] org.quartz.core.QuartzScheduler - Scheduler quartzScheduler_$_NON_CLUSTERED started.
2021-04-17 16:16:26.322 [INFO ] com.lxw.ReturnHomeApplication - Started ReturnHomeApplication in 7.322 seconds (JVM running for 9.09)
2021-04-17 16:46:42.517 [INFO ] org.hibernate.validator.internal.util.Version - HV000001: Hibernate Validator 6.1.7.Final
2021-04-17 16:46:42.543 [INFO ] com.lxw.ReturnHomeApplication - Starting ReturnHomeApplication using Java 1.8.0_212 on LAPTOP-K8D3MGN6 with PID 14440 (E:\return-home\returnhome-web\target\classes started by ASUS in E:\return-home)
2021-04-17 16:46:42.544 [INFO ] com.lxw.ReturnHomeApplication - No active profile set, falling back to default profiles: default
2021-04-17 16:46:43.652 [INFO ] org.springframework.context.support.PostProcessorRegistrationDelegate$BeanPostProcessorChecker - Bean 'org.springframework.security.access.expression.method.DefaultMethodSecurityExpressionHandler@624a24f6' of type [org.springframework.security.access.expression.method.DefaultMethodSecurityExpressionHandler] is not eligible for getting processed by all BeanPostProcessors (for example: not eligible for auto-proxying)
2021-04-17 16:46:43.656 [INFO ] org.springframework.context.support.PostProcessorRegistrationDelegate$BeanPostProcessorChecker - Bean 'methodSecurityMetadataSource' of type [org.springframework.security.access.method.DelegatingMethodSecurityMetadataSource] is not eligible for getting processed by all BeanPostProcessors (for example: not eligible for auto-proxying)
2021-04-17 16:46:43.846 [INFO ] org.springframework.boot.web.embedded.tomcat.TomcatWebServer - Tomcat initialized with port(s): 8081 (http)
2021-04-17 16:46:43.855 [INFO ] org.apache.coyote.http11.Http11NioProtocol - Initializing ProtocolHandler ["http-nio-8081"]
2021-04-17 16:46:43.856 [INFO ] org.apache.catalina.core.StandardService - Starting service [Tomcat]
2021-04-17 16:46:43.856 [INFO ] org.apache.catalina.core.StandardEngine - Starting Servlet engine: [Apache Tomcat/9.0.43]
2021-04-17 16:46:43.858 [INFO ] org.apache.catalina.core.AprLifecycleListener - Loaded Apache Tomcat Native library [1.2.23] using APR version [1.7.0].
2021-04-17 16:46:43.858 [INFO ] org.apache.catalina.core.AprLifecycleListener - APR capabilities: IPv6 [true], sendfile [true], accept filters [false], random [true].
2021-04-17 16:46:43.858 [INFO ] org.apache.catalina.core.AprLifecycleListener - APR/OpenSSL configuration: useAprConnector [false], useOpenSSL [true]
2021-04-17 16:46:43.861 [INFO ] org.apache.catalina.core.AprLifecycleListener - OpenSSL successfully initialized [OpenSSL 1.1.1c  28 May 2019]
2021-04-17 16:46:43.949 [INFO ] org.apache.catalina.core.ContainerBase.[Tomcat].[localhost].[/] - Initializing Spring embedded WebApplicationContext
2021-04-17 16:46:43.950 [INFO ] org.springframework.boot.web.servlet.context.ServletWebServerApplicationContext - Root WebApplicationContext: initialization completed in 1335 ms
2021-04-17 16:46:44.153 [INFO ] com.alibaba.druid.spring.boot.autoconfigure.DruidDataSourceAutoConfigure - Init DruidDataSource
2021-04-17 16:46:44.348 [INFO ] com.alibaba.druid.pool.DruidDataSource - {dataSource-1} inited
2021-04-17 16:46:45.594 [INFO ] org.quartz.impl.StdSchedulerFactory - Using default implementation for ThreadExecutor
2021-04-17 16:46:45.602 [INFO ] org.quartz.core.SchedulerSignalerImpl - Initialized Scheduler Signaller of type: class org.quartz.core.SchedulerSignalerImpl
2021-04-17 16:46:45.602 [INFO ] org.quartz.core.QuartzScheduler - Quartz Scheduler v.2.3.2 created.
2021-04-17 16:46:45.603 [INFO ] org.quartz.simpl.RAMJobStore - RAMJobStore initialized.
2021-04-17 16:46:45.604 [INFO ] org.quartz.core.QuartzScheduler - Scheduler meta-data: Quartz Scheduler (v2.3.2) 'quartzScheduler' with instanceId 'NON_CLUSTERED'
  Scheduler class: 'org.quartz.core.QuartzScheduler' - running locally.
  NOT STARTED.
  Currently in standby mode.
  Number of jobs executed: 0
  Using thread pool 'org.quartz.simpl.SimpleThreadPool' - with 10 threads.
  Using job-store 'org.quartz.simpl.RAMJobStore' - which does not support persistence. and is not clustered.

2021-04-17 16:46:45.604 [INFO ] org.quartz.impl.StdSchedulerFactory - Quartz scheduler 'quartzScheduler' initialized from an externally provided properties instance.
2021-04-17 16:46:45.604 [INFO ] org.quartz.impl.StdSchedulerFactory - Quartz scheduler version: 2.3.2
2021-04-17 16:46:45.604 [INFO ] org.quartz.core.QuartzScheduler - JobFactory set to: org.springframework.scheduling.quartz.SpringBeanJobFactory@73aeef7d
2021-04-17 16:46:46.118 [INFO ] springfox.documentation.spring.web.WebMvcPropertySourcedRequestMappingHandlerMapping - Mapped URL path [/v2/api-docs] onto method [springfox.documentation.swagger2.web.Swagger2ControllerWebMvc#getDocumentation(String, HttpServletRequest)]
2021-04-17 16:46:46.221 [INFO ] org.springframework.security.web.DefaultSecurityFilterChain - Will secure any request with [org.springframework.security.web.context.request.async.WebAsyncManagerIntegrationFilter@5aa62ee7, org.springframework.security.web.context.SecurityContextPersistenceFilter@7d42404e, org.springframework.security.web.header.HeaderWriterFilter@2a8b33ba, org.springframework.web.filter.CorsFilter@1f7cec93, org.springframework.security.web.authentication.logout.LogoutFilter@50085d9c, com.lxw.fliter.JwtAuthenticationFilter@3c9ef6e9, org.springframework.security.web.authentication.UsernamePasswordAuthenticationFilter@38588dea, com.lxw.fliter.JwtAuthorizationFilter@3cdff901, org.springframework.security.web.savedrequest.RequestCacheAwareFilter@31723307, org.springframework.security.web.servletapi.SecurityContextHolderAwareRequestFilter@1e3f0aea, org.springframework.security.web.authentication.AnonymousAuthenticationFilter@57e5396b, org.springframework.security.web.session.SessionManagementFilter@2e1eb85f, org.springframework.security.web.access.ExceptionTranslationFilter@2f79f192, org.springframework.security.web.access.intercept.FilterSecurityInterceptor@79627d27]
2021-04-17 16:46:46.242 [INFO ] org.springframework.scheduling.concurrent.ThreadPoolTaskScheduler - Initializing ExecutorService 'taskScheduler'
2021-04-17 16:46:46.283 [INFO ] org.springframework.scheduling.concurrent.ThreadPoolTaskExecutor - Initializing ExecutorService 'applicationTaskExecutor'
2021-04-17 16:46:46.490 [INFO ] org.apache.coyote.http11.Http11NioProtocol - Starting ProtocolHandler ["http-nio-8081"]
2021-04-17 16:46:46.508 [INFO ] org.apache.catalina.core.ContainerBase.[Tomcat].[localhost].[/] - Initializing Spring DispatcherServlet 'dispatcherServlet'
2021-04-17 16:46:46.510 [INFO ] org.springframework.boot.web.embedded.tomcat.TomcatWebServer - Tomcat started on port(s): 8081 (http) with context path ''
2021-04-17 16:46:46.511 [INFO ] springfox.documentation.spring.web.plugins.DocumentationPluginsBootstrapper - Documentation plugins bootstrapped
2021-04-17 16:46:46.514 [INFO ] springfox.documentation.spring.web.plugins.DocumentationPluginsBootstrapper - Found 1 custom documentation plugin(s)
2021-04-17 16:46:46.546 [INFO ] springfox.documentation.spring.web.scanners.ApiListingReferenceScanner - Scanning for api listing references
2021-04-17 16:46:46.697 [INFO ] springfox.documentation.spring.web.readers.operation.CachingOperationNameGenerator - Generating unique operation named: getTaskDetailsUsingGET_1
2021-04-17 16:46:46.710 [INFO ] org.springframework.scheduling.quartz.SchedulerFactoryBean - Starting Quartz Scheduler now
2021-04-17 16:46:46.710 [INFO ] org.quartz.core.QuartzScheduler - Scheduler quartzScheduler_$_NON_CLUSTERED started.
2021-04-17 16:46:46.720 [INFO ] com.lxw.ReturnHomeApplication - Started ReturnHomeApplication in 4.955 seconds (JVM running for 6.455)
2021-04-17 23:33:50.037 [INFO ] org.hibernate.validator.internal.util.Version - HV000001: Hibernate Validator 6.1.7.Final
2021-04-17 23:33:50.174 [INFO ] com.lxw.ReturnHomeApplication - Starting ReturnHomeApplication using Java 1.8.0_212 on LAPTOP-K8D3MGN6 with PID 7244 (E:\return-home\returnhome-web\target\classes started by ASUS in E:\return-home)
2021-04-17 23:33:50.174 [INFO ] com.lxw.ReturnHomeApplication - No active profile set, falling back to default profiles: default
2021-04-17 23:33:54.775 [INFO ] org.springframework.context.support.PostProcessorRegistrationDelegate$BeanPostProcessorChecker - Bean 'org.springframework.security.access.expression.method.DefaultMethodSecurityExpressionHandler@186cb891' of type [org.springframework.security.access.expression.method.DefaultMethodSecurityExpressionHandler] is not eligible for getting processed by all BeanPostProcessors (for example: not eligible for auto-proxying)
2021-04-17 23:33:54.775 [INFO ] org.springframework.context.support.PostProcessorRegistrationDelegate$BeanPostProcessorChecker - Bean 'methodSecurityMetadataSource' of type [org.springframework.security.access.method.DelegatingMethodSecurityMetadataSource] is not eligible for getting processed by all BeanPostProcessors (for example: not eligible for auto-proxying)
2021-04-17 23:33:55.391 [INFO ] org.springframework.boot.web.embedded.tomcat.TomcatWebServer - Tomcat initialized with port(s): 8081 (http)
2021-04-17 23:33:55.391 [INFO ] org.apache.coyote.http11.Http11NioProtocol - Initializing ProtocolHandler ["http-nio-8081"]
2021-04-17 23:33:55.391 [INFO ] org.apache.catalina.core.StandardService - Starting service [Tomcat]
2021-04-17 23:33:55.391 [INFO ] org.apache.catalina.core.StandardEngine - Starting Servlet engine: [Apache Tomcat/9.0.43]
2021-04-17 23:33:55.407 [INFO ] org.apache.catalina.core.AprLifecycleListener - Loaded Apache Tomcat Native library [1.2.23] using APR version [1.7.0].
2021-04-17 23:33:55.407 [INFO ] org.apache.catalina.core.AprLifecycleListener - APR capabilities: IPv6 [true], sendfile [true], accept filters [false], random [true].
2021-04-17 23:33:55.407 [INFO ] org.apache.catalina.core.AprLifecycleListener - APR/OpenSSL configuration: useAprConnector [false], useOpenSSL [true]
2021-04-17 23:33:55.430 [INFO ] org.apache.catalina.core.AprLifecycleListener - OpenSSL successfully initialized [OpenSSL 1.1.1c  28 May 2019]
2021-04-17 23:33:55.555 [INFO ] org.apache.catalina.core.ContainerBase.[Tomcat].[localhost].[/] - Initializing Spring embedded WebApplicationContext
2021-04-17 23:33:55.555 [INFO ] org.springframework.boot.web.servlet.context.ServletWebServerApplicationContext - Root WebApplicationContext: initialization completed in 5211 ms
2021-04-17 23:33:55.932 [INFO ] com.alibaba.druid.spring.boot.autoconfigure.DruidDataSourceAutoConfigure - Init DruidDataSource
2021-04-17 23:33:56.527 [INFO ] com.alibaba.druid.pool.DruidDataSource - {dataSource-1} inited
2021-04-17 23:33:58.062 [INFO ] org.quartz.impl.StdSchedulerFactory - Using default implementation for ThreadExecutor
2021-04-17 23:33:58.078 [INFO ] org.quartz.core.SchedulerSignalerImpl - Initialized Scheduler Signaller of type: class org.quartz.core.SchedulerSignalerImpl
2021-04-17 23:33:58.078 [INFO ] org.quartz.core.QuartzScheduler - Quartz Scheduler v.2.3.2 created.
2021-04-17 23:33:58.078 [INFO ] org.quartz.simpl.RAMJobStore - RAMJobStore initialized.
2021-04-17 23:33:58.078 [INFO ] org.quartz.core.QuartzScheduler - Scheduler meta-data: Quartz Scheduler (v2.3.2) 'quartzScheduler' with instanceId 'NON_CLUSTERED'
  Scheduler class: 'org.quartz.core.QuartzScheduler' - running locally.
  NOT STARTED.
  Currently in standby mode.
  Number of jobs executed: 0
  Using thread pool 'org.quartz.simpl.SimpleThreadPool' - with 10 threads.
  Using job-store 'org.quartz.simpl.RAMJobStore' - which does not support persistence. and is not clustered.

2021-04-17 23:33:58.078 [INFO ] org.quartz.impl.StdSchedulerFactory - Quartz scheduler 'quartzScheduler' initialized from an externally provided properties instance.
2021-04-17 23:33:58.078 [INFO ] org.quartz.impl.StdSchedulerFactory - Quartz scheduler version: 2.3.2
2021-04-17 23:33:58.078 [INFO ] org.quartz.core.QuartzScheduler - JobFactory set to: org.springframework.scheduling.quartz.SpringBeanJobFactory@5a936e64
2021-04-17 23:33:59.017 [INFO ] springfox.documentation.spring.web.WebMvcPropertySourcedRequestMappingHandlerMapping - Mapped URL path [/v2/api-docs] onto method [springfox.documentation.swagger2.web.Swagger2ControllerWebMvc#getDocumentation(String, HttpServletRequest)]
2021-04-17 23:33:59.143 [INFO ] org.springframework.security.web.DefaultSecurityFilterChain - Will secure any request with [org.springframework.security.web.context.request.async.WebAsyncManagerIntegrationFilter@5b8572df, org.springframework.security.web.context.SecurityContextPersistenceFilter@1d4f5506, org.springframework.security.web.header.HeaderWriterFilter@28cd2c2, org.springframework.web.filter.CorsFilter@7aaad0, org.springframework.security.web.authentication.logout.LogoutFilter@a85644c, com.lxw.fliter.JwtAuthenticationFilter@eed890d, org.springframework.security.web.authentication.UsernamePasswordAuthenticationFilter@46c10083, com.lxw.fliter.JwtAuthorizationFilter@10f477e2, org.springframework.security.web.savedrequest.RequestCacheAwareFilter@1b57c345, org.springframework.security.web.servletapi.SecurityContextHolderAwareRequestFilter@3f9b7fe1, org.springframework.security.web.authentication.AnonymousAuthenticationFilter@6097fca9, org.springframework.security.web.session.SessionManagementFilter@18a096b5, org.springframework.security.web.access.ExceptionTranslationFilter@392781e, org.springframework.security.web.access.intercept.FilterSecurityInterceptor@184823ed]
2021-04-17 23:33:59.174 [INFO ] org.springframework.scheduling.concurrent.ThreadPoolTaskScheduler - Initializing ExecutorService 'taskScheduler'
2021-04-17 23:33:59.237 [INFO ] org.springframework.scheduling.concurrent.ThreadPoolTaskExecutor - Initializing ExecutorService 'applicationTaskExecutor'
2021-04-17 23:33:59.661 [INFO ] org.apache.coyote.http11.Http11NioProtocol - Starting ProtocolHandler ["http-nio-8081"]
2021-04-17 23:33:59.678 [INFO ] org.apache.catalina.core.ContainerBase.[Tomcat].[localhost].[/] - Initializing Spring DispatcherServlet 'dispatcherServlet'
2021-04-17 23:33:59.678 [INFO ] org.springframework.boot.web.embedded.tomcat.TomcatWebServer - Tomcat started on port(s): 8081 (http) with context path ''
2021-04-17 23:33:59.678 [INFO ] springfox.documentation.spring.web.plugins.DocumentationPluginsBootstrapper - Documentation plugins bootstrapped
2021-04-17 23:33:59.693 [INFO ] springfox.documentation.spring.web.plugins.DocumentationPluginsBootstrapper - Found 1 custom documentation plugin(s)
2021-04-17 23:33:59.724 [INFO ] springfox.documentation.spring.web.scanners.ApiListingReferenceScanner - Scanning for api listing references
2021-04-17 23:33:59.944 [INFO ] springfox.documentation.spring.web.readers.operation.CachingOperationNameGenerator - Generating unique operation named: getTaskDetailsUsingGET_1
2021-04-17 23:33:59.959 [INFO ] org.springframework.scheduling.quartz.SchedulerFactoryBean - Starting Quartz Scheduler now
2021-04-17 23:33:59.959 [INFO ] org.quartz.core.QuartzScheduler - Scheduler quartzScheduler_$_NON_CLUSTERED started.
2021-04-17 23:33:59.975 [INFO ] com.lxw.ReturnHomeApplication - Started ReturnHomeApplication in 11.426 seconds (JVM running for 13.07)
