2021-03-15 00:11:49.084 [DEBUG] com.lxw.system.mapper.LostmanInfoMapper.updateById - ==>  Preparing: UPDATE tb_lostman_info SET lostman_sex=?, lostman_age=?, lostman_IDCard=?, lostman_remark=? WHERE lostman_id=?
2021-03-15 00:11:49.109 [DEBUG] com.lxw.system.mapper.LostmanInfoMapper.updateById - ==> Parameters: 0(Integer), 99(Integer), 331021211118152288(String), 这个人很懒(String), 5(Long)
2021-03-15 00:11:49.123 [DEBUG] com.lxw.system.mapper.LostmanInfoMapper.updateById - <==    Updates: 1
2021-03-15 00:19:19.882 [DEBUG] com.lxw.system.mapper.VolunteerPosMapper.selectById - ==>  Preparing: SELECT volunteer_id,longitude,latitude FROM tb_volunteer_pos WHERE null=?
2021-03-15 00:19:19.902 [DEBUG] com.lxw.system.mapper.VolunteerPosMapper.selectById - ==> Parameters: 1(Long)
2021-03-15 00:19:19.919 [DEBUG] com.lxw.system.mapper.VolunteerPosMapper.selectById - <==      Total: 0
2021-03-15 00:20:18.519 [DEBUG] com.lxw.system.mapper.VolunteerPosMapper.selectById - ==>  Preparing: SELECT volunteer_id,longitude,latitude FROM tb_volunteer_pos WHERE null=?
2021-03-15 00:20:18.539 [DEBUG] com.lxw.system.mapper.VolunteerPosMapper.selectById - ==> Parameters: 1(Long)
2021-03-15 00:20:18.558 [DEBUG] com.lxw.system.mapper.VolunteerPosMapper.selectById - <==      Total: 0
2021-03-15 00:23:03.826 [DEBUG] com.lxw.system.mapper.VolunteerPosMapper.selectById - ==>  Preparing: SELECT volunteer_id,longitude,latitude FROM tb_volunteer_pos WHERE null=?
2021-03-15 00:23:03.846 [DEBUG] com.lxw.system.mapper.VolunteerPosMapper.selectById - ==> Parameters: 1(Long)
2021-03-15 00:23:03.864 [DEBUG] com.lxw.system.mapper.VolunteerPosMapper.selectById - <==      Total: 0
2021-03-15 00:32:46.995 [DEBUG] com.lxw.system.mapper.VolunteerPosMapper.selectById - ==>  Preparing: SELECT volunteer_id,longitude,latitude FROM tb_volunteer_pos WHERE volunteer_id=?
2021-03-15 00:32:47.031 [DEBUG] com.lxw.system.mapper.VolunteerPosMapper.selectById - ==> Parameters: 1(Long)
2021-03-15 00:32:47.049 [DEBUG] com.lxw.system.mapper.VolunteerPosMapper.selectById - <==      Total: 0
2021-03-15 00:32:47.066 [DEBUG] com.lxw.system.mapper.VolunteerPosMapper.insert - ==>  Preparing: INSERT INTO tb_volunteer_pos ( volunteer_id, longitude, latitude ) VALUES ( ?, ?, ? )
2021-03-15 00:32:47.067 [DEBUG] com.lxw.system.mapper.VolunteerPosMapper.insert - ==> Parameters: 1(Long), 12.45(String), 15.55(String)
2021-03-15 00:32:47.069 [DEBUG] com.lxw.system.mapper.VolunteerPosMapper.insert - <==    Updates: 1
2021-03-15 00:33:22.709 [DEBUG] com.lxw.system.mapper.VolunteerPosMapper.selectById - ==>  Preparing: SELECT volunteer_id,longitude,latitude FROM tb_volunteer_pos WHERE volunteer_id=?
2021-03-15 00:33:22.710 [DEBUG] com.lxw.system.mapper.VolunteerPosMapper.selectById - ==> Parameters: 1(Long)
2021-03-15 00:33:22.714 [DEBUG] com.lxw.system.mapper.VolunteerPosMapper.selectById - <==      Total: 1
2021-03-15 00:33:22.726 [DEBUG] com.lxw.system.mapper.VolunteerPosMapper.updateById - ==>  Preparing: UPDATE tb_volunteer_pos SET longitude=?, latitude=? WHERE volunteer_id=?
2021-03-15 00:33:22.731 [DEBUG] com.lxw.system.mapper.VolunteerPosMapper.updateById - ==> Parameters: 12.45(String), 100.8888(String), 1(Long)
2021-03-15 00:33:22.732 [DEBUG] com.lxw.system.mapper.VolunteerPosMapper.updateById - <==    Updates: 1
2021-03-15 22:39:14.830 [DEBUG] com.lxw.system.mapper.UserMapper.selectOne - ==>  Preparing: SELECT id,username,password FROM sys_user WHERE (username = ?)
2021-03-15 22:39:14.894 [DEBUG] com.lxw.system.mapper.UserMapper.selectOne - ==> Parameters: test(String)
2021-03-15 22:39:14.955 [DEBUG] com.lxw.system.mapper.UserMapper.selectOne - <==      Total: 1
2021-03-15 22:39:14.958 [DEBUG] com.lxw.system.mapper.UserMapper.getRolesByUserId - ==>  Preparing: select id, role_name, remark, create_time from sys_role r where id in (select role_id from sys_user_role where user_id = ? )
2021-03-15 22:39:14.959 [DEBUG] com.lxw.system.mapper.UserMapper.getRolesByUserId - ==> Parameters: 3(Long)
2021-03-15 22:39:14.962 [DEBUG] com.lxw.system.mapper.UserMapper.getRolesByUserId - <==      Total: 1
2021-03-15 22:39:44.567 [DEBUG] com.lxw.system.mapper.VolunteerPosMapper.selectById - ==>  Preparing: SELECT volunteer_id,longitude,latitude FROM tb_volunteer_pos WHERE volunteer_id=?
2021-03-15 22:39:44.567 [DEBUG] com.lxw.system.mapper.VolunteerPosMapper.selectById - ==> Parameters: 3(Long)
2021-03-15 22:39:44.569 [DEBUG] com.lxw.system.mapper.VolunteerPosMapper.selectById - <==      Total: 0
2021-03-15 22:39:44.573 [DEBUG] com.lxw.system.mapper.VolunteerPosMapper.insert - ==>  Preparing: INSERT INTO tb_volunteer_pos ( volunteer_id, longitude, latitude ) VALUES ( ?, ?, ? )
2021-03-15 22:39:44.574 [DEBUG] com.lxw.system.mapper.VolunteerPosMapper.insert - ==> Parameters: 3(Long), 23.11(String), 10.88(String)
2021-03-15 22:39:44.576 [DEBUG] com.lxw.system.mapper.VolunteerPosMapper.insert - <==    Updates: 1
2021-03-15 22:40:55.910 [DEBUG] com.lxw.system.mapper.VolunteerPosMapper.selectById - ==>  Preparing: SELECT volunteer_id,longitude,latitude FROM tb_volunteer_pos WHERE volunteer_id=?
2021-03-15 22:40:55.911 [DEBUG] com.lxw.system.mapper.VolunteerPosMapper.selectById - ==> Parameters: 4(Long)
2021-03-15 22:40:55.913 [DEBUG] com.lxw.system.mapper.VolunteerPosMapper.selectById - <==      Total: 0
2021-03-15 22:40:55.915 [DEBUG] com.lxw.system.mapper.VolunteerPosMapper.insert - ==>  Preparing: INSERT INTO tb_volunteer_pos ( volunteer_id, longitude, latitude ) VALUES ( ?, ?, ? )
2021-03-15 22:40:55.916 [DEBUG] com.lxw.system.mapper.VolunteerPosMapper.insert - ==> Parameters: 4(Long), 55.55(String), 66.66(String)
2021-03-15 22:40:55.918 [DEBUG] com.lxw.system.mapper.VolunteerPosMapper.insert - <==    Updates: 1
2021-03-15 22:51:38.144 [DEBUG] com.lxw.system.mapper.VolunteerMapper.selectById - ==>  Preparing: SELECT id,account,password,openid,username,nickname,sex,phone_number,address,email,avatar,create_time,status FROM tb_volunteer_info WHERE id=?
2021-03-15 22:51:38.165 [DEBUG] com.lxw.system.mapper.VolunteerMapper.selectById - ==> Parameters: 2(Long)
2021-03-15 22:51:38.184 [DEBUG] com.lxw.system.mapper.VolunteerMapper.selectById - <==      Total: 0
2021-03-15 22:51:38.203 [DEBUG] com.lxw.system.mapper.VolunteerPosMapper.selectById - ==>  Preparing: SELECT volunteer_id,longitude,latitude FROM tb_volunteer_pos WHERE volunteer_id=?
2021-03-15 22:51:38.203 [DEBUG] com.lxw.system.mapper.VolunteerPosMapper.selectById - ==> Parameters: 2(Long)
2021-03-15 22:51:38.205 [DEBUG] com.lxw.system.mapper.VolunteerPosMapper.selectById - <==      Total: 0
2021-03-15 22:51:38.220 [DEBUG] com.lxw.system.mapper.VolunteerPosMapper.insert - ==>  Preparing: INSERT INTO tb_volunteer_pos ( volunteer_id, longitude, latitude ) VALUES ( ?, ?, ? )
2021-03-15 22:51:38.222 [DEBUG] com.lxw.system.mapper.VolunteerPosMapper.insert - ==> Parameters: 2(Long), 55.55(String), 66.66(String)
2021-03-15 22:51:38.223 [DEBUG] com.lxw.system.mapper.VolunteerPosMapper.insert - <==    Updates: 1
2021-03-15 22:52:32.086 [DEBUG] com.lxw.system.mapper.VolunteerMapper.selectById - ==>  Preparing: SELECT id,account,password,openid,username,nickname,sex,phone_number,address,email,avatar,create_time,status FROM tb_volunteer_info WHERE id=?
2021-03-15 22:52:32.106 [DEBUG] com.lxw.system.mapper.VolunteerMapper.selectById - ==> Parameters: 2(Long)
2021-03-15 22:52:32.123 [DEBUG] com.lxw.system.mapper.VolunteerMapper.selectById - <==      Total: 0
2021-03-15 22:52:32.141 [DEBUG] com.lxw.system.mapper.VolunteerPosMapper.selectById - ==>  Preparing: SELECT volunteer_id,longitude,latitude FROM tb_volunteer_pos WHERE volunteer_id=?
2021-03-15 22:52:32.142 [DEBUG] com.lxw.system.mapper.VolunteerPosMapper.selectById - ==> Parameters: 2(Long)
2021-03-15 22:52:32.143 [DEBUG] com.lxw.system.mapper.VolunteerPosMapper.selectById - <==      Total: 0
2021-03-15 22:52:32.176 [DEBUG] com.lxw.system.mapper.VolunteerPosMapper.insert - ==>  Preparing: INSERT INTO tb_volunteer_pos ( volunteer_id, longitude, latitude ) VALUES ( ?, ?, ? )
2021-03-15 22:52:32.178 [DEBUG] com.lxw.system.mapper.VolunteerPosMapper.insert - ==> Parameters: 2(Long), 55.55(String), 66.66(String)
2021-03-15 22:52:32.179 [DEBUG] com.lxw.system.mapper.VolunteerPosMapper.insert - <==    Updates: 1
2021-03-15 22:55:19.730 [DEBUG] com.lxw.system.mapper.VolunteerMapper.selectById - ==>  Preparing: SELECT id,account,password,openid,username,nickname,sex,phone_number,address,email,avatar,create_time,status FROM tb_volunteer_info WHERE id=?
2021-03-15 22:55:19.750 [DEBUG] com.lxw.system.mapper.VolunteerMapper.selectById - ==> Parameters: 2(Long)
2021-03-15 22:55:19.766 [DEBUG] com.lxw.system.mapper.VolunteerMapper.selectById - <==      Total: 0
2021-03-15 22:59:51.542 [DEBUG] com.lxw.system.mapper.VolunteerMapper.selectById - ==>  Preparing: SELECT id,account,password,openid,username,nickname,sex,phone_number,address,email,avatar,create_time,status FROM tb_volunteer_info WHERE id=?
2021-03-15 22:59:51.563 [DEBUG] com.lxw.system.mapper.VolunteerMapper.selectById - ==> Parameters: 5(Long)
2021-03-15 22:59:51.584 [DEBUG] com.lxw.system.mapper.VolunteerMapper.selectById - <==      Total: 1
2021-03-15 22:59:51.604 [DEBUG] com.lxw.system.mapper.VolunteerPosMapper.selectById - ==>  Preparing: SELECT volunteer_id,longitude,latitude FROM tb_volunteer_pos WHERE volunteer_id=?
2021-03-15 22:59:51.605 [DEBUG] com.lxw.system.mapper.VolunteerPosMapper.selectById - ==> Parameters: 5(Long)
2021-03-15 22:59:51.606 [DEBUG] com.lxw.system.mapper.VolunteerPosMapper.selectById - <==      Total: 0
2021-03-15 22:59:51.622 [DEBUG] com.lxw.system.mapper.VolunteerPosMapper.insert - ==>  Preparing: INSERT INTO tb_volunteer_pos ( volunteer_id, longitude, latitude ) VALUES ( ?, ?, ? )
2021-03-15 22:59:51.623 [DEBUG] com.lxw.system.mapper.VolunteerPosMapper.insert - ==> Parameters: 5(Long), 7.63(String), 5.81(String)
2021-03-15 22:59:51.625 [DEBUG] com.lxw.system.mapper.VolunteerPosMapper.insert - <==    Updates: 1
2021-03-15 23:00:02.058 [DEBUG] com.lxw.system.mapper.VolunteerMapper.selectById - ==>  Preparing: SELECT id,account,password,openid,username,nickname,sex,phone_number,address,email,avatar,create_time,status FROM tb_volunteer_info WHERE id=?
2021-03-15 23:00:02.059 [DEBUG] com.lxw.system.mapper.VolunteerMapper.selectById - ==> Parameters: 6(Long)
2021-03-15 23:00:02.061 [DEBUG] com.lxw.system.mapper.VolunteerMapper.selectById - <==      Total: 1
2021-03-15 23:00:02.064 [DEBUG] com.lxw.system.mapper.VolunteerPosMapper.selectById - ==>  Preparing: SELECT volunteer_id,longitude,latitude FROM tb_volunteer_pos WHERE volunteer_id=?
2021-03-15 23:00:02.065 [DEBUG] com.lxw.system.mapper.VolunteerPosMapper.selectById - ==> Parameters: 6(Long)
2021-03-15 23:00:02.067 [DEBUG] com.lxw.system.mapper.VolunteerPosMapper.selectById - <==      Total: 0
2021-03-15 23:00:02.068 [DEBUG] com.lxw.system.mapper.VolunteerPosMapper.insert - ==>  Preparing: INSERT INTO tb_volunteer_pos ( volunteer_id, longitude, latitude ) VALUES ( ?, ?, ? )
2021-03-15 23:00:02.069 [DEBUG] com.lxw.system.mapper.VolunteerPosMapper.insert - ==> Parameters: 6(Long), 29.84(String), 31.97(String)
2021-03-15 23:00:02.071 [DEBUG] com.lxw.system.mapper.VolunteerPosMapper.insert - <==    Updates: 1
2021-03-15 23:00:12.760 [DEBUG] com.lxw.system.mapper.VolunteerMapper.selectById - ==>  Preparing: SELECT id,account,password,openid,username,nickname,sex,phone_number,address,email,avatar,create_time,status FROM tb_volunteer_info WHERE id=?
2021-03-15 23:00:12.761 [DEBUG] com.lxw.system.mapper.VolunteerMapper.selectById - ==> Parameters: 7(Long)
2021-03-15 23:00:12.763 [DEBUG] com.lxw.system.mapper.VolunteerMapper.selectById - <==      Total: 1
2021-03-15 23:00:12.765 [DEBUG] com.lxw.system.mapper.VolunteerPosMapper.selectById - ==>  Preparing: SELECT volunteer_id,longitude,latitude FROM tb_volunteer_pos WHERE volunteer_id=?
2021-03-15 23:00:12.766 [DEBUG] com.lxw.system.mapper.VolunteerPosMapper.selectById - ==> Parameters: 7(Long)
2021-03-15 23:00:12.767 [DEBUG] com.lxw.system.mapper.VolunteerPosMapper.selectById - <==      Total: 0
2021-03-15 23:00:12.769 [DEBUG] com.lxw.system.mapper.VolunteerPosMapper.insert - ==>  Preparing: INSERT INTO tb_volunteer_pos ( volunteer_id, longitude, latitude ) VALUES ( ?, ?, ? )
2021-03-15 23:00:12.770 [DEBUG] com.lxw.system.mapper.VolunteerPosMapper.insert - ==> Parameters: 7(Long), 151.62(String), 62.57(String)
2021-03-15 23:00:12.771 [DEBUG] com.lxw.system.mapper.VolunteerPosMapper.insert - <==    Updates: 1
2021-03-15 23:07:25.135 [DEBUG] com.lxw.system.mapper.VolunteerMapper.selectById - ==>  Preparing: SELECT id,account,password,openid,username,nickname,sex,phone_number,address,email,avatar,create_time,status FROM tb_volunteer_info WHERE id=?
2021-03-15 23:07:25.136 [DEBUG] com.lxw.system.mapper.VolunteerMapper.selectById - ==> Parameters: 8(Long)
2021-03-15 23:07:25.138 [DEBUG] com.lxw.system.mapper.VolunteerMapper.selectById - <==      Total: 0
2021-03-15 23:07:34.828 [DEBUG] com.lxw.system.mapper.VolunteerMapper.selectById - ==>  Preparing: SELECT id,account,password,openid,username,nickname,sex,phone_number,address,email,avatar,create_time,status FROM tb_volunteer_info WHERE id=?
2021-03-15 23:07:34.829 [DEBUG] com.lxw.system.mapper.VolunteerMapper.selectById - ==> Parameters: 10(Long)
2021-03-15 23:07:34.846 [DEBUG] com.lxw.system.mapper.VolunteerMapper.selectById - <==      Total: 1
2021-03-15 23:07:34.847 [DEBUG] com.lxw.system.mapper.VolunteerPosMapper.selectById - ==>  Preparing: SELECT volunteer_id,longitude,latitude FROM tb_volunteer_pos WHERE volunteer_id=?
2021-03-15 23:07:34.848 [DEBUG] com.lxw.system.mapper.VolunteerPosMapper.selectById - ==> Parameters: 10(Long)
2021-03-15 23:07:34.849 [DEBUG] com.lxw.system.mapper.VolunteerPosMapper.selectById - <==      Total: 0
2021-03-15 23:07:34.850 [DEBUG] com.lxw.system.mapper.VolunteerPosMapper.insert - ==>  Preparing: INSERT INTO tb_volunteer_pos ( volunteer_id, longitude, latitude ) VALUES ( ?, ?, ? )
2021-03-15 23:07:34.851 [DEBUG] com.lxw.system.mapper.VolunteerPosMapper.insert - ==> Parameters: 10(Long), -111.11(String), -62.57(String)
2021-03-15 23:07:34.852 [DEBUG] com.lxw.system.mapper.VolunteerPosMapper.insert - <==    Updates: 1
2021-03-15 23:08:15.032 [DEBUG] com.lxw.system.mapper.VolunteerMapper.selectById - ==>  Preparing: SELECT id,account,password,openid,username,nickname,sex,phone_number,address,email,avatar,create_time,status FROM tb_volunteer_info WHERE id=?
2021-03-15 23:08:15.033 [DEBUG] com.lxw.system.mapper.VolunteerMapper.selectById - ==> Parameters: 11(Long)
2021-03-15 23:08:15.036 [DEBUG] com.lxw.system.mapper.VolunteerMapper.selectById - <==      Total: 1
2021-03-15 23:08:15.037 [DEBUG] com.lxw.system.mapper.VolunteerPosMapper.selectById - ==>  Preparing: SELECT volunteer_id,longitude,latitude FROM tb_volunteer_pos WHERE volunteer_id=?
2021-03-15 23:08:15.038 [DEBUG] com.lxw.system.mapper.VolunteerPosMapper.selectById - ==> Parameters: 11(Long)
2021-03-15 23:08:15.040 [DEBUG] com.lxw.system.mapper.VolunteerPosMapper.selectById - <==      Total: 0
2021-03-15 23:08:15.041 [DEBUG] com.lxw.system.mapper.VolunteerPosMapper.insert - ==>  Preparing: INSERT INTO tb_volunteer_pos ( volunteer_id, longitude, latitude ) VALUES ( ?, ?, ? )
2021-03-15 23:08:15.043 [DEBUG] com.lxw.system.mapper.VolunteerPosMapper.insert - ==> Parameters: 11(Long), -50.11(String), -62.57(String)
2021-03-15 23:08:15.045 [DEBUG] com.lxw.system.mapper.VolunteerPosMapper.insert - <==    Updates: 1
2021-03-15 23:08:31.714 [DEBUG] com.lxw.system.mapper.VolunteerMapper.selectById - ==>  Preparing: SELECT id,account,password,openid,username,nickname,sex,phone_number,address,email,avatar,create_time,status FROM tb_volunteer_info WHERE id=?
2021-03-15 23:08:31.715 [DEBUG] com.lxw.system.mapper.VolunteerMapper.selectById - ==> Parameters: 18(Long)
2021-03-15 23:08:31.716 [DEBUG] com.lxw.system.mapper.VolunteerMapper.selectById - <==      Total: 1
2021-03-15 23:08:31.718 [DEBUG] com.lxw.system.mapper.VolunteerPosMapper.selectById - ==>  Preparing: SELECT volunteer_id,longitude,latitude FROM tb_volunteer_pos WHERE volunteer_id=?
2021-03-15 23:08:31.720 [DEBUG] com.lxw.system.mapper.VolunteerPosMapper.selectById - ==> Parameters: 18(Long)
2021-03-15 23:08:31.720 [DEBUG] com.lxw.system.mapper.VolunteerPosMapper.selectById - <==      Total: 0
2021-03-15 23:08:31.721 [DEBUG] com.lxw.system.mapper.VolunteerPosMapper.insert - ==>  Preparing: INSERT INTO tb_volunteer_pos ( volunteer_id, longitude, latitude ) VALUES ( ?, ?, ? )
2021-03-15 23:08:31.722 [DEBUG] com.lxw.system.mapper.VolunteerPosMapper.insert - ==> Parameters: 18(Long), -22.11(String), -10.57(String)
2021-03-15 23:08:31.723 [DEBUG] com.lxw.system.mapper.VolunteerPosMapper.insert - <==    Updates: 1
2021-03-15 23:09:16.719 [DEBUG] com.lxw.system.mapper.VolunteerMapper.selectById - ==>  Preparing: SELECT id,account,password,openid,username,nickname,sex,phone_number,address,email,avatar,create_time,status FROM tb_volunteer_info WHERE id=?
2021-03-15 23:09:16.719 [DEBUG] com.lxw.system.mapper.VolunteerMapper.selectById - ==> Parameters: 21(Long)
2021-03-15 23:09:16.721 [DEBUG] com.lxw.system.mapper.VolunteerMapper.selectById - <==      Total: 1
2021-03-15 23:09:16.723 [DEBUG] com.lxw.system.mapper.VolunteerPosMapper.selectById - ==>  Preparing: SELECT volunteer_id,longitude,latitude FROM tb_volunteer_pos WHERE volunteer_id=?
2021-03-15 23:09:16.723 [DEBUG] com.lxw.system.mapper.VolunteerPosMapper.selectById - ==> Parameters: 21(Long)
2021-03-15 23:09:16.725 [DEBUG] com.lxw.system.mapper.VolunteerPosMapper.selectById - <==      Total: 0
2021-03-15 23:09:16.726 [DEBUG] com.lxw.system.mapper.VolunteerPosMapper.insert - ==>  Preparing: INSERT INTO tb_volunteer_pos ( volunteer_id, longitude, latitude ) VALUES ( ?, ?, ? )
2021-03-15 23:09:16.727 [DEBUG] com.lxw.system.mapper.VolunteerPosMapper.insert - ==> Parameters: 21(Long), 12(String), 24(String)
2021-03-15 23:09:16.729 [DEBUG] com.lxw.system.mapper.VolunteerPosMapper.insert - <==    Updates: 1
2021-03-15 23:30:00.366 [DEBUG] com.lxw.system.mapper.LostmanInfoMapper.insert - ==>  Preparing: INSERT INTO tb_lostman_info ( lostman_name, lostman_pos, lostman_pos_longitude, lostman_pos_latitude, family_phoneNumber, family_name, lost_time ) VALUES ( ?, ?, ?, ?, ?, ?, ? )
2021-03-15 23:30:00.388 [DEBUG] com.lxw.system.mapper.LostmanInfoMapper.insert - ==> Parameters: jlc(String), 浙江省台州市(String), 73(String), -25.44(String), 13967658333(String), lxw(String), 2020-02-15 09:08:00.0(Timestamp)
2021-03-15 23:30:00.393 [DEBUG] com.lxw.system.mapper.LostmanInfoMapper.insert - <==    Updates: 1
