2021-03-15 00:11:37.464 [INFO ] org.hibernate.validator.internal.util.Version - HV000001: Hibernate Validator 6.1.7.Final
2021-03-15 00:11:37.472 [INFO ] com.lxw.ReturnHomeApplication - Starting ReturnHomeApplication using Java 1.8.0_212 on LAPTOP-K8D3MGN6 with PID 13448 (E:\return-home\returnhome-web\target\classes started by ASUS in E:\return-home)
2021-03-15 00:11:37.473 [INFO ] com.lxw.ReturnHomeApplication - No active profile set, falling back to default profiles: default
2021-03-15 00:11:38.609 [INFO ] org.springframework.context.support.PostProcessorRegistrationDelegate$BeanPostProcessorChecker - Bean 'org.springframework.security.access.expression.method.DefaultMethodSecurityExpressionHandler@6eaa21d8' of type [org.springframework.security.access.expression.method.DefaultMethodSecurityExpressionHandler] is not eligible for getting processed by all BeanPostProcessors (for example: not eligible for auto-proxying)
2021-03-15 00:11:38.616 [INFO ] org.springframework.context.support.PostProcessorRegistrationDelegate$BeanPostProcessorChecker - Bean 'methodSecurityMetadataSource' of type [org.springframework.security.access.method.DelegatingMethodSecurityMetadataSource] is not eligible for getting processed by all BeanPostProcessors (for example: not eligible for auto-proxying)
2021-03-15 00:11:38.872 [INFO ] org.springframework.boot.web.embedded.tomcat.TomcatWebServer - Tomcat initialized with port(s): 8081 (http)
2021-03-15 00:11:38.881 [INFO ] org.apache.coyote.http11.Http11NioProtocol - Initializing ProtocolHandler ["http-nio-8081"]
2021-03-15 00:11:38.882 [INFO ] org.apache.catalina.core.StandardService - Starting service [Tomcat]
2021-03-15 00:11:38.882 [INFO ] org.apache.catalina.core.StandardEngine - Starting Servlet engine: [Apache Tomcat/9.0.43]
2021-03-15 00:11:38.884 [INFO ] org.apache.catalina.core.AprLifecycleListener - Loaded Apache Tomcat Native library [1.2.23] using APR version [1.7.0].
2021-03-15 00:11:38.884 [INFO ] org.apache.catalina.core.AprLifecycleListener - APR capabilities: IPv6 [true], sendfile [true], accept filters [false], random [true].
2021-03-15 00:11:38.885 [INFO ] org.apache.catalina.core.AprLifecycleListener - APR/OpenSSL configuration: useAprConnector [false], useOpenSSL [true]
2021-03-15 00:11:38.888 [INFO ] org.apache.catalina.core.AprLifecycleListener - OpenSSL successfully initialized [OpenSSL 1.1.1c  28 May 2019]
2021-03-15 00:11:38.977 [INFO ] org.apache.catalina.core.ContainerBase.[Tomcat].[localhost].[/] - Initializing Spring embedded WebApplicationContext
2021-03-15 00:11:38.978 [INFO ] org.springframework.boot.web.servlet.context.ServletWebServerApplicationContext - Root WebApplicationContext: initialization completed in 1461 ms
2021-03-15 00:11:39.195 [INFO ] com.alibaba.druid.spring.boot.autoconfigure.DruidDataSourceAutoConfigure - Init DruidDataSource
2021-03-15 00:11:39.436 [INFO ] com.alibaba.druid.pool.DruidDataSource - {dataSource-1} inited
2021-03-15 00:11:41.182 [INFO ] springfox.documentation.spring.web.WebMvcPropertySourcedRequestMappingHandlerMapping - Mapped URL path [/v2/api-docs] onto method [springfox.documentation.swagger2.web.Swagger2ControllerWebMvc#getDocumentation(String, HttpServletRequest)]
2021-03-15 00:11:41.282 [INFO ] org.springframework.security.web.DefaultSecurityFilterChain - Will secure any request with [org.springframework.security.web.context.request.async.WebAsyncManagerIntegrationFilter@66f5a02e, org.springframework.security.web.context.SecurityContextPersistenceFilter@1450131a, org.springframework.security.web.header.HeaderWriterFilter@43cb5f38, org.springframework.web.filter.CorsFilter@4e3f2908, org.springframework.security.web.authentication.logout.LogoutFilter@2839e3c8, com.lxw.fliter.JwtAuthenticationFilter@7e87ef9e, org.springframework.security.web.authentication.UsernamePasswordAuthenticationFilter@6b357eb6, com.lxw.fliter.JwtAuthorizationFilter@e3b0369, org.springframework.security.web.savedrequest.RequestCacheAwareFilter@3a36cd5, org.springframework.security.web.servletapi.SecurityContextHolderAwareRequestFilter@3f6f3cc, org.springframework.security.web.authentication.AnonymousAuthenticationFilter@45843650, org.springframework.security.web.session.SessionManagementFilter@7944b8b4, org.springframework.security.web.access.ExceptionTranslationFilter@7f7c420c, org.springframework.security.web.access.intercept.FilterSecurityInterceptor@fd413fb]
2021-03-15 00:11:41.331 [INFO ] org.springframework.scheduling.concurrent.ThreadPoolTaskExecutor - Initializing ExecutorService 'applicationTaskExecutor'
2021-03-15 00:11:41.503 [INFO ] org.apache.coyote.http11.Http11NioProtocol - Starting ProtocolHandler ["http-nio-8081"]
2021-03-15 00:11:41.523 [INFO ] org.springframework.boot.web.embedded.tomcat.TomcatWebServer - Tomcat started on port(s): 8081 (http) with context path ''
2021-03-15 00:11:41.524 [INFO ] springfox.documentation.spring.web.plugins.DocumentationPluginsBootstrapper - Documentation plugins bootstrapped
2021-03-15 00:11:41.527 [INFO ] springfox.documentation.spring.web.plugins.DocumentationPluginsBootstrapper - Found 1 custom documentation plugin(s)
2021-03-15 00:11:41.557 [INFO ] springfox.documentation.spring.web.scanners.ApiListingReferenceScanner - Scanning for api listing references
2021-03-15 00:11:41.707 [INFO ] com.lxw.ReturnHomeApplication - Started ReturnHomeApplication in 4.957 seconds (JVM running for 6.193)
2021-03-15 00:11:48.391 [INFO ] org.apache.catalina.core.ContainerBase.[Tomcat].[localhost].[/] - Initializing Spring DispatcherServlet 'dispatcherServlet'
2021-03-15 00:16:39.821 [INFO ] org.hibernate.validator.internal.util.Version - HV000001: Hibernate Validator 6.1.7.Final
2021-03-15 00:16:39.835 [INFO ] com.lxw.ReturnHomeApplication - Starting ReturnHomeApplication using Java 1.8.0_212 on LAPTOP-K8D3MGN6 with PID 15936 (E:\return-home\returnhome-web\target\classes started by ASUS in E:\return-home)
2021-03-15 00:16:39.836 [INFO ] com.lxw.ReturnHomeApplication - No active profile set, falling back to default profiles: default
2021-03-15 00:16:41.132 [INFO ] org.springframework.context.support.PostProcessorRegistrationDelegate$BeanPostProcessorChecker - Bean 'org.springframework.security.access.expression.method.DefaultMethodSecurityExpressionHandler@4bb003e9' of type [org.springframework.security.access.expression.method.DefaultMethodSecurityExpressionHandler] is not eligible for getting processed by all BeanPostProcessors (for example: not eligible for auto-proxying)
2021-03-15 00:16:41.136 [INFO ] org.springframework.context.support.PostProcessorRegistrationDelegate$BeanPostProcessorChecker - Bean 'methodSecurityMetadataSource' of type [org.springframework.security.access.method.DelegatingMethodSecurityMetadataSource] is not eligible for getting processed by all BeanPostProcessors (for example: not eligible for auto-proxying)
2021-03-15 00:16:41.380 [INFO ] org.springframework.boot.web.embedded.tomcat.TomcatWebServer - Tomcat initialized with port(s): 8081 (http)
2021-03-15 00:16:41.387 [INFO ] org.apache.coyote.http11.Http11NioProtocol - Initializing ProtocolHandler ["http-nio-8081"]
2021-03-15 00:16:41.388 [INFO ] org.apache.catalina.core.StandardService - Starting service [Tomcat]
2021-03-15 00:16:41.388 [INFO ] org.apache.catalina.core.StandardEngine - Starting Servlet engine: [Apache Tomcat/9.0.43]
2021-03-15 00:16:41.389 [INFO ] org.apache.catalina.core.AprLifecycleListener - Loaded Apache Tomcat Native library [1.2.23] using APR version [1.7.0].
2021-03-15 00:16:41.389 [INFO ] org.apache.catalina.core.AprLifecycleListener - APR capabilities: IPv6 [true], sendfile [true], accept filters [false], random [true].
2021-03-15 00:16:41.390 [INFO ] org.apache.catalina.core.AprLifecycleListener - APR/OpenSSL configuration: useAprConnector [false], useOpenSSL [true]
2021-03-15 00:16:41.393 [INFO ] org.apache.catalina.core.AprLifecycleListener - OpenSSL successfully initialized [OpenSSL 1.1.1c  28 May 2019]
2021-03-15 00:16:41.479 [INFO ] org.apache.catalina.core.ContainerBase.[Tomcat].[localhost].[/] - Initializing Spring embedded WebApplicationContext
2021-03-15 00:16:41.479 [INFO ] org.springframework.boot.web.servlet.context.ServletWebServerApplicationContext - Root WebApplicationContext: initialization completed in 1578 ms
2021-03-15 00:16:41.698 [INFO ] com.alibaba.druid.spring.boot.autoconfigure.DruidDataSourceAutoConfigure - Init DruidDataSource
2021-03-15 00:16:41.938 [INFO ] com.alibaba.druid.pool.DruidDataSource - {dataSource-1} inited
2021-03-15 00:16:43.625 [INFO ] springfox.documentation.spring.web.WebMvcPropertySourcedRequestMappingHandlerMapping - Mapped URL path [/v2/api-docs] onto method [springfox.documentation.swagger2.web.Swagger2ControllerWebMvc#getDocumentation(String, HttpServletRequest)]
2021-03-15 00:16:43.741 [INFO ] org.springframework.security.web.DefaultSecurityFilterChain - Will secure any request with [org.springframework.security.web.context.request.async.WebAsyncManagerIntegrationFilter@3a7b2e2, org.springframework.security.web.context.SecurityContextPersistenceFilter@47acd13b, org.springframework.security.web.header.HeaderWriterFilter@1450131a, org.springframework.web.filter.CorsFilter@337a6d30, org.springframework.security.web.authentication.logout.LogoutFilter@39666e42, com.lxw.fliter.JwtAuthenticationFilter@2921a36a, org.springframework.security.web.authentication.UsernamePasswordAuthenticationFilter@2ba1209b, com.lxw.fliter.JwtAuthorizationFilter@2b73bd6b, org.springframework.security.web.savedrequest.RequestCacheAwareFilter@77d381e6, org.springframework.security.web.servletapi.SecurityContextHolderAwareRequestFilter@73fbdf68, org.springframework.security.web.authentication.AnonymousAuthenticationFilter@157d3a45, org.springframework.security.web.session.SessionManagementFilter@3a36cd5, org.springframework.security.web.access.ExceptionTranslationFilter@7944b8b4, org.springframework.security.web.access.intercept.FilterSecurityInterceptor@740b6628]
2021-03-15 00:16:43.791 [INFO ] org.springframework.scheduling.concurrent.ThreadPoolTaskExecutor - Initializing ExecutorService 'applicationTaskExecutor'
2021-03-15 00:16:43.957 [INFO ] org.apache.coyote.http11.Http11NioProtocol - Starting ProtocolHandler ["http-nio-8081"]
2021-03-15 00:16:43.973 [INFO ] org.springframework.boot.web.embedded.tomcat.TomcatWebServer - Tomcat started on port(s): 8081 (http) with context path ''
2021-03-15 00:16:43.974 [INFO ] springfox.documentation.spring.web.plugins.DocumentationPluginsBootstrapper - Documentation plugins bootstrapped
2021-03-15 00:16:43.977 [INFO ] springfox.documentation.spring.web.plugins.DocumentationPluginsBootstrapper - Found 1 custom documentation plugin(s)
2021-03-15 00:16:44.005 [INFO ] springfox.documentation.spring.web.scanners.ApiListingReferenceScanner - Scanning for api listing references
2021-03-15 00:16:44.166 [INFO ] com.lxw.ReturnHomeApplication - Started ReturnHomeApplication in 4.978 seconds (JVM running for 6.11)
2021-03-15 00:19:18.785 [INFO ] org.apache.catalina.core.ContainerBase.[Tomcat].[localhost].[/] - Initializing Spring DispatcherServlet 'dispatcherServlet'
2021-03-15 00:19:59.513 [INFO ] org.hibernate.validator.internal.util.Version - HV000001: Hibernate Validator 6.1.7.Final
2021-03-15 00:19:59.513 [INFO ] com.lxw.ReturnHomeApplication - Starting ReturnHomeApplication using Java 1.8.0_212 on LAPTOP-K8D3MGN6 with PID 13776 (E:\return-home\returnhome-web\target\classes started by ASUS in E:\return-home)
2021-03-15 00:19:59.517 [INFO ] com.lxw.ReturnHomeApplication - No active profile set, falling back to default profiles: default
2021-03-15 00:20:00.691 [INFO ] org.springframework.context.support.PostProcessorRegistrationDelegate$BeanPostProcessorChecker - Bean 'org.springframework.security.access.expression.method.DefaultMethodSecurityExpressionHandler@6e495b48' of type [org.springframework.security.access.expression.method.DefaultMethodSecurityExpressionHandler] is not eligible for getting processed by all BeanPostProcessors (for example: not eligible for auto-proxying)
2021-03-15 00:20:00.694 [INFO ] org.springframework.context.support.PostProcessorRegistrationDelegate$BeanPostProcessorChecker - Bean 'methodSecurityMetadataSource' of type [org.springframework.security.access.method.DelegatingMethodSecurityMetadataSource] is not eligible for getting processed by all BeanPostProcessors (for example: not eligible for auto-proxying)
2021-03-15 00:20:00.914 [INFO ] org.springframework.boot.web.embedded.tomcat.TomcatWebServer - Tomcat initialized with port(s): 8081 (http)
2021-03-15 00:20:00.925 [INFO ] org.apache.coyote.http11.Http11NioProtocol - Initializing ProtocolHandler ["http-nio-8081"]
2021-03-15 00:20:00.926 [INFO ] org.apache.catalina.core.StandardService - Starting service [Tomcat]
2021-03-15 00:20:00.926 [INFO ] org.apache.catalina.core.StandardEngine - Starting Servlet engine: [Apache Tomcat/9.0.43]
2021-03-15 00:20:00.928 [INFO ] org.apache.catalina.core.AprLifecycleListener - Loaded Apache Tomcat Native library [1.2.23] using APR version [1.7.0].
2021-03-15 00:20:00.928 [INFO ] org.apache.catalina.core.AprLifecycleListener - APR capabilities: IPv6 [true], sendfile [true], accept filters [false], random [true].
2021-03-15 00:20:00.928 [INFO ] org.apache.catalina.core.AprLifecycleListener - APR/OpenSSL configuration: useAprConnector [false], useOpenSSL [true]
2021-03-15 00:20:00.931 [INFO ] org.apache.catalina.core.AprLifecycleListener - OpenSSL successfully initialized [OpenSSL 1.1.1c  28 May 2019]
2021-03-15 00:20:01.025 [INFO ] org.apache.catalina.core.ContainerBase.[Tomcat].[localhost].[/] - Initializing Spring embedded WebApplicationContext
2021-03-15 00:20:01.025 [INFO ] org.springframework.boot.web.servlet.context.ServletWebServerApplicationContext - Root WebApplicationContext: initialization completed in 1433 ms
2021-03-15 00:20:01.231 [INFO ] com.alibaba.druid.spring.boot.autoconfigure.DruidDataSourceAutoConfigure - Init DruidDataSource
2021-03-15 00:20:01.508 [INFO ] com.alibaba.druid.pool.DruidDataSource - {dataSource-1} inited
2021-03-15 00:20:03.269 [INFO ] springfox.documentation.spring.web.WebMvcPropertySourcedRequestMappingHandlerMapping - Mapped URL path [/v2/api-docs] onto method [springfox.documentation.swagger2.web.Swagger2ControllerWebMvc#getDocumentation(String, HttpServletRequest)]
2021-03-15 00:20:03.402 [INFO ] org.springframework.security.web.DefaultSecurityFilterChain - Will secure any request with [org.springframework.security.web.context.request.async.WebAsyncManagerIntegrationFilter@e3b0369, org.springframework.security.web.context.SecurityContextPersistenceFilter@32f1fafe, org.springframework.security.web.header.HeaderWriterFilter@180b3819, org.springframework.web.filter.CorsFilter@45843650, org.springframework.security.web.authentication.logout.LogoutFilter@6b9fdbc6, com.lxw.fliter.JwtAuthenticationFilter@72443081, org.springframework.security.web.authentication.UsernamePasswordAuthenticationFilter@3730f716, com.lxw.fliter.JwtAuthorizationFilter@33feda48, org.springframework.security.web.savedrequest.RequestCacheAwareFilter@5d512ddb, org.springframework.security.web.servletapi.SecurityContextHolderAwareRequestFilter@2839e3c8, org.springframework.security.web.authentication.AnonymousAuthenticationFilter@6588b715, org.springframework.security.web.session.SessionManagementFilter@47272cd3, org.springframework.security.web.access.ExceptionTranslationFilter@2272cbb0, org.springframework.security.web.access.intercept.FilterSecurityInterceptor@4451f60c]
2021-03-15 00:20:03.465 [INFO ] org.springframework.scheduling.concurrent.ThreadPoolTaskExecutor - Initializing ExecutorService 'applicationTaskExecutor'
2021-03-15 00:20:03.654 [INFO ] org.apache.coyote.http11.Http11NioProtocol - Starting ProtocolHandler ["http-nio-8081"]
2021-03-15 00:20:03.674 [INFO ] org.springframework.boot.web.embedded.tomcat.TomcatWebServer - Tomcat started on port(s): 8081 (http) with context path ''
2021-03-15 00:20:03.676 [INFO ] springfox.documentation.spring.web.plugins.DocumentationPluginsBootstrapper - Documentation plugins bootstrapped
2021-03-15 00:20:03.679 [INFO ] springfox.documentation.spring.web.plugins.DocumentationPluginsBootstrapper - Found 1 custom documentation plugin(s)
2021-03-15 00:20:03.710 [INFO ] springfox.documentation.spring.web.scanners.ApiListingReferenceScanner - Scanning for api listing references
2021-03-15 00:20:03.886 [INFO ] com.lxw.ReturnHomeApplication - Started ReturnHomeApplication in 5.043 seconds (JVM running for 6.157)
2021-03-15 00:20:17.796 [INFO ] org.apache.catalina.core.ContainerBase.[Tomcat].[localhost].[/] - Initializing Spring DispatcherServlet 'dispatcherServlet'
2021-03-15 00:22:48.163 [INFO ] org.hibernate.validator.internal.util.Version - HV000001: Hibernate Validator 6.1.7.Final
2021-03-15 00:22:48.166 [INFO ] com.lxw.ReturnHomeApplication - Starting ReturnHomeApplication using Java 1.8.0_212 on LAPTOP-K8D3MGN6 with PID 9040 (E:\return-home\returnhome-web\target\classes started by ASUS in E:\return-home)
2021-03-15 00:22:48.167 [INFO ] com.lxw.ReturnHomeApplication - No active profile set, falling back to default profiles: default
2021-03-15 00:22:49.300 [INFO ] org.springframework.context.support.PostProcessorRegistrationDelegate$BeanPostProcessorChecker - Bean 'org.springframework.security.access.expression.method.DefaultMethodSecurityExpressionHandler@4bb003e9' of type [org.springframework.security.access.expression.method.DefaultMethodSecurityExpressionHandler] is not eligible for getting processed by all BeanPostProcessors (for example: not eligible for auto-proxying)
2021-03-15 00:22:49.303 [INFO ] org.springframework.context.support.PostProcessorRegistrationDelegate$BeanPostProcessorChecker - Bean 'methodSecurityMetadataSource' of type [org.springframework.security.access.method.DelegatingMethodSecurityMetadataSource] is not eligible for getting processed by all BeanPostProcessors (for example: not eligible for auto-proxying)
2021-03-15 00:22:49.503 [INFO ] org.springframework.boot.web.embedded.tomcat.TomcatWebServer - Tomcat initialized with port(s): 8081 (http)
2021-03-15 00:22:49.511 [INFO ] org.apache.coyote.http11.Http11NioProtocol - Initializing ProtocolHandler ["http-nio-8081"]
2021-03-15 00:22:49.512 [INFO ] org.apache.catalina.core.StandardService - Starting service [Tomcat]
2021-03-15 00:22:49.512 [INFO ] org.apache.catalina.core.StandardEngine - Starting Servlet engine: [Apache Tomcat/9.0.43]
2021-03-15 00:22:49.514 [INFO ] org.apache.catalina.core.AprLifecycleListener - Loaded Apache Tomcat Native library [1.2.23] using APR version [1.7.0].
2021-03-15 00:22:49.514 [INFO ] org.apache.catalina.core.AprLifecycleListener - APR capabilities: IPv6 [true], sendfile [true], accept filters [false], random [true].
2021-03-15 00:22:49.514 [INFO ] org.apache.catalina.core.AprLifecycleListener - APR/OpenSSL configuration: useAprConnector [false], useOpenSSL [true]
2021-03-15 00:22:49.517 [INFO ] org.apache.catalina.core.AprLifecycleListener - OpenSSL successfully initialized [OpenSSL 1.1.1c  28 May 2019]
2021-03-15 00:22:49.599 [INFO ] org.apache.catalina.core.ContainerBase.[Tomcat].[localhost].[/] - Initializing Spring embedded WebApplicationContext
2021-03-15 00:22:49.600 [INFO ] org.springframework.boot.web.servlet.context.ServletWebServerApplicationContext - Root WebApplicationContext: initialization completed in 1369 ms
2021-03-15 00:22:49.803 [INFO ] com.alibaba.druid.spring.boot.autoconfigure.DruidDataSourceAutoConfigure - Init DruidDataSource
2021-03-15 00:22:50.035 [INFO ] com.alibaba.druid.pool.DruidDataSource - {dataSource-1} inited
2021-03-15 00:22:51.620 [INFO ] springfox.documentation.spring.web.WebMvcPropertySourcedRequestMappingHandlerMapping - Mapped URL path [/v2/api-docs] onto method [springfox.documentation.swagger2.web.Swagger2ControllerWebMvc#getDocumentation(String, HttpServletRequest)]
2021-03-15 00:22:51.720 [INFO ] org.springframework.security.web.DefaultSecurityFilterChain - Will secure any request with [org.springframework.security.web.context.request.async.WebAsyncManagerIntegrationFilter@7d8cf9ac, org.springframework.security.web.context.SecurityContextPersistenceFilter@47acd13b, org.springframework.security.web.header.HeaderWriterFilter@1450131a, org.springframework.web.filter.CorsFilter@5f0bab7e, org.springframework.security.web.authentication.logout.LogoutFilter@39666e42, com.lxw.fliter.JwtAuthenticationFilter@3a7b2e2, org.springframework.security.web.authentication.UsernamePasswordAuthenticationFilter@766a52f5, com.lxw.fliter.JwtAuthorizationFilter@337a6d30, org.springframework.security.web.savedrequest.RequestCacheAwareFilter@77d381e6, org.springframework.security.web.servletapi.SecurityContextHolderAwareRequestFilter@73fbdf68, org.springframework.security.web.authentication.AnonymousAuthenticationFilter@2921a36a, org.springframework.security.web.session.SessionManagementFilter@3a36cd5, org.springframework.security.web.access.ExceptionTranslationFilter@7944b8b4, org.springframework.security.web.access.intercept.FilterSecurityInterceptor@5d318e91]
2021-03-15 00:22:51.768 [INFO ] org.springframework.scheduling.concurrent.ThreadPoolTaskExecutor - Initializing ExecutorService 'applicationTaskExecutor'
2021-03-15 00:22:51.927 [INFO ] org.apache.coyote.http11.Http11NioProtocol - Starting ProtocolHandler ["http-nio-8081"]
2021-03-15 00:22:51.944 [INFO ] org.springframework.boot.web.embedded.tomcat.TomcatWebServer - Tomcat started on port(s): 8081 (http) with context path ''
2021-03-15 00:22:51.945 [INFO ] springfox.documentation.spring.web.plugins.DocumentationPluginsBootstrapper - Documentation plugins bootstrapped
2021-03-15 00:22:51.948 [INFO ] springfox.documentation.spring.web.plugins.DocumentationPluginsBootstrapper - Found 1 custom documentation plugin(s)
2021-03-15 00:22:51.973 [INFO ] springfox.documentation.spring.web.scanners.ApiListingReferenceScanner - Scanning for api listing references
2021-03-15 00:22:52.107 [INFO ] com.lxw.ReturnHomeApplication - Started ReturnHomeApplication in 4.652 seconds (JVM running for 5.828)
2021-03-15 00:23:03.133 [INFO ] org.apache.catalina.core.ContainerBase.[Tomcat].[localhost].[/] - Initializing Spring DispatcherServlet 'dispatcherServlet'
2021-03-15 00:26:59.247 [INFO ] org.hibernate.validator.internal.util.Version - HV000001: Hibernate Validator 6.1.7.Final
2021-03-15 00:26:59.253 [INFO ] com.lxw.ReturnHomeApplication - Starting ReturnHomeApplication using Java 1.8.0_212 on LAPTOP-K8D3MGN6 with PID 13744 (E:\return-home\returnhome-web\target\classes started by ASUS in E:\return-home)
2021-03-15 00:26:59.254 [INFO ] com.lxw.ReturnHomeApplication - No active profile set, falling back to default profiles: default
2021-03-15 00:27:00.477 [INFO ] org.springframework.context.support.PostProcessorRegistrationDelegate$BeanPostProcessorChecker - Bean 'org.springframework.security.access.expression.method.DefaultMethodSecurityExpressionHandler@4bb003e9' of type [org.springframework.security.access.expression.method.DefaultMethodSecurityExpressionHandler] is not eligible for getting processed by all BeanPostProcessors (for example: not eligible for auto-proxying)
2021-03-15 00:27:00.481 [INFO ] org.springframework.context.support.PostProcessorRegistrationDelegate$BeanPostProcessorChecker - Bean 'methodSecurityMetadataSource' of type [org.springframework.security.access.method.DelegatingMethodSecurityMetadataSource] is not eligible for getting processed by all BeanPostProcessors (for example: not eligible for auto-proxying)
2021-03-15 00:27:00.677 [INFO ] org.springframework.boot.web.embedded.tomcat.TomcatWebServer - Tomcat initialized with port(s): 8081 (http)
2021-03-15 00:27:00.686 [INFO ] org.apache.coyote.http11.Http11NioProtocol - Initializing ProtocolHandler ["http-nio-8081"]
2021-03-15 00:27:00.688 [INFO ] org.apache.catalina.core.StandardService - Starting service [Tomcat]
2021-03-15 00:27:00.688 [INFO ] org.apache.catalina.core.StandardEngine - Starting Servlet engine: [Apache Tomcat/9.0.43]
2021-03-15 00:27:00.690 [INFO ] org.apache.catalina.core.AprLifecycleListener - Loaded Apache Tomcat Native library [1.2.23] using APR version [1.7.0].
2021-03-15 00:27:00.690 [INFO ] org.apache.catalina.core.AprLifecycleListener - APR capabilities: IPv6 [true], sendfile [true], accept filters [false], random [true].
2021-03-15 00:27:00.690 [INFO ] org.apache.catalina.core.AprLifecycleListener - APR/OpenSSL configuration: useAprConnector [false], useOpenSSL [true]
2021-03-15 00:27:00.693 [INFO ] org.apache.catalina.core.AprLifecycleListener - OpenSSL successfully initialized [OpenSSL 1.1.1c  28 May 2019]
2021-03-15 00:27:00.783 [INFO ] org.apache.catalina.core.ContainerBase.[Tomcat].[localhost].[/] - Initializing Spring embedded WebApplicationContext
2021-03-15 00:27:00.784 [INFO ] org.springframework.boot.web.servlet.context.ServletWebServerApplicationContext - Root WebApplicationContext: initialization completed in 1441 ms
2021-03-15 00:27:00.998 [INFO ] com.alibaba.druid.spring.boot.autoconfigure.DruidDataSourceAutoConfigure - Init DruidDataSource
2021-03-15 00:27:01.260 [INFO ] com.alibaba.druid.pool.DruidDataSource - {dataSource-1} inited
2021-03-15 00:27:02.944 [INFO ] springfox.documentation.spring.web.WebMvcPropertySourcedRequestMappingHandlerMapping - Mapped URL path [/v2/api-docs] onto method [springfox.documentation.swagger2.web.Swagger2ControllerWebMvc#getDocumentation(String, HttpServletRequest)]
2021-03-15 00:27:03.051 [INFO ] org.springframework.security.web.DefaultSecurityFilterChain - Will secure any request with [org.springframework.security.web.context.request.async.WebAsyncManagerIntegrationFilter@e3b0369, org.springframework.security.web.context.SecurityContextPersistenceFilter@47acd13b, org.springframework.security.web.header.HeaderWriterFilter@1450131a, org.springframework.web.filter.CorsFilter@45843650, org.springframework.security.web.authentication.logout.LogoutFilter@39666e42, com.lxw.fliter.JwtAuthenticationFilter@72443081, org.springframework.security.web.authentication.UsernamePasswordAuthenticationFilter@3730f716, com.lxw.fliter.JwtAuthorizationFilter@33feda48, org.springframework.security.web.savedrequest.RequestCacheAwareFilter@77d381e6, org.springframework.security.web.servletapi.SecurityContextHolderAwareRequestFilter@73fbdf68, org.springframework.security.web.authentication.AnonymousAuthenticationFilter@6588b715, org.springframework.security.web.session.SessionManagementFilter@3a36cd5, org.springframework.security.web.access.ExceptionTranslationFilter@7944b8b4, org.springframework.security.web.access.intercept.FilterSecurityInterceptor@4451f60c]
2021-03-15 00:27:03.110 [INFO ] org.springframework.scheduling.concurrent.ThreadPoolTaskExecutor - Initializing ExecutorService 'applicationTaskExecutor'
2021-03-15 00:27:03.296 [INFO ] org.apache.coyote.http11.Http11NioProtocol - Starting ProtocolHandler ["http-nio-8081"]
2021-03-15 00:27:03.313 [INFO ] org.springframework.boot.web.embedded.tomcat.TomcatWebServer - Tomcat started on port(s): 8081 (http) with context path ''
2021-03-15 00:27:03.314 [INFO ] springfox.documentation.spring.web.plugins.DocumentationPluginsBootstrapper - Documentation plugins bootstrapped
2021-03-15 00:27:03.317 [INFO ] springfox.documentation.spring.web.plugins.DocumentationPluginsBootstrapper - Found 1 custom documentation plugin(s)
2021-03-15 00:27:03.344 [INFO ] springfox.documentation.spring.web.scanners.ApiListingReferenceScanner - Scanning for api listing references
2021-03-15 00:27:03.503 [INFO ] com.lxw.ReturnHomeApplication - Started ReturnHomeApplication in 5.021 seconds (JVM running for 6.195)
2021-03-15 00:27:29.028 [INFO ] org.apache.catalina.core.ContainerBase.[Tomcat].[localhost].[/] - Initializing Spring DispatcherServlet 'dispatcherServlet'
2021-03-15 00:28:05.131 [INFO ] org.hibernate.validator.internal.util.Version - HV000001: Hibernate Validator 6.1.7.Final
2021-03-15 00:28:05.136 [INFO ] com.lxw.ReturnHomeApplication - Starting ReturnHomeApplication using Java 1.8.0_212 on LAPTOP-K8D3MGN6 with PID 13064 (E:\return-home\returnhome-web\target\classes started by ASUS in E:\return-home)
2021-03-15 00:28:05.136 [INFO ] com.lxw.ReturnHomeApplication - No active profile set, falling back to default profiles: default
2021-03-15 00:28:06.458 [INFO ] org.springframework.context.support.PostProcessorRegistrationDelegate$BeanPostProcessorChecker - Bean 'org.springframework.security.access.expression.method.DefaultMethodSecurityExpressionHandler@39e67516' of type [org.springframework.security.access.expression.method.DefaultMethodSecurityExpressionHandler] is not eligible for getting processed by all BeanPostProcessors (for example: not eligible for auto-proxying)
2021-03-15 00:28:06.462 [INFO ] org.springframework.context.support.PostProcessorRegistrationDelegate$BeanPostProcessorChecker - Bean 'methodSecurityMetadataSource' of type [org.springframework.security.access.method.DelegatingMethodSecurityMetadataSource] is not eligible for getting processed by all BeanPostProcessors (for example: not eligible for auto-proxying)
2021-03-15 00:28:06.668 [INFO ] org.springframework.boot.web.embedded.tomcat.TomcatWebServer - Tomcat initialized with port(s): 8081 (http)
2021-03-15 00:28:06.677 [INFO ] org.apache.coyote.http11.Http11NioProtocol - Initializing ProtocolHandler ["http-nio-8081"]
2021-03-15 00:28:06.678 [INFO ] org.apache.catalina.core.StandardService - Starting service [Tomcat]
2021-03-15 00:28:06.678 [INFO ] org.apache.catalina.core.StandardEngine - Starting Servlet engine: [Apache Tomcat/9.0.43]
2021-03-15 00:28:06.680 [INFO ] org.apache.catalina.core.AprLifecycleListener - Loaded Apache Tomcat Native library [1.2.23] using APR version [1.7.0].
2021-03-15 00:28:06.680 [INFO ] org.apache.catalina.core.AprLifecycleListener - APR capabilities: IPv6 [true], sendfile [true], accept filters [false], random [true].
2021-03-15 00:28:06.680 [INFO ] org.apache.catalina.core.AprLifecycleListener - APR/OpenSSL configuration: useAprConnector [false], useOpenSSL [true]
2021-03-15 00:28:06.683 [INFO ] org.apache.catalina.core.AprLifecycleListener - OpenSSL successfully initialized [OpenSSL 1.1.1c  28 May 2019]
2021-03-15 00:28:06.775 [INFO ] org.apache.catalina.core.ContainerBase.[Tomcat].[localhost].[/] - Initializing Spring embedded WebApplicationContext
2021-03-15 00:28:06.776 [INFO ] org.springframework.boot.web.servlet.context.ServletWebServerApplicationContext - Root WebApplicationContext: initialization completed in 1570 ms
2021-03-15 00:28:06.985 [INFO ] com.alibaba.druid.spring.boot.autoconfigure.DruidDataSourceAutoConfigure - Init DruidDataSource
2021-03-15 00:28:07.220 [INFO ] com.alibaba.druid.pool.DruidDataSource - {dataSource-1} inited
2021-03-15 00:28:08.982 [INFO ] springfox.documentation.spring.web.WebMvcPropertySourcedRequestMappingHandlerMapping - Mapped URL path [/v2/api-docs] onto method [springfox.documentation.swagger2.web.Swagger2ControllerWebMvc#getDocumentation(String, HttpServletRequest)]
2021-03-15 00:28:09.129 [INFO ] org.springframework.security.web.DefaultSecurityFilterChain - Will secure any request with [org.springframework.security.web.context.request.async.WebAsyncManagerIntegrationFilter@373052b5, org.springframework.security.web.context.SecurityContextPersistenceFilter@53f0d09c, org.springframework.security.web.header.HeaderWriterFilter@d7bbf12, org.springframework.web.filter.CorsFilter@67e0ff3a, org.springframework.security.web.authentication.logout.LogoutFilter@5e26f1ed, com.lxw.fliter.JwtAuthenticationFilter@7b2bf745, org.springframework.security.web.authentication.UsernamePasswordAuthenticationFilter@33feda48, com.lxw.fliter.JwtAuthorizationFilter@6fe595dc, org.springframework.security.web.savedrequest.RequestCacheAwareFilter@6f8e9d06, org.springframework.security.web.servletapi.SecurityContextHolderAwareRequestFilter@47272cd3, org.springframework.security.web.authentication.AnonymousAuthenticationFilter@5af5d76f, org.springframework.security.web.session.SessionManagementFilter@5f7eee96, org.springframework.security.web.access.ExceptionTranslationFilter@6435fa1c, org.springframework.security.web.access.intercept.FilterSecurityInterceptor@7e87ef9e]
2021-03-15 00:28:09.192 [INFO ] org.springframework.scheduling.concurrent.ThreadPoolTaskExecutor - Initializing ExecutorService 'applicationTaskExecutor'
2021-03-15 00:28:09.372 [INFO ] org.apache.coyote.http11.Http11NioProtocol - Starting ProtocolHandler ["http-nio-8081"]
2021-03-15 00:28:09.391 [INFO ] org.springframework.boot.web.embedded.tomcat.TomcatWebServer - Tomcat started on port(s): 8081 (http) with context path ''
2021-03-15 00:28:09.392 [INFO ] springfox.documentation.spring.web.plugins.DocumentationPluginsBootstrapper - Documentation plugins bootstrapped
2021-03-15 00:28:09.396 [INFO ] springfox.documentation.spring.web.plugins.DocumentationPluginsBootstrapper - Found 1 custom documentation plugin(s)
2021-03-15 00:28:09.424 [INFO ] springfox.documentation.spring.web.scanners.ApiListingReferenceScanner - Scanning for api listing references
2021-03-15 00:28:09.560 [INFO ] com.lxw.ReturnHomeApplication - Started ReturnHomeApplication in 5.047 seconds (JVM running for 6.178)
2021-03-15 00:28:31.638 [INFO ] org.apache.catalina.core.ContainerBase.[Tomcat].[localhost].[/] - Initializing Spring DispatcherServlet 'dispatcherServlet'
2021-03-15 00:30:19.521 [INFO ] com.lxw.ReturnHomeApplication - Starting ReturnHomeApplication using Java 1.8.0_212 on LAPTOP-K8D3MGN6 with PID 10704 (E:\return-home\returnhome-web\target\classes started by ASUS in E:\return-home)
2021-03-15 00:30:19.519 [INFO ] org.hibernate.validator.internal.util.Version - HV000001: Hibernate Validator 6.1.7.Final
2021-03-15 00:30:19.525 [INFO ] com.lxw.ReturnHomeApplication - No active profile set, falling back to default profiles: default
2021-03-15 00:30:20.726 [INFO ] org.springframework.context.support.PostProcessorRegistrationDelegate$BeanPostProcessorChecker - Bean 'org.springframework.security.access.expression.method.DefaultMethodSecurityExpressionHandler@4bb003e9' of type [org.springframework.security.access.expression.method.DefaultMethodSecurityExpressionHandler] is not eligible for getting processed by all BeanPostProcessors (for example: not eligible for auto-proxying)
2021-03-15 00:30:20.730 [INFO ] org.springframework.context.support.PostProcessorRegistrationDelegate$BeanPostProcessorChecker - Bean 'methodSecurityMetadataSource' of type [org.springframework.security.access.method.DelegatingMethodSecurityMetadataSource] is not eligible for getting processed by all BeanPostProcessors (for example: not eligible for auto-proxying)
2021-03-15 00:30:20.934 [INFO ] org.springframework.boot.web.embedded.tomcat.TomcatWebServer - Tomcat initialized with port(s): 8081 (http)
2021-03-15 00:30:20.942 [INFO ] org.apache.coyote.http11.Http11NioProtocol - Initializing ProtocolHandler ["http-nio-8081"]
2021-03-15 00:30:20.943 [INFO ] org.apache.catalina.core.StandardService - Starting service [Tomcat]
2021-03-15 00:30:20.943 [INFO ] org.apache.catalina.core.StandardEngine - Starting Servlet engine: [Apache Tomcat/9.0.43]
2021-03-15 00:30:20.945 [INFO ] org.apache.catalina.core.AprLifecycleListener - Loaded Apache Tomcat Native library [1.2.23] using APR version [1.7.0].
2021-03-15 00:30:20.945 [INFO ] org.apache.catalina.core.AprLifecycleListener - APR capabilities: IPv6 [true], sendfile [true], accept filters [false], random [true].
2021-03-15 00:30:20.945 [INFO ] org.apache.catalina.core.AprLifecycleListener - APR/OpenSSL configuration: useAprConnector [false], useOpenSSL [true]
2021-03-15 00:30:20.948 [INFO ] org.apache.catalina.core.AprLifecycleListener - OpenSSL successfully initialized [OpenSSL 1.1.1c  28 May 2019]
2021-03-15 00:30:21.030 [INFO ] org.apache.catalina.core.ContainerBase.[Tomcat].[localhost].[/] - Initializing Spring embedded WebApplicationContext
2021-03-15 00:30:21.031 [INFO ] org.springframework.boot.web.servlet.context.ServletWebServerApplicationContext - Root WebApplicationContext: initialization completed in 1443 ms
2021-03-15 00:30:21.257 [INFO ] com.alibaba.druid.spring.boot.autoconfigure.DruidDataSourceAutoConfigure - Init DruidDataSource
2021-03-15 00:30:21.495 [INFO ] com.alibaba.druid.pool.DruidDataSource - {dataSource-1} inited
2021-03-15 00:30:23.165 [INFO ] springfox.documentation.spring.web.WebMvcPropertySourcedRequestMappingHandlerMapping - Mapped URL path [/v2/api-docs] onto method [springfox.documentation.swagger2.web.Swagger2ControllerWebMvc#getDocumentation(String, HttpServletRequest)]
2021-03-15 00:30:23.273 [INFO ] org.springframework.security.web.DefaultSecurityFilterChain - Will secure any request with [org.springframework.security.web.context.request.async.WebAsyncManagerIntegrationFilter@7e87ef9e, org.springframework.security.web.context.SecurityContextPersistenceFilter@73fbdf68, org.springframework.security.web.header.HeaderWriterFilter@3f6f3cc, org.springframework.web.filter.CorsFilter@e3b0369, org.springframework.security.web.authentication.logout.LogoutFilter@3becc950, com.lxw.fliter.JwtAuthenticationFilter@45843650, org.springframework.security.web.authentication.UsernamePasswordAuthenticationFilter@7c1a8f0f, com.lxw.fliter.JwtAuthorizationFilter@72443081, org.springframework.security.web.savedrequest.RequestCacheAwareFilter@236eccd1, org.springframework.security.web.servletapi.SecurityContextHolderAwareRequestFilter@5974b7e8, org.springframework.security.web.authentication.AnonymousAuthenticationFilter@33feda48, org.springframework.security.web.session.SessionManagementFilter@733c464f, org.springframework.security.web.access.ExceptionTranslationFilter@77d381e6, org.springframework.security.web.access.intercept.FilterSecurityInterceptor@6f6efa4f]
2021-03-15 00:30:23.326 [INFO ] org.springframework.scheduling.concurrent.ThreadPoolTaskExecutor - Initializing ExecutorService 'applicationTaskExecutor'
2021-03-15 00:30:23.482 [INFO ] org.apache.coyote.http11.Http11NioProtocol - Starting ProtocolHandler ["http-nio-8081"]
2021-03-15 00:30:23.500 [INFO ] org.springframework.boot.web.embedded.tomcat.TomcatWebServer - Tomcat started on port(s): 8081 (http) with context path ''
2021-03-15 00:30:23.501 [INFO ] springfox.documentation.spring.web.plugins.DocumentationPluginsBootstrapper - Documentation plugins bootstrapped
2021-03-15 00:30:23.504 [INFO ] springfox.documentation.spring.web.plugins.DocumentationPluginsBootstrapper - Found 1 custom documentation plugin(s)
2021-03-15 00:30:23.532 [INFO ] springfox.documentation.spring.web.scanners.ApiListingReferenceScanner - Scanning for api listing references
2021-03-15 00:30:23.664 [INFO ] com.lxw.ReturnHomeApplication - Started ReturnHomeApplication in 4.768 seconds (JVM running for 5.869)
2021-03-15 00:30:44.323 [INFO ] org.apache.catalina.core.ContainerBase.[Tomcat].[localhost].[/] - Initializing Spring DispatcherServlet 'dispatcherServlet'
2021-03-15 00:32:37.714 [INFO ] org.hibernate.validator.internal.util.Version - HV000001: Hibernate Validator 6.1.7.Final
2021-03-15 00:32:37.720 [INFO ] com.lxw.ReturnHomeApplication - Starting ReturnHomeApplication using Java 1.8.0_212 on LAPTOP-K8D3MGN6 with PID 17492 (E:\return-home\returnhome-web\target\classes started by ASUS in E:\return-home)
2021-03-15 00:32:37.721 [INFO ] com.lxw.ReturnHomeApplication - No active profile set, falling back to default profiles: default
2021-03-15 00:32:38.964 [INFO ] org.springframework.context.support.PostProcessorRegistrationDelegate$BeanPostProcessorChecker - Bean 'org.springframework.security.access.expression.method.DefaultMethodSecurityExpressionHandler@4bb003e9' of type [org.springframework.security.access.expression.method.DefaultMethodSecurityExpressionHandler] is not eligible for getting processed by all BeanPostProcessors (for example: not eligible for auto-proxying)
2021-03-15 00:32:38.967 [INFO ] org.springframework.context.support.PostProcessorRegistrationDelegate$BeanPostProcessorChecker - Bean 'methodSecurityMetadataSource' of type [org.springframework.security.access.method.DelegatingMethodSecurityMetadataSource] is not eligible for getting processed by all BeanPostProcessors (for example: not eligible for auto-proxying)
2021-03-15 00:32:39.162 [INFO ] org.springframework.boot.web.embedded.tomcat.TomcatWebServer - Tomcat initialized with port(s): 8081 (http)
2021-03-15 00:32:39.170 [INFO ] org.apache.coyote.http11.Http11NioProtocol - Initializing ProtocolHandler ["http-nio-8081"]
2021-03-15 00:32:39.171 [INFO ] org.apache.catalina.core.StandardService - Starting service [Tomcat]
2021-03-15 00:32:39.171 [INFO ] org.apache.catalina.core.StandardEngine - Starting Servlet engine: [Apache Tomcat/9.0.43]
2021-03-15 00:32:39.174 [INFO ] org.apache.catalina.core.AprLifecycleListener - Loaded Apache Tomcat Native library [1.2.23] using APR version [1.7.0].
2021-03-15 00:32:39.174 [INFO ] org.apache.catalina.core.AprLifecycleListener - APR capabilities: IPv6 [true], sendfile [true], accept filters [false], random [true].
2021-03-15 00:32:39.174 [INFO ] org.apache.catalina.core.AprLifecycleListener - APR/OpenSSL configuration: useAprConnector [false], useOpenSSL [true]
2021-03-15 00:32:39.179 [INFO ] org.apache.catalina.core.AprLifecycleListener - OpenSSL successfully initialized [OpenSSL 1.1.1c  28 May 2019]
2021-03-15 00:32:39.265 [INFO ] org.apache.catalina.core.ContainerBase.[Tomcat].[localhost].[/] - Initializing Spring embedded WebApplicationContext
2021-03-15 00:32:39.266 [INFO ] org.springframework.boot.web.servlet.context.ServletWebServerApplicationContext - Root WebApplicationContext: initialization completed in 1460 ms
2021-03-15 00:32:39.476 [INFO ] com.alibaba.druid.spring.boot.autoconfigure.DruidDataSourceAutoConfigure - Init DruidDataSource
2021-03-15 00:32:39.729 [INFO ] com.alibaba.druid.pool.DruidDataSource - {dataSource-1} inited
2021-03-15 00:32:41.308 [INFO ] springfox.documentation.spring.web.WebMvcPropertySourcedRequestMappingHandlerMapping - Mapped URL path [/v2/api-docs] onto method [springfox.documentation.swagger2.web.Swagger2ControllerWebMvc#getDocumentation(String, HttpServletRequest)]
2021-03-15 00:32:41.405 [INFO ] org.springframework.security.web.DefaultSecurityFilterChain - Will secure any request with [org.springframework.security.web.context.request.async.WebAsyncManagerIntegrationFilter@e3b0369, org.springframework.security.web.context.SecurityContextPersistenceFilter@53f0d09c, org.springframework.security.web.header.HeaderWriterFilter@d7bbf12, org.springframework.web.filter.CorsFilter@45843650, org.springframework.security.web.authentication.logout.LogoutFilter@5e26f1ed, com.lxw.fliter.JwtAuthenticationFilter@72443081, org.springframework.security.web.authentication.UsernamePasswordAuthenticationFilter@3730f716, com.lxw.fliter.JwtAuthorizationFilter@33feda48, org.springframework.security.web.savedrequest.RequestCacheAwareFilter@6f8e9d06, org.springframework.security.web.servletapi.SecurityContextHolderAwareRequestFilter@47272cd3, org.springframework.security.web.authentication.AnonymousAuthenticationFilter@6588b715, org.springframework.security.web.session.SessionManagementFilter@5f7eee96, org.springframework.security.web.access.ExceptionTranslationFilter@6435fa1c, org.springframework.security.web.access.intercept.FilterSecurityInterceptor@4451f60c]
2021-03-15 00:32:41.453 [INFO ] org.springframework.scheduling.concurrent.ThreadPoolTaskExecutor - Initializing ExecutorService 'applicationTaskExecutor'
2021-03-15 00:32:41.616 [INFO ] org.apache.coyote.http11.Http11NioProtocol - Starting ProtocolHandler ["http-nio-8081"]
2021-03-15 00:32:41.634 [INFO ] org.springframework.boot.web.embedded.tomcat.TomcatWebServer - Tomcat started on port(s): 8081 (http) with context path ''
2021-03-15 00:32:41.635 [INFO ] springfox.documentation.spring.web.plugins.DocumentationPluginsBootstrapper - Documentation plugins bootstrapped
2021-03-15 00:32:41.637 [INFO ] springfox.documentation.spring.web.plugins.DocumentationPluginsBootstrapper - Found 1 custom documentation plugin(s)
2021-03-15 00:32:41.664 [INFO ] springfox.documentation.spring.web.scanners.ApiListingReferenceScanner - Scanning for api listing references
2021-03-15 00:32:41.793 [INFO ] com.lxw.ReturnHomeApplication - Started ReturnHomeApplication in 4.737 seconds (JVM running for 5.827)
2021-03-15 00:32:46.226 [INFO ] org.apache.catalina.core.ContainerBase.[Tomcat].[localhost].[/] - Initializing Spring DispatcherServlet 'dispatcherServlet'
2021-03-15 22:37:41.786 [INFO ] org.hibernate.validator.internal.util.Version - HV000001: Hibernate Validator 6.1.7.Final
2021-03-15 22:37:41.911 [INFO ] com.lxw.ReturnHomeApplication - Starting ReturnHomeApplication using Java 1.8.0_212 on LAPTOP-K8D3MGN6 with PID 12160 (E:\return-home\returnhome-web\target\classes started by ASUS in E:\return-home)
2021-03-15 22:37:41.912 [INFO ] com.lxw.ReturnHomeApplication - No active profile set, falling back to default profiles: default
2021-03-15 22:37:45.881 [INFO ] org.springframework.context.support.PostProcessorRegistrationDelegate$BeanPostProcessorChecker - Bean 'org.springframework.security.access.expression.method.DefaultMethodSecurityExpressionHandler@4e31c3ec' of type [org.springframework.security.access.expression.method.DefaultMethodSecurityExpressionHandler] is not eligible for getting processed by all BeanPostProcessors (for example: not eligible for auto-proxying)
2021-03-15 22:37:45.886 [INFO ] org.springframework.context.support.PostProcessorRegistrationDelegate$BeanPostProcessorChecker - Bean 'methodSecurityMetadataSource' of type [org.springframework.security.access.method.DelegatingMethodSecurityMetadataSource] is not eligible for getting processed by all BeanPostProcessors (for example: not eligible for auto-proxying)
2021-03-15 22:37:46.515 [INFO ] org.springframework.boot.web.embedded.tomcat.TomcatWebServer - Tomcat initialized with port(s): 8081 (http)
2021-03-15 22:37:46.524 [INFO ] org.apache.coyote.http11.Http11NioProtocol - Initializing ProtocolHandler ["http-nio-8081"]
2021-03-15 22:37:46.525 [INFO ] org.apache.catalina.core.StandardService - Starting service [Tomcat]
2021-03-15 22:37:46.525 [INFO ] org.apache.catalina.core.StandardEngine - Starting Servlet engine: [Apache Tomcat/9.0.43]
2021-03-15 22:37:46.526 [INFO ] org.apache.catalina.core.AprLifecycleListener - Loaded Apache Tomcat Native library [1.2.23] using APR version [1.7.0].
2021-03-15 22:37:46.527 [INFO ] org.apache.catalina.core.AprLifecycleListener - APR capabilities: IPv6 [true], sendfile [true], accept filters [false], random [true].
2021-03-15 22:37:46.527 [INFO ] org.apache.catalina.core.AprLifecycleListener - APR/OpenSSL configuration: useAprConnector [false], useOpenSSL [true]
2021-03-15 22:37:46.533 [INFO ] org.apache.catalina.core.AprLifecycleListener - OpenSSL successfully initialized [OpenSSL 1.1.1c  28 May 2019]
2021-03-15 22:37:46.696 [INFO ] org.apache.catalina.core.ContainerBase.[Tomcat].[localhost].[/] - Initializing Spring embedded WebApplicationContext
2021-03-15 22:37:46.696 [INFO ] org.springframework.boot.web.servlet.context.ServletWebServerApplicationContext - Root WebApplicationContext: initialization completed in 4625 ms
2021-03-15 22:37:47.202 [INFO ] com.alibaba.druid.spring.boot.autoconfigure.DruidDataSourceAutoConfigure - Init DruidDataSource
2021-03-15 22:37:47.729 [INFO ] com.alibaba.druid.pool.DruidDataSource - {dataSource-1} inited
2021-03-15 22:37:49.872 [INFO ] springfox.documentation.spring.web.WebMvcPropertySourcedRequestMappingHandlerMapping - Mapped URL path [/v2/api-docs] onto method [springfox.documentation.swagger2.web.Swagger2ControllerWebMvc#getDocumentation(String, HttpServletRequest)]
2021-03-15 22:37:49.998 [INFO ] org.springframework.security.web.DefaultSecurityFilterChain - Will secure any request with [org.springframework.security.web.context.request.async.WebAsyncManagerIntegrationFilter@23ad71bf, org.springframework.security.web.context.SecurityContextPersistenceFilter@36790bec, org.springframework.security.web.header.HeaderWriterFilter@2d2b6960, org.springframework.web.filter.CorsFilter@1983b48a, org.springframework.security.web.authentication.logout.LogoutFilter@180b3819, com.lxw.fliter.JwtAuthenticationFilter@629a9f26, org.springframework.security.web.authentication.UsernamePasswordAuthenticationFilter@3d40a3b4, com.lxw.fliter.JwtAuthorizationFilter@b791a81, org.springframework.security.web.savedrequest.RequestCacheAwareFilter@7e3d7dd, org.springframework.security.web.servletapi.SecurityContextHolderAwareRequestFilter@43cb5f38, org.springframework.security.web.authentication.AnonymousAuthenticationFilter@4391a2d8, org.springframework.security.web.session.SessionManagementFilter@234c5e41, org.springframework.security.web.access.ExceptionTranslationFilter@72bd2871, org.springframework.security.web.access.intercept.FilterSecurityInterceptor@2f677247]
2021-03-15 22:37:50.090 [INFO ] org.springframework.scheduling.concurrent.ThreadPoolTaskExecutor - Initializing ExecutorService 'applicationTaskExecutor'
2021-03-15 22:37:50.403 [INFO ] org.apache.coyote.http11.Http11NioProtocol - Starting ProtocolHandler ["http-nio-8081"]
2021-03-15 22:37:50.431 [INFO ] org.springframework.boot.web.embedded.tomcat.TomcatWebServer - Tomcat started on port(s): 8081 (http) with context path ''
2021-03-15 22:37:50.432 [INFO ] springfox.documentation.spring.web.plugins.DocumentationPluginsBootstrapper - Documentation plugins bootstrapped
2021-03-15 22:37:50.435 [INFO ] springfox.documentation.spring.web.plugins.DocumentationPluginsBootstrapper - Found 1 custom documentation plugin(s)
2021-03-15 22:37:50.463 [INFO ] springfox.documentation.spring.web.scanners.ApiListingReferenceScanner - Scanning for api listing references
2021-03-15 22:37:50.657 [INFO ] com.lxw.ReturnHomeApplication - Started ReturnHomeApplication in 9.898 seconds (JVM running for 11.645)
2021-03-15 22:38:07.373 [INFO ] org.apache.catalina.core.ContainerBase.[Tomcat].[localhost].[/] - Initializing Spring DispatcherServlet 'dispatcherServlet'
2021-03-15 22:51:08.399 [INFO ] org.hibernate.validator.internal.util.Version - HV000001: Hibernate Validator 6.1.7.Final
2021-03-15 22:51:08.403 [INFO ] com.lxw.ReturnHomeApplication - Starting ReturnHomeApplication using Java 1.8.0_212 on LAPTOP-K8D3MGN6 with PID 14756 (E:\return-home\returnhome-web\target\classes started by ASUS in E:\return-home)
2021-03-15 22:51:08.404 [INFO ] com.lxw.ReturnHomeApplication - No active profile set, falling back to default profiles: default
2021-03-15 22:51:09.745 [INFO ] org.springframework.context.support.PostProcessorRegistrationDelegate$BeanPostProcessorChecker - Bean 'org.springframework.security.access.expression.method.DefaultMethodSecurityExpressionHandler@4bb003e9' of type [org.springframework.security.access.expression.method.DefaultMethodSecurityExpressionHandler] is not eligible for getting processed by all BeanPostProcessors (for example: not eligible for auto-proxying)
2021-03-15 22:51:09.747 [INFO ] org.springframework.context.support.PostProcessorRegistrationDelegate$BeanPostProcessorChecker - Bean 'methodSecurityMetadataSource' of type [org.springframework.security.access.method.DelegatingMethodSecurityMetadataSource] is not eligible for getting processed by all BeanPostProcessors (for example: not eligible for auto-proxying)
2021-03-15 22:51:09.996 [INFO ] org.springframework.boot.web.embedded.tomcat.TomcatWebServer - Tomcat initialized with port(s): 8081 (http)
2021-03-15 22:51:10.010 [INFO ] org.apache.coyote.http11.Http11NioProtocol - Initializing ProtocolHandler ["http-nio-8081"]
2021-03-15 22:51:10.012 [INFO ] org.apache.catalina.core.StandardService - Starting service [Tomcat]
2021-03-15 22:51:10.013 [INFO ] org.apache.catalina.core.StandardEngine - Starting Servlet engine: [Apache Tomcat/9.0.43]
2021-03-15 22:51:10.016 [INFO ] org.apache.catalina.core.AprLifecycleListener - Loaded Apache Tomcat Native library [1.2.23] using APR version [1.7.0].
2021-03-15 22:51:10.016 [INFO ] org.apache.catalina.core.AprLifecycleListener - APR capabilities: IPv6 [true], sendfile [true], accept filters [false], random [true].
2021-03-15 22:51:10.017 [INFO ] org.apache.catalina.core.AprLifecycleListener - APR/OpenSSL configuration: useAprConnector [false], useOpenSSL [true]
2021-03-15 22:51:10.022 [INFO ] org.apache.catalina.core.AprLifecycleListener - OpenSSL successfully initialized [OpenSSL 1.1.1c  28 May 2019]
2021-03-15 22:51:10.123 [INFO ] org.apache.catalina.core.ContainerBase.[Tomcat].[localhost].[/] - Initializing Spring embedded WebApplicationContext
2021-03-15 22:51:10.123 [INFO ] org.springframework.boot.web.servlet.context.ServletWebServerApplicationContext - Root WebApplicationContext: initialization completed in 1661 ms
2021-03-15 22:51:10.343 [INFO ] com.alibaba.druid.spring.boot.autoconfigure.DruidDataSourceAutoConfigure - Init DruidDataSource
2021-03-15 22:51:10.602 [INFO ] com.alibaba.druid.pool.DruidDataSource - {dataSource-1} inited
2021-03-15 22:51:12.364 [INFO ] springfox.documentation.spring.web.WebMvcPropertySourcedRequestMappingHandlerMapping - Mapped URL path [/v2/api-docs] onto method [springfox.documentation.swagger2.web.Swagger2ControllerWebMvc#getDocumentation(String, HttpServletRequest)]
2021-03-15 22:51:12.479 [INFO ] org.springframework.security.web.DefaultSecurityFilterChain - Will secure any request with [org.springframework.security.web.context.request.async.WebAsyncManagerIntegrationFilter@4e3f2908, org.springframework.security.web.context.SecurityContextPersistenceFilter@53f0d09c, org.springframework.security.web.header.HeaderWriterFilter@d7bbf12, org.springframework.web.filter.CorsFilter@7e87ef9e, org.springframework.security.web.authentication.logout.LogoutFilter@5e26f1ed, com.lxw.fliter.JwtAuthenticationFilter@e3b0369, org.springframework.security.web.authentication.UsernamePasswordAuthenticationFilter@64bebd55, com.lxw.fliter.JwtAuthorizationFilter@45843650, org.springframework.security.web.savedrequest.RequestCacheAwareFilter@6f8e9d06, org.springframework.security.web.servletapi.SecurityContextHolderAwareRequestFilter@47272cd3, org.springframework.security.web.authentication.AnonymousAuthenticationFilter@72443081, org.springframework.security.web.session.SessionManagementFilter@5f7eee96, org.springframework.security.web.access.ExceptionTranslationFilter@6435fa1c, org.springframework.security.web.access.intercept.FilterSecurityInterceptor@1e1232cf]
2021-03-15 22:51:12.527 [INFO ] org.springframework.scheduling.concurrent.ThreadPoolTaskExecutor - Initializing ExecutorService 'applicationTaskExecutor'
2021-03-15 22:51:12.691 [INFO ] org.apache.coyote.http11.Http11NioProtocol - Starting ProtocolHandler ["http-nio-8081"]
2021-03-15 22:51:12.708 [INFO ] org.springframework.boot.web.embedded.tomcat.TomcatWebServer - Tomcat started on port(s): 8081 (http) with context path ''
2021-03-15 22:51:12.710 [INFO ] springfox.documentation.spring.web.plugins.DocumentationPluginsBootstrapper - Documentation plugins bootstrapped
2021-03-15 22:51:12.713 [INFO ] springfox.documentation.spring.web.plugins.DocumentationPluginsBootstrapper - Found 1 custom documentation plugin(s)
2021-03-15 22:51:12.740 [INFO ] springfox.documentation.spring.web.scanners.ApiListingReferenceScanner - Scanning for api listing references
2021-03-15 22:51:12.874 [INFO ] com.lxw.ReturnHomeApplication - Started ReturnHomeApplication in 5.385 seconds (JVM running for 6.703)
2021-03-15 22:51:37.452 [INFO ] org.apache.catalina.core.ContainerBase.[Tomcat].[localhost].[/] - Initializing Spring DispatcherServlet 'dispatcherServlet'
2021-03-15 22:52:23.334 [INFO ] org.hibernate.validator.internal.util.Version - HV000001: Hibernate Validator 6.1.7.Final
2021-03-15 22:52:23.334 [INFO ] com.lxw.ReturnHomeApplication - Starting ReturnHomeApplication using Java 1.8.0_212 on LAPTOP-K8D3MGN6 with PID 10208 (E:\return-home\returnhome-web\target\classes started by ASUS in E:\return-home)
2021-03-15 22:52:23.338 [INFO ] com.lxw.ReturnHomeApplication - No active profile set, falling back to default profiles: default
2021-03-15 22:52:24.467 [INFO ] org.springframework.context.support.PostProcessorRegistrationDelegate$BeanPostProcessorChecker - Bean 'org.springframework.security.access.expression.method.DefaultMethodSecurityExpressionHandler@53c68ce' of type [org.springframework.security.access.expression.method.DefaultMethodSecurityExpressionHandler] is not eligible for getting processed by all BeanPostProcessors (for example: not eligible for auto-proxying)
2021-03-15 22:52:24.472 [INFO ] org.springframework.context.support.PostProcessorRegistrationDelegate$BeanPostProcessorChecker - Bean 'methodSecurityMetadataSource' of type [org.springframework.security.access.method.DelegatingMethodSecurityMetadataSource] is not eligible for getting processed by all BeanPostProcessors (for example: not eligible for auto-proxying)
2021-03-15 22:52:24.679 [INFO ] org.springframework.boot.web.embedded.tomcat.TomcatWebServer - Tomcat initialized with port(s): 8081 (http)
2021-03-15 22:52:24.689 [INFO ] org.apache.coyote.http11.Http11NioProtocol - Initializing ProtocolHandler ["http-nio-8081"]
2021-03-15 22:52:24.690 [INFO ] org.apache.catalina.core.StandardService - Starting service [Tomcat]
2021-03-15 22:52:24.690 [INFO ] org.apache.catalina.core.StandardEngine - Starting Servlet engine: [Apache Tomcat/9.0.43]
2021-03-15 22:52:24.692 [INFO ] org.apache.catalina.core.AprLifecycleListener - Loaded Apache Tomcat Native library [1.2.23] using APR version [1.7.0].
2021-03-15 22:52:24.692 [INFO ] org.apache.catalina.core.AprLifecycleListener - APR capabilities: IPv6 [true], sendfile [true], accept filters [false], random [true].
2021-03-15 22:52:24.692 [INFO ] org.apache.catalina.core.AprLifecycleListener - APR/OpenSSL configuration: useAprConnector [false], useOpenSSL [true]
2021-03-15 22:52:24.695 [INFO ] org.apache.catalina.core.AprLifecycleListener - OpenSSL successfully initialized [OpenSSL 1.1.1c  28 May 2019]
2021-03-15 22:52:24.776 [INFO ] org.apache.catalina.core.ContainerBase.[Tomcat].[localhost].[/] - Initializing Spring embedded WebApplicationContext
2021-03-15 22:52:24.777 [INFO ] org.springframework.boot.web.servlet.context.ServletWebServerApplicationContext - Root WebApplicationContext: initialization completed in 1369 ms
2021-03-15 22:52:24.979 [INFO ] com.alibaba.druid.spring.boot.autoconfigure.DruidDataSourceAutoConfigure - Init DruidDataSource
2021-03-15 22:52:25.212 [INFO ] com.alibaba.druid.pool.DruidDataSource - {dataSource-1} inited
2021-03-15 22:52:26.761 [INFO ] springfox.documentation.spring.web.WebMvcPropertySourcedRequestMappingHandlerMapping - Mapped URL path [/v2/api-docs] onto method [springfox.documentation.swagger2.web.Swagger2ControllerWebMvc#getDocumentation(String, HttpServletRequest)]
2021-03-15 22:52:26.863 [INFO ] org.springframework.security.web.DefaultSecurityFilterChain - Will secure any request with [org.springframework.security.web.context.request.async.WebAsyncManagerIntegrationFilter@7b2bf745, org.springframework.security.web.context.SecurityContextPersistenceFilter@d7bbf12, org.springframework.security.web.header.HeaderWriterFilter@5d152bcd, org.springframework.web.filter.CorsFilter@6fe595dc, org.springframework.security.web.authentication.logout.LogoutFilter@5974b7e8, com.lxw.fliter.JwtAuthenticationFilter@5af5d76f, org.springframework.security.web.authentication.UsernamePasswordAuthenticationFilter@15a3b42, com.lxw.fliter.JwtAuthorizationFilter@3a8cea24, org.springframework.security.web.savedrequest.RequestCacheAwareFilter@5f7eee96, org.springframework.security.web.servletapi.SecurityContextHolderAwareRequestFilter@2272cbb0, org.springframework.security.web.authentication.AnonymousAuthenticationFilter@1eb9a3ef, org.springframework.security.web.session.SessionManagementFilter@6435fa1c, org.springframework.security.web.access.ExceptionTranslationFilter@66383c29, org.springframework.security.web.access.intercept.FilterSecurityInterceptor@45843650]
2021-03-15 22:52:26.908 [INFO ] org.springframework.scheduling.concurrent.ThreadPoolTaskExecutor - Initializing ExecutorService 'applicationTaskExecutor'
2021-03-15 22:52:27.064 [INFO ] org.apache.coyote.http11.Http11NioProtocol - Starting ProtocolHandler ["http-nio-8081"]
2021-03-15 22:52:27.080 [INFO ] org.springframework.boot.web.embedded.tomcat.TomcatWebServer - Tomcat started on port(s): 8081 (http) with context path ''
2021-03-15 22:52:27.082 [INFO ] springfox.documentation.spring.web.plugins.DocumentationPluginsBootstrapper - Documentation plugins bootstrapped
2021-03-15 22:52:27.084 [INFO ] springfox.documentation.spring.web.plugins.DocumentationPluginsBootstrapper - Found 1 custom documentation plugin(s)
2021-03-15 22:52:27.112 [INFO ] springfox.documentation.spring.web.scanners.ApiListingReferenceScanner - Scanning for api listing references
2021-03-15 22:52:27.241 [INFO ] com.lxw.ReturnHomeApplication - Started ReturnHomeApplication in 4.57 seconds (JVM running for 5.707)
2021-03-15 22:52:31.406 [INFO ] org.apache.catalina.core.ContainerBase.[Tomcat].[localhost].[/] - Initializing Spring DispatcherServlet 'dispatcherServlet'
2021-03-15 22:55:10.310 [INFO ] org.hibernate.validator.internal.util.Version - HV000001: Hibernate Validator 6.1.7.Final
2021-03-15 22:55:10.317 [INFO ] com.lxw.ReturnHomeApplication - Starting ReturnHomeApplication using Java 1.8.0_212 on LAPTOP-K8D3MGN6 with PID 3716 (E:\return-home\returnhome-web\target\classes started by ASUS in E:\return-home)
2021-03-15 22:55:10.318 [INFO ] com.lxw.ReturnHomeApplication - No active profile set, falling back to default profiles: default
2021-03-15 22:55:11.625 [INFO ] org.springframework.context.support.PostProcessorRegistrationDelegate$BeanPostProcessorChecker - Bean 'org.springframework.security.access.expression.method.DefaultMethodSecurityExpressionHandler@43034809' of type [org.springframework.security.access.expression.method.DefaultMethodSecurityExpressionHandler] is not eligible for getting processed by all BeanPostProcessors (for example: not eligible for auto-proxying)
2021-03-15 22:55:11.628 [INFO ] org.springframework.context.support.PostProcessorRegistrationDelegate$BeanPostProcessorChecker - Bean 'methodSecurityMetadataSource' of type [org.springframework.security.access.method.DelegatingMethodSecurityMetadataSource] is not eligible for getting processed by all BeanPostProcessors (for example: not eligible for auto-proxying)
2021-03-15 22:55:11.900 [INFO ] org.springframework.boot.web.embedded.tomcat.TomcatWebServer - Tomcat initialized with port(s): 8081 (http)
2021-03-15 22:55:11.909 [INFO ] org.apache.coyote.http11.Http11NioProtocol - Initializing ProtocolHandler ["http-nio-8081"]
2021-03-15 22:55:11.910 [INFO ] org.apache.catalina.core.StandardService - Starting service [Tomcat]
2021-03-15 22:55:11.910 [INFO ] org.apache.catalina.core.StandardEngine - Starting Servlet engine: [Apache Tomcat/9.0.43]
2021-03-15 22:55:11.911 [INFO ] org.apache.catalina.core.AprLifecycleListener - Loaded Apache Tomcat Native library [1.2.23] using APR version [1.7.0].
2021-03-15 22:55:11.912 [INFO ] org.apache.catalina.core.AprLifecycleListener - APR capabilities: IPv6 [true], sendfile [true], accept filters [false], random [true].
2021-03-15 22:55:11.912 [INFO ] org.apache.catalina.core.AprLifecycleListener - APR/OpenSSL configuration: useAprConnector [false], useOpenSSL [true]
2021-03-15 22:55:11.915 [INFO ] org.apache.catalina.core.AprLifecycleListener - OpenSSL successfully initialized [OpenSSL 1.1.1c  28 May 2019]
2021-03-15 22:55:12.008 [INFO ] org.apache.catalina.core.ContainerBase.[Tomcat].[localhost].[/] - Initializing Spring embedded WebApplicationContext
2021-03-15 22:55:12.008 [INFO ] org.springframework.boot.web.servlet.context.ServletWebServerApplicationContext - Root WebApplicationContext: initialization completed in 1628 ms
2021-03-15 22:55:12.221 [INFO ] com.alibaba.druid.spring.boot.autoconfigure.DruidDataSourceAutoConfigure - Init DruidDataSource
2021-03-15 22:55:12.487 [INFO ] com.alibaba.druid.pool.DruidDataSource - {dataSource-1} inited
2021-03-15 22:55:14.246 [INFO ] springfox.documentation.spring.web.WebMvcPropertySourcedRequestMappingHandlerMapping - Mapped URL path [/v2/api-docs] onto method [springfox.documentation.swagger2.web.Swagger2ControllerWebMvc#getDocumentation(String, HttpServletRequest)]
2021-03-15 22:55:14.352 [INFO ] org.springframework.security.web.DefaultSecurityFilterChain - Will secure any request with [org.springframework.security.web.context.request.async.WebAsyncManagerIntegrationFilter@71e7adbb, org.springframework.security.web.context.SecurityContextPersistenceFilter@7f7c420c, org.springframework.security.web.header.HeaderWriterFilter@7e3d7dd, org.springframework.web.filter.CorsFilter@32091c14, org.springframework.security.web.authentication.logout.LogoutFilter@5d512ddb, com.lxw.fliter.JwtAuthenticationFilter@7c40ffef, org.springframework.security.web.authentication.UsernamePasswordAuthenticationFilter@1983b48a, com.lxw.fliter.JwtAuthorizationFilter@286855ea, org.springframework.security.web.savedrequest.RequestCacheAwareFilter@43cb5f38, org.springframework.security.web.servletapi.SecurityContextHolderAwareRequestFilter@3a36cd5, org.springframework.security.web.authentication.AnonymousAuthenticationFilter@64aeaf29, org.springframework.security.web.session.SessionManagementFilter@413bef78, org.springframework.security.web.access.ExceptionTranslationFilter@36790bec, org.springframework.security.web.access.intercept.FilterSecurityInterceptor@59fc6d05]
2021-03-15 22:55:14.404 [INFO ] org.springframework.scheduling.concurrent.ThreadPoolTaskExecutor - Initializing ExecutorService 'applicationTaskExecutor'
2021-03-15 22:55:14.561 [INFO ] org.apache.coyote.http11.Http11NioProtocol - Starting ProtocolHandler ["http-nio-8081"]
2021-03-15 22:55:14.579 [INFO ] org.springframework.boot.web.embedded.tomcat.TomcatWebServer - Tomcat started on port(s): 8081 (http) with context path ''
2021-03-15 22:55:14.580 [INFO ] springfox.documentation.spring.web.plugins.DocumentationPluginsBootstrapper - Documentation plugins bootstrapped
2021-03-15 22:55:14.583 [INFO ] springfox.documentation.spring.web.plugins.DocumentationPluginsBootstrapper - Found 1 custom documentation plugin(s)
2021-03-15 22:55:14.609 [INFO ] springfox.documentation.spring.web.scanners.ApiListingReferenceScanner - Scanning for api listing references
2021-03-15 22:55:14.756 [INFO ] com.lxw.ReturnHomeApplication - Started ReturnHomeApplication in 5.146 seconds (JVM running for 6.408)
2021-03-15 22:55:19.039 [INFO ] org.apache.catalina.core.ContainerBase.[Tomcat].[localhost].[/] - Initializing Spring DispatcherServlet 'dispatcherServlet'
2021-03-15 22:59:43.370 [INFO ] org.hibernate.validator.internal.util.Version - HV000001: Hibernate Validator 6.1.7.Final
2021-03-15 22:59:43.370 [INFO ] com.lxw.ReturnHomeApplication - Starting ReturnHomeApplication using Java 1.8.0_212 on LAPTOP-K8D3MGN6 with PID 2988 (E:\return-home\returnhome-web\target\classes started by ASUS in E:\return-home)
2021-03-15 22:59:43.373 [INFO ] com.lxw.ReturnHomeApplication - No active profile set, falling back to default profiles: default
2021-03-15 22:59:44.549 [INFO ] org.springframework.context.support.PostProcessorRegistrationDelegate$BeanPostProcessorChecker - Bean 'org.springframework.security.access.expression.method.DefaultMethodSecurityExpressionHandler@23202c31' of type [org.springframework.security.access.expression.method.DefaultMethodSecurityExpressionHandler] is not eligible for getting processed by all BeanPostProcessors (for example: not eligible for auto-proxying)
2021-03-15 22:59:44.552 [INFO ] org.springframework.context.support.PostProcessorRegistrationDelegate$BeanPostProcessorChecker - Bean 'methodSecurityMetadataSource' of type [org.springframework.security.access.method.DelegatingMethodSecurityMetadataSource] is not eligible for getting processed by all BeanPostProcessors (for example: not eligible for auto-proxying)
2021-03-15 22:59:44.773 [INFO ] org.springframework.boot.web.embedded.tomcat.TomcatWebServer - Tomcat initialized with port(s): 8081 (http)
2021-03-15 22:59:44.781 [INFO ] org.apache.coyote.http11.Http11NioProtocol - Initializing ProtocolHandler ["http-nio-8081"]
2021-03-15 22:59:44.782 [INFO ] org.apache.catalina.core.StandardService - Starting service [Tomcat]
2021-03-15 22:59:44.783 [INFO ] org.apache.catalina.core.StandardEngine - Starting Servlet engine: [Apache Tomcat/9.0.43]
2021-03-15 22:59:44.784 [INFO ] org.apache.catalina.core.AprLifecycleListener - Loaded Apache Tomcat Native library [1.2.23] using APR version [1.7.0].
2021-03-15 22:59:44.785 [INFO ] org.apache.catalina.core.AprLifecycleListener - APR capabilities: IPv6 [true], sendfile [true], accept filters [false], random [true].
2021-03-15 22:59:44.785 [INFO ] org.apache.catalina.core.AprLifecycleListener - APR/OpenSSL configuration: useAprConnector [false], useOpenSSL [true]
2021-03-15 22:59:44.788 [INFO ] org.apache.catalina.core.AprLifecycleListener - OpenSSL successfully initialized [OpenSSL 1.1.1c  28 May 2019]
2021-03-15 22:59:44.880 [INFO ] org.apache.catalina.core.ContainerBase.[Tomcat].[localhost].[/] - Initializing Spring embedded WebApplicationContext
2021-03-15 22:59:44.880 [INFO ] org.springframework.boot.web.servlet.context.ServletWebServerApplicationContext - Root WebApplicationContext: initialization completed in 1458 ms
2021-03-15 22:59:45.110 [INFO ] com.alibaba.druid.spring.boot.autoconfigure.DruidDataSourceAutoConfigure - Init DruidDataSource
2021-03-15 22:59:45.355 [INFO ] com.alibaba.druid.pool.DruidDataSource - {dataSource-1} inited
2021-03-15 22:59:47.138 [INFO ] springfox.documentation.spring.web.WebMvcPropertySourcedRequestMappingHandlerMapping - Mapped URL path [/v2/api-docs] onto method [springfox.documentation.swagger2.web.Swagger2ControllerWebMvc#getDocumentation(String, HttpServletRequest)]
2021-03-15 22:59:47.253 [INFO ] org.springframework.security.web.DefaultSecurityFilterChain - Will secure any request with [org.springframework.security.web.context.request.async.WebAsyncManagerIntegrationFilter@575cabf0, org.springframework.security.web.context.SecurityContextPersistenceFilter@2839e3c8, org.springframework.security.web.header.HeaderWriterFilter@4de79b7d, org.springframework.web.filter.CorsFilter@433d9680, org.springframework.security.web.authentication.logout.LogoutFilter@4eaf7902, com.lxw.fliter.JwtAuthenticationFilter@566e142, org.springframework.security.web.authentication.UsernamePasswordAuthenticationFilter@4998e74b, com.lxw.fliter.JwtAuthorizationFilter@2da81754, org.springframework.security.web.savedrequest.RequestCacheAwareFilter@2291d9a0, org.springframework.security.web.servletapi.SecurityContextHolderAwareRequestFilter@6a6c7f42, org.springframework.security.web.authentication.AnonymousAuthenticationFilter@1f992a3a, org.springframework.security.web.session.SessionManagementFilter@4c51077d, org.springframework.security.web.access.ExceptionTranslationFilter@5d512ddb, org.springframework.security.web.access.intercept.FilterSecurityInterceptor@5f0bab7e]
2021-03-15 22:59:47.309 [INFO ] org.springframework.scheduling.concurrent.ThreadPoolTaskExecutor - Initializing ExecutorService 'applicationTaskExecutor'
2021-03-15 22:59:47.517 [INFO ] org.apache.coyote.http11.Http11NioProtocol - Starting ProtocolHandler ["http-nio-8081"]
2021-03-15 22:59:47.534 [INFO ] org.springframework.boot.web.embedded.tomcat.TomcatWebServer - Tomcat started on port(s): 8081 (http) with context path ''
2021-03-15 22:59:47.536 [INFO ] springfox.documentation.spring.web.plugins.DocumentationPluginsBootstrapper - Documentation plugins bootstrapped
2021-03-15 22:59:47.539 [INFO ] springfox.documentation.spring.web.plugins.DocumentationPluginsBootstrapper - Found 1 custom documentation plugin(s)
2021-03-15 22:59:47.568 [INFO ] springfox.documentation.spring.web.scanners.ApiListingReferenceScanner - Scanning for api listing references
2021-03-15 22:59:47.713 [INFO ] com.lxw.ReturnHomeApplication - Started ReturnHomeApplication in 5.044 seconds (JVM running for 6.27)
2021-03-15 22:59:50.786 [INFO ] org.apache.catalina.core.ContainerBase.[Tomcat].[localhost].[/] - Initializing Spring DispatcherServlet 'dispatcherServlet'
2021-03-15 23:20:01.566 [INFO ] org.hibernate.validator.internal.util.Version - HV000001: Hibernate Validator 6.1.7.Final
2021-03-15 23:20:01.574 [INFO ] com.lxw.ReturnHomeApplication - Starting ReturnHomeApplication using Java 1.8.0_212 on LAPTOP-K8D3MGN6 with PID 6924 (E:\return-home\returnhome-web\target\classes started by ASUS in E:\return-home)
2021-03-15 23:20:01.575 [INFO ] com.lxw.ReturnHomeApplication - No active profile set, falling back to default profiles: default
2021-03-15 23:20:02.875 [INFO ] org.springframework.context.support.PostProcessorRegistrationDelegate$BeanPostProcessorChecker - Bean 'org.springframework.security.access.expression.method.DefaultMethodSecurityExpressionHandler@4bb003e9' of type [org.springframework.security.access.expression.method.DefaultMethodSecurityExpressionHandler] is not eligible for getting processed by all BeanPostProcessors (for example: not eligible for auto-proxying)
2021-03-15 23:20:02.879 [INFO ] org.springframework.context.support.PostProcessorRegistrationDelegate$BeanPostProcessorChecker - Bean 'methodSecurityMetadataSource' of type [org.springframework.security.access.method.DelegatingMethodSecurityMetadataSource] is not eligible for getting processed by all BeanPostProcessors (for example: not eligible for auto-proxying)
2021-03-15 23:20:03.119 [INFO ] org.springframework.boot.web.embedded.tomcat.TomcatWebServer - Tomcat initialized with port(s): 8081 (http)
2021-03-15 23:20:03.129 [INFO ] org.apache.coyote.http11.Http11NioProtocol - Initializing ProtocolHandler ["http-nio-8081"]
2021-03-15 23:20:03.130 [INFO ] org.apache.catalina.core.StandardService - Starting service [Tomcat]
2021-03-15 23:20:03.130 [INFO ] org.apache.catalina.core.StandardEngine - Starting Servlet engine: [Apache Tomcat/9.0.43]
2021-03-15 23:20:03.132 [INFO ] org.apache.catalina.core.AprLifecycleListener - Loaded Apache Tomcat Native library [1.2.23] using APR version [1.7.0].
2021-03-15 23:20:03.132 [INFO ] org.apache.catalina.core.AprLifecycleListener - APR capabilities: IPv6 [true], sendfile [true], accept filters [false], random [true].
2021-03-15 23:20:03.132 [INFO ] org.apache.catalina.core.AprLifecycleListener - APR/OpenSSL configuration: useAprConnector [false], useOpenSSL [true]
2021-03-15 23:20:03.136 [INFO ] org.apache.catalina.core.AprLifecycleListener - OpenSSL successfully initialized [OpenSSL 1.1.1c  28 May 2019]
2021-03-15 23:20:03.231 [INFO ] org.apache.catalina.core.ContainerBase.[Tomcat].[localhost].[/] - Initializing Spring embedded WebApplicationContext
2021-03-15 23:20:03.231 [INFO ] org.springframework.boot.web.servlet.context.ServletWebServerApplicationContext - Root WebApplicationContext: initialization completed in 1562 ms
2021-03-15 23:20:03.442 [INFO ] com.alibaba.druid.spring.boot.autoconfigure.DruidDataSourceAutoConfigure - Init DruidDataSource
2021-03-15 23:20:03.685 [INFO ] com.alibaba.druid.pool.DruidDataSource - {dataSource-1} inited
2021-03-15 23:20:05.324 [INFO ] springfox.documentation.spring.web.WebMvcPropertySourcedRequestMappingHandlerMapping - Mapped URL path [/v2/api-docs] onto method [springfox.documentation.swagger2.web.Swagger2ControllerWebMvc#getDocumentation(String, HttpServletRequest)]
2021-03-15 23:20:05.426 [INFO ] org.springframework.security.web.DefaultSecurityFilterChain - Will secure any request with [org.springframework.security.web.context.request.async.WebAsyncManagerIntegrationFilter@373052b5, org.springframework.security.web.context.SecurityContextPersistenceFilter@47acd13b, org.springframework.security.web.header.HeaderWriterFilter@1450131a, org.springframework.web.filter.CorsFilter@67e0ff3a, org.springframework.security.web.authentication.logout.LogoutFilter@39666e42, com.lxw.fliter.JwtAuthenticationFilter@7b2bf745, org.springframework.security.web.authentication.UsernamePasswordAuthenticationFilter@33feda48, com.lxw.fliter.JwtAuthorizationFilter@6fe595dc, org.springframework.security.web.savedrequest.RequestCacheAwareFilter@77d381e6, org.springframework.security.web.servletapi.SecurityContextHolderAwareRequestFilter@73fbdf68, org.springframework.security.web.authentication.AnonymousAuthenticationFilter@5af5d76f, org.springframework.security.web.session.SessionManagementFilter@3a36cd5, org.springframework.security.web.access.ExceptionTranslationFilter@7944b8b4, org.springframework.security.web.access.intercept.FilterSecurityInterceptor@7e87ef9e]
2021-03-15 23:20:05.472 [INFO ] org.springframework.scheduling.concurrent.ThreadPoolTaskExecutor - Initializing ExecutorService 'applicationTaskExecutor'
2021-03-15 23:20:05.632 [INFO ] org.apache.coyote.http11.Http11NioProtocol - Starting ProtocolHandler ["http-nio-8081"]
2021-03-15 23:20:05.649 [INFO ] org.springframework.boot.web.embedded.tomcat.TomcatWebServer - Tomcat started on port(s): 8081 (http) with context path ''
2021-03-15 23:20:05.650 [INFO ] springfox.documentation.spring.web.plugins.DocumentationPluginsBootstrapper - Documentation plugins bootstrapped
2021-03-15 23:20:05.652 [INFO ] springfox.documentation.spring.web.plugins.DocumentationPluginsBootstrapper - Found 1 custom documentation plugin(s)
2021-03-15 23:20:05.678 [INFO ] springfox.documentation.spring.web.scanners.ApiListingReferenceScanner - Scanning for api listing references
2021-03-15 23:20:05.810 [INFO ] com.lxw.ReturnHomeApplication - Started ReturnHomeApplication in 4.91 seconds (JVM running for 6.047)
2021-03-15 23:29:01.806 [INFO ] org.apache.catalina.core.ContainerBase.[Tomcat].[localhost].[/] - Initializing Spring DispatcherServlet 'dispatcherServlet'
