2021-03-22 00:00:34.112 [DEBUG] com.lxw.system.mapper.LostmanInfoMapper.selectById - ==>  Preparing: SELECT lostman_id,lostman_name,lostman_sex,lostman_age,lostman_IDCard,lostman_remark,lostman_pos,lostman_pos_longitude,lostman_pos_latitude,family_phoneNumber,family_name,lost_time FROM tb_lostman_info WHERE lostman_id=?
2021-03-22 00:00:34.132 [DEBUG] com.lxw.system.mapper.LostmanInfoMapper.selectById - ==> Parameters: 1(Long)
2021-03-22 00:00:34.149 [DEBUG] com.lxw.system.mapper.LostmanInfoMapper.selectById - <==      Total: 0
2021-03-22 00:04:23.866 [DEBUG] com.lxw.system.mapper.LostmanInfoMapper.selectById - ==>  Preparing: SELECT lostman_id,lostman_name,lostman_sex,lostman_age,lostman_IDCard,lostman_remark,lostman_pos,lostman_pos_longitude,lostman_pos_latitude,family_phoneNumber,family_name,lost_time FROM tb_lostman_info WHERE lostman_id=?
2021-03-22 00:04:23.876 [DEBUG] com.lxw.system.mapper.LostmanInfoMapper.selectById - ==> Parameters: 2(Long)
2021-03-22 00:04:23.883 [DEBUG] com.lxw.system.mapper.LostmanInfoMapper.selectById - <==      Total: 1
2021-03-22 00:08:37.042 [DEBUG] com.lxw.system.mapper.LostmanInfoMapper.selectById - ==>  Preparing: SELECT lostman_id,lostman_name,lostman_sex,lostman_age,lostman_IDCard,lostman_remark,lostman_pos,lostman_pos_longitude,lostman_pos_latitude,family_phoneNumber,family_name,lost_time FROM tb_lostman_info WHERE lostman_id=?
2021-03-22 00:08:37.061 [DEBUG] com.lxw.system.mapper.LostmanInfoMapper.selectById - ==> Parameters: 0(Long)
2021-03-22 00:08:37.077 [DEBUG] com.lxw.system.mapper.LostmanInfoMapper.selectById - <==      Total: 0
2021-03-22 00:13:48.129 [DEBUG] com.lxw.system.mapper.LostmanInfoMapper.selectById - ==>  Preparing: SELECT lostman_id,lostman_name,lostman_sex,lostman_age,lostman_IDCard,lostman_remark,lostman_pos,lostman_pos_longitude,lostman_pos_latitude,family_phoneNumber,family_name,lost_time FROM tb_lostman_info WHERE lostman_id=?
2021-03-22 00:13:48.153 [DEBUG] com.lxw.system.mapper.LostmanInfoMapper.selectById - ==> Parameters: 1(Long)
2021-03-22 00:13:48.170 [DEBUG] com.lxw.system.mapper.LostmanInfoMapper.selectById - <==      Total: 0
2021-03-22 00:14:02.374 [DEBUG] com.lxw.system.mapper.LostmanInfoMapper.selectById - ==>  Preparing: SELECT lostman_id,lostman_name,lostman_sex,lostman_age,lostman_IDCard,lostman_remark,lostman_pos,lostman_pos_longitude,lostman_pos_latitude,family_phoneNumber,family_name,lost_time FROM tb_lostman_info WHERE lostman_id=?
2021-03-22 00:14:02.375 [DEBUG] com.lxw.system.mapper.LostmanInfoMapper.selectById - ==> Parameters: 2(Long)
2021-03-22 00:14:02.381 [DEBUG] com.lxw.system.mapper.LostmanInfoMapper.selectById - <==      Total: 1
2021-03-22 00:15:02.602 [DEBUG] com.lxw.system.mapper.LostmanInfoMapper.selectById - ==>  Preparing: SELECT lostman_id,lostman_name,lostman_sex,lostman_age,lostman_IDCard,lostman_remark,lostman_pos,lostman_pos_longitude,lostman_pos_latitude,family_phoneNumber,family_name,lost_time FROM tb_lostman_info WHERE lostman_id=?
2021-03-22 00:15:02.621 [DEBUG] com.lxw.system.mapper.LostmanInfoMapper.selectById - ==> Parameters: 2(Long)
2021-03-22 00:15:02.640 [DEBUG] com.lxw.system.mapper.LostmanInfoMapper.selectById - <==      Total: 1
2021-03-22 00:15:52.321 [DEBUG] com.lxw.system.mapper.LostmanInfoMapper.selectById - ==>  Preparing: SELECT lostman_id,lostman_name,lostman_sex,lostman_age,lostman_IDCard,lostman_remark,lostman_pos,lostman_pos_longitude,lostman_pos_latitude,family_phoneNumber,family_name,lost_time FROM tb_lostman_info WHERE lostman_id=?
2021-03-22 00:15:52.341 [DEBUG] com.lxw.system.mapper.LostmanInfoMapper.selectById - ==> Parameters: 2(Long)
2021-03-22 00:15:52.360 [DEBUG] com.lxw.system.mapper.LostmanInfoMapper.selectById - <==      Total: 1
2021-03-22 00:16:44.127 [DEBUG] com.lxw.system.mapper.LostmanInfoMapper.selectById - ==>  Preparing: SELECT lostman_id,lostman_name,lostman_sex,lostman_age,lostman_IDCard,lostman_remark,lostman_pos,lostman_pos_longitude,lostman_pos_latitude,family_phoneNumber,family_name,lost_time FROM tb_lostman_info WHERE lostman_id=?
2021-03-22 00:16:44.147 [DEBUG] com.lxw.system.mapper.LostmanInfoMapper.selectById - ==> Parameters: 2(Long)
2021-03-22 00:16:44.167 [DEBUG] com.lxw.system.mapper.LostmanInfoMapper.selectById - <==      Total: 1
2021-03-22 00:19:20.728 [DEBUG] com.lxw.system.mapper.LostmanInfoMapper.selectById - ==>  Preparing: SELECT lostman_id,lostman_name,lostman_sex,lostman_age,lostman_IDCard,lostman_remark,lostman_pos,lostman_pos_longitude,lostman_pos_latitude,family_phoneNumber,family_name,lost_time FROM tb_lostman_info WHERE lostman_id=?
2021-03-22 00:19:20.729 [DEBUG] com.lxw.system.mapper.LostmanInfoMapper.selectById - ==> Parameters: 2(Long)
2021-03-22 00:19:20.732 [DEBUG] com.lxw.system.mapper.LostmanInfoMapper.selectById - <==      Total: 1
2021-03-22 00:24:38.843 [DEBUG] com.lxw.system.mapper.LostmanInfoMapper.selectById - ==>  Preparing: SELECT lostman_id,lostman_name,lostman_sex,lostman_age,lostman_IDCard,lostman_remark,lostman_pos,lostman_pos_longitude,lostman_pos_latitude,family_phoneNumber,family_name,lost_time FROM tb_lostman_info WHERE lostman_id=?
2021-03-22 00:24:38.862 [DEBUG] com.lxw.system.mapper.LostmanInfoMapper.selectById - ==> Parameters: 2(Long)
2021-03-22 00:24:38.881 [DEBUG] com.lxw.system.mapper.LostmanInfoMapper.selectById - <==      Total: 1
2021-03-22 00:24:59.332 [DEBUG] com.lxw.system.mapper.LostmanInfoMapper.selectById - ==>  Preparing: SELECT lostman_id,lostman_name,lostman_sex,lostman_age,lostman_IDCard,lostman_remark,lostman_pos,lostman_pos_longitude,lostman_pos_latitude,family_phoneNumber,family_name,lost_time FROM tb_lostman_info WHERE lostman_id=?
2021-03-22 00:24:59.333 [DEBUG] com.lxw.system.mapper.LostmanInfoMapper.selectById - ==> Parameters: 1(Long)
2021-03-22 00:24:59.335 [DEBUG] com.lxw.system.mapper.LostmanInfoMapper.selectById - <==      Total: 0
2021-03-22 00:25:08.871 [DEBUG] com.lxw.system.mapper.LostmanInfoMapper.selectById - ==>  Preparing: SELECT lostman_id,lostman_name,lostman_sex,lostman_age,lostman_IDCard,lostman_remark,lostman_pos,lostman_pos_longitude,lostman_pos_latitude,family_phoneNumber,family_name,lost_time FROM tb_lostman_info WHERE lostman_id=?
2021-03-22 00:25:08.872 [DEBUG] com.lxw.system.mapper.LostmanInfoMapper.selectById - ==> Parameters: 2(Long)
2021-03-22 00:25:08.876 [DEBUG] com.lxw.system.mapper.LostmanInfoMapper.selectById - <==      Total: 1
2021-03-22 00:25:32.649 [DEBUG] com.lxw.system.mapper.LostmanInfoMapper.selectById - ==>  Preparing: SELECT lostman_id,lostman_name,lostman_sex,lostman_age,lostman_IDCard,lostman_remark,lostman_pos,lostman_pos_longitude,lostman_pos_latitude,family_phoneNumber,family_name,lost_time FROM tb_lostman_info WHERE lostman_id=?
2021-03-22 00:25:32.649 [DEBUG] com.lxw.system.mapper.LostmanInfoMapper.selectById - ==> Parameters: 2(Long)
2021-03-22 00:25:32.651 [DEBUG] com.lxw.system.mapper.LostmanInfoMapper.selectById - <==      Total: 1
2021-03-22 00:25:33.216 [DEBUG] com.lxw.system.mapper.LostmanImgMapper.insert - ==>  Preparing: INSERT INTO tb_lostman_img ( pic_face_url, lostman_id ) VALUES ( ?, ? )
2021-03-22 00:25:33.217 [DEBUG] com.lxw.system.mapper.LostmanImgMapper.insert - ==> Parameters: http://return-home.oss-cn-hangzhou.aliyuncs.com/lostman/2/69b9c55c609346e8ac7cdbbb7026e81a.jpg(String), 2(Long)
2021-03-22 00:25:33.219 [DEBUG] com.lxw.system.mapper.LostmanImgMapper.insert - <==    Updates: 1
2021-03-22 00:26:56.672 [DEBUG] com.lxw.system.mapper.LostmanInfoMapper.selectById - ==>  Preparing: SELECT lostman_id,lostman_name,lostman_sex,lostman_age,lostman_IDCard,lostman_remark,lostman_pos,lostman_pos_longitude,lostman_pos_latitude,family_phoneNumber,family_name,lost_time FROM tb_lostman_info WHERE lostman_id=?
2021-03-22 00:26:56.673 [DEBUG] com.lxw.system.mapper.LostmanInfoMapper.selectById - ==> Parameters: 2(Long)
2021-03-22 00:26:56.674 [DEBUG] com.lxw.system.mapper.LostmanInfoMapper.selectById - <==      Total: 1
2021-03-22 20:19:47.335 [DEBUG] com.lxw.system.mapper.UserMapper.selectOne - ==>  Preparing: SELECT id,username,password FROM sys_user WHERE (username = ?)
2021-03-22 20:19:47.433 [DEBUG] com.lxw.system.mapper.UserMapper.selectOne - ==> Parameters: test(String)
2021-03-22 20:19:47.465 [DEBUG] com.lxw.system.mapper.UserMapper.selectOne - <==      Total: 1
2021-03-22 20:19:47.469 [DEBUG] com.lxw.system.mapper.UserMapper.getRolesByUserId - ==>  Preparing: select id, role_name, remark, create_time from sys_role r where id in (select role_id from sys_user_role where user_id = ? )
2021-03-22 20:19:47.470 [DEBUG] com.lxw.system.mapper.UserMapper.getRolesByUserId - ==> Parameters: 3(Long)
2021-03-22 20:19:47.475 [DEBUG] com.lxw.system.mapper.UserMapper.getRolesByUserId - <==      Total: 1
2021-03-22 20:21:15.233 [DEBUG] com.lxw.system.mapper.LostmanInfoMapper.selectById - ==>  Preparing: SELECT lostman_id,lostman_name,lostman_sex,lostman_age,lostman_IDCard,lostman_remark,lostman_pos,lostman_pos_longitude,lostman_pos_latitude,family_phoneNumber,family_name,lost_time FROM tb_lostman_info WHERE lostman_id=?
2021-03-22 20:21:15.234 [DEBUG] com.lxw.system.mapper.LostmanInfoMapper.selectById - ==> Parameters: 3(Long)
2021-03-22 20:21:15.238 [DEBUG] com.lxw.system.mapper.LostmanInfoMapper.selectById - <==      Total: 1
2021-03-22 20:21:15.975 [DEBUG] com.lxw.system.mapper.LostmanImgMapper.selectList - ==>  Preparing: SELECT pic_id,pic_face_url,pic_body_url,lostman_id FROM tb_lostman_img WHERE (lostman_id = ?)
2021-03-22 20:21:15.976 [DEBUG] com.lxw.system.mapper.LostmanImgMapper.selectList - ==> Parameters: 3(Long)
2021-03-22 20:21:15.988 [DEBUG] com.lxw.system.mapper.LostmanImgMapper.selectList - <==      Total: 0
2021-03-22 20:21:43.244 [DEBUG] com.lxw.system.mapper.LostmanInfoMapper.selectById - ==>  Preparing: SELECT lostman_id,lostman_name,lostman_sex,lostman_age,lostman_IDCard,lostman_remark,lostman_pos,lostman_pos_longitude,lostman_pos_latitude,family_phoneNumber,family_name,lost_time FROM tb_lostman_info WHERE lostman_id=?
2021-03-22 20:21:43.245 [DEBUG] com.lxw.system.mapper.LostmanInfoMapper.selectById - ==> Parameters: 3(Long)
2021-03-22 20:21:43.247 [DEBUG] com.lxw.system.mapper.LostmanInfoMapper.selectById - <==      Total: 1
2021-03-22 20:21:43.328 [DEBUG] com.lxw.system.mapper.LostmanImgMapper.selectList - ==>  Preparing: SELECT pic_id,pic_face_url,pic_body_url,lostman_id FROM tb_lostman_img WHERE (lostman_id = ?)
2021-03-22 20:21:43.329 [DEBUG] com.lxw.system.mapper.LostmanImgMapper.selectList - ==> Parameters: 3(Long)
2021-03-22 20:21:43.330 [DEBUG] com.lxw.system.mapper.LostmanImgMapper.selectList - <==      Total: 0
2021-03-22 20:22:20.748 [DEBUG] com.lxw.system.mapper.LostmanInfoMapper.selectById - ==>  Preparing: SELECT lostman_id,lostman_name,lostman_sex,lostman_age,lostman_IDCard,lostman_remark,lostman_pos,lostman_pos_longitude,lostman_pos_latitude,family_phoneNumber,family_name,lost_time FROM tb_lostman_info WHERE lostman_id=?
2021-03-22 20:22:20.765 [DEBUG] com.lxw.system.mapper.LostmanInfoMapper.selectById - ==> Parameters: 3(Long)
2021-03-22 20:22:20.819 [DEBUG] com.lxw.system.mapper.LostmanInfoMapper.selectById - <==      Total: 1
2021-03-22 20:22:21.200 [DEBUG] com.lxw.system.mapper.LostmanImgMapper.selectList - ==>  Preparing: SELECT pic_id,pic_face_url,pic_body_url,lostman_id FROM tb_lostman_img WHERE (lostman_id = ?)
2021-03-22 20:22:21.200 [DEBUG] com.lxw.system.mapper.LostmanImgMapper.selectList - ==> Parameters: 3(Long)
2021-03-22 20:22:21.204 [DEBUG] com.lxw.system.mapper.LostmanImgMapper.selectList - <==      Total: 0
2021-03-22 20:22:22.089 [DEBUG] com.lxw.system.mapper.LostmanImgMapper.insert - ==>  Preparing: INSERT INTO tb_lostman_img ( pic_face_url, lostman_id ) VALUES ( ?, ? )
2021-03-22 20:22:22.090 [DEBUG] com.lxw.system.mapper.LostmanImgMapper.insert - ==> Parameters: http://return-home.oss-cn-hangzhou.aliyuncs.com/lostman/3/4bf2a52a5917442bbb541455caf42cdb.jpg(String), 3(Long)
2021-03-22 20:22:22.092 [DEBUG] com.lxw.system.mapper.LostmanImgMapper.insert - <==    Updates: 1
2021-03-22 20:22:25.942 [DEBUG] com.lxw.system.mapper.LostmanInfoMapper.selectById - ==>  Preparing: SELECT lostman_id,lostman_name,lostman_sex,lostman_age,lostman_IDCard,lostman_remark,lostman_pos,lostman_pos_longitude,lostman_pos_latitude,family_phoneNumber,family_name,lost_time FROM tb_lostman_info WHERE lostman_id=?
2021-03-22 20:22:25.944 [DEBUG] com.lxw.system.mapper.LostmanInfoMapper.selectById - ==> Parameters: 3(Long)
2021-03-22 20:22:25.946 [DEBUG] com.lxw.system.mapper.LostmanInfoMapper.selectById - <==      Total: 1
2021-03-22 20:22:26.015 [DEBUG] com.lxw.system.mapper.LostmanImgMapper.selectList - ==>  Preparing: SELECT pic_id,pic_face_url,pic_body_url,lostman_id FROM tb_lostman_img WHERE (lostman_id = ?)
2021-03-22 20:22:26.016 [DEBUG] com.lxw.system.mapper.LostmanImgMapper.selectList - ==> Parameters: 3(Long)
2021-03-22 20:22:26.019 [DEBUG] com.lxw.system.mapper.LostmanImgMapper.selectList - <==      Total: 1
2021-03-22 20:22:26.898 [DEBUG] com.lxw.system.mapper.LostmanImgMapper.insert - ==>  Preparing: INSERT INTO tb_lostman_img ( pic_face_url, lostman_id ) VALUES ( ?, ? )
2021-03-22 20:22:26.899 [DEBUG] com.lxw.system.mapper.LostmanImgMapper.insert - ==> Parameters: http://return-home.oss-cn-hangzhou.aliyuncs.com/lostman/3/8f2b51f9d7d74df7aeb4d7e1d4a2176f.jpg(String), 3(Long)
2021-03-22 20:22:26.900 [DEBUG] com.lxw.system.mapper.LostmanImgMapper.insert - <==    Updates: 1
2021-03-22 20:37:28.401 [DEBUG] com.lxw.system.mapper.LostmanInfoMapper.selectById - ==>  Preparing: SELECT lostman_id,lostman_name,lostman_sex,lostman_age,lostman_IDCard,lostman_remark,lostman_pos,lostman_pos_longitude,lostman_pos_latitude,family_phoneNumber,family_name,lost_time FROM tb_lostman_info WHERE lostman_id=?
2021-03-22 20:37:28.403 [DEBUG] com.lxw.system.mapper.LostmanInfoMapper.selectById - ==> Parameters: 3(Long)
2021-03-22 20:37:28.406 [DEBUG] com.lxw.system.mapper.LostmanInfoMapper.selectById - <==      Total: 1
2021-03-22 20:37:28.588 [DEBUG] com.lxw.system.mapper.LostmanImgMapper.selectList - ==>  Preparing: SELECT pic_id,pic_face_url,pic_body_url,lostman_id FROM tb_lostman_img WHERE (lostman_id = ?)
2021-03-22 20:37:28.589 [DEBUG] com.lxw.system.mapper.LostmanImgMapper.selectList - ==> Parameters: 3(Long)
2021-03-22 20:37:28.590 [DEBUG] com.lxw.system.mapper.LostmanImgMapper.selectList - <==      Total: 2
2021-03-22 20:37:29.328 [DEBUG] com.lxw.system.mapper.LostmanImgMapper.insert - ==>  Preparing: INSERT INTO tb_lostman_img ( pic_face_url, lostman_id ) VALUES ( ?, ? )
2021-03-22 20:37:29.330 [DEBUG] com.lxw.system.mapper.LostmanImgMapper.insert - ==> Parameters: http://return-home.oss-cn-hangzhou.aliyuncs.com/lostman/3/5f405d7bcdcb4d4193f96959ead08cc1.jpg(String), 3(Long)
2021-03-22 20:37:29.332 [DEBUG] com.lxw.system.mapper.LostmanImgMapper.insert - <==    Updates: 1
2021-03-22 20:40:21.846 [DEBUG] com.lxw.system.mapper.LostmanInfoMapper.selectById - ==>  Preparing: SELECT lostman_id,lostman_name,lostman_sex,lostman_age,lostman_IDCard,lostman_remark,lostman_pos,lostman_pos_longitude,lostman_pos_latitude,family_phoneNumber,family_name,lost_time FROM tb_lostman_info WHERE lostman_id=?
2021-03-22 20:40:21.864 [DEBUG] com.lxw.system.mapper.LostmanInfoMapper.selectById - ==> Parameters: 3(Long)
2021-03-22 20:40:21.884 [DEBUG] com.lxw.system.mapper.LostmanInfoMapper.selectById - <==      Total: 1
2021-03-22 20:40:22.279 [DEBUG] com.lxw.system.mapper.LostmanImgMapper.selectList - ==>  Preparing: SELECT pic_id,pic_face_url,pic_body_url,lostman_id FROM tb_lostman_img WHERE (lostman_id = ?)
2021-03-22 20:40:22.279 [DEBUG] com.lxw.system.mapper.LostmanImgMapper.selectList - ==> Parameters: 3(Long)
2021-03-22 20:40:22.282 [DEBUG] com.lxw.system.mapper.LostmanImgMapper.selectList - <==      Total: 3
2021-03-22 20:40:22.917 [DEBUG] com.lxw.system.mapper.LostmanImgMapper.insert - ==>  Preparing: INSERT INTO tb_lostman_img ( pic_face_url, lostman_id ) VALUES ( ?, ? )
2021-03-22 20:40:22.918 [DEBUG] com.lxw.system.mapper.LostmanImgMapper.insert - ==> Parameters: http://return-home.oss-cn-hangzhou.aliyuncs.com/lostman/3/89938931fb7e4edc87029cec11212de2.jpg(String), 3(Long)
2021-03-22 20:40:22.922 [DEBUG] com.lxw.system.mapper.LostmanImgMapper.insert - <==    Updates: 1
2021-03-22 20:48:27.752 [DEBUG] com.lxw.system.mapper.LostmanInfoMapper.selectById - ==>  Preparing: SELECT lostman_id,lostman_name,lostman_sex,lostman_age,lostman_IDCard,lostman_remark,lostman_pos,lostman_pos_longitude,lostman_pos_latitude,family_phoneNumber,family_name,lost_time FROM tb_lostman_info WHERE lostman_id=?
2021-03-22 20:48:27.753 [DEBUG] com.lxw.system.mapper.LostmanInfoMapper.selectById - ==> Parameters: 3(Long)
2021-03-22 20:48:27.755 [DEBUG] com.lxw.system.mapper.LostmanInfoMapper.selectById - <==      Total: 1
2021-03-22 20:48:27.943 [DEBUG] com.lxw.system.mapper.LostmanImgMapper.selectList - ==>  Preparing: SELECT pic_id,pic_face_url,pic_body_url,lostman_id FROM tb_lostman_img WHERE (lostman_id = ?)
2021-03-22 20:48:27.945 [DEBUG] com.lxw.system.mapper.LostmanImgMapper.selectList - ==> Parameters: 3(Long)
2021-03-22 20:48:27.952 [DEBUG] com.lxw.system.mapper.LostmanImgMapper.selectList - <==      Total: 4
2021-03-22 20:48:28.599 [DEBUG] com.lxw.system.mapper.LostmanImgMapper.insert - ==>  Preparing: INSERT INTO tb_lostman_img ( pic_face_url, lostman_id ) VALUES ( ?, ? )
2021-03-22 20:48:28.600 [DEBUG] com.lxw.system.mapper.LostmanImgMapper.insert - ==> Parameters: http://return-home.oss-cn-hangzhou.aliyuncs.com/lostman/3/eba69df6773a4e47918f0720ddd4b161.jpg(String), 3(Long)
2021-03-22 20:48:28.603 [DEBUG] com.lxw.system.mapper.LostmanImgMapper.insert - <==    Updates: 1
2021-03-22 20:55:24.584 [DEBUG] com.lxw.system.mapper.LostmanInfoMapper.selectById - ==>  Preparing: SELECT lostman_id,lostman_name,lostman_sex,lostman_age,lostman_IDCard,lostman_remark,lostman_pos,lostman_pos_longitude,lostman_pos_latitude,family_phoneNumber,family_name,lost_time FROM tb_lostman_info WHERE lostman_id=?
2021-03-22 20:55:24.603 [DEBUG] com.lxw.system.mapper.LostmanInfoMapper.selectById - ==> Parameters: 3(Long)
2021-03-22 20:55:24.622 [DEBUG] com.lxw.system.mapper.LostmanInfoMapper.selectById - <==      Total: 1
2021-03-22 20:55:25.010 [DEBUG] com.lxw.system.mapper.LostmanImgMapper.selectList - ==>  Preparing: SELECT pic_id,pic_face_url,pic_body_url,lostman_id FROM tb_lostman_img WHERE (lostman_id = ?)
2021-03-22 20:55:25.010 [DEBUG] com.lxw.system.mapper.LostmanImgMapper.selectList - ==> Parameters: 3(Long)
2021-03-22 20:55:25.013 [DEBUG] com.lxw.system.mapper.LostmanImgMapper.selectList - <==      Total: 1
2021-03-22 20:55:25.967 [DEBUG] com.lxw.system.mapper.LostmanImgMapper.insert - ==>  Preparing: INSERT INTO tb_lostman_img ( pic_face_url, lostman_id ) VALUES ( ?, ? )
2021-03-22 20:55:25.968 [DEBUG] com.lxw.system.mapper.LostmanImgMapper.insert - ==> Parameters: http://return-home.oss-cn-hangzhou.aliyuncs.com/lostman/3/552e6502a58547aca9105a239a5d9850.jpg(String), 3(Long)
2021-03-22 20:55:25.970 [DEBUG] com.lxw.system.mapper.LostmanImgMapper.insert - <==    Updates: 1
2021-03-22 21:10:19.602 [DEBUG] com.lxw.system.mapper.LostmanInfoMapper.selectById - ==>  Preparing: SELECT lostman_id,lostman_name,lostman_sex,lostman_age,lostman_IDCard,lostman_remark,lostman_pos,lostman_pos_longitude,lostman_pos_latitude,family_phoneNumber,family_name,lost_time FROM tb_lostman_info WHERE lostman_id=?
2021-03-22 21:10:19.621 [DEBUG] com.lxw.system.mapper.LostmanInfoMapper.selectById - ==> Parameters: 3(Long)
2021-03-22 21:10:19.641 [DEBUG] com.lxw.system.mapper.LostmanInfoMapper.selectById - <==      Total: 1
2021-03-22 21:10:19.987 [DEBUG] com.lxw.system.mapper.LostmanImgMapper.selectList - ==>  Preparing: SELECT pic_id,pic_face_url,pic_body_url,lostman_id FROM tb_lostman_img WHERE (lostman_id = ?)
2021-03-22 21:10:19.989 [DEBUG] com.lxw.system.mapper.LostmanImgMapper.selectList - ==> Parameters: 3(Long)
2021-03-22 21:10:19.992 [DEBUG] com.lxw.system.mapper.LostmanImgMapper.selectList - <==      Total: 2
2021-03-22 21:10:20.882 [DEBUG] com.lxw.system.mapper.LostmanImgMapper.insert - ==>  Preparing: INSERT INTO tb_lostman_img ( pic_face_url, lostman_id ) VALUES ( ?, ? )
2021-03-22 21:10:20.883 [DEBUG] com.lxw.system.mapper.LostmanImgMapper.insert - ==> Parameters: http://return-home.oss-cn-hangzhou.aliyuncs.com/lostman/3/e85865c86dea45b890d9583ccc7b58df.jpg(String), 3(Long)
2021-03-22 21:10:20.885 [DEBUG] com.lxw.system.mapper.LostmanImgMapper.insert - <==    Updates: 1
2021-03-22 21:12:54.238 [DEBUG] com.lxw.system.mapper.LostmanInfoMapper.selectById - ==>  Preparing: SELECT lostman_id,lostman_name,lostman_sex,lostman_age,lostman_IDCard,lostman_remark,lostman_pos,lostman_pos_longitude,lostman_pos_latitude,family_phoneNumber,family_name,lost_time FROM tb_lostman_info WHERE lostman_id=?
2021-03-22 21:12:54.258 [DEBUG] com.lxw.system.mapper.LostmanInfoMapper.selectById - ==> Parameters: 3(Long)
2021-03-22 21:12:54.281 [DEBUG] com.lxw.system.mapper.LostmanInfoMapper.selectById - <==      Total: 1
2021-03-22 21:12:54.655 [DEBUG] com.lxw.system.mapper.LostmanImgMapper.selectList - ==>  Preparing: SELECT pic_id,pic_face_url,pic_body_url,lostman_id FROM tb_lostman_img WHERE (lostman_id = ?)
2021-03-22 21:12:54.656 [DEBUG] com.lxw.system.mapper.LostmanImgMapper.selectList - ==> Parameters: 3(Long)
2021-03-22 21:12:54.658 [DEBUG] com.lxw.system.mapper.LostmanImgMapper.selectList - <==      Total: 3
2021-03-22 21:12:55.516 [DEBUG] com.lxw.system.mapper.LostmanImgMapper.insert - ==>  Preparing: INSERT INTO tb_lostman_img ( pic_face_url, lostman_id ) VALUES ( ?, ? )
2021-03-22 21:12:55.519 [DEBUG] com.lxw.system.mapper.LostmanImgMapper.insert - ==> Parameters: http://return-home.oss-cn-hangzhou.aliyuncs.com/lostman/3/c39644e7d8024274b8946d3660f863e4.jpg(String), 3(Long)
2021-03-22 21:12:55.520 [DEBUG] com.lxw.system.mapper.LostmanImgMapper.insert - <==    Updates: 1
2021-03-22 21:13:37.887 [DEBUG] com.lxw.system.mapper.LostmanInfoMapper.selectById - ==>  Preparing: SELECT lostman_id,lostman_name,lostman_sex,lostman_age,lostman_IDCard,lostman_remark,lostman_pos,lostman_pos_longitude,lostman_pos_latitude,family_phoneNumber,family_name,lost_time FROM tb_lostman_info WHERE lostman_id=?
2021-03-22 21:13:37.906 [DEBUG] com.lxw.system.mapper.LostmanInfoMapper.selectById - ==> Parameters: 3(Long)
2021-03-22 21:13:37.925 [DEBUG] com.lxw.system.mapper.LostmanInfoMapper.selectById - <==      Total: 1
2021-03-22 21:13:38.313 [DEBUG] com.lxw.system.mapper.LostmanImgMapper.selectList - ==>  Preparing: SELECT pic_id,pic_face_url,pic_body_url,lostman_id FROM tb_lostman_img WHERE (lostman_id = ?)
2021-03-22 21:13:38.315 [DEBUG] com.lxw.system.mapper.LostmanImgMapper.selectList - ==> Parameters: 3(Long)
2021-03-22 21:13:38.320 [DEBUG] com.lxw.system.mapper.LostmanImgMapper.selectList - <==      Total: 4
2021-03-22 21:13:39.153 [DEBUG] com.lxw.system.mapper.LostmanImgMapper.insert - ==>  Preparing: INSERT INTO tb_lostman_img ( pic_face_url, lostman_id ) VALUES ( ?, ? )
2021-03-22 21:13:39.154 [DEBUG] com.lxw.system.mapper.LostmanImgMapper.insert - ==> Parameters: http://return-home.oss-cn-hangzhou.aliyuncs.com/lostman/3/7016ab3bdd3844579ccbeb06109139e3.jpg(String), 3(Long)
2021-03-22 21:13:39.156 [DEBUG] com.lxw.system.mapper.LostmanImgMapper.insert - <==    Updates: 1
2021-03-22 21:16:54.612 [DEBUG] com.lxw.system.mapper.LostmanInfoMapper.selectById - ==>  Preparing: SELECT lostman_id,lostman_name,lostman_sex,lostman_age,lostman_IDCard,lostman_remark,lostman_pos,lostman_pos_longitude,lostman_pos_latitude,family_phoneNumber,family_name,lost_time FROM tb_lostman_info WHERE lostman_id=?
2021-03-22 21:16:54.631 [DEBUG] com.lxw.system.mapper.LostmanInfoMapper.selectById - ==> Parameters: 3(Long)
2021-03-22 21:16:54.650 [DEBUG] com.lxw.system.mapper.LostmanInfoMapper.selectById - <==      Total: 1
2021-03-22 21:16:55.036 [DEBUG] com.lxw.system.mapper.LostmanImgMapper.selectList - ==>  Preparing: SELECT pic_id,pic_face_url,pic_body_url,lostman_id FROM tb_lostman_img WHERE (lostman_id = ?)
2021-03-22 21:16:55.037 [DEBUG] com.lxw.system.mapper.LostmanImgMapper.selectList - ==> Parameters: 3(Long)
2021-03-22 21:16:55.041 [DEBUG] com.lxw.system.mapper.LostmanImgMapper.selectList - <==      Total: 5
2021-03-22 21:16:55.986 [DEBUG] com.lxw.system.mapper.LostmanImgMapper.insert - ==>  Preparing: INSERT INTO tb_lostman_img ( pic_face_url, lostman_id ) VALUES ( ?, ? )
2021-03-22 21:16:55.988 [DEBUG] com.lxw.system.mapper.LostmanImgMapper.insert - ==> Parameters: http://return-home.oss-cn-hangzhou.aliyuncs.com/lostman/3/e18b3500630e4e0a9cb8cddae53e7e81.jpg(String), 3(Long)
2021-03-22 21:16:55.990 [DEBUG] com.lxw.system.mapper.LostmanImgMapper.insert - <==    Updates: 1
2021-03-22 21:17:40.439 [DEBUG] com.lxw.system.mapper.LostmanInfoMapper.selectById - ==>  Preparing: SELECT lostman_id,lostman_name,lostman_sex,lostman_age,lostman_IDCard,lostman_remark,lostman_pos,lostman_pos_longitude,lostman_pos_latitude,family_phoneNumber,family_name,lost_time FROM tb_lostman_info WHERE lostman_id=?
2021-03-22 21:17:40.460 [DEBUG] com.lxw.system.mapper.LostmanInfoMapper.selectById - ==> Parameters: 3(Long)
2021-03-22 21:17:40.483 [DEBUG] com.lxw.system.mapper.LostmanInfoMapper.selectById - <==      Total: 1
2021-03-22 21:17:40.812 [DEBUG] com.lxw.system.mapper.LostmanImgMapper.selectList - ==>  Preparing: SELECT pic_id,pic_face_url,pic_body_url,lostman_id FROM tb_lostman_img WHERE (lostman_id = ?)
2021-03-22 21:17:40.813 [DEBUG] com.lxw.system.mapper.LostmanImgMapper.selectList - ==> Parameters: 3(Long)
2021-03-22 21:17:40.816 [DEBUG] com.lxw.system.mapper.LostmanImgMapper.selectList - <==      Total: 6
2021-03-22 21:17:41.745 [DEBUG] com.lxw.system.mapper.LostmanImgMapper.insert - ==>  Preparing: INSERT INTO tb_lostman_img ( pic_face_url, lostman_id ) VALUES ( ?, ? )
2021-03-22 21:17:41.746 [DEBUG] com.lxw.system.mapper.LostmanImgMapper.insert - ==> Parameters: http://return-home.oss-cn-hangzhou.aliyuncs.com/lostman/3/767d53f2bc2a4b00aa05698fcf051989.jpg(String), 3(Long)
2021-03-22 21:17:41.748 [DEBUG] com.lxw.system.mapper.LostmanImgMapper.insert - <==    Updates: 1
2021-03-22 21:22:04.043 [DEBUG] com.lxw.system.mapper.LostmanInfoMapper.selectById - ==>  Preparing: SELECT lostman_id,lostman_name,lostman_sex,lostman_age,lostman_IDCard,lostman_remark,lostman_pos,lostman_pos_longitude,lostman_pos_latitude,family_phoneNumber,family_name,lost_time FROM tb_lostman_info WHERE lostman_id=?
2021-03-22 21:22:04.062 [DEBUG] com.lxw.system.mapper.LostmanInfoMapper.selectById - ==> Parameters: 3(Long)
2021-03-22 21:22:04.084 [DEBUG] com.lxw.system.mapper.LostmanInfoMapper.selectById - <==      Total: 1
2021-03-22 21:22:04.465 [DEBUG] com.lxw.system.mapper.LostmanImgMapper.selectList - ==>  Preparing: SELECT pic_id,pic_face_url,pic_body_url,lostman_id FROM tb_lostman_img WHERE (lostman_id = ?)
2021-03-22 21:22:04.466 [DEBUG] com.lxw.system.mapper.LostmanImgMapper.selectList - ==> Parameters: 3(Long)
2021-03-22 21:22:04.469 [DEBUG] com.lxw.system.mapper.LostmanImgMapper.selectList - <==      Total: 7
2021-03-22 21:22:05.318 [DEBUG] com.lxw.system.mapper.LostmanImgMapper.insert - ==>  Preparing: INSERT INTO tb_lostman_img ( pic_face_url, lostman_id ) VALUES ( ?, ? )
2021-03-22 21:22:05.319 [DEBUG] com.lxw.system.mapper.LostmanImgMapper.insert - ==> Parameters: http://return-home.oss-cn-hangzhou.aliyuncs.com/lostman/3/25f44fb41c434b8e8a348f6cab243c78.jpg(String), 3(Long)
2021-03-22 21:22:05.321 [DEBUG] com.lxw.system.mapper.LostmanImgMapper.insert - <==    Updates: 1
2021-03-22 22:43:04.009 [DEBUG] com.lxw.system.mapper.LostmanInfoMapper.selectById - ==>  Preparing: SELECT lostman_id,lostman_name,lostman_sex,lostman_age,lostman_IDCard,lostman_remark,lostman_pos,lostman_pos_longitude,lostman_pos_latitude,family_phoneNumber,family_name,lost_time FROM tb_lostman_info WHERE lostman_id=?
2021-03-22 22:43:04.029 [DEBUG] com.lxw.system.mapper.LostmanInfoMapper.selectById - ==> Parameters: 3(Long)
2021-03-22 22:43:04.048 [DEBUG] com.lxw.system.mapper.LostmanInfoMapper.selectById - <==      Total: 1
2021-03-22 22:43:04.414 [DEBUG] com.lxw.system.mapper.LostmanImgMapper.selectList - ==>  Preparing: SELECT pic_id,pic_face_url,pic_body_url,lostman_id FROM tb_lostman_img WHERE (lostman_id = ?)
2021-03-22 22:43:04.415 [DEBUG] com.lxw.system.mapper.LostmanImgMapper.selectList - ==> Parameters: 3(Long)
2021-03-22 22:43:04.419 [DEBUG] com.lxw.system.mapper.LostmanImgMapper.selectList - <==      Total: 8
2021-03-22 22:43:05.357 [DEBUG] com.lxw.system.mapper.LostmanImgMapper.insert - ==>  Preparing: INSERT INTO tb_lostman_img ( pic_face_url, lostman_id ) VALUES ( ?, ? )
2021-03-22 22:43:05.358 [DEBUG] com.lxw.system.mapper.LostmanImgMapper.insert - ==> Parameters: http://return-home.oss-cn-hangzhou.aliyuncs.com/lostman/3/eb680af0c63d4082badb3944cecc9800.jpg(String), 3(Long)
2021-03-22 22:43:05.360 [DEBUG] com.lxw.system.mapper.LostmanImgMapper.insert - <==    Updates: 1
2021-03-22 22:48:02.494 [DEBUG] com.lxw.system.mapper.LostmanInfoMapper.selectById - ==>  Preparing: SELECT lostman_id,lostman_name,lostman_sex,lostman_age,lostman_IDCard,lostman_remark,lostman_pos,lostman_pos_longitude,lostman_pos_latitude,family_phoneNumber,family_name,lost_time FROM tb_lostman_info WHERE lostman_id=?
2021-03-22 22:48:02.495 [DEBUG] com.lxw.system.mapper.LostmanInfoMapper.selectById - ==> Parameters: 4(Long)
2021-03-22 22:48:02.498 [DEBUG] com.lxw.system.mapper.LostmanInfoMapper.selectById - <==      Total: 1
2021-03-22 22:48:02.656 [DEBUG] com.lxw.system.mapper.LostmanImgMapper.selectList - ==>  Preparing: SELECT pic_id,pic_face_url,pic_body_url,lostman_id FROM tb_lostman_img WHERE (lostman_id = ?)
2021-03-22 22:48:02.657 [DEBUG] com.lxw.system.mapper.LostmanImgMapper.selectList - ==> Parameters: 4(Long)
2021-03-22 22:48:02.658 [DEBUG] com.lxw.system.mapper.LostmanImgMapper.selectList - <==      Total: 0
2021-03-22 22:48:03.316 [DEBUG] com.lxw.system.mapper.LostmanImgMapper.insert - ==>  Preparing: INSERT INTO tb_lostman_img ( pic_face_url, lostman_id ) VALUES ( ?, ? )
2021-03-22 22:48:03.318 [DEBUG] com.lxw.system.mapper.LostmanImgMapper.insert - ==> Parameters: http://return-home.oss-cn-hangzhou.aliyuncs.com/lostman/4/d0d9005535f24d92ab082d94a2e6cb74.jpg(String), 4(Long)
2021-03-22 22:48:03.327 [DEBUG] com.lxw.system.mapper.LostmanImgMapper.insert - <==    Updates: 1
2021-03-22 23:30:45.903 [DEBUG] com.lxw.system.mapper.LostmanInfoMapper.selectById - ==>  Preparing: SELECT lostman_id,lostman_name,lostman_sex,lostman_age,lostman_IDCard,lostman_remark,lostman_pos,lostman_pos_longitude,lostman_pos_latitude,family_phoneNumber,family_name,lost_time FROM tb_lostman_info WHERE lostman_id=?
2021-03-22 23:30:45.922 [DEBUG] com.lxw.system.mapper.LostmanInfoMapper.selectById - ==> Parameters: 5(Long)
2021-03-22 23:30:45.941 [DEBUG] com.lxw.system.mapper.LostmanInfoMapper.selectById - <==      Total: 1
2021-03-22 23:30:46.579 [DEBUG] com.lxw.system.mapper.LostmanImgMapper.selectList - ==>  Preparing: SELECT pic_id,pic_face_url,pic_body_url,lostman_id FROM tb_lostman_img WHERE (lostman_id = ?)
2021-03-22 23:30:46.580 [DEBUG] com.lxw.system.mapper.LostmanImgMapper.selectList - ==> Parameters: 5(Long)
2021-03-22 23:30:46.581 [DEBUG] com.lxw.system.mapper.LostmanImgMapper.selectList - <==      Total: 0
2021-03-22 23:30:47.863 [DEBUG] com.lxw.system.mapper.LostmanImgMapper.insert - ==>  Preparing: INSERT INTO tb_lostman_img ( pic_face_url, lostman_id ) VALUES ( ?, ? )
2021-03-22 23:30:47.865 [DEBUG] com.lxw.system.mapper.LostmanImgMapper.insert - ==> Parameters: http://return-home.oss-cn-hangzhou.aliyuncs.com/lostman/5/91e5877a9ce94a68a61838cf611c8ef2.jpg(String), 5(Long)
2021-03-22 23:30:47.866 [DEBUG] com.lxw.system.mapper.LostmanImgMapper.insert - <==    Updates: 1
2021-03-22 23:32:19.895 [DEBUG] com.lxw.system.mapper.LostmanInfoMapper.selectById - ==>  Preparing: SELECT lostman_id,lostman_name,lostman_sex,lostman_age,lostman_IDCard,lostman_remark,lostman_pos,lostman_pos_longitude,lostman_pos_latitude,family_phoneNumber,family_name,lost_time FROM tb_lostman_info WHERE lostman_id=?
2021-03-22 23:32:19.896 [DEBUG] com.lxw.system.mapper.LostmanInfoMapper.selectById - ==> Parameters: 5(Long)
2021-03-22 23:32:19.906 [DEBUG] com.lxw.system.mapper.LostmanInfoMapper.selectById - <==      Total: 1
2021-03-22 23:32:22.283 [DEBUG] com.lxw.system.mapper.LostmanImgMapper.selectList - ==>  Preparing: SELECT pic_id,pic_face_url,pic_body_url,lostman_id FROM tb_lostman_img WHERE (lostman_id = ?)
2021-03-22 23:32:22.283 [DEBUG] com.lxw.system.mapper.LostmanImgMapper.selectList - ==> Parameters: 5(Long)
2021-03-22 23:32:22.286 [DEBUG] com.lxw.system.mapper.LostmanImgMapper.selectList - <==      Total: 1
2021-03-22 23:32:23.252 [DEBUG] com.lxw.system.mapper.LostmanImgMapper.insert - ==>  Preparing: INSERT INTO tb_lostman_img ( pic_face_url, lostman_id ) VALUES ( ?, ? )
2021-03-22 23:32:23.254 [DEBUG] com.lxw.system.mapper.LostmanImgMapper.insert - ==> Parameters: http://return-home.oss-cn-hangzhou.aliyuncs.com/lostman/5/690b1b95475d49bca2ee83c2f5cc8ba9.jpg(String), 5(Long)
2021-03-22 23:32:23.256 [DEBUG] com.lxw.system.mapper.LostmanImgMapper.insert - <==    Updates: 1
2021-03-22 23:33:04.966 [DEBUG] com.lxw.system.mapper.LostmanInfoMapper.selectById - ==>  Preparing: SELECT lostman_id,lostman_name,lostman_sex,lostman_age,lostman_IDCard,lostman_remark,lostman_pos,lostman_pos_longitude,lostman_pos_latitude,family_phoneNumber,family_name,lost_time FROM tb_lostman_info WHERE lostman_id=?
2021-03-22 23:33:04.967 [DEBUG] com.lxw.system.mapper.LostmanInfoMapper.selectById - ==> Parameters: 5(Long)
2021-03-22 23:33:04.978 [DEBUG] com.lxw.system.mapper.LostmanInfoMapper.selectById - <==      Total: 1
2021-03-22 23:33:05.162 [DEBUG] com.lxw.system.mapper.LostmanImgMapper.selectList - ==>  Preparing: SELECT pic_id,pic_face_url,pic_body_url,lostman_id FROM tb_lostman_img WHERE (lostman_id = ?)
2021-03-22 23:33:05.163 [DEBUG] com.lxw.system.mapper.LostmanImgMapper.selectList - ==> Parameters: 5(Long)
2021-03-22 23:33:05.167 [DEBUG] com.lxw.system.mapper.LostmanImgMapper.selectList - <==      Total: 2
2021-03-22 23:33:06.152 [DEBUG] com.lxw.system.mapper.LostmanImgMapper.insert - ==>  Preparing: INSERT INTO tb_lostman_img ( pic_face_url, lostman_id ) VALUES ( ?, ? )
2021-03-22 23:33:06.153 [DEBUG] com.lxw.system.mapper.LostmanImgMapper.insert - ==> Parameters: http://return-home.oss-cn-hangzhou.aliyuncs.com/lostman/5/b47d8152a04c4d33bb028e638e85287e.jpg(String), 5(Long)
2021-03-22 23:33:06.155 [DEBUG] com.lxw.system.mapper.LostmanImgMapper.insert - <==    Updates: 1
2021-03-22 23:33:29.105 [DEBUG] com.lxw.system.mapper.LostmanInfoMapper.selectById - ==>  Preparing: SELECT lostman_id,lostman_name,lostman_sex,lostman_age,lostman_IDCard,lostman_remark,lostman_pos,lostman_pos_longitude,lostman_pos_latitude,family_phoneNumber,family_name,lost_time FROM tb_lostman_info WHERE lostman_id=?
2021-03-22 23:33:29.105 [DEBUG] com.lxw.system.mapper.LostmanInfoMapper.selectById - ==> Parameters: 5(Long)
2021-03-22 23:33:29.107 [DEBUG] com.lxw.system.mapper.LostmanInfoMapper.selectById - <==      Total: 1
2021-03-22 23:33:29.373 [DEBUG] com.lxw.system.mapper.LostmanImgMapper.selectList - ==>  Preparing: SELECT pic_id,pic_face_url,pic_body_url,lostman_id FROM tb_lostman_img WHERE (lostman_id = ?)
2021-03-22 23:33:29.374 [DEBUG] com.lxw.system.mapper.LostmanImgMapper.selectList - ==> Parameters: 5(Long)
2021-03-22 23:33:29.377 [DEBUG] com.lxw.system.mapper.LostmanImgMapper.selectList - <==      Total: 3
2021-03-22 23:33:30.276 [DEBUG] com.lxw.system.mapper.LostmanImgMapper.insert - ==>  Preparing: INSERT INTO tb_lostman_img ( pic_face_url, lostman_id ) VALUES ( ?, ? )
2021-03-22 23:33:30.278 [DEBUG] com.lxw.system.mapper.LostmanImgMapper.insert - ==> Parameters: http://return-home.oss-cn-hangzhou.aliyuncs.com/lostman/5/9160f64da41c4c998559024c1ed8ff05.jpg(String), 5(Long)
2021-03-22 23:33:30.280 [DEBUG] com.lxw.system.mapper.LostmanImgMapper.insert - <==    Updates: 1
