2021-03-16 09:59:09.737 [INFO ] org.hibernate.validator.internal.util.Version - HV000001: Hibernate Validator 6.1.7.Final
2021-03-16 09:59:09.841 [INFO ] com.lxw.ReturnHomeApplication - Starting ReturnHomeApplication using Java 1.8.0_212 on LAPTOP-K8D3MGN6 with PID 12044 (E:\return-home\returnhome-web\target\classes started by ASUS in E:\return-home)
2021-03-16 09:59:09.842 [INFO ] com.lxw.ReturnHomeApplication - No active profile set, falling back to default profiles: default
2021-03-16 09:59:13.516 [INFO ] org.springframework.context.support.PostProcessorRegistrationDelegate$BeanPostProcessorChecker - Bean 'org.springframework.security.access.expression.method.DefaultMethodSecurityExpressionHandler@6f38a289' of type [org.springframework.security.access.expression.method.DefaultMethodSecurityExpressionHandler] is not eligible for getting processed by all BeanPostProcessors (for example: not eligible for auto-proxying)
2021-03-16 09:59:13.520 [INFO ] org.springframework.context.support.PostProcessorRegistrationDelegate$BeanPostProcessorChecker - Bean 'methodSecurityMetadataSource' of type [org.springframework.security.access.method.DelegatingMethodSecurityMetadataSource] is not eligible for getting processed by all BeanPostProcessors (for example: not eligible for auto-proxying)
2021-03-16 09:59:14.211 [INFO ] org.springframework.boot.web.embedded.tomcat.TomcatWebServer - Tomcat initialized with port(s): 8081 (http)
2021-03-16 09:59:14.221 [INFO ] org.apache.coyote.http11.Http11NioProtocol - Initializing ProtocolHandler ["http-nio-8081"]
2021-03-16 09:59:14.222 [INFO ] org.apache.catalina.core.StandardService - Starting service [Tomcat]
2021-03-16 09:59:14.222 [INFO ] org.apache.catalina.core.StandardEngine - Starting Servlet engine: [Apache Tomcat/9.0.43]
2021-03-16 09:59:14.224 [INFO ] org.apache.catalina.core.AprLifecycleListener - Loaded Apache Tomcat Native library [1.2.23] using APR version [1.7.0].
2021-03-16 09:59:14.224 [INFO ] org.apache.catalina.core.AprLifecycleListener - APR capabilities: IPv6 [true], sendfile [true], accept filters [false], random [true].
2021-03-16 09:59:14.224 [INFO ] org.apache.catalina.core.AprLifecycleListener - APR/OpenSSL configuration: useAprConnector [false], useOpenSSL [true]
2021-03-16 09:59:14.272 [INFO ] org.apache.catalina.core.AprLifecycleListener - OpenSSL successfully initialized [OpenSSL 1.1.1c  28 May 2019]
2021-03-16 09:59:14.464 [INFO ] org.apache.catalina.core.ContainerBase.[Tomcat].[localhost].[/] - Initializing Spring embedded WebApplicationContext
2021-03-16 09:59:14.464 [INFO ] org.springframework.boot.web.servlet.context.ServletWebServerApplicationContext - Root WebApplicationContext: initialization completed in 4469 ms
2021-03-16 09:59:14.925 [INFO ] com.alibaba.druid.spring.boot.autoconfigure.DruidDataSourceAutoConfigure - Init DruidDataSource
2021-03-16 09:59:15.489 [INFO ] com.alibaba.druid.pool.DruidDataSource - {dataSource-1} inited
2021-03-16 09:59:17.826 [INFO ] springfox.documentation.spring.web.WebMvcPropertySourcedRequestMappingHandlerMapping - Mapped URL path [/v2/api-docs] onto method [springfox.documentation.swagger2.web.Swagger2ControllerWebMvc#getDocumentation(String, HttpServletRequest)]
2021-03-16 09:59:17.934 [INFO ] org.springframework.security.web.DefaultSecurityFilterChain - Will secure any request with [org.springframework.security.web.context.request.async.WebAsyncManagerIntegrationFilter@66f5a02e, org.springframework.security.web.context.SecurityContextPersistenceFilter@413bef78, org.springframework.security.web.header.HeaderWriterFilter@36790bec, org.springframework.web.filter.CorsFilter@4e3f2908, org.springframework.security.web.authentication.logout.LogoutFilter@32f1fafe, com.lxw.fliter.JwtAuthenticationFilter@7e87ef9e, org.springframework.security.web.authentication.UsernamePasswordAuthenticationFilter@6b357eb6, com.lxw.fliter.JwtAuthorizationFilter@e3b0369, org.springframework.security.web.savedrequest.RequestCacheAwareFilter@7f7c420c, org.springframework.security.web.servletapi.SecurityContextHolderAwareRequestFilter@1450131a, org.springframework.security.web.authentication.AnonymousAuthenticationFilter@45843650, org.springframework.security.web.session.SessionManagementFilter@7e3d7dd, org.springframework.security.web.access.ExceptionTranslationFilter@234c5e41, org.springframework.security.web.access.intercept.FilterSecurityInterceptor@fd413fb]
2021-03-16 09:59:18.011 [INFO ] org.springframework.scheduling.concurrent.ThreadPoolTaskExecutor - Initializing ExecutorService 'applicationTaskExecutor'
2021-03-16 09:59:18.340 [INFO ] org.apache.coyote.http11.Http11NioProtocol - Starting ProtocolHandler ["http-nio-8081"]
2021-03-16 09:59:18.371 [INFO ] org.springframework.boot.web.embedded.tomcat.TomcatWebServer - Tomcat started on port(s): 8081 (http) with context path ''
2021-03-16 09:59:18.372 [INFO ] springfox.documentation.spring.web.plugins.DocumentationPluginsBootstrapper - Documentation plugins bootstrapped
2021-03-16 09:59:18.375 [INFO ] springfox.documentation.spring.web.plugins.DocumentationPluginsBootstrapper - Found 1 custom documentation plugin(s)
2021-03-16 09:59:18.402 [INFO ] springfox.documentation.spring.web.scanners.ApiListingReferenceScanner - Scanning for api listing references
2021-03-16 09:59:18.612 [INFO ] com.lxw.ReturnHomeApplication - Started ReturnHomeApplication in 10.21 seconds (JVM running for 11.938)
2021-03-16 09:59:27.586 [INFO ] org.apache.catalina.core.ContainerBase.[Tomcat].[localhost].[/] - Initializing Spring DispatcherServlet 'dispatcherServlet'
2021-03-16 11:23:27.337 [INFO ] org.hibernate.validator.internal.util.Version - HV000001: Hibernate Validator 6.1.7.Final
2021-03-16 11:23:27.534 [INFO ] com.lxw.ReturnHomeApplication - Starting ReturnHomeApplication using Java 1.8.0_212 on LAPTOP-K8D3MGN6 with PID 16708 (E:\return-home\returnhome-web\target\classes started by ASUS in E:\return-home)
2021-03-16 11:23:27.536 [INFO ] com.lxw.ReturnHomeApplication - No active profile set, falling back to default profiles: default
2021-03-16 11:23:32.970 [INFO ] org.springframework.context.support.PostProcessorRegistrationDelegate$BeanPostProcessorChecker - Bean 'org.springframework.security.access.expression.method.DefaultMethodSecurityExpressionHandler@3cec79d3' of type [org.springframework.security.access.expression.method.DefaultMethodSecurityExpressionHandler] is not eligible for getting processed by all BeanPostProcessors (for example: not eligible for auto-proxying)
2021-03-16 11:23:32.975 [INFO ] org.springframework.context.support.PostProcessorRegistrationDelegate$BeanPostProcessorChecker - Bean 'methodSecurityMetadataSource' of type [org.springframework.security.access.method.DelegatingMethodSecurityMetadataSource] is not eligible for getting processed by all BeanPostProcessors (for example: not eligible for auto-proxying)
2021-03-16 11:23:33.754 [INFO ] org.springframework.boot.web.embedded.tomcat.TomcatWebServer - Tomcat initialized with port(s): 8081 (http)
2021-03-16 11:23:33.767 [INFO ] org.apache.coyote.http11.Http11NioProtocol - Initializing ProtocolHandler ["http-nio-8081"]
2021-03-16 11:23:33.768 [INFO ] org.apache.catalina.core.StandardService - Starting service [Tomcat]
2021-03-16 11:23:33.768 [INFO ] org.apache.catalina.core.StandardEngine - Starting Servlet engine: [Apache Tomcat/9.0.43]
2021-03-16 11:23:33.770 [INFO ] org.apache.catalina.core.AprLifecycleListener - Loaded Apache Tomcat Native library [1.2.23] using APR version [1.7.0].
2021-03-16 11:23:33.771 [INFO ] org.apache.catalina.core.AprLifecycleListener - APR capabilities: IPv6 [true], sendfile [true], accept filters [false], random [true].
2021-03-16 11:23:33.771 [INFO ] org.apache.catalina.core.AprLifecycleListener - APR/OpenSSL configuration: useAprConnector [false], useOpenSSL [true]
2021-03-16 11:23:33.830 [INFO ] org.apache.catalina.core.AprLifecycleListener - OpenSSL successfully initialized [OpenSSL 1.1.1c  28 May 2019]
2021-03-16 11:23:34.089 [INFO ] org.apache.catalina.core.ContainerBase.[Tomcat].[localhost].[/] - Initializing Spring embedded WebApplicationContext
2021-03-16 11:23:34.090 [INFO ] org.springframework.boot.web.servlet.context.ServletWebServerApplicationContext - Root WebApplicationContext: initialization completed in 6300 ms
2021-03-16 11:23:34.842 [INFO ] com.alibaba.druid.spring.boot.autoconfigure.DruidDataSourceAutoConfigure - Init DruidDataSource
2021-03-16 11:23:35.799 [INFO ] com.alibaba.druid.pool.DruidDataSource - {dataSource-1} inited
2021-03-16 11:23:41.444 [INFO ] springfox.documentation.spring.web.WebMvcPropertySourcedRequestMappingHandlerMapping - Mapped URL path [/v2/api-docs] onto method [springfox.documentation.swagger2.web.Swagger2ControllerWebMvc#getDocumentation(String, HttpServletRequest)]
2021-03-16 11:23:41.868 [INFO ] org.springframework.security.web.DefaultSecurityFilterChain - Will secure any request with [org.springframework.security.web.context.request.async.WebAsyncManagerIntegrationFilter@4451f60c, org.springframework.security.web.context.SecurityContextPersistenceFilter@461c3709, org.springframework.security.web.header.HeaderWriterFilter@38291795, org.springframework.web.filter.CorsFilter@6b357eb6, org.springframework.security.web.authentication.logout.LogoutFilter@733c464f, com.lxw.fliter.JwtAuthenticationFilter@64bebd55, org.springframework.security.web.authentication.UsernamePasswordAuthenticationFilter@1e3df614, com.lxw.fliter.JwtAuthorizationFilter@7c1a8f0f, org.springframework.security.web.savedrequest.RequestCacheAwareFilter@3f63a513, org.springframework.security.web.servletapi.SecurityContextHolderAwareRequestFilter@6435fa1c, org.springframework.security.web.authentication.AnonymousAuthenticationFilter@3730f716, org.springframework.security.web.session.SessionManagementFilter@40ef0af8, org.springframework.security.web.access.ExceptionTranslationFilter@77429040, org.springframework.security.web.access.intercept.FilterSecurityInterceptor@32091c14]
2021-03-16 11:23:41.975 [INFO ] org.springframework.scheduling.concurrent.ThreadPoolTaskExecutor - Initializing ExecutorService 'applicationTaskExecutor'
2021-03-16 11:23:42.737 [INFO ] org.apache.coyote.http11.Http11NioProtocol - Starting ProtocolHandler ["http-nio-8081"]
2021-03-16 11:23:42.818 [INFO ] org.springframework.boot.web.embedded.tomcat.TomcatWebServer - Tomcat started on port(s): 8081 (http) with context path ''
2021-03-16 11:23:42.822 [INFO ] springfox.documentation.spring.web.plugins.DocumentationPluginsBootstrapper - Documentation plugins bootstrapped
2021-03-16 11:23:42.832 [INFO ] springfox.documentation.spring.web.plugins.DocumentationPluginsBootstrapper - Found 1 custom documentation plugin(s)
2021-03-16 11:23:42.919 [INFO ] springfox.documentation.spring.web.scanners.ApiListingReferenceScanner - Scanning for api listing references
2021-03-16 11:23:43.504 [INFO ] com.lxw.ReturnHomeApplication - Started ReturnHomeApplication in 17.804 seconds (JVM running for 19.829)
2021-03-16 11:24:27.909 [INFO ] org.apache.catalina.core.ContainerBase.[Tomcat].[localhost].[/] - Initializing Spring DispatcherServlet 'dispatcherServlet'
2021-03-16 15:45:36.795 [INFO ] org.hibernate.validator.internal.util.Version - HV000001: Hibernate Validator 6.1.7.Final
2021-03-16 15:45:36.941 [INFO ] com.lxw.ReturnHomeApplication - Starting ReturnHomeApplication using Java 1.8.0_212 on LAPTOP-K8D3MGN6 with PID 13012 (E:\return-home\returnhome-web\target\classes started by ASUS in E:\return-home)
2021-03-16 15:45:36.942 [INFO ] com.lxw.ReturnHomeApplication - No active profile set, falling back to default profiles: default
2021-03-16 15:45:42.902 [INFO ] org.springframework.context.support.PostProcessorRegistrationDelegate$BeanPostProcessorChecker - Bean 'org.springframework.security.access.expression.method.DefaultMethodSecurityExpressionHandler@3cec79d3' of type [org.springframework.security.access.expression.method.DefaultMethodSecurityExpressionHandler] is not eligible for getting processed by all BeanPostProcessors (for example: not eligible for auto-proxying)
2021-03-16 15:45:42.907 [INFO ] org.springframework.context.support.PostProcessorRegistrationDelegate$BeanPostProcessorChecker - Bean 'methodSecurityMetadataSource' of type [org.springframework.security.access.method.DelegatingMethodSecurityMetadataSource] is not eligible for getting processed by all BeanPostProcessors (for example: not eligible for auto-proxying)
2021-03-16 15:45:43.835 [INFO ] org.springframework.boot.web.embedded.tomcat.TomcatWebServer - Tomcat initialized with port(s): 8081 (http)
2021-03-16 15:45:43.863 [INFO ] org.apache.coyote.http11.Http11NioProtocol - Initializing ProtocolHandler ["http-nio-8081"]
2021-03-16 15:45:43.864 [INFO ] org.apache.catalina.core.StandardService - Starting service [Tomcat]
2021-03-16 15:45:43.866 [INFO ] org.apache.catalina.core.StandardEngine - Starting Servlet engine: [Apache Tomcat/9.0.43]
2021-03-16 15:45:43.870 [INFO ] org.apache.catalina.core.AprLifecycleListener - Loaded Apache Tomcat Native library [1.2.23] using APR version [1.7.0].
2021-03-16 15:45:43.872 [INFO ] org.apache.catalina.core.AprLifecycleListener - APR capabilities: IPv6 [true], sendfile [true], accept filters [false], random [true].
2021-03-16 15:45:43.872 [INFO ] org.apache.catalina.core.AprLifecycleListener - APR/OpenSSL configuration: useAprConnector [false], useOpenSSL [true]
2021-03-16 15:45:43.934 [INFO ] org.apache.catalina.core.AprLifecycleListener - OpenSSL successfully initialized [OpenSSL 1.1.1c  28 May 2019]
2021-03-16 15:45:44.247 [INFO ] org.apache.catalina.core.ContainerBase.[Tomcat].[localhost].[/] - Initializing Spring embedded WebApplicationContext
2021-03-16 15:45:44.247 [INFO ] org.springframework.boot.web.servlet.context.ServletWebServerApplicationContext - Root WebApplicationContext: initialization completed in 7118 ms
2021-03-16 15:45:44.911 [INFO ] com.alibaba.druid.spring.boot.autoconfigure.DruidDataSourceAutoConfigure - Init DruidDataSource
2021-03-16 15:45:45.904 [INFO ] com.alibaba.druid.pool.DruidDataSource - {dataSource-1} inited
2021-03-16 15:45:50.169 [INFO ] springfox.documentation.spring.web.WebMvcPropertySourcedRequestMappingHandlerMapping - Mapped URL path [/v2/api-docs] onto method [springfox.documentation.swagger2.web.Swagger2ControllerWebMvc#getDocumentation(String, HttpServletRequest)]
2021-03-16 15:45:50.410 [INFO ] org.springframework.security.web.DefaultSecurityFilterChain - Will secure any request with [org.springframework.security.web.context.request.async.WebAsyncManagerIntegrationFilter@286855ea, org.springframework.security.web.context.SecurityContextPersistenceFilter@461c3709, org.springframework.security.web.header.HeaderWriterFilter@38291795, org.springframework.web.filter.CorsFilter@64aeaf29, org.springframework.security.web.authentication.logout.LogoutFilter@733c464f, com.lxw.fliter.JwtAuthenticationFilter@1e3df614, org.springframework.security.web.authentication.UsernamePasswordAuthenticationFilter@4391a2d8, com.lxw.fliter.JwtAuthorizationFilter@6579cdbb, org.springframework.security.web.savedrequest.RequestCacheAwareFilter@3f63a513, org.springframework.security.web.servletapi.SecurityContextHolderAwareRequestFilter@6435fa1c, org.springframework.security.web.authentication.AnonymousAuthenticationFilter@fd413fb, org.springframework.security.web.session.SessionManagementFilter@40ef0af8, org.springframework.security.web.access.ExceptionTranslationFilter@77429040, org.springframework.security.web.access.intercept.FilterSecurityInterceptor@23ad71bf]
2021-03-16 15:45:50.493 [INFO ] org.springframework.scheduling.concurrent.ThreadPoolTaskExecutor - Initializing ExecutorService 'applicationTaskExecutor'
2021-03-16 15:45:51.003 [INFO ] org.apache.coyote.http11.Http11NioProtocol - Starting ProtocolHandler ["http-nio-8081"]
2021-03-16 15:45:51.045 [INFO ] org.springframework.boot.web.embedded.tomcat.TomcatWebServer - Tomcat started on port(s): 8081 (http) with context path ''
2021-03-16 15:45:51.047 [INFO ] springfox.documentation.spring.web.plugins.DocumentationPluginsBootstrapper - Documentation plugins bootstrapped
2021-03-16 15:45:51.052 [INFO ] springfox.documentation.spring.web.plugins.DocumentationPluginsBootstrapper - Found 1 custom documentation plugin(s)
2021-03-16 15:45:51.107 [INFO ] springfox.documentation.spring.web.scanners.ApiListingReferenceScanner - Scanning for api listing references
2021-03-16 15:45:51.454 [INFO ] com.lxw.ReturnHomeApplication - Started ReturnHomeApplication in 16.424 seconds (JVM running for 18.735)
2021-03-16 15:46:04.481 [INFO ] org.apache.catalina.core.ContainerBase.[Tomcat].[localhost].[/] - Initializing Spring DispatcherServlet 'dispatcherServlet'
2021-03-16 20:38:12.417 [INFO ] org.hibernate.validator.internal.util.Version - HV000001: Hibernate Validator 6.1.7.Final
2021-03-16 20:38:12.566 [INFO ] com.lxw.ReturnHomeApplication - Starting ReturnHomeApplication using Java 1.8.0_212 on LAPTOP-K8D3MGN6 with PID 10720 (E:\return-home\returnhome-web\target\classes started by ASUS in E:\return-home)
2021-03-16 20:38:12.567 [INFO ] com.lxw.ReturnHomeApplication - No active profile set, falling back to default profiles: default
2021-03-16 20:38:18.576 [INFO ] org.springframework.context.support.PostProcessorRegistrationDelegate$BeanPostProcessorChecker - Bean 'org.springframework.security.access.expression.method.DefaultMethodSecurityExpressionHandler@4e31c3ec' of type [org.springframework.security.access.expression.method.DefaultMethodSecurityExpressionHandler] is not eligible for getting processed by all BeanPostProcessors (for example: not eligible for auto-proxying)
2021-03-16 20:38:18.582 [INFO ] org.springframework.context.support.PostProcessorRegistrationDelegate$BeanPostProcessorChecker - Bean 'methodSecurityMetadataSource' of type [org.springframework.security.access.method.DelegatingMethodSecurityMetadataSource] is not eligible for getting processed by all BeanPostProcessors (for example: not eligible for auto-proxying)
2021-03-16 20:38:20.365 [INFO ] org.springframework.boot.web.embedded.tomcat.TomcatWebServer - Tomcat initialized with port(s): 8081 (http)
2021-03-16 20:38:20.383 [INFO ] org.apache.coyote.http11.Http11NioProtocol - Initializing ProtocolHandler ["http-nio-8081"]
2021-03-16 20:38:20.384 [INFO ] org.apache.catalina.core.StandardService - Starting service [Tomcat]
2021-03-16 20:38:20.385 [INFO ] org.apache.catalina.core.StandardEngine - Starting Servlet engine: [Apache Tomcat/9.0.43]
2021-03-16 20:38:20.387 [INFO ] org.apache.catalina.core.AprLifecycleListener - Loaded Apache Tomcat Native library [1.2.23] using APR version [1.7.0].
2021-03-16 20:38:20.388 [INFO ] org.apache.catalina.core.AprLifecycleListener - APR capabilities: IPv6 [true], sendfile [true], accept filters [false], random [true].
2021-03-16 20:38:20.388 [INFO ] org.apache.catalina.core.AprLifecycleListener - APR/OpenSSL configuration: useAprConnector [false], useOpenSSL [true]
2021-03-16 20:38:20.394 [INFO ] org.apache.catalina.core.AprLifecycleListener - OpenSSL successfully initialized [OpenSSL 1.1.1c  28 May 2019]
2021-03-16 20:38:20.719 [INFO ] org.apache.catalina.core.ContainerBase.[Tomcat].[localhost].[/] - Initializing Spring embedded WebApplicationContext
2021-03-16 20:38:20.719 [INFO ] org.springframework.boot.web.servlet.context.ServletWebServerApplicationContext - Root WebApplicationContext: initialization completed in 7993 ms
2021-03-16 20:38:21.941 [INFO ] com.alibaba.druid.spring.boot.autoconfigure.DruidDataSourceAutoConfigure - Init DruidDataSource
2021-03-16 20:38:23.401 [INFO ] com.alibaba.druid.pool.DruidDataSource - {dataSource-1} inited
2021-03-16 20:38:27.495 [INFO ] springfox.documentation.spring.web.WebMvcPropertySourcedRequestMappingHandlerMapping - Mapped URL path [/v2/api-docs] onto method [springfox.documentation.swagger2.web.Swagger2ControllerWebMvc#getDocumentation(String, HttpServletRequest)]
2021-03-16 20:38:27.724 [INFO ] org.springframework.security.web.DefaultSecurityFilterChain - Will secure any request with [org.springframework.security.web.context.request.async.WebAsyncManagerIntegrationFilter@64aeaf29, org.springframework.security.web.context.SecurityContextPersistenceFilter@7e3d7dd, org.springframework.security.web.header.HeaderWriterFilter@234c5e41, org.springframework.web.filter.CorsFilter@1e3df614, org.springframework.security.web.authentication.logout.LogoutFilter@47272cd3, com.lxw.fliter.JwtAuthenticationFilter@6579cdbb, org.springframework.security.web.authentication.UsernamePasswordAuthenticationFilter@47b269c4, com.lxw.fliter.JwtAuthorizationFilter@fd413fb, org.springframework.security.web.savedrequest.RequestCacheAwareFilter@413bef78, org.springframework.security.web.servletapi.SecurityContextHolderAwareRequestFilter@7944b8b4, org.springframework.security.web.authentication.AnonymousAuthenticationFilter@1e1232cf, org.springframework.security.web.session.SessionManagementFilter@36790bec, org.springframework.security.web.access.ExceptionTranslationFilter@2d2b6960, org.springframework.security.web.access.intercept.FilterSecurityInterceptor@1983b48a]
2021-03-16 20:38:27.845 [INFO ] org.springframework.scheduling.concurrent.ThreadPoolTaskExecutor - Initializing ExecutorService 'applicationTaskExecutor'
2021-03-16 20:38:28.662 [INFO ] org.apache.coyote.http11.Http11NioProtocol - Starting ProtocolHandler ["http-nio-8081"]
2021-03-16 20:38:28.734 [INFO ] org.springframework.boot.web.embedded.tomcat.TomcatWebServer - Tomcat started on port(s): 8081 (http) with context path ''
2021-03-16 20:38:28.735 [INFO ] springfox.documentation.spring.web.plugins.DocumentationPluginsBootstrapper - Documentation plugins bootstrapped
2021-03-16 20:38:28.737 [INFO ] springfox.documentation.spring.web.plugins.DocumentationPluginsBootstrapper - Found 1 custom documentation plugin(s)
2021-03-16 20:38:28.763 [INFO ] springfox.documentation.spring.web.scanners.ApiListingReferenceScanner - Scanning for api listing references
2021-03-16 20:38:29.139 [INFO ] com.lxw.ReturnHomeApplication - Started ReturnHomeApplication in 17.758 seconds (JVM running for 20.041)
2021-03-16 20:39:00.220 [INFO ] org.apache.catalina.core.ContainerBase.[Tomcat].[localhost].[/] - Initializing Spring DispatcherServlet 'dispatcherServlet'
2021-03-16 20:43:43.509 [INFO ] org.hibernate.validator.internal.util.Version - HV000001: Hibernate Validator 6.1.7.Final
2021-03-16 20:43:43.517 [INFO ] com.lxw.ReturnHomeApplication - Starting ReturnHomeApplication using Java 1.8.0_212 on LAPTOP-K8D3MGN6 with PID 10744 (E:\return-home\returnhome-web\target\classes started by ASUS in E:\return-home)
2021-03-16 20:43:43.517 [INFO ] com.lxw.ReturnHomeApplication - No active profile set, falling back to default profiles: default
2021-03-16 20:43:44.720 [INFO ] org.springframework.context.support.PostProcessorRegistrationDelegate$BeanPostProcessorChecker - Bean 'org.springframework.security.access.expression.method.DefaultMethodSecurityExpressionHandler@4bb003e9' of type [org.springframework.security.access.expression.method.DefaultMethodSecurityExpressionHandler] is not eligible for getting processed by all BeanPostProcessors (for example: not eligible for auto-proxying)
2021-03-16 20:43:44.725 [INFO ] org.springframework.context.support.PostProcessorRegistrationDelegate$BeanPostProcessorChecker - Bean 'methodSecurityMetadataSource' of type [org.springframework.security.access.method.DelegatingMethodSecurityMetadataSource] is not eligible for getting processed by all BeanPostProcessors (for example: not eligible for auto-proxying)
2021-03-16 20:43:44.927 [INFO ] org.springframework.boot.web.embedded.tomcat.TomcatWebServer - Tomcat initialized with port(s): 8081 (http)
2021-03-16 20:43:44.936 [INFO ] org.apache.coyote.http11.Http11NioProtocol - Initializing ProtocolHandler ["http-nio-8081"]
2021-03-16 20:43:44.937 [INFO ] org.apache.catalina.core.StandardService - Starting service [Tomcat]
2021-03-16 20:43:44.938 [INFO ] org.apache.catalina.core.StandardEngine - Starting Servlet engine: [Apache Tomcat/9.0.43]
2021-03-16 20:43:44.940 [INFO ] org.apache.catalina.core.AprLifecycleListener - Loaded Apache Tomcat Native library [1.2.23] using APR version [1.7.0].
2021-03-16 20:43:44.940 [INFO ] org.apache.catalina.core.AprLifecycleListener - APR capabilities: IPv6 [true], sendfile [true], accept filters [false], random [true].
2021-03-16 20:43:44.940 [INFO ] org.apache.catalina.core.AprLifecycleListener - APR/OpenSSL configuration: useAprConnector [false], useOpenSSL [true]
2021-03-16 20:43:44.944 [INFO ] org.apache.catalina.core.AprLifecycleListener - OpenSSL successfully initialized [OpenSSL 1.1.1c  28 May 2019]
2021-03-16 20:43:45.046 [INFO ] org.apache.catalina.core.ContainerBase.[Tomcat].[localhost].[/] - Initializing Spring embedded WebApplicationContext
2021-03-16 20:43:45.047 [INFO ] org.springframework.boot.web.servlet.context.ServletWebServerApplicationContext - Root WebApplicationContext: initialization completed in 1479 ms
2021-03-16 20:43:45.288 [INFO ] com.alibaba.druid.spring.boot.autoconfigure.DruidDataSourceAutoConfigure - Init DruidDataSource
2021-03-16 20:43:45.567 [INFO ] com.alibaba.druid.pool.DruidDataSource - {dataSource-1} inited
2021-03-16 20:43:47.207 [INFO ] springfox.documentation.spring.web.WebMvcPropertySourcedRequestMappingHandlerMapping - Mapped URL path [/v2/api-docs] onto method [springfox.documentation.swagger2.web.Swagger2ControllerWebMvc#getDocumentation(String, HttpServletRequest)]
2021-03-16 20:43:47.315 [INFO ] org.springframework.security.web.DefaultSecurityFilterChain - Will secure any request with [org.springframework.security.web.context.request.async.WebAsyncManagerIntegrationFilter@5af5d76f, org.springframework.security.web.context.SecurityContextPersistenceFilter@77d381e6, org.springframework.security.web.header.HeaderWriterFilter@3a36cd5, org.springframework.web.filter.CorsFilter@3a8cea24, org.springframework.security.web.authentication.logout.LogoutFilter@9b23822, com.lxw.fliter.JwtAuthenticationFilter@1eb9a3ef, org.springframework.security.web.authentication.UsernamePasswordAuthenticationFilter@17207f5b, com.lxw.fliter.JwtAuthorizationFilter@5d318e91, org.springframework.security.web.savedrequest.RequestCacheAwareFilter@3f6f3cc, org.springframework.security.web.servletapi.SecurityContextHolderAwareRequestFilter@236eccd1, org.springframework.security.web.authentication.AnonymousAuthenticationFilter@298b64f7, org.springframework.security.web.session.SessionManagementFilter@47acd13b, org.springframework.security.web.access.ExceptionTranslationFilter@1450131a, org.springframework.security.web.access.intercept.FilterSecurityInterceptor@33feda48]
2021-03-16 20:43:47.363 [INFO ] org.springframework.scheduling.concurrent.ThreadPoolTaskExecutor - Initializing ExecutorService 'applicationTaskExecutor'
2021-03-16 20:43:47.553 [INFO ] org.apache.coyote.http11.Http11NioProtocol - Starting ProtocolHandler ["http-nio-8081"]
2021-03-16 20:43:47.572 [INFO ] org.springframework.boot.web.embedded.tomcat.TomcatWebServer - Tomcat started on port(s): 8081 (http) with context path ''
2021-03-16 20:43:47.574 [INFO ] springfox.documentation.spring.web.plugins.DocumentationPluginsBootstrapper - Documentation plugins bootstrapped
2021-03-16 20:43:47.577 [INFO ] springfox.documentation.spring.web.plugins.DocumentationPluginsBootstrapper - Found 1 custom documentation plugin(s)
2021-03-16 20:43:47.612 [INFO ] springfox.documentation.spring.web.scanners.ApiListingReferenceScanner - Scanning for api listing references
2021-03-16 20:43:47.782 [INFO ] com.lxw.ReturnHomeApplication - Started ReturnHomeApplication in 4.997 seconds (JVM running for 6.205)
2021-03-16 20:44:25.736 [INFO ] org.apache.catalina.core.ContainerBase.[Tomcat].[localhost].[/] - Initializing Spring DispatcherServlet 'dispatcherServlet'
2021-03-16 20:52:07.570 [INFO ] org.hibernate.validator.internal.util.Version - HV000001: Hibernate Validator 6.1.7.Final
2021-03-16 20:52:07.579 [INFO ] com.lxw.ReturnHomeApplication - Starting ReturnHomeApplication using Java 1.8.0_212 on LAPTOP-K8D3MGN6 with PID 16964 (E:\return-home\returnhome-web\target\classes started by ASUS in E:\return-home)
2021-03-16 20:52:07.580 [INFO ] com.lxw.ReturnHomeApplication - No active profile set, falling back to default profiles: default
2021-03-16 20:52:08.739 [INFO ] org.springframework.context.support.PostProcessorRegistrationDelegate$BeanPostProcessorChecker - Bean 'org.springframework.security.access.expression.method.DefaultMethodSecurityExpressionHandler@4bb003e9' of type [org.springframework.security.access.expression.method.DefaultMethodSecurityExpressionHandler] is not eligible for getting processed by all BeanPostProcessors (for example: not eligible for auto-proxying)
2021-03-16 20:52:08.743 [INFO ] org.springframework.context.support.PostProcessorRegistrationDelegate$BeanPostProcessorChecker - Bean 'methodSecurityMetadataSource' of type [org.springframework.security.access.method.DelegatingMethodSecurityMetadataSource] is not eligible for getting processed by all BeanPostProcessors (for example: not eligible for auto-proxying)
2021-03-16 20:52:08.927 [INFO ] org.springframework.boot.web.embedded.tomcat.TomcatWebServer - Tomcat initialized with port(s): 8081 (http)
2021-03-16 20:52:08.934 [INFO ] org.apache.coyote.http11.Http11NioProtocol - Initializing ProtocolHandler ["http-nio-8081"]
2021-03-16 20:52:08.935 [INFO ] org.apache.catalina.core.StandardService - Starting service [Tomcat]
2021-03-16 20:52:08.935 [INFO ] org.apache.catalina.core.StandardEngine - Starting Servlet engine: [Apache Tomcat/9.0.43]
2021-03-16 20:52:08.936 [INFO ] org.apache.catalina.core.AprLifecycleListener - Loaded Apache Tomcat Native library [1.2.23] using APR version [1.7.0].
2021-03-16 20:52:08.936 [INFO ] org.apache.catalina.core.AprLifecycleListener - APR capabilities: IPv6 [true], sendfile [true], accept filters [false], random [true].
2021-03-16 20:52:08.937 [INFO ] org.apache.catalina.core.AprLifecycleListener - APR/OpenSSL configuration: useAprConnector [false], useOpenSSL [true]
2021-03-16 20:52:08.940 [INFO ] org.apache.catalina.core.AprLifecycleListener - OpenSSL successfully initialized [OpenSSL 1.1.1c  28 May 2019]
2021-03-16 20:52:09.033 [INFO ] org.apache.catalina.core.ContainerBase.[Tomcat].[localhost].[/] - Initializing Spring embedded WebApplicationContext
2021-03-16 20:52:09.034 [INFO ] org.springframework.boot.web.servlet.context.ServletWebServerApplicationContext - Root WebApplicationContext: initialization completed in 1383 ms
2021-03-16 20:52:09.218 [INFO ] com.alibaba.druid.spring.boot.autoconfigure.DruidDataSourceAutoConfigure - Init DruidDataSource
2021-03-16 20:52:09.439 [INFO ] com.alibaba.druid.pool.DruidDataSource - {dataSource-1} inited
2021-03-16 20:52:10.988 [INFO ] springfox.documentation.spring.web.WebMvcPropertySourcedRequestMappingHandlerMapping - Mapped URL path [/v2/api-docs] onto method [springfox.documentation.swagger2.web.Swagger2ControllerWebMvc#getDocumentation(String, HttpServletRequest)]
2021-03-16 20:52:11.086 [INFO ] org.springframework.security.web.DefaultSecurityFilterChain - Will secure any request with [org.springframework.security.web.context.request.async.WebAsyncManagerIntegrationFilter@27fe059d, org.springframework.security.web.context.SecurityContextPersistenceFilter@77d381e6, org.springframework.security.web.header.HeaderWriterFilter@3a36cd5, org.springframework.web.filter.CorsFilter@766a52f5, org.springframework.security.web.authentication.logout.LogoutFilter@9b23822, com.lxw.fliter.JwtAuthenticationFilter@4342c13, org.springframework.security.web.authentication.UsernamePasswordAuthenticationFilter@3a8cea24, com.lxw.fliter.JwtAuthorizationFilter@2ba1209b, org.springframework.security.web.savedrequest.RequestCacheAwareFilter@3f6f3cc, org.springframework.security.web.servletapi.SecurityContextHolderAwareRequestFilter@236eccd1, org.springframework.security.web.authentication.AnonymousAuthenticationFilter@7c241a9f, org.springframework.security.web.session.SessionManagementFilter@47acd13b, org.springframework.security.web.access.ExceptionTranslationFilter@1450131a, org.springframework.security.web.access.intercept.FilterSecurityInterceptor@67e0ff3a]
2021-03-16 20:52:11.131 [INFO ] org.springframework.scheduling.concurrent.ThreadPoolTaskExecutor - Initializing ExecutorService 'applicationTaskExecutor'
2021-03-16 20:52:11.292 [INFO ] org.apache.coyote.http11.Http11NioProtocol - Starting ProtocolHandler ["http-nio-8081"]
2021-03-16 20:52:11.309 [INFO ] org.springframework.boot.web.embedded.tomcat.TomcatWebServer - Tomcat started on port(s): 8081 (http) with context path ''
2021-03-16 20:52:11.311 [INFO ] springfox.documentation.spring.web.plugins.DocumentationPluginsBootstrapper - Documentation plugins bootstrapped
2021-03-16 20:52:11.313 [INFO ] springfox.documentation.spring.web.plugins.DocumentationPluginsBootstrapper - Found 1 custom documentation plugin(s)
2021-03-16 20:52:11.338 [INFO ] springfox.documentation.spring.web.scanners.ApiListingReferenceScanner - Scanning for api listing references
2021-03-16 20:52:11.465 [INFO ] com.lxw.ReturnHomeApplication - Started ReturnHomeApplication in 4.573 seconds (JVM running for 5.691)
2021-03-16 20:53:54.071 [INFO ] org.apache.catalina.core.ContainerBase.[Tomcat].[localhost].[/] - Initializing Spring DispatcherServlet 'dispatcherServlet'
2021-03-16 21:01:38.039 [INFO ] org.hibernate.validator.internal.util.Version - HV000001: Hibernate Validator 6.1.7.Final
2021-03-16 21:01:38.046 [INFO ] com.lxw.ReturnHomeApplication - Starting ReturnHomeApplication using Java 1.8.0_212 on LAPTOP-K8D3MGN6 with PID 7540 (E:\return-home\returnhome-web\target\classes started by ASUS in E:\return-home)
2021-03-16 21:01:38.047 [INFO ] com.lxw.ReturnHomeApplication - No active profile set, falling back to default profiles: default
2021-03-16 21:01:39.109 [INFO ] org.springframework.context.support.PostProcessorRegistrationDelegate$BeanPostProcessorChecker - Bean 'org.springframework.security.access.expression.method.DefaultMethodSecurityExpressionHandler@4bb003e9' of type [org.springframework.security.access.expression.method.DefaultMethodSecurityExpressionHandler] is not eligible for getting processed by all BeanPostProcessors (for example: not eligible for auto-proxying)
2021-03-16 21:01:39.112 [INFO ] org.springframework.context.support.PostProcessorRegistrationDelegate$BeanPostProcessorChecker - Bean 'methodSecurityMetadataSource' of type [org.springframework.security.access.method.DelegatingMethodSecurityMetadataSource] is not eligible for getting processed by all BeanPostProcessors (for example: not eligible for auto-proxying)
2021-03-16 21:01:39.318 [INFO ] org.springframework.boot.web.embedded.tomcat.TomcatWebServer - Tomcat initialized with port(s): 8081 (http)
2021-03-16 21:01:39.327 [INFO ] org.apache.coyote.http11.Http11NioProtocol - Initializing ProtocolHandler ["http-nio-8081"]
2021-03-16 21:01:39.327 [INFO ] org.apache.catalina.core.StandardService - Starting service [Tomcat]
2021-03-16 21:01:39.328 [INFO ] org.apache.catalina.core.StandardEngine - Starting Servlet engine: [Apache Tomcat/9.0.43]
2021-03-16 21:01:39.329 [INFO ] org.apache.catalina.core.AprLifecycleListener - Loaded Apache Tomcat Native library [1.2.23] using APR version [1.7.0].
2021-03-16 21:01:39.329 [INFO ] org.apache.catalina.core.AprLifecycleListener - APR capabilities: IPv6 [true], sendfile [true], accept filters [false], random [true].
2021-03-16 21:01:39.329 [INFO ] org.apache.catalina.core.AprLifecycleListener - APR/OpenSSL configuration: useAprConnector [false], useOpenSSL [true]
2021-03-16 21:01:39.332 [INFO ] org.apache.catalina.core.AprLifecycleListener - OpenSSL successfully initialized [OpenSSL 1.1.1c  28 May 2019]
2021-03-16 21:01:39.417 [INFO ] org.apache.catalina.core.ContainerBase.[Tomcat].[localhost].[/] - Initializing Spring embedded WebApplicationContext
2021-03-16 21:01:39.417 [INFO ] org.springframework.boot.web.servlet.context.ServletWebServerApplicationContext - Root WebApplicationContext: initialization completed in 1317 ms
2021-03-16 21:01:39.630 [INFO ] com.alibaba.druid.spring.boot.autoconfigure.DruidDataSourceAutoConfigure - Init DruidDataSource
2021-03-16 21:01:39.861 [INFO ] com.alibaba.druid.pool.DruidDataSource - {dataSource-1} inited
2021-03-16 21:01:41.466 [INFO ] springfox.documentation.spring.web.WebMvcPropertySourcedRequestMappingHandlerMapping - Mapped URL path [/v2/api-docs] onto method [springfox.documentation.swagger2.web.Swagger2ControllerWebMvc#getDocumentation(String, HttpServletRequest)]
2021-03-16 21:01:41.564 [INFO ] org.springframework.security.web.DefaultSecurityFilterChain - Will secure any request with [org.springframework.security.web.context.request.async.WebAsyncManagerIntegrationFilter@7b2bf745, org.springframework.security.web.context.SecurityContextPersistenceFilter@77d381e6, org.springframework.security.web.header.HeaderWriterFilter@3a36cd5, org.springframework.web.filter.CorsFilter@6fe595dc, org.springframework.security.web.authentication.logout.LogoutFilter@9b23822, com.lxw.fliter.JwtAuthenticationFilter@5af5d76f, org.springframework.security.web.authentication.UsernamePasswordAuthenticationFilter@15a3b42, com.lxw.fliter.JwtAuthorizationFilter@3a8cea24, org.springframework.security.web.savedrequest.RequestCacheAwareFilter@3f6f3cc, org.springframework.security.web.servletapi.SecurityContextHolderAwareRequestFilter@236eccd1, org.springframework.security.web.authentication.AnonymousAuthenticationFilter@1eb9a3ef, org.springframework.security.web.session.SessionManagementFilter@47acd13b, org.springframework.security.web.access.ExceptionTranslationFilter@1450131a, org.springframework.security.web.access.intercept.FilterSecurityInterceptor@45843650]
2021-03-16 21:01:41.612 [INFO ] org.springframework.scheduling.concurrent.ThreadPoolTaskExecutor - Initializing ExecutorService 'applicationTaskExecutor'
2021-03-16 21:01:41.781 [INFO ] org.apache.coyote.http11.Http11NioProtocol - Starting ProtocolHandler ["http-nio-8081"]
2021-03-16 21:01:41.799 [INFO ] org.springframework.boot.web.embedded.tomcat.TomcatWebServer - Tomcat started on port(s): 8081 (http) with context path ''
2021-03-16 21:01:41.800 [INFO ] springfox.documentation.spring.web.plugins.DocumentationPluginsBootstrapper - Documentation plugins bootstrapped
2021-03-16 21:01:41.803 [INFO ] springfox.documentation.spring.web.plugins.DocumentationPluginsBootstrapper - Found 1 custom documentation plugin(s)
2021-03-16 21:01:41.834 [INFO ] springfox.documentation.spring.web.scanners.ApiListingReferenceScanner - Scanning for api listing references
2021-03-16 21:01:41.991 [INFO ] com.lxw.ReturnHomeApplication - Started ReturnHomeApplication in 4.631 seconds (JVM running for 5.811)
2021-03-16 21:02:00.308 [INFO ] org.apache.catalina.core.ContainerBase.[Tomcat].[localhost].[/] - Initializing Spring DispatcherServlet 'dispatcherServlet'
2021-03-16 21:06:17.543 [INFO ] org.hibernate.validator.internal.util.Version - HV000001: Hibernate Validator 6.1.7.Final
2021-03-16 21:06:17.548 [INFO ] com.lxw.ReturnHomeApplication - Starting ReturnHomeApplication using Java 1.8.0_212 on LAPTOP-K8D3MGN6 with PID 13404 (E:\return-home\returnhome-web\target\classes started by ASUS in E:\return-home)
2021-03-16 21:06:17.549 [INFO ] com.lxw.ReturnHomeApplication - No active profile set, falling back to default profiles: default
2021-03-16 21:06:18.811 [INFO ] org.springframework.context.support.PostProcessorRegistrationDelegate$BeanPostProcessorChecker - Bean 'org.springframework.security.access.expression.method.DefaultMethodSecurityExpressionHandler@39e67516' of type [org.springframework.security.access.expression.method.DefaultMethodSecurityExpressionHandler] is not eligible for getting processed by all BeanPostProcessors (for example: not eligible for auto-proxying)
2021-03-16 21:06:18.815 [INFO ] org.springframework.context.support.PostProcessorRegistrationDelegate$BeanPostProcessorChecker - Bean 'methodSecurityMetadataSource' of type [org.springframework.security.access.method.DelegatingMethodSecurityMetadataSource] is not eligible for getting processed by all BeanPostProcessors (for example: not eligible for auto-proxying)
2021-03-16 21:06:19.060 [INFO ] org.springframework.boot.web.embedded.tomcat.TomcatWebServer - Tomcat initialized with port(s): 8081 (http)
2021-03-16 21:06:19.070 [INFO ] org.apache.coyote.http11.Http11NioProtocol - Initializing ProtocolHandler ["http-nio-8081"]
2021-03-16 21:06:19.071 [INFO ] org.apache.catalina.core.StandardService - Starting service [Tomcat]
2021-03-16 21:06:19.071 [INFO ] org.apache.catalina.core.StandardEngine - Starting Servlet engine: [Apache Tomcat/9.0.43]
2021-03-16 21:06:19.073 [INFO ] org.apache.catalina.core.AprLifecycleListener - Loaded Apache Tomcat Native library [1.2.23] using APR version [1.7.0].
2021-03-16 21:06:19.073 [INFO ] org.apache.catalina.core.AprLifecycleListener - APR capabilities: IPv6 [true], sendfile [true], accept filters [false], random [true].
2021-03-16 21:06:19.073 [INFO ] org.apache.catalina.core.AprLifecycleListener - APR/OpenSSL configuration: useAprConnector [false], useOpenSSL [true]
2021-03-16 21:06:19.077 [INFO ] org.apache.catalina.core.AprLifecycleListener - OpenSSL successfully initialized [OpenSSL 1.1.1c  28 May 2019]
2021-03-16 21:06:19.180 [INFO ] org.apache.catalina.core.ContainerBase.[Tomcat].[localhost].[/] - Initializing Spring embedded WebApplicationContext
2021-03-16 21:06:19.180 [INFO ] org.springframework.boot.web.servlet.context.ServletWebServerApplicationContext - Root WebApplicationContext: initialization completed in 1563 ms
2021-03-16 21:06:19.427 [INFO ] com.alibaba.druid.spring.boot.autoconfigure.DruidDataSourceAutoConfigure - Init DruidDataSource
2021-03-16 21:06:19.676 [INFO ] com.alibaba.druid.pool.DruidDataSource - {dataSource-1} inited
2021-03-16 21:06:21.397 [INFO ] springfox.documentation.spring.web.WebMvcPropertySourcedRequestMappingHandlerMapping - Mapped URL path [/v2/api-docs] onto method [springfox.documentation.swagger2.web.Swagger2ControllerWebMvc#getDocumentation(String, HttpServletRequest)]
2021-03-16 21:06:21.517 [INFO ] org.springframework.security.web.DefaultSecurityFilterChain - Will secure any request with [org.springframework.security.web.context.request.async.WebAsyncManagerIntegrationFilter@e3b0369, org.springframework.security.web.context.SecurityContextPersistenceFilter@6f8e9d06, org.springframework.security.web.header.HeaderWriterFilter@5f7eee96, org.springframework.web.filter.CorsFilter@45843650, org.springframework.security.web.authentication.logout.LogoutFilter@25c2a9e3, com.lxw.fliter.JwtAuthenticationFilter@72443081, org.springframework.security.web.authentication.UsernamePasswordAuthenticationFilter@3730f716, com.lxw.fliter.JwtAuthorizationFilter@33feda48, org.springframework.security.web.savedrequest.RequestCacheAwareFilter@2272cbb0, org.springframework.security.web.servletapi.SecurityContextHolderAwareRequestFilter@32f1fafe, org.springframework.security.web.authentication.AnonymousAuthenticationFilter@6588b715, org.springframework.security.web.session.SessionManagementFilter@53f0d09c, org.springframework.security.web.access.ExceptionTranslationFilter@d7bbf12, org.springframework.security.web.access.intercept.FilterSecurityInterceptor@4451f60c]
2021-03-16 21:06:21.581 [INFO ] org.springframework.scheduling.concurrent.ThreadPoolTaskExecutor - Initializing ExecutorService 'applicationTaskExecutor'
2021-03-16 21:06:21.778 [INFO ] org.apache.coyote.http11.Http11NioProtocol - Starting ProtocolHandler ["http-nio-8081"]
2021-03-16 21:06:21.798 [INFO ] org.springframework.boot.web.embedded.tomcat.TomcatWebServer - Tomcat started on port(s): 8081 (http) with context path ''
2021-03-16 21:06:21.799 [INFO ] springfox.documentation.spring.web.plugins.DocumentationPluginsBootstrapper - Documentation plugins bootstrapped
2021-03-16 21:06:21.802 [INFO ] springfox.documentation.spring.web.plugins.DocumentationPluginsBootstrapper - Found 1 custom documentation plugin(s)
2021-03-16 21:06:21.831 [INFO ] springfox.documentation.spring.web.scanners.ApiListingReferenceScanner - Scanning for api listing references
2021-03-16 21:06:21.965 [INFO ] com.lxw.ReturnHomeApplication - Started ReturnHomeApplication in 5.101 seconds (JVM running for 6.241)
2021-03-16 21:06:32.822 [INFO ] org.apache.catalina.core.ContainerBase.[Tomcat].[localhost].[/] - Initializing Spring DispatcherServlet 'dispatcherServlet'
2021-03-16 23:00:02.836 [INFO ] com.lxw.ReturnHomeApplication - Starting ReturnHomeApplication using Java 1.8.0_212 on LAPTOP-K8D3MGN6 with PID 11916 (E:\return-home\returnhome-web\target\classes started by ASUS in E:\return-home)
2021-03-16 23:00:02.834 [INFO ] org.hibernate.validator.internal.util.Version - HV000001: Hibernate Validator 6.1.7.Final
2021-03-16 23:00:02.841 [INFO ] com.lxw.ReturnHomeApplication - No active profile set, falling back to default profiles: default
2021-03-16 23:00:04.123 [INFO ] org.springframework.context.support.PostProcessorRegistrationDelegate$BeanPostProcessorChecker - Bean 'org.springframework.security.access.expression.method.DefaultMethodSecurityExpressionHandler@26f7cdf8' of type [org.springframework.security.access.expression.method.DefaultMethodSecurityExpressionHandler] is not eligible for getting processed by all BeanPostProcessors (for example: not eligible for auto-proxying)
2021-03-16 23:00:04.130 [INFO ] org.springframework.context.support.PostProcessorRegistrationDelegate$BeanPostProcessorChecker - Bean 'methodSecurityMetadataSource' of type [org.springframework.security.access.method.DelegatingMethodSecurityMetadataSource] is not eligible for getting processed by all BeanPostProcessors (for example: not eligible for auto-proxying)
2021-03-16 23:00:04.347 [INFO ] org.springframework.boot.web.embedded.tomcat.TomcatWebServer - Tomcat initialized with port(s): 8081 (http)
2021-03-16 23:00:04.355 [INFO ] org.apache.coyote.http11.Http11NioProtocol - Initializing ProtocolHandler ["http-nio-8081"]
2021-03-16 23:00:04.355 [INFO ] org.apache.catalina.core.StandardService - Starting service [Tomcat]
2021-03-16 23:00:04.355 [INFO ] org.apache.catalina.core.StandardEngine - Starting Servlet engine: [Apache Tomcat/9.0.43]
2021-03-16 23:00:04.357 [INFO ] org.apache.catalina.core.AprLifecycleListener - Loaded Apache Tomcat Native library [1.2.23] using APR version [1.7.0].
2021-03-16 23:00:04.357 [INFO ] org.apache.catalina.core.AprLifecycleListener - APR capabilities: IPv6 [true], sendfile [true], accept filters [false], random [true].
2021-03-16 23:00:04.358 [INFO ] org.apache.catalina.core.AprLifecycleListener - APR/OpenSSL configuration: useAprConnector [false], useOpenSSL [true]
2021-03-16 23:00:04.361 [INFO ] org.apache.catalina.core.AprLifecycleListener - OpenSSL successfully initialized [OpenSSL 1.1.1c  28 May 2019]
2021-03-16 23:00:04.451 [INFO ] org.apache.catalina.core.ContainerBase.[Tomcat].[localhost].[/] - Initializing Spring embedded WebApplicationContext
2021-03-16 23:00:04.451 [INFO ] org.springframework.boot.web.servlet.context.ServletWebServerApplicationContext - Root WebApplicationContext: initialization completed in 1544 ms
2021-03-16 23:00:04.667 [INFO ] com.alibaba.druid.spring.boot.autoconfigure.DruidDataSourceAutoConfigure - Init DruidDataSource
2021-03-16 23:00:04.904 [INFO ] com.alibaba.druid.pool.DruidDataSource - {dataSource-1} inited
2021-03-16 23:00:06.687 [INFO ] springfox.documentation.spring.web.WebMvcPropertySourcedRequestMappingHandlerMapping - Mapped URL path [/v2/api-docs] onto method [springfox.documentation.swagger2.web.Swagger2ControllerWebMvc#getDocumentation(String, HttpServletRequest)]
2021-03-16 23:00:06.789 [INFO ] org.springframework.security.web.DefaultSecurityFilterChain - Will secure any request with [org.springframework.security.web.context.request.async.WebAsyncManagerIntegrationFilter@337a6d30, org.springframework.security.web.context.SecurityContextPersistenceFilter@5e26f1ed, org.springframework.security.web.header.HeaderWriterFilter@5974b7e8, org.springframework.web.filter.CorsFilter@2921a36a, org.springframework.security.web.authentication.logout.LogoutFilter@7061622, com.lxw.fliter.JwtAuthenticationFilter@2b73bd6b, org.springframework.security.web.authentication.UsernamePasswordAuthenticationFilter@7c241a9f, com.lxw.fliter.JwtAuthorizationFilter@157d3a45, org.springframework.security.web.savedrequest.RequestCacheAwareFilter@25c2a9e3, org.springframework.security.web.servletapi.SecurityContextHolderAwareRequestFilter@32f32623, org.springframework.security.web.authentication.AnonymousAuthenticationFilter@750ed637, org.springframework.security.web.session.SessionManagementFilter@66bf40e5, org.springframework.security.web.access.ExceptionTranslationFilter@183ade54, org.springframework.security.web.access.intercept.FilterSecurityInterceptor@27fe059d]
2021-03-16 23:00:06.836 [INFO ] org.springframework.scheduling.concurrent.ThreadPoolTaskExecutor - Initializing ExecutorService 'applicationTaskExecutor'
2021-03-16 23:00:06.999 [INFO ] org.apache.coyote.http11.Http11NioProtocol - Starting ProtocolHandler ["http-nio-8081"]
2021-03-16 23:00:07.017 [INFO ] org.springframework.boot.web.embedded.tomcat.TomcatWebServer - Tomcat started on port(s): 8081 (http) with context path ''
2021-03-16 23:00:07.018 [INFO ] springfox.documentation.spring.web.plugins.DocumentationPluginsBootstrapper - Documentation plugins bootstrapped
2021-03-16 23:00:07.020 [INFO ] springfox.documentation.spring.web.plugins.DocumentationPluginsBootstrapper - Found 1 custom documentation plugin(s)
2021-03-16 23:00:07.049 [INFO ] springfox.documentation.spring.web.scanners.ApiListingReferenceScanner - Scanning for api listing references
2021-03-16 23:00:07.194 [INFO ] com.lxw.ReturnHomeApplication - Started ReturnHomeApplication in 5.036 seconds (JVM running for 6.301)
2021-03-16 23:00:52.354 [INFO ] org.apache.catalina.core.ContainerBase.[Tomcat].[localhost].[/] - Initializing Spring DispatcherServlet 'dispatcherServlet'
2021-03-16 23:38:56.031 [INFO ] com.lxw.ReturnHomeApplication - Starting ReturnHomeApplication using Java 1.8.0_212 on LAPTOP-K8D3MGN6 with PID 17060 (E:\return-home\returnhome-web\target\classes started by ASUS in E:\return-home)
2021-03-16 23:38:56.031 [INFO ] org.hibernate.validator.internal.util.Version - HV000001: Hibernate Validator 6.1.7.Final
2021-03-16 23:38:56.038 [INFO ] com.lxw.ReturnHomeApplication - No active profile set, falling back to default profiles: default
2021-03-16 23:38:57.346 [INFO ] org.springframework.context.support.PostProcessorRegistrationDelegate$BeanPostProcessorChecker - Bean 'org.springframework.security.access.expression.method.DefaultMethodSecurityExpressionHandler@8ff5094' of type [org.springframework.security.access.expression.method.DefaultMethodSecurityExpressionHandler] is not eligible for getting processed by all BeanPostProcessors (for example: not eligible for auto-proxying)
2021-03-16 23:38:57.349 [INFO ] org.springframework.context.support.PostProcessorRegistrationDelegate$BeanPostProcessorChecker - Bean 'methodSecurityMetadataSource' of type [org.springframework.security.access.method.DelegatingMethodSecurityMetadataSource] is not eligible for getting processed by all BeanPostProcessors (for example: not eligible for auto-proxying)
2021-03-16 23:38:57.576 [INFO ] org.springframework.boot.web.embedded.tomcat.TomcatWebServer - Tomcat initialized with port(s): 8081 (http)
2021-03-16 23:38:57.586 [INFO ] org.apache.coyote.http11.Http11NioProtocol - Initializing ProtocolHandler ["http-nio-8081"]
2021-03-16 23:38:57.587 [INFO ] org.apache.catalina.core.StandardService - Starting service [Tomcat]
2021-03-16 23:38:57.587 [INFO ] org.apache.catalina.core.StandardEngine - Starting Servlet engine: [Apache Tomcat/9.0.43]
2021-03-16 23:38:57.589 [INFO ] org.apache.catalina.core.AprLifecycleListener - Loaded Apache Tomcat Native library [1.2.23] using APR version [1.7.0].
2021-03-16 23:38:57.590 [INFO ] org.apache.catalina.core.AprLifecycleListener - APR capabilities: IPv6 [true], sendfile [true], accept filters [false], random [true].
2021-03-16 23:38:57.590 [INFO ] org.apache.catalina.core.AprLifecycleListener - APR/OpenSSL configuration: useAprConnector [false], useOpenSSL [true]
2021-03-16 23:38:57.593 [INFO ] org.apache.catalina.core.AprLifecycleListener - OpenSSL successfully initialized [OpenSSL 1.1.1c  28 May 2019]
2021-03-16 23:38:57.705 [INFO ] org.apache.catalina.core.ContainerBase.[Tomcat].[localhost].[/] - Initializing Spring embedded WebApplicationContext
2021-03-16 23:38:57.706 [INFO ] org.springframework.boot.web.servlet.context.ServletWebServerApplicationContext - Root WebApplicationContext: initialization completed in 1592 ms
2021-03-16 23:38:57.933 [INFO ] com.alibaba.druid.spring.boot.autoconfigure.DruidDataSourceAutoConfigure - Init DruidDataSource
2021-03-16 23:38:58.186 [INFO ] com.alibaba.druid.pool.DruidDataSource - {dataSource-1} inited
2021-03-16 23:39:00.056 [INFO ] springfox.documentation.spring.web.WebMvcPropertySourcedRequestMappingHandlerMapping - Mapped URL path [/v2/api-docs] onto method [springfox.documentation.swagger2.web.Swagger2ControllerWebMvc#getDocumentation(String, HttpServletRequest)]
2021-03-16 23:39:00.199 [INFO ] org.springframework.security.web.DefaultSecurityFilterChain - Will secure any request with [org.springframework.security.web.context.request.async.WebAsyncManagerIntegrationFilter@78a8978a, org.springframework.security.web.context.SecurityContextPersistenceFilter@746c411c, org.springframework.security.web.header.HeaderWriterFilter@71aaf151, org.springframework.web.filter.CorsFilter@f171912, org.springframework.security.web.authentication.logout.LogoutFilter@68ddd415, com.lxw.fliter.JwtAuthenticationFilter@7d4d8579, org.springframework.security.web.authentication.UsernamePasswordAuthenticationFilter@704067c6, com.lxw.fliter.JwtAuthorizationFilter@159424e2, org.springframework.security.web.savedrequest.RequestCacheAwareFilter@51efb731, org.springframework.security.web.servletapi.SecurityContextHolderAwareRequestFilter@4dadd690, org.springframework.security.web.authentication.AnonymousAuthenticationFilter@29bcf51d, org.springframework.security.web.session.SessionManagementFilter@32d418a9, org.springframework.security.web.access.ExceptionTranslationFilter@4eaf7902, org.springframework.security.web.access.intercept.FilterSecurityInterceptor@30bf26df]
2021-03-16 23:39:00.261 [INFO ] org.springframework.scheduling.concurrent.ThreadPoolTaskExecutor - Initializing ExecutorService 'applicationTaskExecutor'
2021-03-16 23:39:00.482 [INFO ] org.apache.coyote.http11.Http11NioProtocol - Starting ProtocolHandler ["http-nio-8081"]
2021-03-16 23:39:00.505 [INFO ] org.springframework.boot.web.embedded.tomcat.TomcatWebServer - Tomcat started on port(s): 8081 (http) with context path ''
2021-03-16 23:39:00.506 [INFO ] springfox.documentation.spring.web.plugins.DocumentationPluginsBootstrapper - Documentation plugins bootstrapped
2021-03-16 23:39:00.509 [INFO ] springfox.documentation.spring.web.plugins.DocumentationPluginsBootstrapper - Found 1 custom documentation plugin(s)
2021-03-16 23:39:00.536 [INFO ] springfox.documentation.spring.web.scanners.ApiListingReferenceScanner - Scanning for api listing references
2021-03-16 23:39:00.676 [INFO ] com.lxw.ReturnHomeApplication - Started ReturnHomeApplication in 5.469 seconds (JVM running for 6.63)
2021-03-16 23:40:59.219 [INFO ] org.apache.catalina.core.ContainerBase.[Tomcat].[localhost].[/] - Initializing Spring DispatcherServlet 'dispatcherServlet'
