2021-04-21 10:33:27.428 [INFO ] org.hibernate.validator.internal.util.Version - HV000001: Hibernate Validator 6.1.7.Final
2021-04-21 10:33:27.488 [INFO ] com.lxw.ReturnHomeApplication - Starting ReturnHomeApplication using Java 1.8.0_212 on LAPTOP-K8D3MGN6 with PID 14020 (E:\return-home\returnhome-web\target\classes started by ASUS in E:\return-home)
2021-04-21 10:33:27.490 [INFO ] com.lxw.ReturnHomeApplication - No active profile set, falling back to default profiles: default
2021-04-21 10:33:32.119 [INFO ] org.springframework.context.support.PostProcessorRegistrationDelegate$BeanPostProcessorChecker - Bean 'org.springframework.security.access.expression.method.DefaultMethodSecurityExpressionHandler@390877d2' of type [org.springframework.security.access.expression.method.DefaultMethodSecurityExpressionHandler] is not eligible for getting processed by all BeanPostProcessors (for example: not eligible for auto-proxying)
2021-04-21 10:33:32.125 [INFO ] org.springframework.context.support.PostProcessorRegistrationDelegate$BeanPostProcessorChecker - Bean 'methodSecurityMetadataSource' of type [org.springframework.security.access.method.DelegatingMethodSecurityMetadataSource] is not eligible for getting processed by all BeanPostProcessors (for example: not eligible for auto-proxying)
2021-04-21 10:33:32.807 [INFO ] org.springframework.boot.web.embedded.tomcat.TomcatWebServer - Tomcat initialized with port(s): 8081 (http)
2021-04-21 10:33:32.816 [INFO ] org.apache.coyote.http11.Http11NioProtocol - Initializing ProtocolHandler ["http-nio-8081"]
2021-04-21 10:33:32.817 [INFO ] org.apache.catalina.core.StandardService - Starting service [Tomcat]
2021-04-21 10:33:32.817 [INFO ] org.apache.catalina.core.StandardEngine - Starting Servlet engine: [Apache Tomcat/9.0.43]
2021-04-21 10:33:32.818 [INFO ] org.apache.catalina.core.AprLifecycleListener - Loaded Apache Tomcat Native library [1.2.23] using APR version [1.7.0].
2021-04-21 10:33:32.818 [INFO ] org.apache.catalina.core.AprLifecycleListener - APR capabilities: IPv6 [true], sendfile [true], accept filters [false], random [true].
2021-04-21 10:33:32.819 [INFO ] org.apache.catalina.core.AprLifecycleListener - APR/OpenSSL configuration: useAprConnector [false], useOpenSSL [true]
2021-04-21 10:33:32.823 [INFO ] org.apache.catalina.core.AprLifecycleListener - OpenSSL successfully initialized [OpenSSL 1.1.1c  28 May 2019]
2021-04-21 10:33:32.992 [INFO ] org.apache.catalina.core.ContainerBase.[Tomcat].[localhost].[/] - Initializing Spring embedded WebApplicationContext
2021-04-21 10:33:32.992 [INFO ] org.springframework.boot.web.servlet.context.ServletWebServerApplicationContext - Root WebApplicationContext: initialization completed in 5364 ms
2021-04-21 10:33:33.372 [INFO ] com.alibaba.druid.spring.boot.autoconfigure.DruidDataSourceAutoConfigure - Init DruidDataSource
2021-04-21 10:33:33.918 [INFO ] com.alibaba.druid.pool.DruidDataSource - {dataSource-1} inited
2021-04-21 10:33:35.599 [INFO ] org.quartz.impl.StdSchedulerFactory - Using default implementation for ThreadExecutor
2021-04-21 10:33:35.610 [INFO ] org.quartz.core.SchedulerSignalerImpl - Initialized Scheduler Signaller of type: class org.quartz.core.SchedulerSignalerImpl
2021-04-21 10:33:35.610 [INFO ] org.quartz.core.QuartzScheduler - Quartz Scheduler v.2.3.2 created.
2021-04-21 10:33:35.611 [INFO ] org.quartz.simpl.RAMJobStore - RAMJobStore initialized.
2021-04-21 10:33:35.612 [INFO ] org.quartz.core.QuartzScheduler - Scheduler meta-data: Quartz Scheduler (v2.3.2) 'quartzScheduler' with instanceId 'NON_CLUSTERED'
  Scheduler class: 'org.quartz.core.QuartzScheduler' - running locally.
  NOT STARTED.
  Currently in standby mode.
  Number of jobs executed: 0
  Using thread pool 'org.quartz.simpl.SimpleThreadPool' - with 10 threads.
  Using job-store 'org.quartz.simpl.RAMJobStore' - which does not support persistence. and is not clustered.

2021-04-21 10:33:35.612 [INFO ] org.quartz.impl.StdSchedulerFactory - Quartz scheduler 'quartzScheduler' initialized from an externally provided properties instance.
2021-04-21 10:33:35.612 [INFO ] org.quartz.impl.StdSchedulerFactory - Quartz scheduler version: 2.3.2
2021-04-21 10:33:35.613 [INFO ] org.quartz.core.QuartzScheduler - JobFactory set to: org.springframework.scheduling.quartz.SpringBeanJobFactory@5a936e64
2021-04-21 10:33:36.517 [INFO ] springfox.documentation.spring.web.WebMvcPropertySourcedRequestMappingHandlerMapping - Mapped URL path [/v2/api-docs] onto method [springfox.documentation.swagger2.web.Swagger2ControllerWebMvc#getDocumentation(String, HttpServletRequest)]
2021-04-21 10:33:36.616 [INFO ] org.springframework.security.web.DefaultSecurityFilterChain - Will secure any request with [org.springframework.security.web.context.request.async.WebAsyncManagerIntegrationFilter@794eeaf8, org.springframework.security.web.context.SecurityContextPersistenceFilter@28cd2c2, org.springframework.security.web.header.HeaderWriterFilter@67fb5025, org.springframework.web.filter.CorsFilter@37c5284a, org.springframework.security.web.authentication.logout.LogoutFilter@31723307, com.lxw.fliter.JwtAuthenticationFilter@5b8572df, org.springframework.security.web.authentication.UsernamePasswordAuthenticationFilter@3ca14cf4, com.lxw.fliter.JwtAuthorizationFilter@7aaad0, org.springframework.security.web.savedrequest.RequestCacheAwareFilter@18a096b5, org.springframework.security.web.servletapi.SecurityContextHolderAwareRequestFilter@902fdbe, org.springframework.security.web.authentication.AnonymousAuthenticationFilter@eed890d, org.springframework.security.web.session.SessionManagementFilter@392781e, org.springframework.security.web.access.ExceptionTranslationFilter@3b481bf5, org.springframework.security.web.access.intercept.FilterSecurityInterceptor@644d1b61]
2021-04-21 10:33:36.638 [INFO ] org.springframework.scheduling.concurrent.ThreadPoolTaskScheduler - Initializing ExecutorService 'taskScheduler'
2021-04-21 10:33:36.710 [INFO ] org.springframework.scheduling.concurrent.ThreadPoolTaskExecutor - Initializing ExecutorService 'applicationTaskExecutor'
2021-04-21 10:33:37.117 [INFO ] org.apache.coyote.http11.Http11NioProtocol - Starting ProtocolHandler ["http-nio-8081"]
2021-04-21 10:33:37.145 [INFO ] org.apache.catalina.core.ContainerBase.[Tomcat].[localhost].[/] - Initializing Spring DispatcherServlet 'dispatcherServlet'
2021-04-21 10:33:37.147 [INFO ] org.springframework.boot.web.embedded.tomcat.TomcatWebServer - Tomcat started on port(s): 8081 (http) with context path ''
2021-04-21 10:33:37.148 [INFO ] springfox.documentation.spring.web.plugins.DocumentationPluginsBootstrapper - Documentation plugins bootstrapped
2021-04-21 10:33:37.150 [INFO ] springfox.documentation.spring.web.plugins.DocumentationPluginsBootstrapper - Found 1 custom documentation plugin(s)
2021-04-21 10:33:37.182 [INFO ] springfox.documentation.spring.web.scanners.ApiListingReferenceScanner - Scanning for api listing references
2021-04-21 10:33:37.371 [INFO ] springfox.documentation.spring.web.readers.operation.CachingOperationNameGenerator - Generating unique operation named: getTaskDetailsUsingGET_1
2021-04-21 10:33:37.384 [INFO ] org.springframework.scheduling.quartz.SchedulerFactoryBean - Starting Quartz Scheduler now
2021-04-21 10:33:37.385 [INFO ] org.quartz.core.QuartzScheduler - Scheduler quartzScheduler_$_NON_CLUSTERED started.
2021-04-21 10:33:37.404 [INFO ] com.lxw.ReturnHomeApplication - Started ReturnHomeApplication in 11.336 seconds (JVM running for 13.452)
