2021-04-09 16:58:59.123 [main] WARN  c.b.mybatisplus.core.metadata.TableInfoHelper - Can not find table primary key in Class: "com.lxw.entity.RoleMenu".
2021-04-09 16:58:59.245 [main] WARN  c.b.mybatisplus.core.metadata.TableInfoHelper - Can not find table primary key in Class: "com.lxw.entity.UserRole".
2021-04-09 16:58:59.348 [main] WARN  c.b.mybatisplus.core.metadata.TableInfoHelper - Can not find table primary key in Class: "com.lxw.entity.VolunteerTask".
2021-04-09 16:59:37.410 [main] WARN  c.b.mybatisplus.core.metadata.TableInfoHelper - Can not find table primary key in Class: "com.lxw.entity.RoleMenu".
2021-04-09 16:59:37.521 [main] WARN  c.b.mybatisplus.core.metadata.TableInfoHelper - Can not find table primary key in Class: "com.lxw.entity.UserRole".
2021-04-09 16:59:37.577 [main] WARN  c.b.mybatisplus.core.metadata.TableInfoHelper - Can not find table primary key in Class: "com.lxw.entity.VolunteerTask".
2021-04-09 17:02:12.587 [http-nio-8081-exec-2] WARN  com.alibaba.druid.pool.DruidAbstractDataSource - discard long time none received connection. , jdbcUrl : jdbc:mysql://localhost:3306/returnhome?useUnicode=true&characterEncoding=utf-8&useSSL=false&serverTimezone=GMT%2B8, version : 1.2.4, lastPacketReceivedIdleMillis : 132506
2021-04-09 17:02:12.587 [http-nio-8081-exec-2] WARN  com.alibaba.druid.pool.DruidAbstractDataSource - discard long time none received connection. , jdbcUrl : jdbc:mysql://localhost:3306/returnhome?useUnicode=true&characterEncoding=utf-8&useSSL=false&serverTimezone=GMT%2B8, version : 1.2.4, lastPacketReceivedIdleMillis : 155567
2021-04-09 17:02:12.588 [http-nio-8081-exec-2] WARN  com.alibaba.druid.pool.DruidAbstractDataSource - discard long time none received connection. , jdbcUrl : jdbc:mysql://localhost:3306/returnhome?useUnicode=true&characterEncoding=utf-8&useSSL=false&serverTimezone=GMT%2B8, version : 1.2.4, lastPacketReceivedIdleMillis : 155571
2021-04-09 17:02:12.589 [http-nio-8081-exec-2] WARN  com.alibaba.druid.pool.DruidAbstractDataSource - discard long time none received connection. , jdbcUrl : jdbc:mysql://localhost:3306/returnhome?useUnicode=true&characterEncoding=utf-8&useSSL=false&serverTimezone=GMT%2B8, version : 1.2.4, lastPacketReceivedIdleMillis : 155575
2021-04-09 17:02:12.590 [http-nio-8081-exec-2] WARN  com.alibaba.druid.pool.DruidAbstractDataSource - discard long time none received connection. , jdbcUrl : jdbc:mysql://localhost:3306/returnhome?useUnicode=true&characterEncoding=utf-8&useSSL=false&serverTimezone=GMT%2B8, version : 1.2.4, lastPacketReceivedIdleMillis : 155581
2021-04-09 17:02:12.591 [http-nio-8081-exec-2] WARN  com.alibaba.druid.pool.DruidAbstractDataSource - discard long time none received connection. , jdbcUrl : jdbc:mysql://localhost:3306/returnhome?useUnicode=true&characterEncoding=utf-8&useSSL=false&serverTimezone=GMT%2B8, version : 1.2.4, lastPacketReceivedIdleMillis : 155585
2021-04-09 17:02:12.592 [http-nio-8081-exec-2] WARN  com.alibaba.druid.pool.DruidAbstractDataSource - discard long time none received connection. , jdbcUrl : jdbc:mysql://localhost:3306/returnhome?useUnicode=true&characterEncoding=utf-8&useSSL=false&serverTimezone=GMT%2B8, version : 1.2.4, lastPacketReceivedIdleMillis : 155591
2021-04-09 17:06:00.003 [quartzScheduler_Worker-3] WARN  com.alibaba.druid.pool.DruidAbstractDataSource - discard long time none received connection. , jdbcUrl : jdbc:mysql://localhost:3306/returnhome?useUnicode=true&characterEncoding=utf-8&useSSL=false&serverTimezone=GMT%2B8, version : 1.2.4, lastPacketReceivedIdleMillis : 179996
2021-04-09 17:06:00.006 [quartzScheduler_Worker-3] WARN  com.alibaba.druid.pool.DruidAbstractDataSource - discard long time none received connection. , jdbcUrl : jdbc:mysql://localhost:3306/returnhome?useUnicode=true&characterEncoding=utf-8&useSSL=false&serverTimezone=GMT%2B8, version : 1.2.4, lastPacketReceivedIdleMillis : 227408
2021-04-09 17:06:00.015 [quartzScheduler_Worker-3] WARN  com.alibaba.druid.pool.DruidAbstractDataSource - discard long time none received connection. , jdbcUrl : jdbc:mysql://localhost:3306/returnhome?useUnicode=true&characterEncoding=utf-8&useSSL=false&serverTimezone=GMT%2B8, version : 1.2.4, lastPacketReceivedIdleMillis : 383020
2021-04-09 17:09:00.006 [quartzScheduler_Worker-4] WARN  com.alibaba.druid.pool.DruidAbstractDataSource - discard long time none received connection. , jdbcUrl : jdbc:mysql://localhost:3306/returnhome?useUnicode=true&characterEncoding=utf-8&useSSL=false&serverTimezone=GMT%2B8, version : 1.2.4, lastPacketReceivedIdleMillis : 179988
2021-04-09 17:09:00.008 [quartzScheduler_Worker-4] WARN  com.alibaba.druid.pool.DruidAbstractDataSource - discard long time none received connection. , jdbcUrl : jdbc:mysql://localhost:3306/returnhome?useUnicode=true&characterEncoding=utf-8&useSSL=false&serverTimezone=GMT%2B8, version : 1.2.4, lastPacketReceivedIdleMillis : 179990
2021-04-09 17:09:00.010 [quartzScheduler_Worker-4] WARN  com.alibaba.druid.pool.DruidAbstractDataSource - discard long time none received connection. , jdbcUrl : jdbc:mysql://localhost:3306/returnhome?useUnicode=true&characterEncoding=utf-8&useSSL=false&serverTimezone=GMT%2B8, version : 1.2.4, lastPacketReceivedIdleMillis : 563019
2021-04-09 17:09:00.010 [quartzScheduler_Worker-4] WARN  com.alibaba.druid.pool.DruidAbstractDataSource - discard long time none received connection. , jdbcUrl : jdbc:mysql://localhost:3306/returnhome?useUnicode=true&characterEncoding=utf-8&useSSL=false&serverTimezone=GMT%2B8, version : 1.2.4, lastPacketReceivedIdleMillis : 563025
2021-04-09 17:12:00.004 [quartzScheduler_Worker-5] WARN  com.alibaba.druid.pool.DruidAbstractDataSource - discard long time none received connection. , jdbcUrl : jdbc:mysql://localhost:3306/returnhome?useUnicode=true&characterEncoding=utf-8&useSSL=false&serverTimezone=GMT%2B8, version : 1.2.4, lastPacketReceivedIdleMillis : 179987
2021-04-09 17:15:00.004 [quartzScheduler_Worker-6] WARN  com.alibaba.druid.pool.DruidAbstractDataSource - discard long time none received connection. , jdbcUrl : jdbc:mysql://localhost:3306/returnhome?useUnicode=true&characterEncoding=utf-8&useSSL=false&serverTimezone=GMT%2B8, version : 1.2.4, lastPacketReceivedIdleMillis : 179991
2021-04-09 17:18:00.003 [quartzScheduler_Worker-7] WARN  com.alibaba.druid.pool.DruidAbstractDataSource - discard long time none received connection. , jdbcUrl : jdbc:mysql://localhost:3306/returnhome?useUnicode=true&characterEncoding=utf-8&useSSL=false&serverTimezone=GMT%2B8, version : 1.2.4, lastPacketReceivedIdleMillis : 179992
2021-04-09 17:21:00.006 [quartzScheduler_Worker-8] WARN  com.alibaba.druid.pool.DruidAbstractDataSource - discard long time none received connection. , jdbcUrl : jdbc:mysql://localhost:3306/returnhome?useUnicode=true&characterEncoding=utf-8&useSSL=false&serverTimezone=GMT%2B8, version : 1.2.4, lastPacketReceivedIdleMillis : 179994
2021-04-09 17:24:00.002 [quartzScheduler_Worker-9] WARN  com.alibaba.druid.pool.DruidAbstractDataSource - discard long time none received connection. , jdbcUrl : jdbc:mysql://localhost:3306/returnhome?useUnicode=true&characterEncoding=utf-8&useSSL=false&serverTimezone=GMT%2B8, version : 1.2.4, lastPacketReceivedIdleMillis : 179989
2021-04-09 17:27:00.002 [quartzScheduler_Worker-10] WARN  com.alibaba.druid.pool.DruidAbstractDataSource - discard long time none received connection. , jdbcUrl : jdbc:mysql://localhost:3306/returnhome?useUnicode=true&characterEncoding=utf-8&useSSL=false&serverTimezone=GMT%2B8, version : 1.2.4, lastPacketReceivedIdleMillis : 179993
2021-04-09 17:30:00.002 [quartzScheduler_Worker-1] WARN  com.alibaba.druid.pool.DruidAbstractDataSource - discard long time none received connection. , jdbcUrl : jdbc:mysql://localhost:3306/returnhome?useUnicode=true&characterEncoding=utf-8&useSSL=false&serverTimezone=GMT%2B8, version : 1.2.4, lastPacketReceivedIdleMillis : 179992
2021-04-09 17:33:00.004 [quartzScheduler_Worker-2] WARN  com.alibaba.druid.pool.DruidAbstractDataSource - discard long time none received connection. , jdbcUrl : jdbc:mysql://localhost:3306/returnhome?useUnicode=true&characterEncoding=utf-8&useSSL=false&serverTimezone=GMT%2B8, version : 1.2.4, lastPacketReceivedIdleMillis : 179994
2021-04-09 17:36:00.005 [quartzScheduler_Worker-3] WARN  com.alibaba.druid.pool.DruidAbstractDataSource - discard long time none received connection. , jdbcUrl : jdbc:mysql://localhost:3306/returnhome?useUnicode=true&characterEncoding=utf-8&useSSL=false&serverTimezone=GMT%2B8, version : 1.2.4, lastPacketReceivedIdleMillis : 179994
2021-04-09 17:39:00.005 [quartzScheduler_Worker-4] WARN  com.alibaba.druid.pool.DruidAbstractDataSource - discard long time none received connection. , jdbcUrl : jdbc:mysql://localhost:3306/returnhome?useUnicode=true&characterEncoding=utf-8&useSSL=false&serverTimezone=GMT%2B8, version : 1.2.4, lastPacketReceivedIdleMillis : 179992
2021-04-09 17:42:00.003 [quartzScheduler_Worker-5] WARN  com.alibaba.druid.pool.DruidAbstractDataSource - discard long time none received connection. , jdbcUrl : jdbc:mysql://localhost:3306/returnhome?useUnicode=true&characterEncoding=utf-8&useSSL=false&serverTimezone=GMT%2B8, version : 1.2.4, lastPacketReceivedIdleMillis : 179990
2021-04-09 17:45:00.003 [quartzScheduler_Worker-6] WARN  com.alibaba.druid.pool.DruidAbstractDataSource - discard long time none received connection. , jdbcUrl : jdbc:mysql://localhost:3306/returnhome?useUnicode=true&characterEncoding=utf-8&useSSL=false&serverTimezone=GMT%2B8, version : 1.2.4, lastPacketReceivedIdleMillis : 179991
2021-04-09 17:48:00.002 [quartzScheduler_Worker-7] WARN  com.alibaba.druid.pool.DruidAbstractDataSource - discard long time none received connection. , jdbcUrl : jdbc:mysql://localhost:3306/returnhome?useUnicode=true&characterEncoding=utf-8&useSSL=false&serverTimezone=GMT%2B8, version : 1.2.4, lastPacketReceivedIdleMillis : 179991
2021-04-09 17:51:00.003 [quartzScheduler_Worker-8] WARN  com.alibaba.druid.pool.DruidAbstractDataSource - discard long time none received connection. , jdbcUrl : jdbc:mysql://localhost:3306/returnhome?useUnicode=true&characterEncoding=utf-8&useSSL=false&serverTimezone=GMT%2B8, version : 1.2.4, lastPacketReceivedIdleMillis : 179985
2021-04-09 17:54:00.003 [quartzScheduler_Worker-9] WARN  com.alibaba.druid.pool.DruidAbstractDataSource - discard long time none received connection. , jdbcUrl : jdbc:mysql://localhost:3306/returnhome?useUnicode=true&characterEncoding=utf-8&useSSL=false&serverTimezone=GMT%2B8, version : 1.2.4, lastPacketReceivedIdleMillis : 179993
2021-04-09 17:57:00.003 [quartzScheduler_Worker-10] WARN  com.alibaba.druid.pool.DruidAbstractDataSource - discard long time none received connection. , jdbcUrl : jdbc:mysql://localhost:3306/returnhome?useUnicode=true&characterEncoding=utf-8&useSSL=false&serverTimezone=GMT%2B8, version : 1.2.4, lastPacketReceivedIdleMillis : 179991
2021-04-09 18:00:00.002 [quartzScheduler_Worker-1] WARN  com.alibaba.druid.pool.DruidAbstractDataSource - discard long time none received connection. , jdbcUrl : jdbc:mysql://localhost:3306/returnhome?useUnicode=true&characterEncoding=utf-8&useSSL=false&serverTimezone=GMT%2B8, version : 1.2.4, lastPacketReceivedIdleMillis : 179993
2021-04-09 18:03:00.003 [quartzScheduler_Worker-2] WARN  com.alibaba.druid.pool.DruidAbstractDataSource - discard long time none received connection. , jdbcUrl : jdbc:mysql://localhost:3306/returnhome?useUnicode=true&characterEncoding=utf-8&useSSL=false&serverTimezone=GMT%2B8, version : 1.2.4, lastPacketReceivedIdleMillis : 179993
2021-04-09 18:06:00.002 [quartzScheduler_Worker-3] WARN  com.alibaba.druid.pool.DruidAbstractDataSource - discard long time none received connection. , jdbcUrl : jdbc:mysql://localhost:3306/returnhome?useUnicode=true&characterEncoding=utf-8&useSSL=false&serverTimezone=GMT%2B8, version : 1.2.4, lastPacketReceivedIdleMillis : 179992
2021-04-09 18:09:00.003 [quartzScheduler_Worker-4] WARN  com.alibaba.druid.pool.DruidAbstractDataSource - discard long time none received connection. , jdbcUrl : jdbc:mysql://localhost:3306/returnhome?useUnicode=true&characterEncoding=utf-8&useSSL=false&serverTimezone=GMT%2B8, version : 1.2.4, lastPacketReceivedIdleMillis : 179993
2021-04-09 18:12:00.005 [quartzScheduler_Worker-5] WARN  com.alibaba.druid.pool.DruidAbstractDataSource - discard long time none received connection. , jdbcUrl : jdbc:mysql://localhost:3306/returnhome?useUnicode=true&characterEncoding=utf-8&useSSL=false&serverTimezone=GMT%2B8, version : 1.2.4, lastPacketReceivedIdleMillis : 179992
2021-04-09 18:15:00.003 [quartzScheduler_Worker-6] WARN  com.alibaba.druid.pool.DruidAbstractDataSource - discard long time none received connection. , jdbcUrl : jdbc:mysql://localhost:3306/returnhome?useUnicode=true&characterEncoding=utf-8&useSSL=false&serverTimezone=GMT%2B8, version : 1.2.4, lastPacketReceivedIdleMillis : 179990
2021-04-09 18:18:00.003 [quartzScheduler_Worker-7] WARN  com.alibaba.druid.pool.DruidAbstractDataSource - discard long time none received connection. , jdbcUrl : jdbc:mysql://localhost:3306/returnhome?useUnicode=true&characterEncoding=utf-8&useSSL=false&serverTimezone=GMT%2B8, version : 1.2.4, lastPacketReceivedIdleMillis : 179991
2021-04-09 18:21:00.003 [quartzScheduler_Worker-8] WARN  com.alibaba.druid.pool.DruidAbstractDataSource - discard long time none received connection. , jdbcUrl : jdbc:mysql://localhost:3306/returnhome?useUnicode=true&characterEncoding=utf-8&useSSL=false&serverTimezone=GMT%2B8, version : 1.2.4, lastPacketReceivedIdleMillis : 179991
2021-04-09 18:27:55.398 [main] WARN  c.b.mybatisplus.core.metadata.TableInfoHelper - Can not find table primary key in Class: "com.lxw.entity.RoleMenu".
2021-04-09 18:27:55.496 [main] WARN  c.b.mybatisplus.core.metadata.TableInfoHelper - Can not find table primary key in Class: "com.lxw.entity.UserRole".
2021-04-09 18:27:55.558 [main] WARN  c.b.mybatisplus.core.metadata.TableInfoHelper - Can not find table primary key in Class: "com.lxw.entity.VolunteerTask".
2021-04-09 18:46:01.366 [main] WARN  c.b.mybatisplus.core.metadata.TableInfoHelper - Can not find table primary key in Class: "com.lxw.entity.RoleMenu".
2021-04-09 18:46:01.459 [main] WARN  c.b.mybatisplus.core.metadata.TableInfoHelper - Can not find table primary key in Class: "com.lxw.entity.UserRole".
2021-04-09 18:46:01.506 [main] WARN  c.b.mybatisplus.core.metadata.TableInfoHelper - Can not find table primary key in Class: "com.lxw.entity.VolunteerTask".
2021-04-09 18:47:34.877 [http-nio-8081-exec-2] WARN  com.alibaba.druid.pool.DruidAbstractDataSource - discard long time none received connection. , jdbcUrl : jdbc:mysql://localhost:3306/returnhome?useUnicode=true&characterEncoding=utf-8&useSSL=false&serverTimezone=GMT%2B8, version : 1.2.4, lastPacketReceivedIdleMillis : 91367
2021-04-09 18:47:34.878 [http-nio-8081-exec-2] WARN  com.alibaba.druid.pool.DruidAbstractDataSource - discard long time none received connection. , jdbcUrl : jdbc:mysql://localhost:3306/returnhome?useUnicode=true&characterEncoding=utf-8&useSSL=false&serverTimezone=GMT%2B8, version : 1.2.4, lastPacketReceivedIdleMillis : 93827
2021-04-09 18:47:34.879 [http-nio-8081-exec-2] WARN  com.alibaba.druid.pool.DruidAbstractDataSource - discard long time none received connection. , jdbcUrl : jdbc:mysql://localhost:3306/returnhome?useUnicode=true&characterEncoding=utf-8&useSSL=false&serverTimezone=GMT%2B8, version : 1.2.4, lastPacketReceivedIdleMillis : 93828
2021-04-09 18:47:34.880 [http-nio-8081-exec-2] WARN  com.alibaba.druid.pool.DruidAbstractDataSource - discard long time none received connection. , jdbcUrl : jdbc:mysql://localhost:3306/returnhome?useUnicode=true&characterEncoding=utf-8&useSSL=false&serverTimezone=GMT%2B8, version : 1.2.4, lastPacketReceivedIdleMillis : 93829
2021-04-09 18:47:34.881 [http-nio-8081-exec-2] WARN  com.alibaba.druid.pool.DruidAbstractDataSource - discard long time none received connection. , jdbcUrl : jdbc:mysql://localhost:3306/returnhome?useUnicode=true&characterEncoding=utf-8&useSSL=false&serverTimezone=GMT%2B8, version : 1.2.4, lastPacketReceivedIdleMillis : 93829
2021-04-09 18:47:34.882 [http-nio-8081-exec-2] WARN  com.alibaba.druid.pool.DruidAbstractDataSource - discard long time none received connection. , jdbcUrl : jdbc:mysql://localhost:3306/returnhome?useUnicode=true&characterEncoding=utf-8&useSSL=false&serverTimezone=GMT%2B8, version : 1.2.4, lastPacketReceivedIdleMillis : 93850
2021-04-09 18:47:34.883 [http-nio-8081-exec-2] WARN  com.alibaba.druid.pool.DruidAbstractDataSource - discard long time none received connection. , jdbcUrl : jdbc:mysql://localhost:3306/returnhome?useUnicode=true&characterEncoding=utf-8&useSSL=false&serverTimezone=GMT%2B8, version : 1.2.4, lastPacketReceivedIdleMillis : 93850
2021-04-09 18:47:34.884 [http-nio-8081-exec-2] WARN  com.alibaba.druid.pool.DruidAbstractDataSource - discard long time none received connection. , jdbcUrl : jdbc:mysql://localhost:3306/returnhome?useUnicode=true&characterEncoding=utf-8&useSSL=false&serverTimezone=GMT%2B8, version : 1.2.4, lastPacketReceivedIdleMillis : 93852
2021-04-09 18:48:25.032 [http-nio-8081-exec-1] WARN  com.alibaba.druid.pool.DruidAbstractDataSource - discard long time none received connection. , jdbcUrl : jdbc:mysql://localhost:3306/returnhome?useUnicode=true&characterEncoding=utf-8&useSSL=false&serverTimezone=GMT%2B8, version : 1.2.4, lastPacketReceivedIdleMillis : 143999
2021-04-09 18:48:25.033 [http-nio-8081-exec-1] WARN  com.alibaba.druid.pool.DruidAbstractDataSource - discard long time none received connection. , jdbcUrl : jdbc:mysql://localhost:3306/returnhome?useUnicode=true&characterEncoding=utf-8&useSSL=false&serverTimezone=GMT%2B8, version : 1.2.4, lastPacketReceivedIdleMillis : 144017
2021-04-09 18:50:27.934 [http-nio-8081-exec-1] WARN  com.alibaba.druid.pool.DruidAbstractDataSource - discard long time none received connection. , jdbcUrl : jdbc:mysql://localhost:3306/returnhome?useUnicode=true&characterEncoding=utf-8&useSSL=false&serverTimezone=GMT%2B8, version : 1.2.4, lastPacketReceivedIdleMillis : 104266
2021-04-09 18:50:27.935 [http-nio-8081-exec-1] WARN  com.alibaba.druid.pool.DruidAbstractDataSource - discard long time none received connection. , jdbcUrl : jdbc:mysql://localhost:3306/returnhome?useUnicode=true&characterEncoding=utf-8&useSSL=false&serverTimezone=GMT%2B8, version : 1.2.4, lastPacketReceivedIdleMillis : 122877
2021-04-09 18:57:00.003 [quartzScheduler_Worker-4] WARN  com.alibaba.druid.pool.DruidAbstractDataSource - discard long time none received connection. , jdbcUrl : jdbc:mysql://localhost:3306/returnhome?useUnicode=true&characterEncoding=utf-8&useSSL=false&serverTimezone=GMT%2B8, version : 1.2.4, lastPacketReceivedIdleMillis : 179990
2021-04-09 18:57:00.004 [quartzScheduler_Worker-4] WARN  com.alibaba.druid.pool.DruidAbstractDataSource - discard long time none received connection. , jdbcUrl : jdbc:mysql://localhost:3306/returnhome?useUnicode=true&characterEncoding=utf-8&useSSL=false&serverTimezone=GMT%2B8, version : 1.2.4, lastPacketReceivedIdleMillis : 198943
2021-04-09 19:00:15.160 [main] WARN  c.b.mybatisplus.core.metadata.TableInfoHelper - Can not find table primary key in Class: "com.lxw.entity.RoleMenu".
2021-04-09 19:00:15.269 [main] WARN  c.b.mybatisplus.core.metadata.TableInfoHelper - Can not find table primary key in Class: "com.lxw.entity.UserRole".
2021-04-09 19:00:15.327 [main] WARN  c.b.mybatisplus.core.metadata.TableInfoHelper - Can not find table primary key in Class: "com.lxw.entity.VolunteerTask".
2021-04-09 19:03:00.023 [quartzScheduler_Worker-1] WARN  com.alibaba.druid.pool.DruidAbstractDataSource - discard long time none received connection. , jdbcUrl : jdbc:mysql://localhost:3306/returnhome?useUnicode=true&characterEncoding=utf-8&useSSL=false&serverTimezone=GMT%2B8, version : 1.2.4, lastPacketReceivedIdleMillis : 140596
2021-04-09 19:03:00.024 [quartzScheduler_Worker-1] WARN  com.alibaba.druid.pool.DruidAbstractDataSource - discard long time none received connection. , jdbcUrl : jdbc:mysql://localhost:3306/returnhome?useUnicode=true&characterEncoding=utf-8&useSSL=false&serverTimezone=GMT%2B8, version : 1.2.4, lastPacketReceivedIdleMillis : 165224
2021-04-09 19:03:00.024 [quartzScheduler_Worker-1] WARN  com.alibaba.druid.pool.DruidAbstractDataSource - discard long time none received connection. , jdbcUrl : jdbc:mysql://localhost:3306/returnhome?useUnicode=true&characterEncoding=utf-8&useSSL=false&serverTimezone=GMT%2B8, version : 1.2.4, lastPacketReceivedIdleMillis : 165229
2021-04-09 19:03:00.025 [quartzScheduler_Worker-1] WARN  com.alibaba.druid.pool.DruidAbstractDataSource - discard long time none received connection. , jdbcUrl : jdbc:mysql://localhost:3306/returnhome?useUnicode=true&characterEncoding=utf-8&useSSL=false&serverTimezone=GMT%2B8, version : 1.2.4, lastPacketReceivedIdleMillis : 165234
2021-04-09 19:03:00.026 [quartzScheduler_Worker-1] WARN  com.alibaba.druid.pool.DruidAbstractDataSource - discard long time none received connection. , jdbcUrl : jdbc:mysql://localhost:3306/returnhome?useUnicode=true&characterEncoding=utf-8&useSSL=false&serverTimezone=GMT%2B8, version : 1.2.4, lastPacketReceivedIdleMillis : 165239
2021-04-09 19:03:00.027 [quartzScheduler_Worker-1] WARN  com.alibaba.druid.pool.DruidAbstractDataSource - discard long time none received connection. , jdbcUrl : jdbc:mysql://localhost:3306/returnhome?useUnicode=true&characterEncoding=utf-8&useSSL=false&serverTimezone=GMT%2B8, version : 1.2.4, lastPacketReceivedIdleMillis : 165243
2021-04-09 19:03:00.027 [quartzScheduler_Worker-1] WARN  com.alibaba.druid.pool.DruidAbstractDataSource - discard long time none received connection. , jdbcUrl : jdbc:mysql://localhost:3306/returnhome?useUnicode=true&characterEncoding=utf-8&useSSL=false&serverTimezone=GMT%2B8, version : 1.2.4, lastPacketReceivedIdleMillis : 165246
2021-04-09 19:03:00.028 [quartzScheduler_Worker-1] WARN  com.alibaba.druid.pool.DruidAbstractDataSource - discard long time none received connection. , jdbcUrl : jdbc:mysql://localhost:3306/returnhome?useUnicode=true&characterEncoding=utf-8&useSSL=false&serverTimezone=GMT%2B8, version : 1.2.4, lastPacketReceivedIdleMillis : 165250
2021-04-09 19:03:00.029 [quartzScheduler_Worker-1] WARN  com.alibaba.druid.pool.DruidAbstractDataSource - discard long time none received connection. , jdbcUrl : jdbc:mysql://localhost:3306/returnhome?useUnicode=true&characterEncoding=utf-8&useSSL=false&serverTimezone=GMT%2B8, version : 1.2.4, lastPacketReceivedIdleMillis : 165254
2021-04-09 19:05:29.595 [http-nio-8081-exec-9] WARN  com.alibaba.druid.pool.DruidAbstractDataSource - discard long time none received connection. , jdbcUrl : jdbc:mysql://localhost:3306/returnhome?useUnicode=true&characterEncoding=utf-8&useSSL=false&serverTimezone=GMT%2B8, version : 1.2.4, lastPacketReceivedIdleMillis : 75864
2021-04-09 19:05:29.597 [http-nio-8081-exec-9] WARN  com.alibaba.druid.pool.DruidAbstractDataSource - discard long time none received connection. , jdbcUrl : jdbc:mysql://localhost:3306/returnhome?useUnicode=true&characterEncoding=utf-8&useSSL=false&serverTimezone=GMT%2B8, version : 1.2.4, lastPacketReceivedIdleMillis : 314828
2021-04-09 19:09:00.009 [quartzScheduler_Worker-3] WARN  com.alibaba.druid.pool.DruidAbstractDataSource - discard long time none received connection. , jdbcUrl : jdbc:mysql://localhost:3306/returnhome?useUnicode=true&characterEncoding=utf-8&useSSL=false&serverTimezone=GMT%2B8, version : 1.2.4, lastPacketReceivedIdleMillis : 152638
2021-04-09 19:12:00.003 [quartzScheduler_Worker-4] WARN  com.alibaba.druid.pool.DruidAbstractDataSource - discard long time none received connection. , jdbcUrl : jdbc:mysql://localhost:3306/returnhome?useUnicode=true&characterEncoding=utf-8&useSSL=false&serverTimezone=GMT%2B8, version : 1.2.4, lastPacketReceivedIdleMillis : 93594
2021-04-09 19:12:00.005 [quartzScheduler_Worker-4] WARN  com.alibaba.druid.pool.DruidAbstractDataSource - discard long time none received connection. , jdbcUrl : jdbc:mysql://localhost:3306/returnhome?useUnicode=true&characterEncoding=utf-8&useSSL=false&serverTimezone=GMT%2B8, version : 1.2.4, lastPacketReceivedIdleMillis : 106417
2021-04-09 19:15:00.010 [quartzScheduler_Worker-5] WARN  com.alibaba.druid.pool.DruidAbstractDataSource - discard long time none received connection. , jdbcUrl : jdbc:mysql://localhost:3306/returnhome?useUnicode=true&characterEncoding=utf-8&useSSL=false&serverTimezone=GMT%2B8, version : 1.2.4, lastPacketReceivedIdleMillis : 151684
2021-04-09 19:15:00.012 [quartzScheduler_Worker-5] WARN  com.alibaba.druid.pool.DruidAbstractDataSource - discard long time none received connection. , jdbcUrl : jdbc:mysql://localhost:3306/returnhome?useUnicode=true&characterEncoding=utf-8&useSSL=false&serverTimezone=GMT%2B8, version : 1.2.4, lastPacketReceivedIdleMillis : 151710
2021-04-09 19:18:00.006 [quartzScheduler_Worker-6] WARN  com.alibaba.druid.pool.DruidAbstractDataSource - discard long time none received connection. , jdbcUrl : jdbc:mysql://localhost:3306/returnhome?useUnicode=true&characterEncoding=utf-8&useSSL=false&serverTimezone=GMT%2B8, version : 1.2.4, lastPacketReceivedIdleMillis : 179986
2021-04-09 19:19:18.768 [http-nio-8081-exec-7] WARN  com.alibaba.druid.pool.DruidAbstractDataSource - discard long time none received connection. , jdbcUrl : jdbc:mysql://localhost:3306/returnhome?useUnicode=true&characterEncoding=utf-8&useSSL=false&serverTimezone=GMT%2B8, version : 1.2.4, lastPacketReceivedIdleMillis : 78746
2021-04-09 19:20:47.391 [http-nio-8081-exec-7] WARN  com.alibaba.druid.pool.DruidAbstractDataSource - discard long time none received connection. , jdbcUrl : jdbc:mysql://localhost:3306/returnhome?useUnicode=true&characterEncoding=utf-8&useSSL=false&serverTimezone=GMT%2B8, version : 1.2.4, lastPacketReceivedIdleMillis : 88582
2021-04-09 19:22:31.317 [http-nio-8081-exec-5] WARN  com.alibaba.druid.pool.DruidAbstractDataSource - discard long time none received connection. , jdbcUrl : jdbc:mysql://localhost:3306/returnhome?useUnicode=true&characterEncoding=utf-8&useSSL=false&serverTimezone=GMT%2B8, version : 1.2.4, lastPacketReceivedIdleMillis : 84054
2021-04-09 19:22:31.318 [http-nio-8081-exec-5] WARN  com.alibaba.druid.pool.DruidAbstractDataSource - discard long time none received connection. , jdbcUrl : jdbc:mysql://localhost:3306/returnhome?useUnicode=true&characterEncoding=utf-8&useSSL=false&serverTimezone=GMT%2B8, version : 1.2.4, lastPacketReceivedIdleMillis : 103898
2021-04-09 19:25:20.511 [http-nio-8081-exec-6] WARN  com.alibaba.druid.pool.DruidAbstractDataSource - discard long time none received connection. , jdbcUrl : jdbc:mysql://localhost:3306/returnhome?useUnicode=true&characterEncoding=utf-8&useSSL=false&serverTimezone=GMT%2B8, version : 1.2.4, lastPacketReceivedIdleMillis : 80486
2021-04-09 19:30:00.003 [quartzScheduler_Worker-10] WARN  com.alibaba.druid.pool.DruidAbstractDataSource - discard long time none received connection. , jdbcUrl : jdbc:mysql://localhost:3306/returnhome?useUnicode=true&characterEncoding=utf-8&useSSL=false&serverTimezone=GMT%2B8, version : 1.2.4, lastPacketReceivedIdleMillis : 141880
2021-04-09 19:32:04.698 [main] WARN  c.b.mybatisplus.core.metadata.TableInfoHelper - Can not find table primary key in Class: "com.lxw.entity.RoleMenu".
2021-04-09 19:32:04.791 [main] WARN  c.b.mybatisplus.core.metadata.TableInfoHelper - Can not find table primary key in Class: "com.lxw.entity.UserRole".
2021-04-09 19:32:04.838 [main] WARN  c.b.mybatisplus.core.metadata.TableInfoHelper - Can not find table primary key in Class: "com.lxw.entity.VolunteerTask".
2021-04-09 19:34:39.632 [main] WARN  c.b.mybatisplus.core.metadata.TableInfoHelper - Can not find table primary key in Class: "com.lxw.entity.RoleMenu".
2021-04-09 19:34:39.743 [main] WARN  c.b.mybatisplus.core.metadata.TableInfoHelper - Can not find table primary key in Class: "com.lxw.entity.UserRole".
2021-04-09 19:34:39.801 [main] WARN  c.b.mybatisplus.core.metadata.TableInfoHelper - Can not find table primary key in Class: "com.lxw.entity.VolunteerTask".
2021-04-09 19:35:53.844 [main] WARN  c.b.mybatisplus.core.metadata.TableInfoHelper - Can not find table primary key in Class: "com.lxw.entity.RoleMenu".
2021-04-09 19:35:53.966 [main] WARN  c.b.mybatisplus.core.metadata.TableInfoHelper - Can not find table primary key in Class: "com.lxw.entity.UserRole".
2021-04-09 19:35:54.046 [main] WARN  c.b.mybatisplus.core.metadata.TableInfoHelper - Can not find table primary key in Class: "com.lxw.entity.VolunteerTask".
2021-04-09 19:38:23.345 [http-nio-8081-exec-4] WARN  com.alibaba.druid.pool.DruidAbstractDataSource - discard long time none received connection. , jdbcUrl : jdbc:mysql://localhost:3306/returnhome?useUnicode=true&characterEncoding=utf-8&useSSL=false&serverTimezone=GMT%2B8, version : 1.2.4, lastPacketReceivedIdleMillis : 141256
2021-04-09 19:38:23.346 [http-nio-8081-exec-4] WARN  com.alibaba.druid.pool.DruidAbstractDataSource - discard long time none received connection. , jdbcUrl : jdbc:mysql://localhost:3306/returnhome?useUnicode=true&characterEncoding=utf-8&useSSL=false&serverTimezone=GMT%2B8, version : 1.2.4, lastPacketReceivedIdleMillis : 149903
2021-04-09 19:38:23.348 [http-nio-8081-exec-4] WARN  com.alibaba.druid.pool.DruidAbstractDataSource - discard long time none received connection. , jdbcUrl : jdbc:mysql://localhost:3306/returnhome?useUnicode=true&characterEncoding=utf-8&useSSL=false&serverTimezone=GMT%2B8, version : 1.2.4, lastPacketReceivedIdleMillis : 149908
2021-04-09 19:38:23.349 [http-nio-8081-exec-4] WARN  com.alibaba.druid.pool.DruidAbstractDataSource - discard long time none received connection. , jdbcUrl : jdbc:mysql://localhost:3306/returnhome?useUnicode=true&characterEncoding=utf-8&useSSL=false&serverTimezone=GMT%2B8, version : 1.2.4, lastPacketReceivedIdleMillis : 149913
2021-04-09 19:38:23.351 [http-nio-8081-exec-4] WARN  com.alibaba.druid.pool.DruidAbstractDataSource - discard long time none received connection. , jdbcUrl : jdbc:mysql://localhost:3306/returnhome?useUnicode=true&characterEncoding=utf-8&useSSL=false&serverTimezone=GMT%2B8, version : 1.2.4, lastPacketReceivedIdleMillis : 149918
2021-04-09 19:41:31.238 [http-nio-8081-exec-8] WARN  com.alibaba.druid.pool.DruidAbstractDataSource - discard long time none received connection. , jdbcUrl : jdbc:mysql://localhost:3306/returnhome?useUnicode=true&characterEncoding=utf-8&useSSL=false&serverTimezone=GMT%2B8, version : 1.2.4, lastPacketReceivedIdleMillis : 99744
2021-04-09 19:41:31.240 [http-nio-8081-exec-8] WARN  com.alibaba.druid.pool.DruidAbstractDataSource - discard long time none received connection. , jdbcUrl : jdbc:mysql://localhost:3306/returnhome?useUnicode=true&characterEncoding=utf-8&useSSL=false&serverTimezone=GMT%2B8, version : 1.2.4, lastPacketReceivedIdleMillis : 187884
2021-04-09 19:41:31.240 [http-nio-8081-exec-8] WARN  com.alibaba.druid.pool.DruidAbstractDataSource - discard long time none received connection. , jdbcUrl : jdbc:mysql://localhost:3306/returnhome?useUnicode=true&characterEncoding=utf-8&useSSL=false&serverTimezone=GMT%2B8, version : 1.2.4, lastPacketReceivedIdleMillis : 337811
2021-04-09 19:41:31.241 [http-nio-8081-exec-8] WARN  com.alibaba.druid.pool.DruidAbstractDataSource - discard long time none received connection. , jdbcUrl : jdbc:mysql://localhost:3306/returnhome?useUnicode=true&characterEncoding=utf-8&useSSL=false&serverTimezone=GMT%2B8, version : 1.2.4, lastPacketReceivedIdleMillis : 337816
2021-04-09 19:41:31.242 [http-nio-8081-exec-8] WARN  com.alibaba.druid.pool.DruidAbstractDataSource - discard long time none received connection. , jdbcUrl : jdbc:mysql://localhost:3306/returnhome?useUnicode=true&characterEncoding=utf-8&useSSL=false&serverTimezone=GMT%2B8, version : 1.2.4, lastPacketReceivedIdleMillis : 337820
2021-04-09 19:41:31.242 [http-nio-8081-exec-8] WARN  com.alibaba.druid.pool.DruidAbstractDataSource - discard long time none received connection. , jdbcUrl : jdbc:mysql://localhost:3306/returnhome?useUnicode=true&characterEncoding=utf-8&useSSL=false&serverTimezone=GMT%2B8, version : 1.2.4, lastPacketReceivedIdleMillis : 337825
2021-04-09 19:41:31.243 [http-nio-8081-exec-8] WARN  com.alibaba.druid.pool.DruidAbstractDataSource - discard long time none received connection. , jdbcUrl : jdbc:mysql://localhost:3306/returnhome?useUnicode=true&characterEncoding=utf-8&useSSL=false&serverTimezone=GMT%2B8, version : 1.2.4, lastPacketReceivedIdleMillis : 337831
2021-04-09 19:44:08.796 [http-nio-8081-exec-2] WARN  com.alibaba.druid.pool.DruidAbstractDataSource - discard long time none received connection. , jdbcUrl : jdbc:mysql://localhost:3306/returnhome?useUnicode=true&characterEncoding=utf-8&useSSL=false&serverTimezone=GMT%2B8, version : 1.2.4, lastPacketReceivedIdleMillis : 128782
2021-04-09 19:47:02.965 [main] WARN  c.b.mybatisplus.core.metadata.TableInfoHelper - Can not find table primary key in Class: "com.lxw.entity.RoleMenu".
2021-04-09 19:47:03.069 [main] WARN  c.b.mybatisplus.core.metadata.TableInfoHelper - Can not find table primary key in Class: "com.lxw.entity.UserRole".
2021-04-09 19:47:03.121 [main] WARN  c.b.mybatisplus.core.metadata.TableInfoHelper - Can not find table primary key in Class: "com.lxw.entity.VolunteerTask".
2021-04-09 19:49:41.327 [http-nio-8081-exec-3] WARN  com.alibaba.druid.pool.DruidAbstractDataSource - discard long time none received connection. , jdbcUrl : jdbc:mysql://localhost:3306/returnhome?useUnicode=true&characterEncoding=utf-8&useSSL=false&serverTimezone=GMT%2B8, version : 1.2.4, lastPacketReceivedIdleMillis : 101307
2021-04-09 19:49:41.329 [http-nio-8081-exec-3] WARN  com.alibaba.druid.pool.DruidAbstractDataSource - discard long time none received connection. , jdbcUrl : jdbc:mysql://localhost:3306/returnhome?useUnicode=true&characterEncoding=utf-8&useSSL=false&serverTimezone=GMT%2B8, version : 1.2.4, lastPacketReceivedIdleMillis : 158714
2021-04-09 19:49:41.330 [http-nio-8081-exec-3] WARN  com.alibaba.druid.pool.DruidAbstractDataSource - discard long time none received connection. , jdbcUrl : jdbc:mysql://localhost:3306/returnhome?useUnicode=true&characterEncoding=utf-8&useSSL=false&serverTimezone=GMT%2B8, version : 1.2.4, lastPacketReceivedIdleMillis : 158720
2021-04-09 19:49:41.331 [http-nio-8081-exec-3] WARN  com.alibaba.druid.pool.DruidAbstractDataSource - discard long time none received connection. , jdbcUrl : jdbc:mysql://localhost:3306/returnhome?useUnicode=true&characterEncoding=utf-8&useSSL=false&serverTimezone=GMT%2B8, version : 1.2.4, lastPacketReceivedIdleMillis : 158723
2021-04-09 19:49:41.331 [http-nio-8081-exec-3] WARN  com.alibaba.druid.pool.DruidAbstractDataSource - discard long time none received connection. , jdbcUrl : jdbc:mysql://localhost:3306/returnhome?useUnicode=true&characterEncoding=utf-8&useSSL=false&serverTimezone=GMT%2B8, version : 1.2.4, lastPacketReceivedIdleMillis : 158728
2021-04-09 19:49:41.332 [http-nio-8081-exec-3] WARN  com.alibaba.druid.pool.DruidAbstractDataSource - discard long time none received connection. , jdbcUrl : jdbc:mysql://localhost:3306/returnhome?useUnicode=true&characterEncoding=utf-8&useSSL=false&serverTimezone=GMT%2B8, version : 1.2.4, lastPacketReceivedIdleMillis : 158732
2021-04-09 19:54:00.002 [quartzScheduler_Worker-3] WARN  com.alibaba.druid.pool.DruidAbstractDataSource - discard long time none received connection. , jdbcUrl : jdbc:mysql://localhost:3306/returnhome?useUnicode=true&characterEncoding=utf-8&useSSL=false&serverTimezone=GMT%2B8, version : 1.2.4, lastPacketReceivedIdleMillis : 141979
2021-04-09 19:54:00.004 [quartzScheduler_Worker-3] WARN  com.alibaba.druid.pool.DruidAbstractDataSource - discard long time none received connection. , jdbcUrl : jdbc:mysql://localhost:3306/returnhome?useUnicode=true&characterEncoding=utf-8&useSSL=false&serverTimezone=GMT%2B8, version : 1.2.4, lastPacketReceivedIdleMillis : 417408
2021-04-09 19:54:00.004 [quartzScheduler_Worker-3] WARN  com.alibaba.druid.pool.DruidAbstractDataSource - discard long time none received connection. , jdbcUrl : jdbc:mysql://localhost:3306/returnhome?useUnicode=true&characterEncoding=utf-8&useSSL=false&serverTimezone=GMT%2B8, version : 1.2.4, lastPacketReceivedIdleMillis : 417414
2021-04-09 19:54:00.005 [quartzScheduler_Worker-3] WARN  com.alibaba.druid.pool.DruidAbstractDataSource - discard long time none received connection. , jdbcUrl : jdbc:mysql://localhost:3306/returnhome?useUnicode=true&characterEncoding=utf-8&useSSL=false&serverTimezone=GMT%2B8, version : 1.2.4, lastPacketReceivedIdleMillis : 417419
2021-04-09 19:54:00.006 [quartzScheduler_Worker-3] WARN  com.alibaba.druid.pool.DruidAbstractDataSource - discard long time none received connection. , jdbcUrl : jdbc:mysql://localhost:3306/returnhome?useUnicode=true&characterEncoding=utf-8&useSSL=false&serverTimezone=GMT%2B8, version : 1.2.4, lastPacketReceivedIdleMillis : 417426
2021-04-09 19:56:49.249 [http-nio-8081-exec-1] WARN  com.alibaba.druid.pool.DruidAbstractDataSource - discard long time none received connection. , jdbcUrl : jdbc:mysql://localhost:3306/returnhome?useUnicode=true&characterEncoding=utf-8&useSSL=false&serverTimezone=GMT%2B8, version : 1.2.4, lastPacketReceivedIdleMillis : 83262
2021-04-09 19:56:49.251 [http-nio-8081-exec-1] WARN  com.alibaba.druid.pool.DruidAbstractDataSource - discard long time none received connection. , jdbcUrl : jdbc:mysql://localhost:3306/returnhome?useUnicode=true&characterEncoding=utf-8&useSSL=false&serverTimezone=GMT%2B8, version : 1.2.4, lastPacketReceivedIdleMillis : 84801
2021-04-09 20:00:00.003 [quartzScheduler_Worker-5] WARN  com.alibaba.druid.pool.DruidAbstractDataSource - discard long time none received connection. , jdbcUrl : jdbc:mysql://localhost:3306/returnhome?useUnicode=true&characterEncoding=utf-8&useSSL=false&serverTimezone=GMT%2B8, version : 1.2.4, lastPacketReceivedIdleMillis : 80305
2021-04-09 20:00:00.004 [quartzScheduler_Worker-5] WARN  com.alibaba.druid.pool.DruidAbstractDataSource - discard long time none received connection. , jdbcUrl : jdbc:mysql://localhost:3306/returnhome?useUnicode=true&characterEncoding=utf-8&useSSL=false&serverTimezone=GMT%2B8, version : 1.2.4, lastPacketReceivedIdleMillis : 190703
2021-04-09 20:14:44.847 [main] WARN  c.b.mybatisplus.core.metadata.TableInfoHelper - Can not find table primary key in Class: "com.lxw.entity.RoleMenu".
2021-04-09 20:14:44.984 [main] WARN  c.b.mybatisplus.core.metadata.TableInfoHelper - Can not find table primary key in Class: "com.lxw.entity.UserRole".
2021-04-09 20:14:45.070 [main] WARN  c.b.mybatisplus.core.metadata.TableInfoHelper - Can not find table primary key in Class: "com.lxw.entity.VolunteerTask".
2021-04-09 20:18:00.011 [quartzScheduler_Worker-2] WARN  com.alibaba.druid.pool.DruidAbstractDataSource - discard long time none received connection. , jdbcUrl : jdbc:mysql://localhost:3306/returnhome?useUnicode=true&characterEncoding=utf-8&useSSL=false&serverTimezone=GMT%2B8, version : 1.2.4, lastPacketReceivedIdleMillis : 84722
2021-04-09 20:18:00.012 [quartzScheduler_Worker-2] WARN  com.alibaba.druid.pool.DruidAbstractDataSource - discard long time none received connection. , jdbcUrl : jdbc:mysql://localhost:3306/returnhome?useUnicode=true&characterEncoding=utf-8&useSSL=false&serverTimezone=GMT%2B8, version : 1.2.4, lastPacketReceivedIdleMillis : 195644
2021-04-09 20:18:00.013 [quartzScheduler_Worker-2] WARN  com.alibaba.druid.pool.DruidAbstractDataSource - discard long time none received connection. , jdbcUrl : jdbc:mysql://localhost:3306/returnhome?useUnicode=true&characterEncoding=utf-8&useSSL=false&serverTimezone=GMT%2B8, version : 1.2.4, lastPacketReceivedIdleMillis : 195649
2021-04-09 20:18:00.013 [quartzScheduler_Worker-2] WARN  com.alibaba.druid.pool.DruidAbstractDataSource - discard long time none received connection. , jdbcUrl : jdbc:mysql://localhost:3306/returnhome?useUnicode=true&characterEncoding=utf-8&useSSL=false&serverTimezone=GMT%2B8, version : 1.2.4, lastPacketReceivedIdleMillis : 195653
2021-04-09 20:18:00.014 [quartzScheduler_Worker-2] WARN  com.alibaba.druid.pool.DruidAbstractDataSource - discard long time none received connection. , jdbcUrl : jdbc:mysql://localhost:3306/returnhome?useUnicode=true&characterEncoding=utf-8&useSSL=false&serverTimezone=GMT%2B8, version : 1.2.4, lastPacketReceivedIdleMillis : 195658
2021-04-09 20:18:00.015 [quartzScheduler_Worker-2] WARN  com.alibaba.druid.pool.DruidAbstractDataSource - discard long time none received connection. , jdbcUrl : jdbc:mysql://localhost:3306/returnhome?useUnicode=true&characterEncoding=utf-8&useSSL=false&serverTimezone=GMT%2B8, version : 1.2.4, lastPacketReceivedIdleMillis : 195663
2021-04-09 20:18:00.015 [quartzScheduler_Worker-2] WARN  com.alibaba.druid.pool.DruidAbstractDataSource - discard long time none received connection. , jdbcUrl : jdbc:mysql://localhost:3306/returnhome?useUnicode=true&characterEncoding=utf-8&useSSL=false&serverTimezone=GMT%2B8, version : 1.2.4, lastPacketReceivedIdleMillis : 195667
2021-04-09 21:27:26.731 [main] WARN  c.b.mybatisplus.core.metadata.TableInfoHelper - Can not find table primary key in Class: "com.lxw.entity.RoleMenu".
2021-04-09 21:27:26.826 [main] WARN  c.b.mybatisplus.core.metadata.TableInfoHelper - Can not find table primary key in Class: "com.lxw.entity.UserRole".
2021-04-09 21:27:26.873 [main] WARN  c.b.mybatisplus.core.metadata.TableInfoHelper - Can not find table primary key in Class: "com.lxw.entity.VolunteerTask".
2021-04-09 21:43:40.092 [main] WARN  c.b.mybatisplus.core.metadata.TableInfoHelper - Can not find table primary key in Class: "com.lxw.entity.RoleMenu".
2021-04-09 21:43:40.194 [main] WARN  c.b.mybatisplus.core.metadata.TableInfoHelper - Can not find table primary key in Class: "com.lxw.entity.UserRole".
2021-04-09 21:43:40.250 [main] WARN  c.b.mybatisplus.core.metadata.TableInfoHelper - Can not find table primary key in Class: "com.lxw.entity.VolunteerTask".
2021-04-09 21:45:00.021 [quartzScheduler_Worker-1] WARN  com.alibaba.druid.pool.DruidAbstractDataSource - discard long time none received connection. , jdbcUrl : jdbc:mysql://localhost:3306/returnhome?useUnicode=true&characterEncoding=utf-8&useSSL=false&serverTimezone=GMT%2B8, version : 1.2.4, lastPacketReceivedIdleMillis : 77616
2021-04-09 21:45:00.022 [quartzScheduler_Worker-1] WARN  com.alibaba.druid.pool.DruidAbstractDataSource - discard long time none received connection. , jdbcUrl : jdbc:mysql://localhost:3306/returnhome?useUnicode=true&characterEncoding=utf-8&useSSL=false&serverTimezone=GMT%2B8, version : 1.2.4, lastPacketReceivedIdleMillis : 80279
2021-04-09 21:45:00.022 [quartzScheduler_Worker-1] WARN  com.alibaba.druid.pool.DruidAbstractDataSource - discard long time none received connection. , jdbcUrl : jdbc:mysql://localhost:3306/returnhome?useUnicode=true&characterEncoding=utf-8&useSSL=false&serverTimezone=GMT%2B8, version : 1.2.4, lastPacketReceivedIdleMillis : 80283
2021-04-09 21:45:00.023 [quartzScheduler_Worker-1] WARN  com.alibaba.druid.pool.DruidAbstractDataSource - discard long time none received connection. , jdbcUrl : jdbc:mysql://localhost:3306/returnhome?useUnicode=true&characterEncoding=utf-8&useSSL=false&serverTimezone=GMT%2B8, version : 1.2.4, lastPacketReceivedIdleMillis : 80288
2021-04-09 21:45:00.024 [quartzScheduler_Worker-1] WARN  com.alibaba.druid.pool.DruidAbstractDataSource - discard long time none received connection. , jdbcUrl : jdbc:mysql://localhost:3306/returnhome?useUnicode=true&characterEncoding=utf-8&useSSL=false&serverTimezone=GMT%2B8, version : 1.2.4, lastPacketReceivedIdleMillis : 80292
2021-04-09 21:45:00.025 [quartzScheduler_Worker-1] WARN  com.alibaba.druid.pool.DruidAbstractDataSource - discard long time none received connection. , jdbcUrl : jdbc:mysql://localhost:3306/returnhome?useUnicode=true&characterEncoding=utf-8&useSSL=false&serverTimezone=GMT%2B8, version : 1.2.4, lastPacketReceivedIdleMillis : 80296
2021-04-09 21:45:00.025 [quartzScheduler_Worker-1] WARN  com.alibaba.druid.pool.DruidAbstractDataSource - discard long time none received connection. , jdbcUrl : jdbc:mysql://localhost:3306/returnhome?useUnicode=true&characterEncoding=utf-8&useSSL=false&serverTimezone=GMT%2B8, version : 1.2.4, lastPacketReceivedIdleMillis : 80300
2021-04-09 21:48:00.005 [quartzScheduler_Worker-2] WARN  com.alibaba.druid.pool.DruidAbstractDataSource - discard long time none received connection. , jdbcUrl : jdbc:mysql://localhost:3306/returnhome?useUnicode=true&characterEncoding=utf-8&useSSL=false&serverTimezone=GMT%2B8, version : 1.2.4, lastPacketReceivedIdleMillis : 179976
2021-04-09 21:48:00.005 [quartzScheduler_Worker-2] WARN  com.alibaba.druid.pool.DruidAbstractDataSource - discard long time none received connection. , jdbcUrl : jdbc:mysql://localhost:3306/returnhome?useUnicode=true&characterEncoding=utf-8&useSSL=false&serverTimezone=GMT%2B8, version : 1.2.4, lastPacketReceivedIdleMillis : 179976
2021-04-09 21:48:00.005 [quartzScheduler_Worker-2] WARN  com.alibaba.druid.pool.DruidAbstractDataSource - discard long time none received connection. , jdbcUrl : jdbc:mysql://localhost:3306/returnhome?useUnicode=true&characterEncoding=utf-8&useSSL=false&serverTimezone=GMT%2B8, version : 1.2.4, lastPacketReceivedIdleMillis : 260283
2021-04-09 21:48:00.005 [quartzScheduler_Worker-2] WARN  com.alibaba.druid.pool.DruidAbstractDataSource - discard long time none received connection. , jdbcUrl : jdbc:mysql://localhost:3306/returnhome?useUnicode=true&characterEncoding=utf-8&useSSL=false&serverTimezone=GMT%2B8, version : 1.2.4, lastPacketReceivedIdleMillis : 260288
2021-04-09 21:48:00.005 [quartzScheduler_Worker-2] WARN  com.alibaba.druid.pool.DruidAbstractDataSource - discard long time none received connection. , jdbcUrl : jdbc:mysql://localhost:3306/returnhome?useUnicode=true&characterEncoding=utf-8&useSSL=false&serverTimezone=GMT%2B8, version : 1.2.4, lastPacketReceivedIdleMillis : 260294
2021-04-09 21:50:42.101 [http-nio-8081-exec-6] WARN  com.alibaba.druid.pool.DruidAbstractDataSource - discard long time none received connection. , jdbcUrl : jdbc:mysql://localhost:3306/returnhome?useUnicode=true&characterEncoding=utf-8&useSSL=false&serverTimezone=GMT%2B8, version : 1.2.4, lastPacketReceivedIdleMillis : 162095
