2021-03-16 09:59:27.853 [DEBUG] com.lxw.system.mapper.UserMapper.selectOne - ==>  Preparing: SELECT id,username,password FROM sys_user WHERE (username = ?)
2021-03-16 09:59:27.929 [DEBUG] com.lxw.system.mapper.UserMapper.selectOne - ==> Parameters: test(String)
2021-03-16 09:59:27.956 [DEBUG] com.lxw.system.mapper.UserMapper.selectOne - <==      Total: 1
2021-03-16 09:59:27.960 [DEBUG] com.lxw.system.mapper.UserMapper.getRolesByUserId - ==>  Preparing: select id, role_name, remark, create_time from sys_role r where id in (select role_id from sys_user_role where user_id = ? )
2021-03-16 09:59:27.961 [DEBUG] com.lxw.system.mapper.UserMapper.getRolesByUserId - ==> Parameters: 3(Long)
2021-03-16 09:59:27.966 [DEBUG] com.lxw.system.mapper.UserMapper.getRolesByUserId - <==      Total: 1
2021-03-16 09:59:28.885 [DEBUG] com.lxw.system.mapper.UserMapper.selectOne - ==>  Preparing: SELECT id,username,password FROM sys_user WHERE (username = ?)
2021-03-16 09:59:28.886 [DEBUG] com.lxw.system.mapper.UserMapper.selectOne - ==> Parameters: test(String)
2021-03-16 09:59:28.887 [DEBUG] com.lxw.system.mapper.UserMapper.selectOne - <==      Total: 1
2021-03-16 09:59:28.894 [DEBUG] com.lxw.system.mapper.UserRoleMapper.selectByMap - ==>  Preparing: SELECT user_id,role_id FROM sys_user_role WHERE user_id = ?
2021-03-16 09:59:28.894 [DEBUG] com.lxw.system.mapper.UserRoleMapper.selectByMap - ==> Parameters: 3(Long)
2021-03-16 09:59:28.895 [DEBUG] com.lxw.system.mapper.UserRoleMapper.selectByMap - <==      Total: 1
2021-03-16 09:59:28.902 [DEBUG] com.lxw.system.mapper.RoleMenuMapper.selectList - ==>  Preparing: SELECT menu_id FROM sys_role_menu WHERE (role_id = ?)
2021-03-16 09:59:28.902 [DEBUG] com.lxw.system.mapper.RoleMenuMapper.selectList - ==> Parameters: 2(Long)
2021-03-16 09:59:28.904 [DEBUG] com.lxw.system.mapper.RoleMenuMapper.selectList - <==      Total: 6
2021-03-16 09:59:28.906 [DEBUG] com.lxw.system.mapper.MenuMapper.selectBatchIds - ==>  Preparing: SELECT id,parent_id,menu_name,url,icon,order_num FROM sys_menu WHERE id IN ( ? , ? , ? , ? , ? , ? )
2021-03-16 09:59:28.907 [DEBUG] com.lxw.system.mapper.MenuMapper.selectBatchIds - ==> Parameters: 2(Long), 3(Long), 4(Long), 7(Long), 8(Long), 9(Long)
2021-03-16 09:59:28.911 [DEBUG] com.lxw.system.mapper.MenuMapper.selectBatchIds - <==      Total: 6
2021-03-16 09:59:28.912 [DEBUG] com.lxw.system.mapper.MenuMapper.getAllChildById - ==>  Preparing: select * from sys_menu m where m.parent_id = ?
2021-03-16 09:59:28.913 [DEBUG] com.lxw.system.mapper.MenuMapper.getAllChildById - ==> Parameters: 2(Long)
2021-03-16 09:59:28.915 [DEBUG] com.lxw.system.mapper.MenuMapper.getAllChildById - <==      Total: 2
2021-03-16 09:59:28.916 [DEBUG] com.lxw.system.mapper.MenuMapper.getAllChildById - ==>  Preparing: select * from sys_menu m where m.parent_id = ?
2021-03-16 09:59:28.917 [DEBUG] com.lxw.system.mapper.MenuMapper.getAllChildById - ==> Parameters: 3(Long)
2021-03-16 09:59:28.919 [DEBUG] com.lxw.system.mapper.MenuMapper.getAllChildById - <==      Total: 1
2021-03-16 09:59:28.920 [DEBUG] com.lxw.system.mapper.MenuMapper.getAllChildById - ==>  Preparing: select * from sys_menu m where m.parent_id = ?
2021-03-16 09:59:28.922 [DEBUG] com.lxw.system.mapper.MenuMapper.getAllChildById - ==> Parameters: 4(Long)
2021-03-16 09:59:28.923 [DEBUG] com.lxw.system.mapper.MenuMapper.getAllChildById - <==      Total: 0
2021-03-16 09:59:28.923 [DEBUG] com.lxw.system.mapper.MenuMapper.getAllChildById - ==>  Preparing: select * from sys_menu m where m.parent_id = ?
2021-03-16 09:59:28.924 [DEBUG] com.lxw.system.mapper.MenuMapper.getAllChildById - ==> Parameters: 7(Long)
2021-03-16 09:59:28.925 [DEBUG] com.lxw.system.mapper.MenuMapper.getAllChildById - <==      Total: 0
2021-03-16 09:59:28.926 [DEBUG] com.lxw.system.mapper.MenuMapper.getAllChildById - ==>  Preparing: select * from sys_menu m where m.parent_id = ?
2021-03-16 09:59:28.927 [DEBUG] com.lxw.system.mapper.MenuMapper.getAllChildById - ==> Parameters: 8(Long)
2021-03-16 09:59:28.928 [DEBUG] com.lxw.system.mapper.MenuMapper.getAllChildById - <==      Total: 0
2021-03-16 09:59:28.929 [DEBUG] com.lxw.system.mapper.MenuMapper.getAllChildById - ==>  Preparing: select * from sys_menu m where m.parent_id = ?
2021-03-16 09:59:28.929 [DEBUG] com.lxw.system.mapper.MenuMapper.getAllChildById - ==> Parameters: 9(Long)
2021-03-16 09:59:28.931 [DEBUG] com.lxw.system.mapper.MenuMapper.getAllChildById - <==      Total: 0
2021-03-16 09:59:35.061 [DEBUG] com.lxw.system.mapper.VolunteerMapper.findVolunteerPage_mpCount - ==>  Preparing: SELECT COUNT(1) FROM tb_volunteer_info vol
2021-03-16 09:59:35.062 [DEBUG] com.lxw.system.mapper.VolunteerMapper.findVolunteerPage_mpCount - ==> Parameters: 
2021-03-16 09:59:35.065 [DEBUG] com.lxw.system.mapper.VolunteerMapper.findVolunteerPage_mpCount - <==      Total: 1
2021-03-16 09:59:35.073 [DEBUG] com.lxw.system.mapper.VolunteerMapper.findVolunteerPage - ==>  Preparing: select * from tb_volunteer_info vol LIMIT ?
2021-03-16 09:59:35.074 [DEBUG] com.lxw.system.mapper.VolunteerMapper.findVolunteerPage - ==> Parameters: 5(Long)
2021-03-16 09:59:35.077 [DEBUG] com.lxw.system.mapper.VolunteerMapper.findVolunteerPage - <==      Total: 5
2021-03-16 09:59:36.283 [DEBUG] com.lxw.system.mapper.VolunteerMapper.findVolunteerPage_mpCount - ==>  Preparing: SELECT COUNT(1) FROM tb_volunteer_info vol
2021-03-16 09:59:36.284 [DEBUG] com.lxw.system.mapper.VolunteerMapper.findVolunteerPage_mpCount - ==> Parameters: 
2021-03-16 09:59:36.287 [DEBUG] com.lxw.system.mapper.VolunteerMapper.findVolunteerPage_mpCount - <==      Total: 1
2021-03-16 09:59:36.289 [DEBUG] com.lxw.system.mapper.VolunteerMapper.findVolunteerPage - ==>  Preparing: select * from tb_volunteer_info vol LIMIT ?
2021-03-16 09:59:36.289 [DEBUG] com.lxw.system.mapper.VolunteerMapper.findVolunteerPage - ==> Parameters: 5(Long)
2021-03-16 09:59:36.293 [DEBUG] com.lxw.system.mapper.VolunteerMapper.findVolunteerPage - <==      Total: 5
2021-03-16 09:59:39.395 [DEBUG] com.lxw.system.mapper.VolunteerMapper.findVolunteerPage_mpCount - ==>  Preparing: SELECT COUNT(1) FROM tb_volunteer_info vol
2021-03-16 09:59:39.396 [DEBUG] com.lxw.system.mapper.VolunteerMapper.findVolunteerPage_mpCount - ==> Parameters: 
2021-03-16 09:59:39.398 [DEBUG] com.lxw.system.mapper.UserMapper.selectOne - ==>  Preparing: SELECT id,username,password FROM sys_user WHERE (username = ?)
2021-03-16 09:59:39.398 [DEBUG] com.lxw.system.mapper.UserMapper.selectOne - ==> Parameters: test(String)
2021-03-16 09:59:39.398 [DEBUG] com.lxw.system.mapper.VolunteerMapper.findVolunteerPage_mpCount - <==      Total: 1
2021-03-16 09:59:39.400 [DEBUG] com.lxw.system.mapper.VolunteerMapper.findVolunteerPage - ==>  Preparing: select * from tb_volunteer_info vol LIMIT ?
2021-03-16 09:59:39.401 [DEBUG] com.lxw.system.mapper.UserMapper.selectOne - <==      Total: 1
2021-03-16 09:59:39.401 [DEBUG] com.lxw.system.mapper.VolunteerMapper.findVolunteerPage - ==> Parameters: 5(Long)
2021-03-16 09:59:39.403 [DEBUG] com.lxw.system.mapper.UserRoleMapper.selectByMap - ==>  Preparing: SELECT user_id,role_id FROM sys_user_role WHERE user_id = ?
2021-03-16 09:59:39.403 [DEBUG] com.lxw.system.mapper.UserRoleMapper.selectByMap - ==> Parameters: 3(Long)
2021-03-16 09:59:39.404 [DEBUG] com.lxw.system.mapper.VolunteerMapper.findVolunteerPage - <==      Total: 5
2021-03-16 09:59:39.405 [DEBUG] com.lxw.system.mapper.UserRoleMapper.selectByMap - <==      Total: 1
2021-03-16 09:59:39.407 [DEBUG] com.lxw.system.mapper.RoleMenuMapper.selectList - ==>  Preparing: SELECT menu_id FROM sys_role_menu WHERE (role_id = ?)
2021-03-16 09:59:39.407 [DEBUG] com.lxw.system.mapper.RoleMenuMapper.selectList - ==> Parameters: 2(Long)
2021-03-16 09:59:39.409 [DEBUG] com.lxw.system.mapper.RoleMenuMapper.selectList - <==      Total: 6
2021-03-16 09:59:39.411 [DEBUG] com.lxw.system.mapper.MenuMapper.selectBatchIds - ==>  Preparing: SELECT id,parent_id,menu_name,url,icon,order_num FROM sys_menu WHERE id IN ( ? , ? , ? , ? , ? , ? )
2021-03-16 09:59:39.412 [DEBUG] com.lxw.system.mapper.MenuMapper.selectBatchIds - ==> Parameters: 2(Long), 3(Long), 4(Long), 7(Long), 8(Long), 9(Long)
2021-03-16 09:59:39.414 [DEBUG] com.lxw.system.mapper.MenuMapper.selectBatchIds - <==      Total: 6
2021-03-16 09:59:39.415 [DEBUG] com.lxw.system.mapper.MenuMapper.getAllChildById - ==>  Preparing: select * from sys_menu m where m.parent_id = ?
2021-03-16 09:59:39.416 [DEBUG] com.lxw.system.mapper.MenuMapper.getAllChildById - ==> Parameters: 2(Long)
2021-03-16 09:59:39.419 [DEBUG] com.lxw.system.mapper.MenuMapper.getAllChildById - <==      Total: 2
2021-03-16 09:59:39.420 [DEBUG] com.lxw.system.mapper.MenuMapper.getAllChildById - ==>  Preparing: select * from sys_menu m where m.parent_id = ?
2021-03-16 09:59:39.421 [DEBUG] com.lxw.system.mapper.MenuMapper.getAllChildById - ==> Parameters: 3(Long)
2021-03-16 09:59:39.423 [DEBUG] com.lxw.system.mapper.MenuMapper.getAllChildById - <==      Total: 1
2021-03-16 09:59:39.424 [DEBUG] com.lxw.system.mapper.MenuMapper.getAllChildById - ==>  Preparing: select * from sys_menu m where m.parent_id = ?
2021-03-16 09:59:39.424 [DEBUG] com.lxw.system.mapper.MenuMapper.getAllChildById - ==> Parameters: 4(Long)
2021-03-16 09:59:39.425 [DEBUG] com.lxw.system.mapper.MenuMapper.getAllChildById - <==      Total: 0
2021-03-16 09:59:39.426 [DEBUG] com.lxw.system.mapper.MenuMapper.getAllChildById - ==>  Preparing: select * from sys_menu m where m.parent_id = ?
2021-03-16 09:59:39.426 [DEBUG] com.lxw.system.mapper.MenuMapper.getAllChildById - ==> Parameters: 7(Long)
2021-03-16 09:59:39.427 [DEBUG] com.lxw.system.mapper.MenuMapper.getAllChildById - <==      Total: 0
2021-03-16 09:59:39.428 [DEBUG] com.lxw.system.mapper.MenuMapper.getAllChildById - ==>  Preparing: select * from sys_menu m where m.parent_id = ?
2021-03-16 09:59:39.429 [DEBUG] com.lxw.system.mapper.MenuMapper.getAllChildById - ==> Parameters: 8(Long)
2021-03-16 09:59:39.430 [DEBUG] com.lxw.system.mapper.MenuMapper.getAllChildById - <==      Total: 0
2021-03-16 09:59:39.431 [DEBUG] com.lxw.system.mapper.MenuMapper.getAllChildById - ==>  Preparing: select * from sys_menu m where m.parent_id = ?
2021-03-16 09:59:39.432 [DEBUG] com.lxw.system.mapper.MenuMapper.getAllChildById - ==> Parameters: 9(Long)
2021-03-16 09:59:39.433 [DEBUG] com.lxw.system.mapper.MenuMapper.getAllChildById - <==      Total: 0
2021-03-16 10:01:51.855 [DEBUG] com.lxw.system.mapper.UserMapper.selectOne - ==>  Preparing: SELECT id,username,password FROM sys_user WHERE (username = ?)
2021-03-16 10:01:51.856 [DEBUG] com.lxw.system.mapper.UserMapper.selectOne - ==> Parameters: test(String)
2021-03-16 10:01:51.858 [DEBUG] com.lxw.system.mapper.UserMapper.selectOne - <==      Total: 1
2021-03-16 10:01:51.859 [DEBUG] com.lxw.system.mapper.UserRoleMapper.selectByMap - ==>  Preparing: SELECT user_id,role_id FROM sys_user_role WHERE user_id = ?
2021-03-16 10:01:51.859 [DEBUG] com.lxw.system.mapper.UserRoleMapper.selectByMap - ==> Parameters: 3(Long)
2021-03-16 10:01:51.861 [DEBUG] com.lxw.system.mapper.UserRoleMapper.selectByMap - <==      Total: 1
2021-03-16 10:01:51.862 [DEBUG] com.lxw.system.mapper.RoleMenuMapper.selectList - ==>  Preparing: SELECT menu_id FROM sys_role_menu WHERE (role_id = ?)
2021-03-16 10:01:51.862 [DEBUG] com.lxw.system.mapper.RoleMenuMapper.selectList - ==> Parameters: 2(Long)
2021-03-16 10:01:51.865 [DEBUG] com.lxw.system.mapper.RoleMenuMapper.selectList - <==      Total: 6
2021-03-16 10:01:51.866 [DEBUG] com.lxw.system.mapper.MenuMapper.selectBatchIds - ==>  Preparing: SELECT id,parent_id,menu_name,url,icon,order_num FROM sys_menu WHERE id IN ( ? , ? , ? , ? , ? , ? )
2021-03-16 10:01:51.867 [DEBUG] com.lxw.system.mapper.MenuMapper.selectBatchIds - ==> Parameters: 2(Long), 3(Long), 4(Long), 7(Long), 8(Long), 9(Long)
2021-03-16 10:01:51.868 [DEBUG] com.lxw.system.mapper.MenuMapper.selectBatchIds - <==      Total: 6
2021-03-16 10:01:51.869 [DEBUG] com.lxw.system.mapper.MenuMapper.getAllChildById - ==>  Preparing: select * from sys_menu m where m.parent_id = ?
2021-03-16 10:01:51.870 [DEBUG] com.lxw.system.mapper.MenuMapper.getAllChildById - ==> Parameters: 2(Long)
2021-03-16 10:01:51.871 [DEBUG] com.lxw.system.mapper.MenuMapper.getAllChildById - <==      Total: 2
2021-03-16 10:01:51.873 [DEBUG] com.lxw.system.mapper.MenuMapper.getAllChildById - ==>  Preparing: select * from sys_menu m where m.parent_id = ?
2021-03-16 10:01:51.873 [DEBUG] com.lxw.system.mapper.MenuMapper.getAllChildById - ==> Parameters: 3(Long)
2021-03-16 10:01:51.874 [DEBUG] com.lxw.system.mapper.MenuMapper.getAllChildById - <==      Total: 1
2021-03-16 10:01:51.875 [DEBUG] com.lxw.system.mapper.MenuMapper.getAllChildById - ==>  Preparing: select * from sys_menu m where m.parent_id = ?
2021-03-16 10:01:51.875 [DEBUG] com.lxw.system.mapper.MenuMapper.getAllChildById - ==> Parameters: 4(Long)
2021-03-16 10:01:51.876 [DEBUG] com.lxw.system.mapper.MenuMapper.getAllChildById - <==      Total: 0
2021-03-16 10:01:51.877 [DEBUG] com.lxw.system.mapper.MenuMapper.getAllChildById - ==>  Preparing: select * from sys_menu m where m.parent_id = ?
2021-03-16 10:01:51.877 [DEBUG] com.lxw.system.mapper.MenuMapper.getAllChildById - ==> Parameters: 7(Long)
2021-03-16 10:01:51.878 [DEBUG] com.lxw.system.mapper.MenuMapper.getAllChildById - <==      Total: 0
2021-03-16 10:01:51.879 [DEBUG] com.lxw.system.mapper.MenuMapper.getAllChildById - ==>  Preparing: select * from sys_menu m where m.parent_id = ?
2021-03-16 10:01:51.879 [DEBUG] com.lxw.system.mapper.MenuMapper.getAllChildById - ==> Parameters: 8(Long)
2021-03-16 10:01:51.880 [DEBUG] com.lxw.system.mapper.MenuMapper.getAllChildById - <==      Total: 0
2021-03-16 10:01:51.880 [DEBUG] com.lxw.system.mapper.MenuMapper.getAllChildById - ==>  Preparing: select * from sys_menu m where m.parent_id = ?
2021-03-16 10:01:51.881 [DEBUG] com.lxw.system.mapper.MenuMapper.getAllChildById - ==> Parameters: 9(Long)
2021-03-16 10:01:51.881 [DEBUG] com.lxw.system.mapper.MenuMapper.getAllChildById - <==      Total: 0
2021-03-16 11:24:28.257 [DEBUG] com.lxw.system.mapper.UserMapper.selectOne - ==>  Preparing: SELECT id,username,password FROM sys_user WHERE (username = ?)
2021-03-16 11:24:28.352 [DEBUG] com.lxw.system.mapper.UserMapper.selectOne - ==> Parameters: test(String)
2021-03-16 11:24:28.384 [DEBUG] com.lxw.system.mapper.UserMapper.selectOne - <==      Total: 1
2021-03-16 11:24:28.388 [DEBUG] com.lxw.system.mapper.UserMapper.getRolesByUserId - ==>  Preparing: select id, role_name, remark, create_time from sys_role r where id in (select role_id from sys_user_role where user_id = ? )
2021-03-16 11:24:28.389 [DEBUG] com.lxw.system.mapper.UserMapper.getRolesByUserId - ==> Parameters: 3(Long)
2021-03-16 11:24:28.393 [DEBUG] com.lxw.system.mapper.UserMapper.getRolesByUserId - <==      Total: 1
2021-03-16 11:24:30.155 [DEBUG] com.lxw.system.mapper.UserMapper.selectOne - ==>  Preparing: SELECT id,username,password FROM sys_user WHERE (username = ?)
2021-03-16 11:24:30.157 [DEBUG] com.lxw.system.mapper.UserMapper.selectOne - ==> Parameters: test(String)
2021-03-16 11:24:30.160 [DEBUG] com.lxw.system.mapper.UserMapper.selectOne - <==      Total: 1
2021-03-16 11:24:30.180 [DEBUG] com.lxw.system.mapper.UserRoleMapper.selectByMap - ==>  Preparing: SELECT user_id,role_id FROM sys_user_role WHERE user_id = ?
2021-03-16 11:24:30.182 [DEBUG] com.lxw.system.mapper.UserRoleMapper.selectByMap - ==> Parameters: 3(Long)
2021-03-16 11:24:30.184 [DEBUG] com.lxw.system.mapper.UserRoleMapper.selectByMap - <==      Total: 1
2021-03-16 11:24:30.199 [DEBUG] com.lxw.system.mapper.RoleMenuMapper.selectList - ==>  Preparing: SELECT menu_id FROM sys_role_menu WHERE (role_id = ?)
2021-03-16 11:24:30.201 [DEBUG] com.lxw.system.mapper.RoleMenuMapper.selectList - ==> Parameters: 2(Long)
2021-03-16 11:24:30.203 [DEBUG] com.lxw.system.mapper.RoleMenuMapper.selectList - <==      Total: 6
2021-03-16 11:24:30.207 [DEBUG] com.lxw.system.mapper.MenuMapper.selectBatchIds - ==>  Preparing: SELECT id,parent_id,menu_name,url,icon,order_num FROM sys_menu WHERE id IN ( ? , ? , ? , ? , ? , ? )
2021-03-16 11:24:30.209 [DEBUG] com.lxw.system.mapper.MenuMapper.selectBatchIds - ==> Parameters: 2(Long), 3(Long), 4(Long), 7(Long), 8(Long), 9(Long)
2021-03-16 11:24:30.218 [DEBUG] com.lxw.system.mapper.MenuMapper.selectBatchIds - <==      Total: 6
2021-03-16 11:24:30.221 [DEBUG] com.lxw.system.mapper.MenuMapper.getAllChildById - ==>  Preparing: select * from sys_menu m where m.parent_id = ?
2021-03-16 11:24:30.222 [DEBUG] com.lxw.system.mapper.MenuMapper.getAllChildById - ==> Parameters: 2(Long)
2021-03-16 11:24:30.226 [DEBUG] com.lxw.system.mapper.MenuMapper.getAllChildById - <==      Total: 2
2021-03-16 11:24:30.229 [DEBUG] com.lxw.system.mapper.MenuMapper.getAllChildById - ==>  Preparing: select * from sys_menu m where m.parent_id = ?
2021-03-16 11:24:30.231 [DEBUG] com.lxw.system.mapper.MenuMapper.getAllChildById - ==> Parameters: 3(Long)
2021-03-16 11:24:30.234 [DEBUG] com.lxw.system.mapper.MenuMapper.getAllChildById - <==      Total: 1
2021-03-16 11:24:30.236 [DEBUG] com.lxw.system.mapper.MenuMapper.getAllChildById - ==>  Preparing: select * from sys_menu m where m.parent_id = ?
2021-03-16 11:24:30.238 [DEBUG] com.lxw.system.mapper.MenuMapper.getAllChildById - ==> Parameters: 4(Long)
2021-03-16 11:24:30.241 [DEBUG] com.lxw.system.mapper.MenuMapper.getAllChildById - <==      Total: 0
2021-03-16 11:24:30.242 [DEBUG] com.lxw.system.mapper.MenuMapper.getAllChildById - ==>  Preparing: select * from sys_menu m where m.parent_id = ?
2021-03-16 11:24:30.244 [DEBUG] com.lxw.system.mapper.MenuMapper.getAllChildById - ==> Parameters: 7(Long)
2021-03-16 11:24:30.247 [DEBUG] com.lxw.system.mapper.MenuMapper.getAllChildById - <==      Total: 0
2021-03-16 11:24:30.249 [DEBUG] com.lxw.system.mapper.MenuMapper.getAllChildById - ==>  Preparing: select * from sys_menu m where m.parent_id = ?
2021-03-16 11:24:30.251 [DEBUG] com.lxw.system.mapper.MenuMapper.getAllChildById - ==> Parameters: 8(Long)
2021-03-16 11:24:30.254 [DEBUG] com.lxw.system.mapper.MenuMapper.getAllChildById - <==      Total: 0
2021-03-16 11:24:30.256 [DEBUG] com.lxw.system.mapper.MenuMapper.getAllChildById - ==>  Preparing: select * from sys_menu m where m.parent_id = ?
2021-03-16 11:24:30.258 [DEBUG] com.lxw.system.mapper.MenuMapper.getAllChildById - ==> Parameters: 9(Long)
2021-03-16 11:24:30.261 [DEBUG] com.lxw.system.mapper.MenuMapper.getAllChildById - <==      Total: 0
2021-03-16 11:27:03.122 [DEBUG] com.lxw.system.mapper.UserMapper.selectOne - ==>  Preparing: SELECT id,username,password FROM sys_user WHERE (username = ?)
2021-03-16 11:27:03.124 [DEBUG] com.lxw.system.mapper.UserMapper.selectOne - ==> Parameters: test(String)
2021-03-16 11:27:03.136 [DEBUG] com.lxw.system.mapper.UserMapper.selectOne - <==      Total: 1
2021-03-16 11:27:03.139 [DEBUG] com.lxw.system.mapper.UserRoleMapper.selectByMap - ==>  Preparing: SELECT user_id,role_id FROM sys_user_role WHERE user_id = ?
2021-03-16 11:27:03.141 [DEBUG] com.lxw.system.mapper.UserRoleMapper.selectByMap - ==> Parameters: 3(Long)
2021-03-16 11:27:03.146 [DEBUG] com.lxw.system.mapper.UserRoleMapper.selectByMap - <==      Total: 1
2021-03-16 11:27:03.150 [DEBUG] com.lxw.system.mapper.RoleMenuMapper.selectList - ==>  Preparing: SELECT menu_id FROM sys_role_menu WHERE (role_id = ?)
2021-03-16 11:27:03.152 [DEBUG] com.lxw.system.mapper.RoleMenuMapper.selectList - ==> Parameters: 2(Long)
2021-03-16 11:27:03.157 [DEBUG] com.lxw.system.mapper.RoleMenuMapper.selectList - <==      Total: 6
2021-03-16 11:27:03.161 [DEBUG] com.lxw.system.mapper.MenuMapper.selectBatchIds - ==>  Preparing: SELECT id,parent_id,menu_name,url,icon,order_num FROM sys_menu WHERE id IN ( ? , ? , ? , ? , ? , ? )
2021-03-16 11:27:03.164 [DEBUG] com.lxw.system.mapper.MenuMapper.selectBatchIds - ==> Parameters: 2(Long), 3(Long), 4(Long), 7(Long), 8(Long), 9(Long)
2021-03-16 11:27:03.172 [DEBUG] com.lxw.system.mapper.MenuMapper.selectBatchIds - <==      Total: 6
2021-03-16 11:27:03.176 [DEBUG] com.lxw.system.mapper.MenuMapper.getAllChildById - ==>  Preparing: select * from sys_menu m where m.parent_id = ?
2021-03-16 11:27:03.178 [DEBUG] com.lxw.system.mapper.MenuMapper.getAllChildById - ==> Parameters: 2(Long)
2021-03-16 11:27:03.184 [DEBUG] com.lxw.system.mapper.MenuMapper.getAllChildById - <==      Total: 2
2021-03-16 11:27:03.186 [DEBUG] com.lxw.system.mapper.MenuMapper.getAllChildById - ==>  Preparing: select * from sys_menu m where m.parent_id = ?
2021-03-16 11:27:03.188 [DEBUG] com.lxw.system.mapper.MenuMapper.getAllChildById - ==> Parameters: 3(Long)
2021-03-16 11:27:03.190 [DEBUG] com.lxw.system.mapper.MenuMapper.getAllChildById - <==      Total: 1
2021-03-16 11:27:03.193 [DEBUG] com.lxw.system.mapper.MenuMapper.getAllChildById - ==>  Preparing: select * from sys_menu m where m.parent_id = ?
2021-03-16 11:27:03.194 [DEBUG] com.lxw.system.mapper.MenuMapper.getAllChildById - ==> Parameters: 4(Long)
2021-03-16 11:27:03.196 [DEBUG] com.lxw.system.mapper.MenuMapper.getAllChildById - <==      Total: 0
2021-03-16 11:27:03.198 [DEBUG] com.lxw.system.mapper.MenuMapper.getAllChildById - ==>  Preparing: select * from sys_menu m where m.parent_id = ?
2021-03-16 11:27:03.199 [DEBUG] com.lxw.system.mapper.MenuMapper.getAllChildById - ==> Parameters: 7(Long)
2021-03-16 11:27:03.201 [DEBUG] com.lxw.system.mapper.MenuMapper.getAllChildById - <==      Total: 0
2021-03-16 11:27:03.204 [DEBUG] com.lxw.system.mapper.MenuMapper.getAllChildById - ==>  Preparing: select * from sys_menu m where m.parent_id = ?
2021-03-16 11:27:03.205 [DEBUG] com.lxw.system.mapper.MenuMapper.getAllChildById - ==> Parameters: 8(Long)
2021-03-16 11:27:03.207 [DEBUG] com.lxw.system.mapper.MenuMapper.getAllChildById - <==      Total: 0
2021-03-16 11:27:03.209 [DEBUG] com.lxw.system.mapper.MenuMapper.getAllChildById - ==>  Preparing: select * from sys_menu m where m.parent_id = ?
2021-03-16 11:27:03.211 [DEBUG] com.lxw.system.mapper.MenuMapper.getAllChildById - ==> Parameters: 9(Long)
2021-03-16 11:27:03.213 [DEBUG] com.lxw.system.mapper.MenuMapper.getAllChildById - <==      Total: 0
2021-03-16 11:27:17.114 [DEBUG] com.lxw.system.mapper.UserMapper.selectOne - ==>  Preparing: SELECT id,username,password FROM sys_user WHERE (username = ?)
2021-03-16 11:27:17.116 [DEBUG] com.lxw.system.mapper.UserMapper.selectOne - ==> Parameters: test(String)
2021-03-16 11:27:17.118 [DEBUG] com.lxw.system.mapper.UserMapper.selectOne - <==      Total: 1
2021-03-16 11:27:17.120 [DEBUG] com.lxw.system.mapper.UserRoleMapper.selectByMap - ==>  Preparing: SELECT user_id,role_id FROM sys_user_role WHERE user_id = ?
2021-03-16 11:27:17.121 [DEBUG] com.lxw.system.mapper.UserRoleMapper.selectByMap - ==> Parameters: 3(Long)
2021-03-16 11:27:17.122 [DEBUG] com.lxw.system.mapper.UserRoleMapper.selectByMap - <==      Total: 1
2021-03-16 11:27:17.125 [DEBUG] com.lxw.system.mapper.RoleMenuMapper.selectList - ==>  Preparing: SELECT menu_id FROM sys_role_menu WHERE (role_id = ?)
2021-03-16 11:27:17.127 [DEBUG] com.lxw.system.mapper.RoleMenuMapper.selectList - ==> Parameters: 2(Long)
2021-03-16 11:27:17.129 [DEBUG] com.lxw.system.mapper.RoleMenuMapper.selectList - <==      Total: 6
2021-03-16 11:27:17.131 [DEBUG] com.lxw.system.mapper.MenuMapper.selectBatchIds - ==>  Preparing: SELECT id,parent_id,menu_name,url,icon,order_num FROM sys_menu WHERE id IN ( ? , ? , ? , ? , ? , ? )
2021-03-16 11:27:17.132 [DEBUG] com.lxw.system.mapper.MenuMapper.selectBatchIds - ==> Parameters: 2(Long), 3(Long), 4(Long), 7(Long), 8(Long), 9(Long)
2021-03-16 11:27:17.134 [DEBUG] com.lxw.system.mapper.MenuMapper.selectBatchIds - <==      Total: 6
2021-03-16 11:27:17.135 [DEBUG] com.lxw.system.mapper.MenuMapper.getAllChildById - ==>  Preparing: select * from sys_menu m where m.parent_id = ?
2021-03-16 11:27:17.136 [DEBUG] com.lxw.system.mapper.MenuMapper.getAllChildById - ==> Parameters: 2(Long)
2021-03-16 11:27:17.139 [DEBUG] com.lxw.system.mapper.MenuMapper.getAllChildById - <==      Total: 2
2021-03-16 11:27:17.139 [DEBUG] com.lxw.system.mapper.MenuMapper.getAllChildById - ==>  Preparing: select * from sys_menu m where m.parent_id = ?
2021-03-16 11:27:17.140 [DEBUG] com.lxw.system.mapper.MenuMapper.getAllChildById - ==> Parameters: 3(Long)
2021-03-16 11:27:17.142 [DEBUG] com.lxw.system.mapper.MenuMapper.getAllChildById - <==      Total: 1
2021-03-16 11:27:17.144 [DEBUG] com.lxw.system.mapper.MenuMapper.getAllChildById - ==>  Preparing: select * from sys_menu m where m.parent_id = ?
2021-03-16 11:27:17.144 [DEBUG] com.lxw.system.mapper.MenuMapper.getAllChildById - ==> Parameters: 4(Long)
2021-03-16 11:27:17.146 [DEBUG] com.lxw.system.mapper.MenuMapper.getAllChildById - <==      Total: 0
2021-03-16 11:27:17.147 [DEBUG] com.lxw.system.mapper.MenuMapper.getAllChildById - ==>  Preparing: select * from sys_menu m where m.parent_id = ?
2021-03-16 11:27:17.148 [DEBUG] com.lxw.system.mapper.MenuMapper.getAllChildById - ==> Parameters: 7(Long)
2021-03-16 11:27:17.149 [DEBUG] com.lxw.system.mapper.MenuMapper.getAllChildById - <==      Total: 0
2021-03-16 11:27:17.150 [DEBUG] com.lxw.system.mapper.MenuMapper.getAllChildById - ==>  Preparing: select * from sys_menu m where m.parent_id = ?
2021-03-16 11:27:17.152 [DEBUG] com.lxw.system.mapper.MenuMapper.getAllChildById - ==> Parameters: 8(Long)
2021-03-16 11:27:17.152 [DEBUG] com.lxw.system.mapper.MenuMapper.getAllChildById - <==      Total: 0
2021-03-16 11:27:17.153 [DEBUG] com.lxw.system.mapper.MenuMapper.getAllChildById - ==>  Preparing: select * from sys_menu m where m.parent_id = ?
2021-03-16 11:27:17.155 [DEBUG] com.lxw.system.mapper.MenuMapper.getAllChildById - ==> Parameters: 9(Long)
2021-03-16 11:27:17.155 [DEBUG] com.lxw.system.mapper.MenuMapper.getAllChildById - <==      Total: 0
2021-03-16 11:30:24.893 [DEBUG] com.lxw.system.mapper.UserMapper.selectOne - ==>  Preparing: SELECT id,username,password FROM sys_user WHERE (username = ?)
2021-03-16 11:30:24.895 [DEBUG] com.lxw.system.mapper.UserMapper.selectOne - ==> Parameters: test(String)
2021-03-16 11:30:24.899 [DEBUG] com.lxw.system.mapper.UserMapper.selectOne - <==      Total: 1
2021-03-16 11:30:24.902 [DEBUG] com.lxw.system.mapper.UserRoleMapper.selectByMap - ==>  Preparing: SELECT user_id,role_id FROM sys_user_role WHERE user_id = ?
2021-03-16 11:30:24.905 [DEBUG] com.lxw.system.mapper.UserRoleMapper.selectByMap - ==> Parameters: 3(Long)
2021-03-16 11:30:24.908 [DEBUG] com.lxw.system.mapper.UserRoleMapper.selectByMap - <==      Total: 1
2021-03-16 11:30:24.913 [DEBUG] com.lxw.system.mapper.RoleMenuMapper.selectList - ==>  Preparing: SELECT menu_id FROM sys_role_menu WHERE (role_id = ?)
2021-03-16 11:30:24.914 [DEBUG] com.lxw.system.mapper.RoleMenuMapper.selectList - ==> Parameters: 2(Long)
2021-03-16 11:30:24.918 [DEBUG] com.lxw.system.mapper.RoleMenuMapper.selectList - <==      Total: 6
2021-03-16 11:30:24.921 [DEBUG] com.lxw.system.mapper.MenuMapper.selectBatchIds - ==>  Preparing: SELECT id,parent_id,menu_name,url,icon,order_num FROM sys_menu WHERE id IN ( ? , ? , ? , ? , ? , ? )
2021-03-16 11:30:24.923 [DEBUG] com.lxw.system.mapper.MenuMapper.selectBatchIds - ==> Parameters: 2(Long), 3(Long), 4(Long), 7(Long), 8(Long), 9(Long)
2021-03-16 11:30:24.928 [DEBUG] com.lxw.system.mapper.MenuMapper.selectBatchIds - <==      Total: 6
2021-03-16 11:30:24.930 [DEBUG] com.lxw.system.mapper.MenuMapper.getAllChildById - ==>  Preparing: select * from sys_menu m where m.parent_id = ?
2021-03-16 11:30:24.930 [DEBUG] com.lxw.system.mapper.MenuMapper.getAllChildById - ==> Parameters: 2(Long)
2021-03-16 11:30:24.933 [DEBUG] com.lxw.system.mapper.MenuMapper.getAllChildById - <==      Total: 2
2021-03-16 11:30:24.934 [DEBUG] com.lxw.system.mapper.MenuMapper.getAllChildById - ==>  Preparing: select * from sys_menu m where m.parent_id = ?
2021-03-16 11:30:24.936 [DEBUG] com.lxw.system.mapper.MenuMapper.getAllChildById - ==> Parameters: 3(Long)
2021-03-16 11:30:24.938 [DEBUG] com.lxw.system.mapper.MenuMapper.getAllChildById - <==      Total: 1
2021-03-16 11:30:24.939 [DEBUG] com.lxw.system.mapper.MenuMapper.getAllChildById - ==>  Preparing: select * from sys_menu m where m.parent_id = ?
2021-03-16 11:30:24.940 [DEBUG] com.lxw.system.mapper.MenuMapper.getAllChildById - ==> Parameters: 4(Long)
2021-03-16 11:30:24.942 [DEBUG] com.lxw.system.mapper.MenuMapper.getAllChildById - <==      Total: 0
2021-03-16 11:30:24.945 [DEBUG] com.lxw.system.mapper.MenuMapper.getAllChildById - ==>  Preparing: select * from sys_menu m where m.parent_id = ?
2021-03-16 11:30:24.946 [DEBUG] com.lxw.system.mapper.MenuMapper.getAllChildById - ==> Parameters: 7(Long)
2021-03-16 11:30:24.946 [DEBUG] com.lxw.system.mapper.MenuMapper.getAllChildById - <==      Total: 0
2021-03-16 11:30:24.949 [DEBUG] com.lxw.system.mapper.MenuMapper.getAllChildById - ==>  Preparing: select * from sys_menu m where m.parent_id = ?
2021-03-16 11:30:24.949 [DEBUG] com.lxw.system.mapper.MenuMapper.getAllChildById - ==> Parameters: 8(Long)
2021-03-16 11:30:24.950 [DEBUG] com.lxw.system.mapper.MenuMapper.getAllChildById - <==      Total: 0
2021-03-16 11:30:24.951 [DEBUG] com.lxw.system.mapper.MenuMapper.getAllChildById - ==>  Preparing: select * from sys_menu m where m.parent_id = ?
2021-03-16 11:30:24.952 [DEBUG] com.lxw.system.mapper.MenuMapper.getAllChildById - ==> Parameters: 9(Long)
2021-03-16 11:30:24.953 [DEBUG] com.lxw.system.mapper.MenuMapper.getAllChildById - <==      Total: 0
2021-03-16 15:46:05.183 [DEBUG] com.lxw.system.mapper.UserMapper.selectOne - ==>  Preparing: SELECT id,username,password FROM sys_user WHERE (username = ?)
2021-03-16 15:46:05.297 [DEBUG] com.lxw.system.mapper.UserMapper.selectOne - ==> Parameters: test(String)
2021-03-16 15:46:05.399 [DEBUG] com.lxw.system.mapper.UserMapper.selectOne - <==      Total: 1
2021-03-16 15:46:05.414 [DEBUG] com.lxw.system.mapper.UserMapper.getRolesByUserId - ==>  Preparing: select id, role_name, remark, create_time from sys_role r where id in (select role_id from sys_user_role where user_id = ? )
2021-03-16 15:46:05.416 [DEBUG] com.lxw.system.mapper.UserMapper.getRolesByUserId - ==> Parameters: 3(Long)
2021-03-16 15:46:05.422 [DEBUG] com.lxw.system.mapper.UserMapper.getRolesByUserId - <==      Total: 1
2021-03-16 15:46:11.191 [DEBUG] com.lxw.system.mapper.UserMapper.selectOne - ==>  Preparing: SELECT id,username,password FROM sys_user WHERE (username = ?)
2021-03-16 15:46:11.194 [DEBUG] com.lxw.system.mapper.UserMapper.selectOne - ==> Parameters: test(String)
2021-03-16 15:46:11.198 [DEBUG] com.lxw.system.mapper.UserMapper.selectOne - <==      Total: 1
2021-03-16 15:46:11.201 [DEBUG] com.lxw.system.mapper.UserMapper.getRolesByUserId - ==>  Preparing: select id, role_name, remark, create_time from sys_role r where id in (select role_id from sys_user_role where user_id = ? )
2021-03-16 15:46:11.203 [DEBUG] com.lxw.system.mapper.UserMapper.getRolesByUserId - ==> Parameters: 3(Long)
2021-03-16 15:46:11.207 [DEBUG] com.lxw.system.mapper.UserMapper.getRolesByUserId - <==      Total: 1
2021-03-16 15:46:11.968 [DEBUG] com.lxw.system.mapper.UserMapper.selectOne - ==>  Preparing: SELECT id,username,password FROM sys_user WHERE (username = ?)
2021-03-16 15:46:11.970 [DEBUG] com.lxw.system.mapper.UserMapper.selectOne - ==> Parameters: test(String)
2021-03-16 15:46:11.974 [DEBUG] com.lxw.system.mapper.UserMapper.selectOne - <==      Total: 1
2021-03-16 15:46:11.994 [DEBUG] com.lxw.system.mapper.UserRoleMapper.selectByMap - ==>  Preparing: SELECT user_id,role_id FROM sys_user_role WHERE user_id = ?
2021-03-16 15:46:11.997 [DEBUG] com.lxw.system.mapper.UserRoleMapper.selectByMap - ==> Parameters: 3(Long)
2021-03-16 15:46:12.000 [DEBUG] com.lxw.system.mapper.UserRoleMapper.selectByMap - <==      Total: 1
2021-03-16 15:46:12.021 [DEBUG] com.lxw.system.mapper.RoleMenuMapper.selectList - ==>  Preparing: SELECT menu_id FROM sys_role_menu WHERE (role_id = ?)
2021-03-16 15:46:12.023 [DEBUG] com.lxw.system.mapper.RoleMenuMapper.selectList - ==> Parameters: 2(Long)
2021-03-16 15:46:12.028 [DEBUG] com.lxw.system.mapper.RoleMenuMapper.selectList - <==      Total: 6
2021-03-16 15:46:12.032 [DEBUG] com.lxw.system.mapper.MenuMapper.selectBatchIds - ==>  Preparing: SELECT id,parent_id,menu_name,url,icon,order_num FROM sys_menu WHERE id IN ( ? , ? , ? , ? , ? , ? )
2021-03-16 15:46:12.034 [DEBUG] com.lxw.system.mapper.MenuMapper.selectBatchIds - ==> Parameters: 2(Long), 3(Long), 4(Long), 7(Long), 8(Long), 9(Long)
2021-03-16 15:46:12.040 [DEBUG] com.lxw.system.mapper.MenuMapper.selectBatchIds - <==      Total: 6
2021-03-16 15:46:12.042 [DEBUG] com.lxw.system.mapper.MenuMapper.getAllChildById - ==>  Preparing: select * from sys_menu m where m.parent_id = ?
2021-03-16 15:46:12.044 [DEBUG] com.lxw.system.mapper.MenuMapper.getAllChildById - ==> Parameters: 2(Long)
2021-03-16 15:46:12.048 [DEBUG] com.lxw.system.mapper.MenuMapper.getAllChildById - <==      Total: 2
2021-03-16 15:46:12.050 [DEBUG] com.lxw.system.mapper.MenuMapper.getAllChildById - ==>  Preparing: select * from sys_menu m where m.parent_id = ?
2021-03-16 15:46:12.052 [DEBUG] com.lxw.system.mapper.MenuMapper.getAllChildById - ==> Parameters: 3(Long)
2021-03-16 15:46:12.057 [DEBUG] com.lxw.system.mapper.MenuMapper.getAllChildById - <==      Total: 1
2021-03-16 15:46:12.060 [DEBUG] com.lxw.system.mapper.MenuMapper.getAllChildById - ==>  Preparing: select * from sys_menu m where m.parent_id = ?
2021-03-16 15:46:12.062 [DEBUG] com.lxw.system.mapper.MenuMapper.getAllChildById - ==> Parameters: 4(Long)
2021-03-16 15:46:12.065 [DEBUG] com.lxw.system.mapper.MenuMapper.getAllChildById - <==      Total: 0
2021-03-16 15:46:12.069 [DEBUG] com.lxw.system.mapper.MenuMapper.getAllChildById - ==>  Preparing: select * from sys_menu m where m.parent_id = ?
2021-03-16 15:46:12.071 [DEBUG] com.lxw.system.mapper.MenuMapper.getAllChildById - ==> Parameters: 7(Long)
2021-03-16 15:46:12.074 [DEBUG] com.lxw.system.mapper.MenuMapper.getAllChildById - <==      Total: 0
2021-03-16 15:46:12.076 [DEBUG] com.lxw.system.mapper.MenuMapper.getAllChildById - ==>  Preparing: select * from sys_menu m where m.parent_id = ?
2021-03-16 15:46:12.077 [DEBUG] com.lxw.system.mapper.MenuMapper.getAllChildById - ==> Parameters: 8(Long)
2021-03-16 15:46:12.080 [DEBUG] com.lxw.system.mapper.MenuMapper.getAllChildById - <==      Total: 0
2021-03-16 15:46:12.082 [DEBUG] com.lxw.system.mapper.MenuMapper.getAllChildById - ==>  Preparing: select * from sys_menu m where m.parent_id = ?
2021-03-16 15:46:12.084 [DEBUG] com.lxw.system.mapper.MenuMapper.getAllChildById - ==> Parameters: 9(Long)
2021-03-16 15:46:12.086 [DEBUG] com.lxw.system.mapper.MenuMapper.getAllChildById - <==      Total: 0
2021-03-16 15:47:33.457 [DEBUG] com.lxw.system.mapper.UserMapper.selectOne - ==>  Preparing: SELECT id,username,password FROM sys_user WHERE (username = ?)
2021-03-16 15:47:33.459 [DEBUG] com.lxw.system.mapper.UserMapper.selectOne - ==> Parameters: test(String)
2021-03-16 15:47:33.466 [DEBUG] com.lxw.system.mapper.UserMapper.selectOne - <==      Total: 1
2021-03-16 15:47:33.469 [DEBUG] com.lxw.system.mapper.UserRoleMapper.selectByMap - ==>  Preparing: SELECT user_id,role_id FROM sys_user_role WHERE user_id = ?
2021-03-16 15:47:33.472 [DEBUG] com.lxw.system.mapper.UserRoleMapper.selectByMap - ==> Parameters: 3(Long)
2021-03-16 15:47:33.477 [DEBUG] com.lxw.system.mapper.UserRoleMapper.selectByMap - <==      Total: 1
2021-03-16 15:47:33.483 [DEBUG] com.lxw.system.mapper.RoleMenuMapper.selectList - ==>  Preparing: SELECT menu_id FROM sys_role_menu WHERE (role_id = ?)
2021-03-16 15:47:33.484 [DEBUG] com.lxw.system.mapper.RoleMenuMapper.selectList - ==> Parameters: 2(Long)
2021-03-16 15:47:33.488 [DEBUG] com.lxw.system.mapper.RoleMenuMapper.selectList - <==      Total: 6
2021-03-16 15:47:33.491 [DEBUG] com.lxw.system.mapper.MenuMapper.selectBatchIds - ==>  Preparing: SELECT id,parent_id,menu_name,url,icon,order_num FROM sys_menu WHERE id IN ( ? , ? , ? , ? , ? , ? )
2021-03-16 15:47:33.492 [DEBUG] com.lxw.system.mapper.MenuMapper.selectBatchIds - ==> Parameters: 2(Long), 3(Long), 4(Long), 7(Long), 8(Long), 9(Long)
2021-03-16 15:47:33.497 [DEBUG] com.lxw.system.mapper.MenuMapper.selectBatchIds - <==      Total: 6
2021-03-16 15:47:33.499 [DEBUG] com.lxw.system.mapper.MenuMapper.getAllChildById - ==>  Preparing: select * from sys_menu m where m.parent_id = ?
2021-03-16 15:47:33.500 [DEBUG] com.lxw.system.mapper.MenuMapper.getAllChildById - ==> Parameters: 2(Long)
2021-03-16 15:47:33.505 [DEBUG] com.lxw.system.mapper.MenuMapper.getAllChildById - <==      Total: 2
2021-03-16 15:47:33.508 [DEBUG] com.lxw.system.mapper.MenuMapper.getAllChildById - ==>  Preparing: select * from sys_menu m where m.parent_id = ?
2021-03-16 15:47:33.509 [DEBUG] com.lxw.system.mapper.MenuMapper.getAllChildById - ==> Parameters: 3(Long)
2021-03-16 15:47:33.513 [DEBUG] com.lxw.system.mapper.MenuMapper.getAllChildById - <==      Total: 1
2021-03-16 15:47:33.515 [DEBUG] com.lxw.system.mapper.MenuMapper.getAllChildById - ==>  Preparing: select * from sys_menu m where m.parent_id = ?
2021-03-16 15:47:33.516 [DEBUG] com.lxw.system.mapper.MenuMapper.getAllChildById - ==> Parameters: 4(Long)
2021-03-16 15:47:33.519 [DEBUG] com.lxw.system.mapper.MenuMapper.getAllChildById - <==      Total: 0
2021-03-16 15:47:33.520 [DEBUG] com.lxw.system.mapper.MenuMapper.getAllChildById - ==>  Preparing: select * from sys_menu m where m.parent_id = ?
2021-03-16 15:47:33.522 [DEBUG] com.lxw.system.mapper.MenuMapper.getAllChildById - ==> Parameters: 7(Long)
2021-03-16 15:47:33.524 [DEBUG] com.lxw.system.mapper.MenuMapper.getAllChildById - <==      Total: 0
2021-03-16 15:47:33.526 [DEBUG] com.lxw.system.mapper.MenuMapper.getAllChildById - ==>  Preparing: select * from sys_menu m where m.parent_id = ?
2021-03-16 15:47:33.527 [DEBUG] com.lxw.system.mapper.MenuMapper.getAllChildById - ==> Parameters: 8(Long)
2021-03-16 15:47:33.530 [DEBUG] com.lxw.system.mapper.MenuMapper.getAllChildById - <==      Total: 0
2021-03-16 15:47:33.532 [DEBUG] com.lxw.system.mapper.MenuMapper.getAllChildById - ==>  Preparing: select * from sys_menu m where m.parent_id = ?
2021-03-16 15:47:33.534 [DEBUG] com.lxw.system.mapper.MenuMapper.getAllChildById - ==> Parameters: 9(Long)
2021-03-16 15:47:33.536 [DEBUG] com.lxw.system.mapper.MenuMapper.getAllChildById - <==      Total: 0
2021-03-16 15:51:05.373 [DEBUG] com.lxw.system.mapper.UserMapper.selectOne - ==>  Preparing: SELECT id,username,password FROM sys_user WHERE (username = ?)
2021-03-16 15:51:05.375 [DEBUG] com.lxw.system.mapper.UserMapper.selectOne - ==> Parameters: test(String)
2021-03-16 15:51:05.379 [DEBUG] com.lxw.system.mapper.UserMapper.selectOne - <==      Total: 1
2021-03-16 15:51:05.382 [DEBUG] com.lxw.system.mapper.UserRoleMapper.selectByMap - ==>  Preparing: SELECT user_id,role_id FROM sys_user_role WHERE user_id = ?
2021-03-16 15:51:05.383 [DEBUG] com.lxw.system.mapper.UserRoleMapper.selectByMap - ==> Parameters: 3(Long)
2021-03-16 15:51:05.385 [DEBUG] com.lxw.system.mapper.UserRoleMapper.selectByMap - <==      Total: 1
2021-03-16 15:51:05.389 [DEBUG] com.lxw.system.mapper.RoleMenuMapper.selectList - ==>  Preparing: SELECT menu_id FROM sys_role_menu WHERE (role_id = ?)
2021-03-16 15:51:05.391 [DEBUG] com.lxw.system.mapper.RoleMenuMapper.selectList - ==> Parameters: 2(Long)
2021-03-16 15:51:05.395 [DEBUG] com.lxw.system.mapper.RoleMenuMapper.selectList - <==      Total: 6
2021-03-16 15:51:05.397 [DEBUG] com.lxw.system.mapper.MenuMapper.selectBatchIds - ==>  Preparing: SELECT id,parent_id,menu_name,url,icon,order_num FROM sys_menu WHERE id IN ( ? , ? , ? , ? , ? , ? )
2021-03-16 15:51:05.399 [DEBUG] com.lxw.system.mapper.MenuMapper.selectBatchIds - ==> Parameters: 2(Long), 3(Long), 4(Long), 7(Long), 8(Long), 9(Long)
2021-03-16 15:51:05.402 [DEBUG] com.lxw.system.mapper.MenuMapper.selectBatchIds - <==      Total: 6
2021-03-16 15:51:05.404 [DEBUG] com.lxw.system.mapper.MenuMapper.getAllChildById - ==>  Preparing: select * from sys_menu m where m.parent_id = ?
2021-03-16 15:51:05.406 [DEBUG] com.lxw.system.mapper.MenuMapper.getAllChildById - ==> Parameters: 2(Long)
2021-03-16 15:51:05.408 [DEBUG] com.lxw.system.mapper.MenuMapper.getAllChildById - <==      Total: 2
2021-03-16 15:51:05.410 [DEBUG] com.lxw.system.mapper.MenuMapper.getAllChildById - ==>  Preparing: select * from sys_menu m where m.parent_id = ?
2021-03-16 15:51:05.410 [DEBUG] com.lxw.system.mapper.MenuMapper.getAllChildById - ==> Parameters: 3(Long)
2021-03-16 15:51:05.413 [DEBUG] com.lxw.system.mapper.MenuMapper.getAllChildById - <==      Total: 1
2021-03-16 15:51:05.414 [DEBUG] com.lxw.system.mapper.MenuMapper.getAllChildById - ==>  Preparing: select * from sys_menu m where m.parent_id = ?
2021-03-16 15:51:05.415 [DEBUG] com.lxw.system.mapper.MenuMapper.getAllChildById - ==> Parameters: 4(Long)
2021-03-16 15:51:05.416 [DEBUG] com.lxw.system.mapper.MenuMapper.getAllChildById - <==      Total: 0
2021-03-16 15:51:05.418 [DEBUG] com.lxw.system.mapper.MenuMapper.getAllChildById - ==>  Preparing: select * from sys_menu m where m.parent_id = ?
2021-03-16 15:51:05.419 [DEBUG] com.lxw.system.mapper.MenuMapper.getAllChildById - ==> Parameters: 7(Long)
2021-03-16 15:51:05.421 [DEBUG] com.lxw.system.mapper.MenuMapper.getAllChildById - <==      Total: 0
2021-03-16 15:51:05.422 [DEBUG] com.lxw.system.mapper.MenuMapper.getAllChildById - ==>  Preparing: select * from sys_menu m where m.parent_id = ?
2021-03-16 15:51:05.423 [DEBUG] com.lxw.system.mapper.MenuMapper.getAllChildById - ==> Parameters: 8(Long)
2021-03-16 15:51:05.425 [DEBUG] com.lxw.system.mapper.MenuMapper.getAllChildById - <==      Total: 0
2021-03-16 15:51:05.426 [DEBUG] com.lxw.system.mapper.MenuMapper.getAllChildById - ==>  Preparing: select * from sys_menu m where m.parent_id = ?
2021-03-16 15:51:05.427 [DEBUG] com.lxw.system.mapper.MenuMapper.getAllChildById - ==> Parameters: 9(Long)
2021-03-16 15:51:05.428 [DEBUG] com.lxw.system.mapper.MenuMapper.getAllChildById - <==      Total: 0
2021-03-16 15:53:49.841 [DEBUG] com.lxw.system.mapper.UserMapper.selectOne - ==>  Preparing: SELECT id,username,password FROM sys_user WHERE (username = ?)
2021-03-16 15:53:49.843 [DEBUG] com.lxw.system.mapper.UserMapper.selectOne - ==> Parameters: test(String)
2021-03-16 15:53:49.846 [DEBUG] com.lxw.system.mapper.UserMapper.selectOne - <==      Total: 1
2021-03-16 15:53:49.847 [DEBUG] com.lxw.system.mapper.UserRoleMapper.selectByMap - ==>  Preparing: SELECT user_id,role_id FROM sys_user_role WHERE user_id = ?
2021-03-16 15:53:49.849 [DEBUG] com.lxw.system.mapper.UserRoleMapper.selectByMap - ==> Parameters: 3(Long)
2021-03-16 15:53:49.851 [DEBUG] com.lxw.system.mapper.UserRoleMapper.selectByMap - <==      Total: 1
2021-03-16 15:53:49.855 [DEBUG] com.lxw.system.mapper.RoleMenuMapper.selectList - ==>  Preparing: SELECT menu_id FROM sys_role_menu WHERE (role_id = ?)
2021-03-16 15:53:49.856 [DEBUG] com.lxw.system.mapper.RoleMenuMapper.selectList - ==> Parameters: 2(Long)
2021-03-16 15:53:49.858 [DEBUG] com.lxw.system.mapper.RoleMenuMapper.selectList - <==      Total: 6
2021-03-16 15:53:49.860 [DEBUG] com.lxw.system.mapper.MenuMapper.selectBatchIds - ==>  Preparing: SELECT id,parent_id,menu_name,url,icon,order_num FROM sys_menu WHERE id IN ( ? , ? , ? , ? , ? , ? )
2021-03-16 15:53:49.861 [DEBUG] com.lxw.system.mapper.MenuMapper.selectBatchIds - ==> Parameters: 2(Long), 3(Long), 4(Long), 7(Long), 8(Long), 9(Long)
2021-03-16 15:53:49.863 [DEBUG] com.lxw.system.mapper.MenuMapper.selectBatchIds - <==      Total: 6
2021-03-16 15:53:49.864 [DEBUG] com.lxw.system.mapper.MenuMapper.getAllChildById - ==>  Preparing: select * from sys_menu m where m.parent_id = ?
2021-03-16 15:53:49.865 [DEBUG] com.lxw.system.mapper.MenuMapper.getAllChildById - ==> Parameters: 2(Long)
2021-03-16 15:53:49.867 [DEBUG] com.lxw.system.mapper.MenuMapper.getAllChildById - <==      Total: 2
2021-03-16 15:53:49.868 [DEBUG] com.lxw.system.mapper.MenuMapper.getAllChildById - ==>  Preparing: select * from sys_menu m where m.parent_id = ?
2021-03-16 15:53:49.869 [DEBUG] com.lxw.system.mapper.MenuMapper.getAllChildById - ==> Parameters: 3(Long)
2021-03-16 15:53:49.871 [DEBUG] com.lxw.system.mapper.MenuMapper.getAllChildById - <==      Total: 1
2021-03-16 15:53:49.873 [DEBUG] com.lxw.system.mapper.MenuMapper.getAllChildById - ==>  Preparing: select * from sys_menu m where m.parent_id = ?
2021-03-16 15:53:49.874 [DEBUG] com.lxw.system.mapper.MenuMapper.getAllChildById - ==> Parameters: 4(Long)
2021-03-16 15:53:49.875 [DEBUG] com.lxw.system.mapper.MenuMapper.getAllChildById - <==      Total: 0
2021-03-16 15:53:49.877 [DEBUG] com.lxw.system.mapper.MenuMapper.getAllChildById - ==>  Preparing: select * from sys_menu m where m.parent_id = ?
2021-03-16 15:53:49.878 [DEBUG] com.lxw.system.mapper.MenuMapper.getAllChildById - ==> Parameters: 7(Long)
2021-03-16 15:53:49.879 [DEBUG] com.lxw.system.mapper.MenuMapper.getAllChildById - <==      Total: 0
2021-03-16 15:53:49.880 [DEBUG] com.lxw.system.mapper.MenuMapper.getAllChildById - ==>  Preparing: select * from sys_menu m where m.parent_id = ?
2021-03-16 15:53:49.881 [DEBUG] com.lxw.system.mapper.MenuMapper.getAllChildById - ==> Parameters: 8(Long)
2021-03-16 15:53:49.883 [DEBUG] com.lxw.system.mapper.MenuMapper.getAllChildById - <==      Total: 0
2021-03-16 15:53:49.884 [DEBUG] com.lxw.system.mapper.MenuMapper.getAllChildById - ==>  Preparing: select * from sys_menu m where m.parent_id = ?
2021-03-16 15:53:49.885 [DEBUG] com.lxw.system.mapper.MenuMapper.getAllChildById - ==> Parameters: 9(Long)
2021-03-16 15:53:49.886 [DEBUG] com.lxw.system.mapper.MenuMapper.getAllChildById - <==      Total: 0
2021-03-16 15:54:59.721 [DEBUG] com.lxw.system.mapper.UserMapper.selectOne - ==>  Preparing: SELECT id,username,password FROM sys_user WHERE (username = ?)
2021-03-16 15:54:59.722 [DEBUG] com.lxw.system.mapper.UserMapper.selectOne - ==> Parameters: test(String)
2021-03-16 15:54:59.724 [DEBUG] com.lxw.system.mapper.UserMapper.selectOne - <==      Total: 1
2021-03-16 15:54:59.726 [DEBUG] com.lxw.system.mapper.UserRoleMapper.selectByMap - ==>  Preparing: SELECT user_id,role_id FROM sys_user_role WHERE user_id = ?
2021-03-16 15:54:59.727 [DEBUG] com.lxw.system.mapper.UserRoleMapper.selectByMap - ==> Parameters: 3(Long)
2021-03-16 15:54:59.729 [DEBUG] com.lxw.system.mapper.UserRoleMapper.selectByMap - <==      Total: 1
2021-03-16 15:54:59.733 [DEBUG] com.lxw.system.mapper.RoleMenuMapper.selectList - ==>  Preparing: SELECT menu_id FROM sys_role_menu WHERE (role_id = ?)
2021-03-16 15:54:59.735 [DEBUG] com.lxw.system.mapper.RoleMenuMapper.selectList - ==> Parameters: 2(Long)
2021-03-16 15:54:59.737 [DEBUG] com.lxw.system.mapper.RoleMenuMapper.selectList - <==      Total: 6
2021-03-16 15:54:59.739 [DEBUG] com.lxw.system.mapper.MenuMapper.selectBatchIds - ==>  Preparing: SELECT id,parent_id,menu_name,url,icon,order_num FROM sys_menu WHERE id IN ( ? , ? , ? , ? , ? , ? )
2021-03-16 15:54:59.740 [DEBUG] com.lxw.system.mapper.MenuMapper.selectBatchIds - ==> Parameters: 2(Long), 3(Long), 4(Long), 7(Long), 8(Long), 9(Long)
2021-03-16 15:54:59.744 [DEBUG] com.lxw.system.mapper.MenuMapper.selectBatchIds - <==      Total: 6
2021-03-16 15:54:59.747 [DEBUG] com.lxw.system.mapper.MenuMapper.getAllChildById - ==>  Preparing: select * from sys_menu m where m.parent_id = ?
2021-03-16 15:54:59.747 [DEBUG] com.lxw.system.mapper.MenuMapper.getAllChildById - ==> Parameters: 2(Long)
2021-03-16 15:54:59.754 [DEBUG] com.lxw.system.mapper.MenuMapper.getAllChildById - <==      Total: 2
2021-03-16 15:54:59.755 [DEBUG] com.lxw.system.mapper.MenuMapper.getAllChildById - ==>  Preparing: select * from sys_menu m where m.parent_id = ?
2021-03-16 15:54:59.757 [DEBUG] com.lxw.system.mapper.MenuMapper.getAllChildById - ==> Parameters: 3(Long)
2021-03-16 15:54:59.758 [DEBUG] com.lxw.system.mapper.MenuMapper.getAllChildById - <==      Total: 1
2021-03-16 15:54:59.759 [DEBUG] com.lxw.system.mapper.MenuMapper.getAllChildById - ==>  Preparing: select * from sys_menu m where m.parent_id = ?
2021-03-16 15:54:59.760 [DEBUG] com.lxw.system.mapper.MenuMapper.getAllChildById - ==> Parameters: 4(Long)
2021-03-16 15:54:59.762 [DEBUG] com.lxw.system.mapper.MenuMapper.getAllChildById - <==      Total: 0
2021-03-16 15:54:59.764 [DEBUG] com.lxw.system.mapper.MenuMapper.getAllChildById - ==>  Preparing: select * from sys_menu m where m.parent_id = ?
2021-03-16 15:54:59.764 [DEBUG] com.lxw.system.mapper.MenuMapper.getAllChildById - ==> Parameters: 7(Long)
2021-03-16 15:54:59.765 [DEBUG] com.lxw.system.mapper.MenuMapper.getAllChildById - <==      Total: 0
2021-03-16 15:54:59.766 [DEBUG] com.lxw.system.mapper.MenuMapper.getAllChildById - ==>  Preparing: select * from sys_menu m where m.parent_id = ?
2021-03-16 15:54:59.767 [DEBUG] com.lxw.system.mapper.MenuMapper.getAllChildById - ==> Parameters: 8(Long)
2021-03-16 15:54:59.769 [DEBUG] com.lxw.system.mapper.MenuMapper.getAllChildById - <==      Total: 0
2021-03-16 15:54:59.770 [DEBUG] com.lxw.system.mapper.MenuMapper.getAllChildById - ==>  Preparing: select * from sys_menu m where m.parent_id = ?
2021-03-16 15:54:59.771 [DEBUG] com.lxw.system.mapper.MenuMapper.getAllChildById - ==> Parameters: 9(Long)
2021-03-16 15:54:59.773 [DEBUG] com.lxw.system.mapper.MenuMapper.getAllChildById - <==      Total: 0
2021-03-16 16:01:48.367 [DEBUG] com.lxw.system.mapper.UserMapper.selectOne - ==>  Preparing: SELECT id,username,password FROM sys_user WHERE (username = ?)
2021-03-16 16:01:48.368 [DEBUG] com.lxw.system.mapper.UserMapper.selectOne - ==> Parameters: test(String)
2021-03-16 16:01:48.371 [DEBUG] com.lxw.system.mapper.UserMapper.selectOne - <==      Total: 1
2021-03-16 16:01:48.373 [DEBUG] com.lxw.system.mapper.UserRoleMapper.selectByMap - ==>  Preparing: SELECT user_id,role_id FROM sys_user_role WHERE user_id = ?
2021-03-16 16:01:48.374 [DEBUG] com.lxw.system.mapper.UserRoleMapper.selectByMap - ==> Parameters: 3(Long)
2021-03-16 16:01:48.378 [DEBUG] com.lxw.system.mapper.UserRoleMapper.selectByMap - <==      Total: 1
2021-03-16 16:01:48.382 [DEBUG] com.lxw.system.mapper.RoleMenuMapper.selectList - ==>  Preparing: SELECT menu_id FROM sys_role_menu WHERE (role_id = ?)
2021-03-16 16:01:48.384 [DEBUG] com.lxw.system.mapper.RoleMenuMapper.selectList - ==> Parameters: 2(Long)
2021-03-16 16:01:48.387 [DEBUG] com.lxw.system.mapper.RoleMenuMapper.selectList - <==      Total: 6
2021-03-16 16:01:48.390 [DEBUG] com.lxw.system.mapper.MenuMapper.selectBatchIds - ==>  Preparing: SELECT id,parent_id,menu_name,url,icon,order_num FROM sys_menu WHERE id IN ( ? , ? , ? , ? , ? , ? )
2021-03-16 16:01:48.392 [DEBUG] com.lxw.system.mapper.MenuMapper.selectBatchIds - ==> Parameters: 2(Long), 3(Long), 4(Long), 7(Long), 8(Long), 9(Long)
2021-03-16 16:01:48.398 [DEBUG] com.lxw.system.mapper.MenuMapper.selectBatchIds - <==      Total: 6
2021-03-16 16:01:48.399 [DEBUG] com.lxw.system.mapper.MenuMapper.getAllChildById - ==>  Preparing: select * from sys_menu m where m.parent_id = ?
2021-03-16 16:01:48.401 [DEBUG] com.lxw.system.mapper.MenuMapper.getAllChildById - ==> Parameters: 2(Long)
2021-03-16 16:01:48.406 [DEBUG] com.lxw.system.mapper.MenuMapper.getAllChildById - <==      Total: 2
2021-03-16 16:01:48.408 [DEBUG] com.lxw.system.mapper.MenuMapper.getAllChildById - ==>  Preparing: select * from sys_menu m where m.parent_id = ?
2021-03-16 16:01:48.409 [DEBUG] com.lxw.system.mapper.MenuMapper.getAllChildById - ==> Parameters: 3(Long)
2021-03-16 16:01:48.412 [DEBUG] com.lxw.system.mapper.MenuMapper.getAllChildById - <==      Total: 1
2021-03-16 16:01:48.413 [DEBUG] com.lxw.system.mapper.MenuMapper.getAllChildById - ==>  Preparing: select * from sys_menu m where m.parent_id = ?
2021-03-16 16:01:48.414 [DEBUG] com.lxw.system.mapper.MenuMapper.getAllChildById - ==> Parameters: 4(Long)
2021-03-16 16:01:48.416 [DEBUG] com.lxw.system.mapper.MenuMapper.getAllChildById - <==      Total: 0
2021-03-16 16:01:48.417 [DEBUG] com.lxw.system.mapper.MenuMapper.getAllChildById - ==>  Preparing: select * from sys_menu m where m.parent_id = ?
2021-03-16 16:01:48.418 [DEBUG] com.lxw.system.mapper.MenuMapper.getAllChildById - ==> Parameters: 7(Long)
2021-03-16 16:01:48.420 [DEBUG] com.lxw.system.mapper.MenuMapper.getAllChildById - <==      Total: 0
2021-03-16 16:01:48.422 [DEBUG] com.lxw.system.mapper.MenuMapper.getAllChildById - ==>  Preparing: select * from sys_menu m where m.parent_id = ?
2021-03-16 16:01:48.422 [DEBUG] com.lxw.system.mapper.MenuMapper.getAllChildById - ==> Parameters: 8(Long)
2021-03-16 16:01:48.424 [DEBUG] com.lxw.system.mapper.MenuMapper.getAllChildById - <==      Total: 0
2021-03-16 16:01:48.425 [DEBUG] com.lxw.system.mapper.MenuMapper.getAllChildById - ==>  Preparing: select * from sys_menu m where m.parent_id = ?
2021-03-16 16:01:48.426 [DEBUG] com.lxw.system.mapper.MenuMapper.getAllChildById - ==> Parameters: 9(Long)
2021-03-16 16:01:48.428 [DEBUG] com.lxw.system.mapper.MenuMapper.getAllChildById - <==      Total: 0
2021-03-16 16:03:04.568 [DEBUG] com.lxw.system.mapper.UserMapper.selectOne - ==>  Preparing: SELECT id,username,password FROM sys_user WHERE (username = ?)
2021-03-16 16:03:04.570 [DEBUG] com.lxw.system.mapper.UserMapper.selectOne - ==> Parameters: test(String)
2021-03-16 16:03:04.573 [DEBUG] com.lxw.system.mapper.UserMapper.selectOne - <==      Total: 1
2021-03-16 16:03:04.575 [DEBUG] com.lxw.system.mapper.UserRoleMapper.selectByMap - ==>  Preparing: SELECT user_id,role_id FROM sys_user_role WHERE user_id = ?
2021-03-16 16:03:04.576 [DEBUG] com.lxw.system.mapper.UserRoleMapper.selectByMap - ==> Parameters: 3(Long)
2021-03-16 16:03:04.579 [DEBUG] com.lxw.system.mapper.UserRoleMapper.selectByMap - <==      Total: 1
2021-03-16 16:03:04.585 [DEBUG] com.lxw.system.mapper.RoleMenuMapper.selectList - ==>  Preparing: SELECT menu_id FROM sys_role_menu WHERE (role_id = ?)
2021-03-16 16:03:04.586 [DEBUG] com.lxw.system.mapper.RoleMenuMapper.selectList - ==> Parameters: 2(Long)
2021-03-16 16:03:04.589 [DEBUG] com.lxw.system.mapper.RoleMenuMapper.selectList - <==      Total: 6
2021-03-16 16:03:04.590 [DEBUG] com.lxw.system.mapper.MenuMapper.selectBatchIds - ==>  Preparing: SELECT id,parent_id,menu_name,url,icon,order_num FROM sys_menu WHERE id IN ( ? , ? , ? , ? , ? , ? )
2021-03-16 16:03:04.592 [DEBUG] com.lxw.system.mapper.MenuMapper.selectBatchIds - ==> Parameters: 2(Long), 3(Long), 4(Long), 7(Long), 8(Long), 9(Long)
2021-03-16 16:03:04.603 [DEBUG] com.lxw.system.mapper.MenuMapper.selectBatchIds - <==      Total: 6
2021-03-16 16:03:04.605 [DEBUG] com.lxw.system.mapper.MenuMapper.getAllChildById - ==>  Preparing: select * from sys_menu m where m.parent_id = ?
2021-03-16 16:03:04.607 [DEBUG] com.lxw.system.mapper.MenuMapper.getAllChildById - ==> Parameters: 2(Long)
2021-03-16 16:03:04.609 [DEBUG] com.lxw.system.mapper.MenuMapper.getAllChildById - <==      Total: 2
2021-03-16 16:03:04.611 [DEBUG] com.lxw.system.mapper.MenuMapper.getAllChildById - ==>  Preparing: select * from sys_menu m where m.parent_id = ?
2021-03-16 16:03:04.612 [DEBUG] com.lxw.system.mapper.MenuMapper.getAllChildById - ==> Parameters: 3(Long)
2021-03-16 16:03:04.614 [DEBUG] com.lxw.system.mapper.MenuMapper.getAllChildById - <==      Total: 1
2021-03-16 16:03:04.616 [DEBUG] com.lxw.system.mapper.MenuMapper.getAllChildById - ==>  Preparing: select * from sys_menu m where m.parent_id = ?
2021-03-16 16:03:04.616 [DEBUG] com.lxw.system.mapper.MenuMapper.getAllChildById - ==> Parameters: 4(Long)
2021-03-16 16:03:04.618 [DEBUG] com.lxw.system.mapper.MenuMapper.getAllChildById - <==      Total: 0
2021-03-16 16:03:04.619 [DEBUG] com.lxw.system.mapper.MenuMapper.getAllChildById - ==>  Preparing: select * from sys_menu m where m.parent_id = ?
2021-03-16 16:03:04.620 [DEBUG] com.lxw.system.mapper.MenuMapper.getAllChildById - ==> Parameters: 7(Long)
2021-03-16 16:03:04.622 [DEBUG] com.lxw.system.mapper.MenuMapper.getAllChildById - <==      Total: 0
2021-03-16 16:03:04.624 [DEBUG] com.lxw.system.mapper.MenuMapper.getAllChildById - ==>  Preparing: select * from sys_menu m where m.parent_id = ?
2021-03-16 16:03:04.625 [DEBUG] com.lxw.system.mapper.MenuMapper.getAllChildById - ==> Parameters: 8(Long)
2021-03-16 16:03:04.627 [DEBUG] com.lxw.system.mapper.MenuMapper.getAllChildById - <==      Total: 0
2021-03-16 16:03:04.628 [DEBUG] com.lxw.system.mapper.MenuMapper.getAllChildById - ==>  Preparing: select * from sys_menu m where m.parent_id = ?
2021-03-16 16:03:04.628 [DEBUG] com.lxw.system.mapper.MenuMapper.getAllChildById - ==> Parameters: 9(Long)
2021-03-16 16:03:04.630 [DEBUG] com.lxw.system.mapper.MenuMapper.getAllChildById - <==      Total: 0
2021-03-16 16:04:03.934 [DEBUG] com.lxw.system.mapper.UserMapper.selectOne - ==>  Preparing: SELECT id,username,password FROM sys_user WHERE (username = ?)
2021-03-16 16:04:03.935 [DEBUG] com.lxw.system.mapper.UserMapper.selectOne - ==> Parameters: test(String)
2021-03-16 16:04:03.937 [DEBUG] com.lxw.system.mapper.UserMapper.selectOne - <==      Total: 1
2021-03-16 16:04:03.939 [DEBUG] com.lxw.system.mapper.UserRoleMapper.selectByMap - ==>  Preparing: SELECT user_id,role_id FROM sys_user_role WHERE user_id = ?
2021-03-16 16:04:03.940 [DEBUG] com.lxw.system.mapper.UserRoleMapper.selectByMap - ==> Parameters: 3(Long)
2021-03-16 16:04:03.942 [DEBUG] com.lxw.system.mapper.UserRoleMapper.selectByMap - <==      Total: 1
2021-03-16 16:04:03.944 [DEBUG] com.lxw.system.mapper.RoleMenuMapper.selectList - ==>  Preparing: SELECT menu_id FROM sys_role_menu WHERE (role_id = ?)
2021-03-16 16:04:03.944 [DEBUG] com.lxw.system.mapper.RoleMenuMapper.selectList - ==> Parameters: 2(Long)
2021-03-16 16:04:03.946 [DEBUG] com.lxw.system.mapper.RoleMenuMapper.selectList - <==      Total: 6
2021-03-16 16:04:03.947 [DEBUG] com.lxw.system.mapper.MenuMapper.selectBatchIds - ==>  Preparing: SELECT id,parent_id,menu_name,url,icon,order_num FROM sys_menu WHERE id IN ( ? , ? , ? , ? , ? , ? )
2021-03-16 16:04:03.949 [DEBUG] com.lxw.system.mapper.MenuMapper.selectBatchIds - ==> Parameters: 2(Long), 3(Long), 4(Long), 7(Long), 8(Long), 9(Long)
2021-03-16 16:04:03.951 [DEBUG] com.lxw.system.mapper.MenuMapper.selectBatchIds - <==      Total: 6
2021-03-16 16:04:03.953 [DEBUG] com.lxw.system.mapper.MenuMapper.getAllChildById - ==>  Preparing: select * from sys_menu m where m.parent_id = ?
2021-03-16 16:04:03.953 [DEBUG] com.lxw.system.mapper.MenuMapper.getAllChildById - ==> Parameters: 2(Long)
2021-03-16 16:04:03.955 [DEBUG] com.lxw.system.mapper.MenuMapper.getAllChildById - <==      Total: 2
2021-03-16 16:04:03.957 [DEBUG] com.lxw.system.mapper.MenuMapper.getAllChildById - ==>  Preparing: select * from sys_menu m where m.parent_id = ?
2021-03-16 16:04:03.958 [DEBUG] com.lxw.system.mapper.MenuMapper.getAllChildById - ==> Parameters: 3(Long)
2021-03-16 16:04:03.960 [DEBUG] com.lxw.system.mapper.MenuMapper.getAllChildById - <==      Total: 1
2021-03-16 16:04:03.961 [DEBUG] com.lxw.system.mapper.MenuMapper.getAllChildById - ==>  Preparing: select * from sys_menu m where m.parent_id = ?
2021-03-16 16:04:03.962 [DEBUG] com.lxw.system.mapper.MenuMapper.getAllChildById - ==> Parameters: 4(Long)
2021-03-16 16:04:03.963 [DEBUG] com.lxw.system.mapper.MenuMapper.getAllChildById - <==      Total: 0
2021-03-16 16:04:03.964 [DEBUG] com.lxw.system.mapper.MenuMapper.getAllChildById - ==>  Preparing: select * from sys_menu m where m.parent_id = ?
2021-03-16 16:04:03.965 [DEBUG] com.lxw.system.mapper.MenuMapper.getAllChildById - ==> Parameters: 7(Long)
2021-03-16 16:04:03.967 [DEBUG] com.lxw.system.mapper.MenuMapper.getAllChildById - <==      Total: 0
2021-03-16 16:04:03.968 [DEBUG] com.lxw.system.mapper.MenuMapper.getAllChildById - ==>  Preparing: select * from sys_menu m where m.parent_id = ?
2021-03-16 16:04:03.969 [DEBUG] com.lxw.system.mapper.MenuMapper.getAllChildById - ==> Parameters: 8(Long)
2021-03-16 16:04:03.970 [DEBUG] com.lxw.system.mapper.MenuMapper.getAllChildById - <==      Total: 0
2021-03-16 16:04:03.971 [DEBUG] com.lxw.system.mapper.MenuMapper.getAllChildById - ==>  Preparing: select * from sys_menu m where m.parent_id = ?
2021-03-16 16:04:03.972 [DEBUG] com.lxw.system.mapper.MenuMapper.getAllChildById - ==> Parameters: 9(Long)
2021-03-16 16:04:03.973 [DEBUG] com.lxw.system.mapper.MenuMapper.getAllChildById - <==      Total: 0
2021-03-16 16:06:13.019 [DEBUG] com.lxw.system.mapper.UserMapper.selectOne - ==>  Preparing: SELECT id,username,password FROM sys_user WHERE (username = ?)
2021-03-16 16:06:13.020 [DEBUG] com.lxw.system.mapper.UserMapper.selectOne - ==> Parameters: test(String)
2021-03-16 16:06:13.023 [DEBUG] com.lxw.system.mapper.UserMapper.selectOne - <==      Total: 1
2021-03-16 16:06:13.025 [DEBUG] com.lxw.system.mapper.UserRoleMapper.selectByMap - ==>  Preparing: SELECT user_id,role_id FROM sys_user_role WHERE user_id = ?
2021-03-16 16:06:13.026 [DEBUG] com.lxw.system.mapper.UserRoleMapper.selectByMap - ==> Parameters: 3(Long)
2021-03-16 16:06:13.028 [DEBUG] com.lxw.system.mapper.UserRoleMapper.selectByMap - <==      Total: 1
2021-03-16 16:06:13.031 [DEBUG] com.lxw.system.mapper.RoleMenuMapper.selectList - ==>  Preparing: SELECT menu_id FROM sys_role_menu WHERE (role_id = ?)
2021-03-16 16:06:13.033 [DEBUG] com.lxw.system.mapper.RoleMenuMapper.selectList - ==> Parameters: 2(Long)
2021-03-16 16:06:13.034 [DEBUG] com.lxw.system.mapper.RoleMenuMapper.selectList - <==      Total: 6
2021-03-16 16:06:13.036 [DEBUG] com.lxw.system.mapper.MenuMapper.selectBatchIds - ==>  Preparing: SELECT id,parent_id,menu_name,url,icon,order_num FROM sys_menu WHERE id IN ( ? , ? , ? , ? , ? , ? )
2021-03-16 16:06:13.037 [DEBUG] com.lxw.system.mapper.MenuMapper.selectBatchIds - ==> Parameters: 2(Long), 3(Long), 4(Long), 7(Long), 8(Long), 9(Long)
2021-03-16 16:06:13.040 [DEBUG] com.lxw.system.mapper.MenuMapper.selectBatchIds - <==      Total: 6
2021-03-16 16:06:13.041 [DEBUG] com.lxw.system.mapper.MenuMapper.getAllChildById - ==>  Preparing: select * from sys_menu m where m.parent_id = ?
2021-03-16 16:06:13.042 [DEBUG] com.lxw.system.mapper.MenuMapper.getAllChildById - ==> Parameters: 2(Long)
2021-03-16 16:06:13.044 [DEBUG] com.lxw.system.mapper.MenuMapper.getAllChildById - <==      Total: 2
2021-03-16 16:06:13.045 [DEBUG] com.lxw.system.mapper.MenuMapper.getAllChildById - ==>  Preparing: select * from sys_menu m where m.parent_id = ?
2021-03-16 16:06:13.046 [DEBUG] com.lxw.system.mapper.MenuMapper.getAllChildById - ==> Parameters: 3(Long)
2021-03-16 16:06:13.048 [DEBUG] com.lxw.system.mapper.MenuMapper.getAllChildById - <==      Total: 1
2021-03-16 16:06:13.050 [DEBUG] com.lxw.system.mapper.MenuMapper.getAllChildById - ==>  Preparing: select * from sys_menu m where m.parent_id = ?
2021-03-16 16:06:13.052 [DEBUG] com.lxw.system.mapper.MenuMapper.getAllChildById - ==> Parameters: 4(Long)
2021-03-16 16:06:13.053 [DEBUG] com.lxw.system.mapper.MenuMapper.getAllChildById - <==      Total: 0
2021-03-16 16:06:13.055 [DEBUG] com.lxw.system.mapper.MenuMapper.getAllChildById - ==>  Preparing: select * from sys_menu m where m.parent_id = ?
2021-03-16 16:06:13.056 [DEBUG] com.lxw.system.mapper.MenuMapper.getAllChildById - ==> Parameters: 7(Long)
2021-03-16 16:06:13.057 [DEBUG] com.lxw.system.mapper.MenuMapper.getAllChildById - <==      Total: 0
2021-03-16 16:06:13.058 [DEBUG] com.lxw.system.mapper.MenuMapper.getAllChildById - ==>  Preparing: select * from sys_menu m where m.parent_id = ?
2021-03-16 16:06:13.060 [DEBUG] com.lxw.system.mapper.MenuMapper.getAllChildById - ==> Parameters: 8(Long)
2021-03-16 16:06:13.061 [DEBUG] com.lxw.system.mapper.MenuMapper.getAllChildById - <==      Total: 0
2021-03-16 16:06:13.062 [DEBUG] com.lxw.system.mapper.MenuMapper.getAllChildById - ==>  Preparing: select * from sys_menu m where m.parent_id = ?
2021-03-16 16:06:13.063 [DEBUG] com.lxw.system.mapper.MenuMapper.getAllChildById - ==> Parameters: 9(Long)
2021-03-16 16:06:13.065 [DEBUG] com.lxw.system.mapper.MenuMapper.getAllChildById - <==      Total: 0
2021-03-16 20:39:00.738 [DEBUG] com.lxw.system.mapper.UserMapper.selectOne - ==>  Preparing: SELECT id,username,password FROM sys_user WHERE (username = ?)
2021-03-16 20:39:00.825 [DEBUG] com.lxw.system.mapper.UserMapper.selectOne - ==> Parameters: test(String)
2021-03-16 20:39:00.859 [DEBUG] com.lxw.system.mapper.UserMapper.selectOne - <==      Total: 1
2021-03-16 20:39:00.864 [DEBUG] com.lxw.system.mapper.UserMapper.getRolesByUserId - ==>  Preparing: select id, role_name, remark, create_time from sys_role r where id in (select role_id from sys_user_role where user_id = ? )
2021-03-16 20:39:00.864 [DEBUG] com.lxw.system.mapper.UserMapper.getRolesByUserId - ==> Parameters: 3(Long)
2021-03-16 20:39:00.866 [DEBUG] com.lxw.system.mapper.UserMapper.getRolesByUserId - <==      Total: 1
2021-03-16 20:39:01.736 [DEBUG] com.lxw.system.mapper.UserMapper.selectOne - ==>  Preparing: SELECT id,username,password FROM sys_user WHERE (username = ?)
2021-03-16 20:39:01.737 [DEBUG] com.lxw.system.mapper.UserMapper.selectOne - ==> Parameters: test(String)
2021-03-16 20:39:01.739 [DEBUG] com.lxw.system.mapper.UserMapper.selectOne - <==      Total: 1
2021-03-16 20:39:01.746 [DEBUG] com.lxw.system.mapper.UserRoleMapper.selectByMap - ==>  Preparing: SELECT user_id,role_id FROM sys_user_role WHERE user_id = ?
2021-03-16 20:39:01.747 [DEBUG] com.lxw.system.mapper.UserRoleMapper.selectByMap - ==> Parameters: 3(Long)
2021-03-16 20:39:01.748 [DEBUG] com.lxw.system.mapper.UserRoleMapper.selectByMap - <==      Total: 1
2021-03-16 20:39:01.754 [DEBUG] com.lxw.system.mapper.RoleMenuMapper.selectList - ==>  Preparing: SELECT menu_id FROM sys_role_menu WHERE (role_id = ?)
2021-03-16 20:39:01.754 [DEBUG] com.lxw.system.mapper.RoleMenuMapper.selectList - ==> Parameters: 2(Long)
2021-03-16 20:39:01.756 [DEBUG] com.lxw.system.mapper.RoleMenuMapper.selectList - <==      Total: 6
2021-03-16 20:39:01.757 [DEBUG] com.lxw.system.mapper.MenuMapper.selectBatchIds - ==>  Preparing: SELECT id,parent_id,menu_name,url,icon,order_num FROM sys_menu WHERE id IN ( ? , ? , ? , ? , ? , ? )
2021-03-16 20:39:01.758 [DEBUG] com.lxw.system.mapper.MenuMapper.selectBatchIds - ==> Parameters: 2(Long), 3(Long), 4(Long), 7(Long), 8(Long), 9(Long)
2021-03-16 20:39:01.761 [DEBUG] com.lxw.system.mapper.MenuMapper.selectBatchIds - <==      Total: 6
2021-03-16 20:39:01.763 [DEBUG] com.lxw.system.mapper.MenuMapper.getAllChildById - ==>  Preparing: select * from sys_menu m where m.parent_id = ?
2021-03-16 20:39:01.764 [DEBUG] com.lxw.system.mapper.MenuMapper.getAllChildById - ==> Parameters: 2(Long)
2021-03-16 20:39:01.765 [DEBUG] com.lxw.system.mapper.MenuMapper.getAllChildById - <==      Total: 2
2021-03-16 20:39:01.766 [DEBUG] com.lxw.system.mapper.MenuMapper.getAllChildById - ==>  Preparing: select * from sys_menu m where m.parent_id = ?
2021-03-16 20:39:01.766 [DEBUG] com.lxw.system.mapper.MenuMapper.getAllChildById - ==> Parameters: 3(Long)
2021-03-16 20:39:01.767 [DEBUG] com.lxw.system.mapper.MenuMapper.getAllChildById - <==      Total: 1
2021-03-16 20:39:01.769 [DEBUG] com.lxw.system.mapper.MenuMapper.getAllChildById - ==>  Preparing: select * from sys_menu m where m.parent_id = ?
2021-03-16 20:39:01.770 [DEBUG] com.lxw.system.mapper.MenuMapper.getAllChildById - ==> Parameters: 4(Long)
2021-03-16 20:39:01.771 [DEBUG] com.lxw.system.mapper.MenuMapper.getAllChildById - <==      Total: 0
2021-03-16 20:39:01.771 [DEBUG] com.lxw.system.mapper.MenuMapper.getAllChildById - ==>  Preparing: select * from sys_menu m where m.parent_id = ?
2021-03-16 20:39:01.772 [DEBUG] com.lxw.system.mapper.MenuMapper.getAllChildById - ==> Parameters: 7(Long)
2021-03-16 20:39:01.773 [DEBUG] com.lxw.system.mapper.MenuMapper.getAllChildById - <==      Total: 0
2021-03-16 20:39:01.774 [DEBUG] com.lxw.system.mapper.MenuMapper.getAllChildById - ==>  Preparing: select * from sys_menu m where m.parent_id = ?
2021-03-16 20:39:01.774 [DEBUG] com.lxw.system.mapper.MenuMapper.getAllChildById - ==> Parameters: 8(Long)
2021-03-16 20:39:01.776 [DEBUG] com.lxw.system.mapper.MenuMapper.getAllChildById - <==      Total: 0
2021-03-16 20:39:01.777 [DEBUG] com.lxw.system.mapper.MenuMapper.getAllChildById - ==>  Preparing: select * from sys_menu m where m.parent_id = ?
2021-03-16 20:39:01.778 [DEBUG] com.lxw.system.mapper.MenuMapper.getAllChildById - ==> Parameters: 9(Long)
2021-03-16 20:39:01.780 [DEBUG] com.lxw.system.mapper.MenuMapper.getAllChildById - <==      Total: 0
2021-03-16 20:39:03.351 [DEBUG] com.lxw.system.mapper.VolunteerMapper.findVolunteerPage_mpCount - ==>  Preparing: SELECT COUNT(1) FROM tb_volunteer_info vol
2021-03-16 20:39:03.352 [DEBUG] com.lxw.system.mapper.VolunteerMapper.findVolunteerPage_mpCount - ==> Parameters: 
2021-03-16 20:39:03.354 [DEBUG] com.lxw.system.mapper.VolunteerMapper.findVolunteerPage_mpCount - <==      Total: 1
2021-03-16 20:39:03.360 [DEBUG] com.lxw.system.mapper.VolunteerMapper.findVolunteerPage - ==>  Preparing: select * from tb_volunteer_info vol LIMIT ?
2021-03-16 20:39:03.361 [DEBUG] com.lxw.system.mapper.VolunteerMapper.findVolunteerPage - ==> Parameters: 5(Long)
2021-03-16 20:39:03.365 [DEBUG] com.lxw.system.mapper.VolunteerMapper.findVolunteerPage - <==      Total: 5
2021-03-16 20:39:18.343 [DEBUG] com.lxw.system.mapper.VolunteerMapper.findVolunteerPage_mpCount - ==>  Preparing: SELECT COUNT(1) FROM tb_volunteer_info vol
2021-03-16 20:39:18.344 [DEBUG] com.lxw.system.mapper.VolunteerMapper.findVolunteerPage_mpCount - ==> Parameters: 
2021-03-16 20:39:18.347 [DEBUG] com.lxw.system.mapper.VolunteerMapper.findVolunteerPage_mpCount - <==      Total: 1
2021-03-16 20:39:18.348 [DEBUG] com.lxw.system.mapper.VolunteerMapper.findVolunteerPage - ==>  Preparing: select * from tb_volunteer_info vol LIMIT ?
2021-03-16 20:39:18.349 [DEBUG] com.lxw.system.mapper.VolunteerMapper.findVolunteerPage - ==> Parameters: 5(Long)
2021-03-16 20:39:18.353 [DEBUG] com.lxw.system.mapper.VolunteerMapper.findVolunteerPage - <==      Total: 5
2021-03-16 20:42:16.021 [DEBUG] com.lxw.system.mapper.UserMapper.selectOne - ==>  Preparing: SELECT id,username,password FROM sys_user WHERE (username = ?)
2021-03-16 20:42:16.022 [DEBUG] com.lxw.system.mapper.UserMapper.selectOne - ==> Parameters: test(String)
2021-03-16 20:42:16.023 [DEBUG] com.lxw.system.mapper.UserMapper.selectOne - <==      Total: 1
2021-03-16 20:42:16.024 [DEBUG] com.lxw.system.mapper.UserMapper.getRolesByUserId - ==>  Preparing: select id, role_name, remark, create_time from sys_role r where id in (select role_id from sys_user_role where user_id = ? )
2021-03-16 20:42:16.024 [DEBUG] com.lxw.system.mapper.UserMapper.getRolesByUserId - ==> Parameters: 3(Long)
2021-03-16 20:42:16.026 [DEBUG] com.lxw.system.mapper.UserMapper.getRolesByUserId - <==      Total: 1
2021-03-16 20:42:16.167 [DEBUG] com.lxw.system.mapper.UserMapper.selectOne - ==>  Preparing: SELECT id,username,password FROM sys_user WHERE (username = ?)
2021-03-16 20:42:16.168 [DEBUG] com.lxw.system.mapper.UserMapper.selectOne - ==> Parameters: test(String)
2021-03-16 20:42:16.170 [DEBUG] com.lxw.system.mapper.UserMapper.selectOne - <==      Total: 1
2021-03-16 20:42:16.171 [DEBUG] com.lxw.system.mapper.UserRoleMapper.selectByMap - ==>  Preparing: SELECT user_id,role_id FROM sys_user_role WHERE user_id = ?
2021-03-16 20:42:16.171 [DEBUG] com.lxw.system.mapper.UserRoleMapper.selectByMap - ==> Parameters: 3(Long)
2021-03-16 20:42:16.172 [DEBUG] com.lxw.system.mapper.UserRoleMapper.selectByMap - <==      Total: 1
2021-03-16 20:42:16.174 [DEBUG] com.lxw.system.mapper.RoleMenuMapper.selectList - ==>  Preparing: SELECT menu_id FROM sys_role_menu WHERE (role_id = ?)
2021-03-16 20:42:16.174 [DEBUG] com.lxw.system.mapper.RoleMenuMapper.selectList - ==> Parameters: 2(Long)
2021-03-16 20:42:16.175 [DEBUG] com.lxw.system.mapper.RoleMenuMapper.selectList - <==      Total: 6
2021-03-16 20:42:16.177 [DEBUG] com.lxw.system.mapper.MenuMapper.selectBatchIds - ==>  Preparing: SELECT id,parent_id,menu_name,url,icon,order_num FROM sys_menu WHERE id IN ( ? , ? , ? , ? , ? , ? )
2021-03-16 20:42:16.177 [DEBUG] com.lxw.system.mapper.MenuMapper.selectBatchIds - ==> Parameters: 2(Long), 3(Long), 4(Long), 7(Long), 8(Long), 9(Long)
2021-03-16 20:42:16.179 [DEBUG] com.lxw.system.mapper.MenuMapper.selectBatchIds - <==      Total: 6
2021-03-16 20:42:16.180 [DEBUG] com.lxw.system.mapper.MenuMapper.getAllChildById - ==>  Preparing: select * from sys_menu m where m.parent_id = ?
2021-03-16 20:42:16.180 [DEBUG] com.lxw.system.mapper.MenuMapper.getAllChildById - ==> Parameters: 2(Long)
2021-03-16 20:42:16.182 [DEBUG] com.lxw.system.mapper.MenuMapper.getAllChildById - <==      Total: 2
2021-03-16 20:42:16.183 [DEBUG] com.lxw.system.mapper.MenuMapper.getAllChildById - ==>  Preparing: select * from sys_menu m where m.parent_id = ?
2021-03-16 20:42:16.183 [DEBUG] com.lxw.system.mapper.MenuMapper.getAllChildById - ==> Parameters: 3(Long)
2021-03-16 20:42:16.185 [DEBUG] com.lxw.system.mapper.MenuMapper.getAllChildById - <==      Total: 1
2021-03-16 20:42:16.186 [DEBUG] com.lxw.system.mapper.MenuMapper.getAllChildById - ==>  Preparing: select * from sys_menu m where m.parent_id = ?
2021-03-16 20:42:16.187 [DEBUG] com.lxw.system.mapper.MenuMapper.getAllChildById - ==> Parameters: 4(Long)
2021-03-16 20:42:16.188 [DEBUG] com.lxw.system.mapper.MenuMapper.getAllChildById - <==      Total: 0
2021-03-16 20:42:16.188 [DEBUG] com.lxw.system.mapper.MenuMapper.getAllChildById - ==>  Preparing: select * from sys_menu m where m.parent_id = ?
2021-03-16 20:42:16.189 [DEBUG] com.lxw.system.mapper.MenuMapper.getAllChildById - ==> Parameters: 7(Long)
2021-03-16 20:42:16.190 [DEBUG] com.lxw.system.mapper.MenuMapper.getAllChildById - <==      Total: 0
2021-03-16 20:42:16.190 [DEBUG] com.lxw.system.mapper.MenuMapper.getAllChildById - ==>  Preparing: select * from sys_menu m where m.parent_id = ?
2021-03-16 20:42:16.191 [DEBUG] com.lxw.system.mapper.MenuMapper.getAllChildById - ==> Parameters: 8(Long)
2021-03-16 20:42:16.192 [DEBUG] com.lxw.system.mapper.MenuMapper.getAllChildById - <==      Total: 0
2021-03-16 20:42:16.192 [DEBUG] com.lxw.system.mapper.MenuMapper.getAllChildById - ==>  Preparing: select * from sys_menu m where m.parent_id = ?
2021-03-16 20:42:16.193 [DEBUG] com.lxw.system.mapper.MenuMapper.getAllChildById - ==> Parameters: 9(Long)
2021-03-16 20:42:16.194 [DEBUG] com.lxw.system.mapper.MenuMapper.getAllChildById - <==      Total: 0
2021-03-16 20:42:38.687 [DEBUG] com.lxw.system.mapper.UserMapper.selectOne - ==>  Preparing: SELECT id,username,password FROM sys_user WHERE (username = ?)
2021-03-16 20:42:38.687 [DEBUG] com.lxw.system.mapper.UserMapper.selectOne - ==> Parameters: test(String)
2021-03-16 20:42:38.689 [DEBUG] com.lxw.system.mapper.UserMapper.selectOne - <==      Total: 1
2021-03-16 20:42:38.689 [DEBUG] com.lxw.system.mapper.UserMapper.getRolesByUserId - ==>  Preparing: select id, role_name, remark, create_time from sys_role r where id in (select role_id from sys_user_role where user_id = ? )
2021-03-16 20:42:38.690 [DEBUG] com.lxw.system.mapper.UserMapper.getRolesByUserId - ==> Parameters: 3(Long)
2021-03-16 20:42:38.692 [DEBUG] com.lxw.system.mapper.UserMapper.getRolesByUserId - <==      Total: 1
2021-03-16 20:42:38.838 [DEBUG] com.lxw.system.mapper.UserMapper.selectOne - ==>  Preparing: SELECT id,username,password FROM sys_user WHERE (username = ?)
2021-03-16 20:42:38.839 [DEBUG] com.lxw.system.mapper.UserMapper.selectOne - ==> Parameters: test(String)
2021-03-16 20:42:38.840 [DEBUG] com.lxw.system.mapper.UserMapper.selectOne - <==      Total: 1
2021-03-16 20:42:38.841 [DEBUG] com.lxw.system.mapper.UserRoleMapper.selectByMap - ==>  Preparing: SELECT user_id,role_id FROM sys_user_role WHERE user_id = ?
2021-03-16 20:42:38.842 [DEBUG] com.lxw.system.mapper.UserRoleMapper.selectByMap - ==> Parameters: 3(Long)
2021-03-16 20:42:38.844 [DEBUG] com.lxw.system.mapper.UserRoleMapper.selectByMap - <==      Total: 1
2021-03-16 20:42:38.846 [DEBUG] com.lxw.system.mapper.RoleMenuMapper.selectList - ==>  Preparing: SELECT menu_id FROM sys_role_menu WHERE (role_id = ?)
2021-03-16 20:42:38.846 [DEBUG] com.lxw.system.mapper.RoleMenuMapper.selectList - ==> Parameters: 2(Long)
2021-03-16 20:42:38.848 [DEBUG] com.lxw.system.mapper.RoleMenuMapper.selectList - <==      Total: 6
2021-03-16 20:42:38.849 [DEBUG] com.lxw.system.mapper.MenuMapper.selectBatchIds - ==>  Preparing: SELECT id,parent_id,menu_name,url,icon,order_num FROM sys_menu WHERE id IN ( ? , ? , ? , ? , ? , ? )
2021-03-16 20:42:38.850 [DEBUG] com.lxw.system.mapper.MenuMapper.selectBatchIds - ==> Parameters: 2(Long), 3(Long), 4(Long), 7(Long), 8(Long), 9(Long)
2021-03-16 20:42:38.852 [DEBUG] com.lxw.system.mapper.MenuMapper.selectBatchIds - <==      Total: 6
2021-03-16 20:42:38.853 [DEBUG] com.lxw.system.mapper.MenuMapper.getAllChildById - ==>  Preparing: select * from sys_menu m where m.parent_id = ?
2021-03-16 20:42:38.854 [DEBUG] com.lxw.system.mapper.MenuMapper.getAllChildById - ==> Parameters: 2(Long)
2021-03-16 20:42:38.856 [DEBUG] com.lxw.system.mapper.MenuMapper.getAllChildById - <==      Total: 2
2021-03-16 20:42:38.857 [DEBUG] com.lxw.system.mapper.MenuMapper.getAllChildById - ==>  Preparing: select * from sys_menu m where m.parent_id = ?
2021-03-16 20:42:38.857 [DEBUG] com.lxw.system.mapper.MenuMapper.getAllChildById - ==> Parameters: 3(Long)
2021-03-16 20:42:38.859 [DEBUG] com.lxw.system.mapper.MenuMapper.getAllChildById - <==      Total: 1
2021-03-16 20:42:38.860 [DEBUG] com.lxw.system.mapper.MenuMapper.getAllChildById - ==>  Preparing: select * from sys_menu m where m.parent_id = ?
2021-03-16 20:42:38.860 [DEBUG] com.lxw.system.mapper.MenuMapper.getAllChildById - ==> Parameters: 4(Long)
2021-03-16 20:42:38.862 [DEBUG] com.lxw.system.mapper.MenuMapper.getAllChildById - <==      Total: 0
2021-03-16 20:42:38.863 [DEBUG] com.lxw.system.mapper.MenuMapper.getAllChildById - ==>  Preparing: select * from sys_menu m where m.parent_id = ?
2021-03-16 20:42:38.863 [DEBUG] com.lxw.system.mapper.MenuMapper.getAllChildById - ==> Parameters: 7(Long)
2021-03-16 20:42:38.864 [DEBUG] com.lxw.system.mapper.MenuMapper.getAllChildById - <==      Total: 0
2021-03-16 20:42:38.865 [DEBUG] com.lxw.system.mapper.MenuMapper.getAllChildById - ==>  Preparing: select * from sys_menu m where m.parent_id = ?
2021-03-16 20:42:38.865 [DEBUG] com.lxw.system.mapper.MenuMapper.getAllChildById - ==> Parameters: 8(Long)
2021-03-16 20:42:38.866 [DEBUG] com.lxw.system.mapper.MenuMapper.getAllChildById - <==      Total: 0
2021-03-16 20:42:38.867 [DEBUG] com.lxw.system.mapper.MenuMapper.getAllChildById - ==>  Preparing: select * from sys_menu m where m.parent_id = ?
2021-03-16 20:42:38.867 [DEBUG] com.lxw.system.mapper.MenuMapper.getAllChildById - ==> Parameters: 9(Long)
2021-03-16 20:42:38.869 [DEBUG] com.lxw.system.mapper.MenuMapper.getAllChildById - <==      Total: 0
2021-03-16 20:44:25.944 [DEBUG] com.lxw.system.mapper.UserMapper.selectOne - ==>  Preparing: SELECT id,username,password FROM sys_user WHERE (username = ?)
2021-03-16 20:44:25.967 [DEBUG] com.lxw.system.mapper.UserMapper.selectOne - ==> Parameters: test(String)
2021-03-16 20:44:25.986 [DEBUG] com.lxw.system.mapper.UserMapper.selectOne - <==      Total: 1
2021-03-16 20:44:25.990 [DEBUG] com.lxw.system.mapper.UserMapper.getRolesByUserId - ==>  Preparing: select id, role_name, remark, create_time from sys_role r where id in (select role_id from sys_user_role where user_id = ? )
2021-03-16 20:44:25.991 [DEBUG] com.lxw.system.mapper.UserMapper.getRolesByUserId - ==> Parameters: 3(Long)
2021-03-16 20:44:25.993 [DEBUG] com.lxw.system.mapper.UserMapper.getRolesByUserId - <==      Total: 1
2021-03-16 20:44:26.817 [DEBUG] com.lxw.system.mapper.UserMapper.selectOne - ==>  Preparing: SELECT id,username,password FROM sys_user WHERE (username = ?)
2021-03-16 20:44:26.818 [DEBUG] com.lxw.system.mapper.UserMapper.selectOne - ==> Parameters: test(String)
2021-03-16 20:44:26.819 [DEBUG] com.lxw.system.mapper.UserMapper.selectOne - <==      Total: 1
2021-03-16 20:44:26.826 [DEBUG] com.lxw.system.mapper.UserRoleMapper.selectByMap - ==>  Preparing: SELECT user_id,role_id FROM sys_user_role WHERE user_id = ?
2021-03-16 20:44:26.827 [DEBUG] com.lxw.system.mapper.UserRoleMapper.selectByMap - ==> Parameters: 3(Long)
2021-03-16 20:44:26.828 [DEBUG] com.lxw.system.mapper.UserRoleMapper.selectByMap - <==      Total: 1
2021-03-16 20:44:26.834 [DEBUG] com.lxw.system.mapper.RoleMenuMapper.selectList - ==>  Preparing: SELECT menu_id FROM sys_role_menu WHERE (role_id = ?)
2021-03-16 20:44:26.834 [DEBUG] com.lxw.system.mapper.RoleMenuMapper.selectList - ==> Parameters: 2(Long)
2021-03-16 20:44:26.836 [DEBUG] com.lxw.system.mapper.RoleMenuMapper.selectList - <==      Total: 6
2021-03-16 20:44:26.838 [DEBUG] com.lxw.system.mapper.MenuMapper.selectBatchIds - ==>  Preparing: SELECT id,parent_id,menu_name,url,icon,order_num FROM sys_menu WHERE id IN ( ? , ? , ? , ? , ? , ? )
2021-03-16 20:44:26.838 [DEBUG] com.lxw.system.mapper.MenuMapper.selectBatchIds - ==> Parameters: 2(Long), 3(Long), 4(Long), 7(Long), 8(Long), 9(Long)
2021-03-16 20:44:26.842 [DEBUG] com.lxw.system.mapper.MenuMapper.selectBatchIds - <==      Total: 6
2021-03-16 20:44:26.843 [DEBUG] com.lxw.system.mapper.MenuMapper.getAllChildById - ==>  Preparing: select * from sys_menu m where m.parent_id = ?
2021-03-16 20:44:26.843 [DEBUG] com.lxw.system.mapper.MenuMapper.getAllChildById - ==> Parameters: 2(Long)
2021-03-16 20:44:26.845 [DEBUG] com.lxw.system.mapper.MenuMapper.getAllChildById - <==      Total: 2
2021-03-16 20:44:26.846 [DEBUG] com.lxw.system.mapper.MenuMapper.getAllChildById - ==>  Preparing: select * from sys_menu m where m.parent_id = ?
2021-03-16 20:44:26.846 [DEBUG] com.lxw.system.mapper.MenuMapper.getAllChildById - ==> Parameters: 3(Long)
2021-03-16 20:44:26.848 [DEBUG] com.lxw.system.mapper.MenuMapper.getAllChildById - <==      Total: 1
2021-03-16 20:44:26.848 [DEBUG] com.lxw.system.mapper.MenuMapper.getAllChildById - ==>  Preparing: select * from sys_menu m where m.parent_id = ?
2021-03-16 20:44:26.849 [DEBUG] com.lxw.system.mapper.MenuMapper.getAllChildById - ==> Parameters: 4(Long)
2021-03-16 20:44:26.850 [DEBUG] com.lxw.system.mapper.MenuMapper.getAllChildById - <==      Total: 0
2021-03-16 20:44:26.850 [DEBUG] com.lxw.system.mapper.MenuMapper.getAllChildById - ==>  Preparing: select * from sys_menu m where m.parent_id = ?
2021-03-16 20:44:26.851 [DEBUG] com.lxw.system.mapper.MenuMapper.getAllChildById - ==> Parameters: 7(Long)
2021-03-16 20:44:26.852 [DEBUG] com.lxw.system.mapper.MenuMapper.getAllChildById - <==      Total: 0
2021-03-16 20:44:26.852 [DEBUG] com.lxw.system.mapper.MenuMapper.getAllChildById - ==>  Preparing: select * from sys_menu m where m.parent_id = ?
2021-03-16 20:44:26.853 [DEBUG] com.lxw.system.mapper.MenuMapper.getAllChildById - ==> Parameters: 8(Long)
2021-03-16 20:44:26.854 [DEBUG] com.lxw.system.mapper.MenuMapper.getAllChildById - <==      Total: 0
2021-03-16 20:44:26.855 [DEBUG] com.lxw.system.mapper.MenuMapper.getAllChildById - ==>  Preparing: select * from sys_menu m where m.parent_id = ?
2021-03-16 20:44:26.855 [DEBUG] com.lxw.system.mapper.MenuMapper.getAllChildById - ==> Parameters: 9(Long)
2021-03-16 20:44:26.857 [DEBUG] com.lxw.system.mapper.MenuMapper.getAllChildById - <==      Total: 0
2021-03-16 20:53:54.316 [DEBUG] com.lxw.system.mapper.UserMapper.selectOne - ==>  Preparing: SELECT id,username,password FROM sys_user WHERE (username = ?)
2021-03-16 20:53:54.337 [DEBUG] com.lxw.system.mapper.UserMapper.selectOne - ==> Parameters: test(String)
2021-03-16 20:53:54.356 [DEBUG] com.lxw.system.mapper.UserMapper.selectOne - <==      Total: 1
2021-03-16 20:53:54.361 [DEBUG] com.lxw.system.mapper.UserMapper.getRolesByUserId - ==>  Preparing: select id, role_name, remark, create_time from sys_role r where id in (select role_id from sys_user_role where user_id = ? )
2021-03-16 20:53:54.362 [DEBUG] com.lxw.system.mapper.UserMapper.getRolesByUserId - ==> Parameters: 3(Long)
2021-03-16 20:53:54.372 [DEBUG] com.lxw.system.mapper.UserMapper.getRolesByUserId - <==      Total: 1
2021-03-16 20:55:37.958 [DEBUG] com.lxw.system.mapper.LostmanInfoMapper.insert - ==>  Preparing: INSERT INTO tb_lostman_info ( lostman_name, lostman_pos, lostman_pos_longitude, lostman_pos_latitude, family_phoneNumber, family_name, lost_time ) VALUES ( ?, ?, ?, ?, ?, ?, ? )
2021-03-16 20:55:37.960 [DEBUG] com.lxw.system.mapper.LostmanInfoMapper.insert - ==> Parameters: jlc(String), (String), 120.29836(String), 30.380254(String), 13967658333(String), lxw(String), 2020-02-15 09:08:00.0(Timestamp)
2021-03-16 20:55:37.969 [DEBUG] com.lxw.system.mapper.LostmanInfoMapper.insert - <==    Updates: 1
2021-03-16 20:55:37.976 [DEBUG] com.lxw.system.mapper.VolunteerPosMapper.selectList - ==>  Preparing: SELECT volunteer_id,longitude,latitude FROM tb_volunteer_pos
2021-03-16 20:55:37.976 [DEBUG] com.lxw.system.mapper.VolunteerPosMapper.selectList - ==> Parameters: 
2021-03-16 20:55:37.978 [DEBUG] com.lxw.system.mapper.VolunteerPosMapper.selectList - <==      Total: 10
2021-03-16 20:55:37.983 [DEBUG] com.lxw.system.mapper.VolunteerMapper.selectById - ==>  Preparing: SELECT id,account,password,openid,username,nickname,sex,phone_number,address,email,avatar,create_time,status FROM tb_volunteer_info WHERE id=?
2021-03-16 20:55:37.984 [DEBUG] com.lxw.system.mapper.VolunteerMapper.selectById - ==> Parameters: 1(Long)
2021-03-16 20:55:37.988 [DEBUG] com.lxw.system.mapper.VolunteerMapper.selectById - <==      Total: 1
2021-03-16 20:55:37.989 [DEBUG] com.lxw.system.mapper.VolunteerMapper.selectById - ==>  Preparing: SELECT id,account,password,openid,username,nickname,sex,phone_number,address,email,avatar,create_time,status FROM tb_volunteer_info WHERE id=?
2021-03-16 20:55:37.990 [DEBUG] com.lxw.system.mapper.VolunteerMapper.selectById - ==> Parameters: 3(Long)
2021-03-16 20:55:37.991 [DEBUG] com.lxw.system.mapper.VolunteerMapper.selectById - <==      Total: 1
2021-03-16 20:56:35.085 [DEBUG] com.lxw.system.mapper.LostmanInfoMapper.insert - ==>  Preparing: INSERT INTO tb_lostman_info ( lostman_name, lostman_pos, lostman_pos_longitude, lostman_pos_latitude, family_phoneNumber, family_name, lost_time ) VALUES ( ?, ?, ?, ?, ?, ?, ? )
2021-03-16 20:56:35.086 [DEBUG] com.lxw.system.mapper.LostmanInfoMapper.insert - ==> Parameters: lxw(String), (String), 115.8673(String), 35(String), 13967658333(String), lxw(String), 2020-02-15 09:08:00.0(Timestamp)
2021-03-16 20:56:35.098 [DEBUG] com.lxw.system.mapper.LostmanInfoMapper.insert - <==    Updates: 1
2021-03-16 20:56:35.102 [DEBUG] com.lxw.system.mapper.VolunteerPosMapper.selectList - ==>  Preparing: SELECT volunteer_id,longitude,latitude FROM tb_volunteer_pos
2021-03-16 20:56:35.103 [DEBUG] com.lxw.system.mapper.VolunteerPosMapper.selectList - ==> Parameters: 
2021-03-16 20:56:35.107 [DEBUG] com.lxw.system.mapper.VolunteerPosMapper.selectList - <==      Total: 10
2021-03-16 21:02:01.011 [DEBUG] com.lxw.system.mapper.LostmanInfoMapper.insert - ==>  Preparing: INSERT INTO tb_lostman_info ( lostman_name, lostman_pos, lostman_pos_longitude, lostman_pos_latitude, family_phoneNumber, family_name, lost_time ) VALUES ( ?, ?, ?, ?, ?, ?, ? )
2021-03-16 21:02:01.035 [DEBUG] com.lxw.system.mapper.LostmanInfoMapper.insert - ==> Parameters: lxw(String), (String), 115.8673(String), 28.653811(String), 13967658333(String), lxw(String), 2020-02-15 09:08:00.0(Timestamp)
2021-03-16 21:02:01.052 [DEBUG] com.lxw.system.mapper.LostmanInfoMapper.insert - <==    Updates: 1
2021-03-16 21:02:01.085 [DEBUG] com.lxw.system.mapper.VolunteerPosMapper.selectList - ==>  Preparing: SELECT volunteer_id,longitude,latitude FROM tb_volunteer_pos
2021-03-16 21:02:01.086 [DEBUG] com.lxw.system.mapper.VolunteerPosMapper.selectList - ==> Parameters: 
2021-03-16 21:02:01.096 [DEBUG] com.lxw.system.mapper.VolunteerPosMapper.selectList - <==      Total: 10
2021-03-16 21:02:01.102 [DEBUG] com.lxw.system.mapper.VolunteerMapper.selectById - ==>  Preparing: SELECT id,account,password,openid,username,nickname,sex,phone_number,address,email,avatar,create_time,status FROM tb_volunteer_info WHERE id=?
2021-03-16 21:02:01.103 [DEBUG] com.lxw.system.mapper.VolunteerMapper.selectById - ==> Parameters: 10(Long)
2021-03-16 21:02:01.106 [DEBUG] com.lxw.system.mapper.VolunteerMapper.selectById - <==      Total: 1
2021-03-16 21:03:00.575 [DEBUG] com.lxw.system.mapper.LostmanInfoMapper.insert - ==>  Preparing: INSERT INTO tb_lostman_info ( lostman_name, lostman_pos, lostman_pos_longitude, lostman_pos_latitude, family_phoneNumber, family_name, lost_time ) VALUES ( ?, ?, ?, ?, ?, ?, ? )
2021-03-16 21:03:00.576 [DEBUG] com.lxw.system.mapper.LostmanInfoMapper.insert - ==> Parameters: lxw(String), (String), 115.8673(String), 35(String), 13967658333(String), lxw(String), 2020-02-15 09:08:00.0(Timestamp)
2021-03-16 21:03:00.581 [DEBUG] com.lxw.system.mapper.LostmanInfoMapper.insert - <==    Updates: 1
2021-03-16 21:03:00.583 [DEBUG] com.lxw.system.mapper.VolunteerPosMapper.selectList - ==>  Preparing: SELECT volunteer_id,longitude,latitude FROM tb_volunteer_pos
2021-03-16 21:03:00.584 [DEBUG] com.lxw.system.mapper.VolunteerPosMapper.selectList - ==> Parameters: 
2021-03-16 21:03:00.587 [DEBUG] com.lxw.system.mapper.VolunteerPosMapper.selectList - <==      Total: 10
2021-03-16 21:06:33.532 [DEBUG] com.lxw.system.mapper.LostmanInfoMapper.insert - ==>  Preparing: INSERT INTO tb_lostman_info ( lostman_name, lostman_pos, lostman_pos_longitude, lostman_pos_latitude, family_phoneNumber, family_name, lost_time ) VALUES ( ?, ?, ?, ?, ?, ?, ? )
2021-03-16 21:06:33.558 [DEBUG] com.lxw.system.mapper.LostmanInfoMapper.insert - ==> Parameters: lxw(String), (String), 115.8673(String), 35(String), 13967658333(String), lxw(String), 2020-02-15 09:08:00.0(Timestamp)
2021-03-16 21:06:33.572 [DEBUG] com.lxw.system.mapper.LostmanInfoMapper.insert - <==    Updates: 1
2021-03-16 21:06:33.604 [DEBUG] com.lxw.system.mapper.VolunteerPosMapper.selectList - ==>  Preparing: SELECT volunteer_id,longitude,latitude FROM tb_volunteer_pos
2021-03-16 21:06:33.605 [DEBUG] com.lxw.system.mapper.VolunteerPosMapper.selectList - ==> Parameters: 
2021-03-16 21:06:33.615 [DEBUG] com.lxw.system.mapper.VolunteerPosMapper.selectList - <==      Total: 10
2021-03-16 21:07:49.968 [DEBUG] com.lxw.system.mapper.LostmanInfoMapper.insert - ==>  Preparing: INSERT INTO tb_lostman_info ( lostman_name, lostman_pos, lostman_pos_longitude, lostman_pos_latitude, family_phoneNumber, family_name, lost_time ) VALUES ( ?, ?, ?, ?, ?, ?, ? )
2021-03-16 21:07:49.970 [DEBUG] com.lxw.system.mapper.LostmanInfoMapper.insert - ==> Parameters: xxx(String), (String), 115.8673(String), 28.653811(String), 13967658333(String), lxw(String), 2020-02-15 09:10:22.0(Timestamp)
2021-03-16 21:07:49.983 [DEBUG] com.lxw.system.mapper.LostmanInfoMapper.insert - <==    Updates: 1
2021-03-16 21:07:49.986 [DEBUG] com.lxw.system.mapper.VolunteerPosMapper.selectList - ==>  Preparing: SELECT volunteer_id,longitude,latitude FROM tb_volunteer_pos
2021-03-16 21:07:49.986 [DEBUG] com.lxw.system.mapper.VolunteerPosMapper.selectList - ==> Parameters: 
2021-03-16 21:07:49.990 [DEBUG] com.lxw.system.mapper.VolunteerPosMapper.selectList - <==      Total: 10
2021-03-16 21:07:49.994 [DEBUG] com.lxw.system.mapper.VolunteerMapper.selectById - ==>  Preparing: SELECT id,account,password,openid,username,nickname,sex,phone_number,address,email,avatar,create_time,status FROM tb_volunteer_info WHERE id=?
2021-03-16 21:07:49.994 [DEBUG] com.lxw.system.mapper.VolunteerMapper.selectById - ==> Parameters: 10(Long)
2021-03-16 21:07:49.997 [DEBUG] com.lxw.system.mapper.VolunteerMapper.selectById - <==      Total: 1
2021-03-16 21:10:02.846 [DEBUG] com.lxw.system.mapper.LostmanInfoMapper.insert - ==>  Preparing: INSERT INTO tb_lostman_info ( lostman_name, lostman_pos, lostman_pos_longitude, lostman_pos_latitude, family_phoneNumber, family_name, lost_time ) VALUES ( ?, ?, ?, ?, ?, ?, ? )
2021-03-16 21:10:02.848 [DEBUG] com.lxw.system.mapper.LostmanInfoMapper.insert - ==> Parameters: xxx(String), (String), 115.8673(String), 27.00(String), 13967658333(String), lxw(String), 2020-02-15 09:10:22.0(Timestamp)
2021-03-16 21:10:02.853 [DEBUG] com.lxw.system.mapper.LostmanInfoMapper.insert - <==    Updates: 1
2021-03-16 21:10:02.855 [DEBUG] com.lxw.system.mapper.VolunteerPosMapper.selectList - ==>  Preparing: SELECT volunteer_id,longitude,latitude FROM tb_volunteer_pos
2021-03-16 21:10:02.855 [DEBUG] com.lxw.system.mapper.VolunteerPosMapper.selectList - ==> Parameters: 
2021-03-16 21:10:02.857 [DEBUG] com.lxw.system.mapper.VolunteerPosMapper.selectList - <==      Total: 10
2021-03-16 21:10:23.531 [DEBUG] com.lxw.system.mapper.LostmanInfoMapper.insert - ==>  Preparing: INSERT INTO tb_lostman_info ( lostman_name, lostman_pos, lostman_pos_longitude, lostman_pos_latitude, family_phoneNumber, family_name, lost_time ) VALUES ( ?, ?, ?, ?, ?, ?, ? )
2021-03-16 21:10:23.533 [DEBUG] com.lxw.system.mapper.LostmanInfoMapper.insert - ==> Parameters: xxx(String), (String), 115.8673(String), 28.00(String), 13967658333(String), lxw(String), 2020-02-15 09:10:22.0(Timestamp)
2021-03-16 21:10:23.537 [DEBUG] com.lxw.system.mapper.LostmanInfoMapper.insert - <==    Updates: 1
2021-03-16 21:10:23.539 [DEBUG] com.lxw.system.mapper.VolunteerPosMapper.selectList - ==>  Preparing: SELECT volunteer_id,longitude,latitude FROM tb_volunteer_pos
2021-03-16 21:10:23.539 [DEBUG] com.lxw.system.mapper.VolunteerPosMapper.selectList - ==> Parameters: 
2021-03-16 21:10:23.542 [DEBUG] com.lxw.system.mapper.VolunteerPosMapper.selectList - <==      Total: 10
2021-03-16 21:10:47.001 [DEBUG] com.lxw.system.mapper.LostmanInfoMapper.insert - ==>  Preparing: INSERT INTO tb_lostman_info ( lostman_name, lostman_pos, lostman_pos_longitude, lostman_pos_latitude, family_phoneNumber, family_name, lost_time ) VALUES ( ?, ?, ?, ?, ?, ?, ? )
2021-03-16 21:10:47.003 [DEBUG] com.lxw.system.mapper.LostmanInfoMapper.insert - ==> Parameters: xxx(String), (String), 115.8673(String), 28.5538(String), 13967658333(String), lxw(String), 2020-02-15 09:10:22.0(Timestamp)
2021-03-16 21:10:47.016 [DEBUG] com.lxw.system.mapper.LostmanInfoMapper.insert - <==    Updates: 1
2021-03-16 21:10:47.019 [DEBUG] com.lxw.system.mapper.VolunteerPosMapper.selectList - ==>  Preparing: SELECT volunteer_id,longitude,latitude FROM tb_volunteer_pos
2021-03-16 21:10:47.019 [DEBUG] com.lxw.system.mapper.VolunteerPosMapper.selectList - ==> Parameters: 
2021-03-16 21:10:47.022 [DEBUG] com.lxw.system.mapper.VolunteerPosMapper.selectList - <==      Total: 10
2021-03-16 21:10:47.023 [DEBUG] com.lxw.system.mapper.VolunteerMapper.selectById - ==>  Preparing: SELECT id,account,password,openid,username,nickname,sex,phone_number,address,email,avatar,create_time,status FROM tb_volunteer_info WHERE id=?
2021-03-16 21:10:47.023 [DEBUG] com.lxw.system.mapper.VolunteerMapper.selectById - ==> Parameters: 10(Long)
2021-03-16 21:10:47.025 [DEBUG] com.lxw.system.mapper.VolunteerMapper.selectById - <==      Total: 1
2021-03-16 23:00:53.029 [DEBUG] com.lxw.system.mapper.LostmanInfoMapper.insert - ==>  Preparing: INSERT INTO tb_lostman_info ( lostman_name, lostman_pos, lostman_pos_longitude, lostman_pos_latitude, family_phoneNumber, family_name, lost_time ) VALUES ( ?, ?, ?, ?, ?, ?, ? )
2021-03-16 23:00:53.051 [DEBUG] com.lxw.system.mapper.LostmanInfoMapper.insert - ==> Parameters: (String), (String), 115.8673(String), 28.5538(String), 888888888(String), hahaha(String), 2021-01-11 13:15:06.0(Timestamp)
2021-03-16 23:00:53.053 [DEBUG] com.lxw.system.mapper.LostmanInfoMapper.insert - <==    Updates: 1
2021-03-16 23:00:53.084 [DEBUG] com.lxw.system.mapper.VolunteerPosMapper.selectList - ==>  Preparing: SELECT volunteer_id,longitude,latitude FROM tb_volunteer_pos
2021-03-16 23:00:53.085 [DEBUG] com.lxw.system.mapper.VolunteerPosMapper.selectList - ==> Parameters: 
2021-03-16 23:00:53.095 [DEBUG] com.lxw.system.mapper.VolunteerPosMapper.selectList - <==      Total: 10
2021-03-16 23:00:53.101 [DEBUG] com.lxw.system.mapper.VolunteerMapper.selectById - ==>  Preparing: SELECT id,account,password,openid,username,nickname,sex,phone_number,address,email,avatar,create_time,status FROM tb_volunteer_info WHERE id=?
2021-03-16 23:00:53.102 [DEBUG] com.lxw.system.mapper.VolunteerMapper.selectById - ==> Parameters: 10(Long)
2021-03-16 23:00:53.105 [DEBUG] com.lxw.system.mapper.VolunteerMapper.selectById - <==      Total: 1
2021-03-16 23:00:53.109 [DEBUG] com.lxw.system.mapper.TaskMapper.insert - ==>  Preparing: INSERT INTO tb_task ( lostman_id, start_time ) VALUES ( ?, ? )
2021-03-16 23:00:53.110 [DEBUG] com.lxw.system.mapper.TaskMapper.insert - ==> Parameters: 16(Long), 2021-03-16 23:00:53.105(Timestamp)
2021-03-16 23:00:53.120 [DEBUG] com.lxw.system.mapper.TaskMapper.insert - <==    Updates: 1
2021-03-16 23:02:30.232 [DEBUG] com.lxw.system.mapper.LostmanInfoMapper.insert - ==>  Preparing: INSERT INTO tb_lostman_info ( lostman_name, lostman_pos, lostman_pos_longitude, lostman_pos_latitude, family_phoneNumber, family_name, lost_time ) VALUES ( ?, ?, ?, ?, ?, ?, ? )
2021-03-16 23:02:30.233 [DEBUG] com.lxw.system.mapper.LostmanInfoMapper.insert - ==> Parameters: 1(String), (String), 113.204773(String), 23.118529(String), 17567965573(String), (String), 2021-02-12 13:22:06.0(Timestamp)
2021-03-16 23:02:30.236 [DEBUG] com.lxw.system.mapper.LostmanInfoMapper.insert - <==    Updates: 1
2021-03-16 23:02:30.238 [DEBUG] com.lxw.system.mapper.VolunteerPosMapper.selectList - ==>  Preparing: SELECT volunteer_id,longitude,latitude FROM tb_volunteer_pos
2021-03-16 23:02:30.239 [DEBUG] com.lxw.system.mapper.VolunteerPosMapper.selectList - ==> Parameters: 
2021-03-16 23:02:30.242 [DEBUG] com.lxw.system.mapper.VolunteerPosMapper.selectList - <==      Total: 10
2021-03-16 23:02:30.243 [DEBUG] com.lxw.system.mapper.VolunteerMapper.selectById - ==>  Preparing: SELECT id,account,password,openid,username,nickname,sex,phone_number,address,email,avatar,create_time,status FROM tb_volunteer_info WHERE id=?
2021-03-16 23:02:30.244 [DEBUG] com.lxw.system.mapper.VolunteerMapper.selectById - ==> Parameters: 6(Long)
2021-03-16 23:02:30.246 [DEBUG] com.lxw.system.mapper.VolunteerMapper.selectById - <==      Total: 1
2021-03-16 23:02:30.248 [DEBUG] com.lxw.system.mapper.TaskMapper.insert - ==>  Preparing: INSERT INTO tb_task ( lostman_id, start_time ) VALUES ( ?, ? )
2021-03-16 23:02:30.250 [DEBUG] com.lxw.system.mapper.TaskMapper.insert - ==> Parameters: 17(Long), 2021-03-16 23:02:30.247(Timestamp)
2021-03-16 23:02:30.252 [DEBUG] com.lxw.system.mapper.TaskMapper.insert - <==    Updates: 1
2021-03-16 23:40:59.901 [DEBUG] com.lxw.system.mapper.VolunteerTaskMapper.insert - ==>  Preparing: INSERT INTO tb_volunteer_task ( task_id, volunteer_id ) VALUES ( ?, ? )
2021-03-16 23:40:59.929 [DEBUG] com.lxw.system.mapper.VolunteerTaskMapper.insert - ==> Parameters: 1(Long), 10(Long)
2021-03-16 23:40:59.934 [DEBUG] com.lxw.system.mapper.VolunteerTaskMapper.insert - <==    Updates: 1
2021-03-16 23:42:00.167 [DEBUG] com.lxw.system.mapper.VolunteerTaskMapper.insert - ==>  Preparing: INSERT INTO tb_volunteer_task ( task_id, volunteer_id ) VALUES ( ?, ? )
2021-03-16 23:42:00.168 [DEBUG] com.lxw.system.mapper.VolunteerTaskMapper.insert - ==> Parameters: 2(Long), 6(Long)
2021-03-16 23:42:00.183 [DEBUG] com.lxw.system.mapper.VolunteerTaskMapper.insert - <==    Updates: 1
