2021-03-17 00:03:00.457 [main] WARN  c.b.mybatisplus.core.metadata.TableInfoHelper - Can not find table primary key in Class: "com.lxw.entity.RoleMenu".
2021-03-17 00:03:00.524 [main] WARN  c.b.mybatisplus.core.metadata.TableInfoHelper - Can not find table primary key in Class: "com.lxw.entity.UserRole".
2021-03-17 00:03:00.590 [main] WARN  c.b.mybatisplus.core.metadata.TableInfoHelper - Can not find table primary key in Class: "com.lxw.entity.VolunteerTask".
2021-03-17 00:05:47.793 [main] WARN  c.b.mybatisplus.core.metadata.TableInfoHelper - Can not find table primary key in Class: "com.lxw.entity.RoleMenu".
2021-03-17 00:05:47.858 [main] WARN  c.b.mybatisplus.core.metadata.TableInfoHelper - Can not find table primary key in Class: "com.lxw.entity.UserRole".
2021-03-17 00:05:47.924 [main] WARN  c.b.mybatisplus.core.metadata.TableInfoHelper - Can not find table primary key in Class: "com.lxw.entity.VolunteerTask".
2021-03-17 00:10:59.751 [main] WARN  c.b.mybatisplus.core.metadata.TableInfoHelper - Can not find table primary key in Class: "com.lxw.entity.RoleMenu".
2021-03-17 00:10:59.815 [main] WARN  c.b.mybatisplus.core.metadata.TableInfoHelper - Can not find table primary key in Class: "com.lxw.entity.UserRole".
2021-03-17 00:10:59.877 [main] WARN  c.b.mybatisplus.core.metadata.TableInfoHelper - Can not find table primary key in Class: "com.lxw.entity.VolunteerTask".
2021-03-17 00:12:29.200 [main] WARN  c.b.mybatisplus.core.metadata.TableInfoHelper - Can not find table primary key in Class: "com.lxw.entity.RoleMenu".
2021-03-17 00:12:29.272 [main] WARN  c.b.mybatisplus.core.metadata.TableInfoHelper - Can not find table primary key in Class: "com.lxw.entity.UserRole".
2021-03-17 00:12:29.363 [main] WARN  o.s.b.w.s.c.AnnotationConfigServletWebServerApplicationContext - Exception encountered during context initialization - cancelling refresh attempt: org.springframework.beans.factory.UnsatisfiedDependencyException: Error creating bean with name 'webSecurityConfig': Unsatisfied dependency expressed through field 'userDetailsService'; nested exception is org.springframework.beans.factory.UnsatisfiedDependencyException: Error creating bean with name 'userDetailsServiceImpl': Unsatisfied dependency expressed through field 'userMapper'; nested exception is org.springframework.beans.factory.UnsatisfiedDependencyException: Error creating bean with name 'userMapper' defined in file [E:\return-home\returnhome-web\target\classes\com\lxw\system\mapper\UserMapper.class]: Unsatisfied dependency expressed through bean property 'sqlSessionFactory'; nested exception is org.springframework.beans.factory.BeanCreationException: Error creating bean with name 'sqlSessionFactory' defined in class path resource [com/baomidou/mybatisplus/autoconfigure/MybatisPlusAutoConfiguration.class]: Bean instantiation via factory method failed; nested exception is org.springframework.beans.BeanInstantiationException: Failed to instantiate [org.apache.ibatis.session.SqlSessionFactory]: Factory method 'sqlSessionFactory' threw exception; nested exception is org.springframework.core.NestedIOException: Failed to parse mapping resource: 'file [E:\return-home\returnhome-web\target\classes\mapper\VolunteerTaskMapper.xml]'; nested exception is com.baomidou.mybatisplus.core.exceptions.MybatisPlusException: @TableId can't more than one in Class: "com.lxw.entity.VolunteerTask".
2021-03-17 00:22:29.992 [main] WARN  c.b.mybatisplus.core.metadata.TableInfoHelper - Can not find table primary key in Class: "com.lxw.entity.RoleMenu".
2021-03-17 00:22:30.060 [main] WARN  c.b.mybatisplus.core.metadata.TableInfoHelper - Can not find table primary key in Class: "com.lxw.entity.UserRole".
2021-03-17 00:22:30.124 [main] WARN  c.b.mybatisplus.core.metadata.TableInfoHelper - Can not find table primary key in Class: "com.lxw.entity.VolunteerTask".
2021-03-17 17:16:07.343 [main] WARN  c.b.mybatisplus.core.metadata.TableInfoHelper - Can not find table primary key in Class: "com.lxw.entity.RoleMenu".
2021-03-17 17:16:07.453 [main] WARN  c.b.mybatisplus.core.metadata.TableInfoHelper - Can not find table primary key in Class: "com.lxw.entity.UserRole".
2021-03-17 17:16:07.508 [main] WARN  c.b.mybatisplus.core.metadata.TableInfoHelper - Can not find table primary key in Class: "com.lxw.entity.VolunteerTask".
2021-03-17 17:25:09.644 [main] WARN  c.b.mybatisplus.core.metadata.TableInfoHelper - Can not find table primary key in Class: "com.lxw.entity.RoleMenu".
2021-03-17 17:25:09.709 [main] WARN  c.b.mybatisplus.core.metadata.TableInfoHelper - Can not find table primary key in Class: "com.lxw.entity.UserRole".
2021-03-17 17:25:09.777 [main] WARN  c.b.mybatisplus.core.metadata.TableInfoHelper - Can not find table primary key in Class: "com.lxw.entity.VolunteerTask".
2021-03-17 20:04:24.128 [main] WARN  c.b.mybatisplus.core.metadata.TableInfoHelper - Can not find table primary key in Class: "com.lxw.entity.RoleMenu".
2021-03-17 20:04:24.333 [main] WARN  c.b.mybatisplus.core.metadata.TableInfoHelper - Can not find table primary key in Class: "com.lxw.entity.UserRole".
2021-03-17 20:04:24.513 [main] WARN  c.b.mybatisplus.core.metadata.TableInfoHelper - Can not find table primary key in Class: "com.lxw.entity.VolunteerTask".
2021-03-17 20:06:28.227 [http-nio-8081-exec-3] WARN  com.alibaba.druid.pool.DruidAbstractDataSource - discard long time none received connection. , jdbcUrl : jdbc:mysql://localhost:3306/returnhome?useUnicode=true&characterEncoding=utf-8&useSSL=false&serverTimezone=GMT%2B8, version : 1.2.4, lastPacketReceivedIdleMillis : 69832
2021-03-17 20:07:51.374 [http-nio-8081-exec-8] WARN  com.alibaba.druid.pool.DruidAbstractDataSource - discard long time none received connection. , jdbcUrl : jdbc:mysql://localhost:3306/returnhome?useUnicode=true&characterEncoding=utf-8&useSSL=false&serverTimezone=GMT%2B8, version : 1.2.4, lastPacketReceivedIdleMillis : 83095
2021-03-17 20:07:51.376 [http-nio-8081-exec-8] WARN  com.alibaba.druid.pool.DruidAbstractDataSource - discard long time none received connection. , jdbcUrl : jdbc:mysql://localhost:3306/returnhome?useUnicode=true&characterEncoding=utf-8&useSSL=false&serverTimezone=GMT%2B8, version : 1.2.4, lastPacketReceivedIdleMillis : 207782
2021-03-17 20:07:51.379 [http-nio-8081-exec-8] WARN  com.alibaba.druid.pool.DruidAbstractDataSource - discard long time none received connection. , jdbcUrl : jdbc:mysql://localhost:3306/returnhome?useUnicode=true&characterEncoding=utf-8&useSSL=false&serverTimezone=GMT%2B8, version : 1.2.4, lastPacketReceivedIdleMillis : 207791
2021-03-17 20:07:51.381 [http-nio-8081-exec-8] WARN  com.alibaba.druid.pool.DruidAbstractDataSource - discard long time none received connection. , jdbcUrl : jdbc:mysql://localhost:3306/returnhome?useUnicode=true&characterEncoding=utf-8&useSSL=false&serverTimezone=GMT%2B8, version : 1.2.4, lastPacketReceivedIdleMillis : 207799
2021-03-17 20:10:05.498 [http-nio-8081-exec-10] WARN  com.alibaba.druid.pool.DruidAbstractDataSource - discard long time none received connection. , jdbcUrl : jdbc:mysql://localhost:3306/returnhome?useUnicode=true&characterEncoding=utf-8&useSSL=false&serverTimezone=GMT%2B8, version : 1.2.4, lastPacketReceivedIdleMillis : 134068
2021-03-17 20:10:05.501 [http-nio-8081-exec-10] WARN  com.alibaba.druid.pool.DruidAbstractDataSource - discard long time none received connection. , jdbcUrl : jdbc:mysql://localhost:3306/returnhome?useUnicode=true&characterEncoding=utf-8&useSSL=false&serverTimezone=GMT%2B8, version : 1.2.4, lastPacketReceivedIdleMillis : 341927
2021-03-17 20:12:11.458 [http-nio-8081-exec-7] WARN  com.alibaba.druid.pool.DruidAbstractDataSource - discard long time none received connection. , jdbcUrl : jdbc:mysql://localhost:3306/returnhome?useUnicode=true&characterEncoding=utf-8&useSSL=false&serverTimezone=GMT%2B8, version : 1.2.4, lastPacketReceivedIdleMillis : 88838
2021-03-17 20:20:11.408 [http-nio-8081-exec-1] WARN  com.alibaba.druid.pool.DruidAbstractDataSource - discard long time none received connection. , jdbcUrl : jdbc:mysql://localhost:3306/returnhome?useUnicode=true&characterEncoding=utf-8&useSSL=false&serverTimezone=GMT%2B8, version : 1.2.4, lastPacketReceivedIdleMillis : 351419
2021-03-17 20:22:29.644 [http-nio-8081-exec-7] WARN  com.alibaba.druid.pool.DruidAbstractDataSource - discard long time none received connection. , jdbcUrl : jdbc:mysql://localhost:3306/returnhome?useUnicode=true&characterEncoding=utf-8&useSSL=false&serverTimezone=GMT%2B8, version : 1.2.4, lastPacketReceivedIdleMillis : 117249
2021-03-17 20:24:48.048 [http-nio-8081-exec-4] WARN  com.alibaba.druid.pool.DruidAbstractDataSource - discard long time none received connection. , jdbcUrl : jdbc:mysql://localhost:3306/returnhome?useUnicode=true&characterEncoding=utf-8&useSSL=false&serverTimezone=GMT%2B8, version : 1.2.4, lastPacketReceivedIdleMillis : 85769
2021-03-17 20:29:50.867 [http-nio-8081-exec-2] WARN  com.alibaba.druid.pool.DruidAbstractDataSource - discard long time none received connection. , jdbcUrl : jdbc:mysql://localhost:3306/returnhome?useUnicode=true&characterEncoding=utf-8&useSSL=false&serverTimezone=GMT%2B8, version : 1.2.4, lastPacketReceivedIdleMillis : 250765
2021-03-17 20:44:50.755 [http-nio-8081-exec-6] WARN  com.alibaba.druid.pool.DruidAbstractDataSource - discard long time none received connection. , jdbcUrl : jdbc:mysql://localhost:3306/returnhome?useUnicode=true&characterEncoding=utf-8&useSSL=false&serverTimezone=GMT%2B8, version : 1.2.4, lastPacketReceivedIdleMillis : 899849
2021-03-17 20:47:24.653 [http-nio-8081-exec-8] WARN  com.alibaba.druid.pool.DruidAbstractDataSource - discard long time none received connection. , jdbcUrl : jdbc:mysql://localhost:3306/returnhome?useUnicode=true&characterEncoding=utf-8&useSSL=false&serverTimezone=GMT%2B8, version : 1.2.4, lastPacketReceivedIdleMillis : 153859
2021-03-17 20:58:10.803 [http-nio-8081-exec-1] WARN  com.alibaba.druid.pool.DruidAbstractDataSource - discard long time none received connection. , jdbcUrl : jdbc:mysql://localhost:3306/returnhome?useUnicode=true&characterEncoding=utf-8&useSSL=false&serverTimezone=GMT%2B8, version : 1.2.4, lastPacketReceivedIdleMillis : 646111
2021-03-17 21:05:02.499 [http-nio-8081-exec-7] WARN  com.alibaba.druid.pool.DruidAbstractDataSource - discard long time none received connection. , jdbcUrl : jdbc:mysql://localhost:3306/returnhome?useUnicode=true&characterEncoding=utf-8&useSSL=false&serverTimezone=GMT%2B8, version : 1.2.4, lastPacketReceivedIdleMillis : 411653
2021-03-17 21:07:19.268 [http-nio-8081-exec-4] WARN  com.alibaba.druid.pool.DruidAbstractDataSource - discard long time none received connection. , jdbcUrl : jdbc:mysql://localhost:3306/returnhome?useUnicode=true&characterEncoding=utf-8&useSSL=false&serverTimezone=GMT%2B8, version : 1.2.4, lastPacketReceivedIdleMillis : 136727
2021-03-17 21:10:12.590 [http-nio-8081-exec-10] WARN  com.alibaba.druid.pool.DruidAbstractDataSource - discard long time none received connection. , jdbcUrl : jdbc:mysql://localhost:3306/returnhome?useUnicode=true&characterEncoding=utf-8&useSSL=false&serverTimezone=GMT%2B8, version : 1.2.4, lastPacketReceivedIdleMillis : 173279
2021-03-17 21:24:57.610 [http-nio-8081-exec-8] WARN  com.alibaba.druid.pool.DruidAbstractDataSource - discard long time none received connection. , jdbcUrl : jdbc:mysql://localhost:3306/returnhome?useUnicode=true&characterEncoding=utf-8&useSSL=false&serverTimezone=GMT%2B8, version : 1.2.4, lastPacketReceivedIdleMillis : 758373
2021-03-17 21:29:51.989 [http-nio-8081-exec-10] WARN  com.alibaba.druid.pool.DruidAbstractDataSource - discard long time none received connection. , jdbcUrl : jdbc:mysql://localhost:3306/returnhome?useUnicode=true&characterEncoding=utf-8&useSSL=false&serverTimezone=GMT%2B8, version : 1.2.4, lastPacketReceivedIdleMillis : 294327
2021-03-17 21:32:13.197 [http-nio-8081-exec-2] WARN  com.alibaba.druid.pool.DruidAbstractDataSource - discard long time none received connection. , jdbcUrl : jdbc:mysql://localhost:3306/returnhome?useUnicode=true&characterEncoding=utf-8&useSSL=false&serverTimezone=GMT%2B8, version : 1.2.4, lastPacketReceivedIdleMillis : 141178
2021-03-17 21:35:56.074 [http-nio-8081-exec-4] WARN  com.alibaba.druid.pool.DruidAbstractDataSource - discard long time none received connection. , jdbcUrl : jdbc:mysql://localhost:3306/returnhome?useUnicode=true&characterEncoding=utf-8&useSSL=false&serverTimezone=GMT%2B8, version : 1.2.4, lastPacketReceivedIdleMillis : 141475
2021-03-17 21:37:46.664 [http-nio-8081-exec-1] WARN  com.alibaba.druid.pool.DruidAbstractDataSource - discard long time none received connection. , jdbcUrl : jdbc:mysql://localhost:3306/returnhome?useUnicode=true&characterEncoding=utf-8&useSSL=false&serverTimezone=GMT%2B8, version : 1.2.4, lastPacketReceivedIdleMillis : 63745
2021-03-17 21:39:23.174 [http-nio-8081-exec-7] WARN  com.alibaba.druid.pool.DruidAbstractDataSource - discard long time none received connection. , jdbcUrl : jdbc:mysql://localhost:3306/returnhome?useUnicode=true&characterEncoding=utf-8&useSSL=false&serverTimezone=GMT%2B8, version : 1.2.4, lastPacketReceivedIdleMillis : 96477
2021-03-17 21:43:33.904 [http-nio-8081-exec-1] WARN  com.alibaba.druid.pool.DruidAbstractDataSource - discard long time none received connection. , jdbcUrl : jdbc:mysql://localhost:3306/returnhome?useUnicode=true&characterEncoding=utf-8&useSSL=false&serverTimezone=GMT%2B8, version : 1.2.4, lastPacketReceivedIdleMillis : 71747
2021-03-17 21:43:33.905 [http-nio-8081-exec-2] WARN  com.alibaba.druid.pool.DruidAbstractDataSource - discard long time none received connection. , jdbcUrl : jdbc:mysql://localhost:3306/returnhome?useUnicode=true&characterEncoding=utf-8&useSSL=false&serverTimezone=GMT%2B8, version : 1.2.4, lastPacketReceivedIdleMillis : 86709
2021-03-17 21:54:39.344 [http-nio-8081-exec-8] WARN  com.alibaba.druid.pool.DruidAbstractDataSource - discard long time none received connection. , jdbcUrl : jdbc:mysql://localhost:3306/returnhome?useUnicode=true&characterEncoding=utf-8&useSSL=false&serverTimezone=GMT%2B8, version : 1.2.4, lastPacketReceivedIdleMillis : 641045
2021-03-17 21:54:39.346 [http-nio-8081-exec-8] WARN  com.alibaba.druid.pool.DruidAbstractDataSource - discard long time none received connection. , jdbcUrl : jdbc:mysql://localhost:3306/returnhome?useUnicode=true&characterEncoding=utf-8&useSSL=false&serverTimezone=GMT%2B8, version : 1.2.4, lastPacketReceivedIdleMillis : 665424
2021-03-17 21:56:45.447 [http-nio-8081-exec-5] WARN  com.alibaba.druid.pool.DruidAbstractDataSource - discard long time none received connection. , jdbcUrl : jdbc:mysql://localhost:3306/returnhome?useUnicode=true&characterEncoding=utf-8&useSSL=false&serverTimezone=GMT%2B8, version : 1.2.4, lastPacketReceivedIdleMillis : 126065
2021-03-17 21:59:28.323 [http-nio-8081-exec-9] WARN  com.alibaba.druid.pool.DruidAbstractDataSource - discard long time none received connection. , jdbcUrl : jdbc:mysql://localhost:3306/returnhome?useUnicode=true&characterEncoding=utf-8&useSSL=false&serverTimezone=GMT%2B8, version : 1.2.4, lastPacketReceivedIdleMillis : 160824
2021-03-17 22:01:28.356 [http-nio-8081-exec-1] WARN  com.alibaba.druid.pool.DruidAbstractDataSource - discard long time none received connection. , jdbcUrl : jdbc:mysql://localhost:3306/returnhome?useUnicode=true&characterEncoding=utf-8&useSSL=false&serverTimezone=GMT%2B8, version : 1.2.4, lastPacketReceivedIdleMillis : 119998
2021-03-17 22:03:59.558 [http-nio-8081-exec-3] WARN  com.alibaba.druid.pool.DruidAbstractDataSource - discard long time none received connection. , jdbcUrl : jdbc:mysql://localhost:3306/returnhome?useUnicode=true&characterEncoding=utf-8&useSSL=false&serverTimezone=GMT%2B8, version : 1.2.4, lastPacketReceivedIdleMillis : 151150
2021-03-17 22:07:09.647 [http-nio-8081-exec-2] WARN  com.alibaba.druid.pool.DruidAbstractDataSource - discard long time none received connection. , jdbcUrl : jdbc:mysql://localhost:3306/returnhome?useUnicode=true&characterEncoding=utf-8&useSSL=false&serverTimezone=GMT%2B8, version : 1.2.4, lastPacketReceivedIdleMillis : 190046
2021-03-17 22:07:09.651 [http-nio-8081-exec-2] WARN  com.alibaba.druid.pool.DruidAbstractDataSource - discard long time none received connection. , jdbcUrl : jdbc:mysql://localhost:3306/returnhome?useUnicode=true&characterEncoding=utf-8&useSSL=false&serverTimezone=GMT%2B8, version : 1.2.4, lastPacketReceivedIdleMillis : 190049
2021-03-17 22:10:17.503 [http-nio-8081-exec-7] WARN  com.alibaba.druid.pool.DruidAbstractDataSource - discard long time none received connection. , jdbcUrl : jdbc:mysql://localhost:3306/returnhome?useUnicode=true&characterEncoding=utf-8&useSSL=false&serverTimezone=GMT%2B8, version : 1.2.4, lastPacketReceivedIdleMillis : 152145
2021-03-17 22:10:17.504 [http-nio-8081-exec-6] WARN  com.alibaba.druid.pool.DruidAbstractDataSource - discard long time none received connection. , jdbcUrl : jdbc:mysql://localhost:3306/returnhome?useUnicode=true&characterEncoding=utf-8&useSSL=false&serverTimezone=GMT%2B8, version : 1.2.4, lastPacketReceivedIdleMillis : 152173
2021-03-17 22:12:29.496 [http-nio-8081-exec-7] WARN  com.alibaba.druid.pool.DruidAbstractDataSource - discard long time none received connection. , jdbcUrl : jdbc:mysql://localhost:3306/returnhome?useUnicode=true&characterEncoding=utf-8&useSSL=false&serverTimezone=GMT%2B8, version : 1.2.4, lastPacketReceivedIdleMillis : 94176
2021-03-17 22:12:29.498 [http-nio-8081-exec-6] WARN  com.alibaba.druid.pool.DruidAbstractDataSource - discard long time none received connection. , jdbcUrl : jdbc:mysql://localhost:3306/returnhome?useUnicode=true&characterEncoding=utf-8&useSSL=false&serverTimezone=GMT%2B8, version : 1.2.4, lastPacketReceivedIdleMillis : 94178
2021-03-17 22:18:57.686 [http-nio-8081-exec-1] WARN  com.alibaba.druid.pool.DruidAbstractDataSource - discard long time none received connection. , jdbcUrl : jdbc:mysql://localhost:3306/returnhome?useUnicode=true&characterEncoding=utf-8&useSSL=false&serverTimezone=GMT%2B8, version : 1.2.4, lastPacketReceivedIdleMillis : 327017
2021-03-17 22:18:57.690 [http-nio-8081-exec-1] WARN  com.alibaba.druid.pool.DruidAbstractDataSource - discard long time none received connection. , jdbcUrl : jdbc:mysql://localhost:3306/returnhome?useUnicode=true&characterEncoding=utf-8&useSSL=false&serverTimezone=GMT%2B8, version : 1.2.4, lastPacketReceivedIdleMillis : 327027
2021-03-17 22:20:23.170 [http-nio-8081-exec-9] WARN  com.alibaba.druid.pool.DruidAbstractDataSource - discard long time none received connection. , jdbcUrl : jdbc:mysql://localhost:3306/returnhome?useUnicode=true&characterEncoding=utf-8&useSSL=false&serverTimezone=GMT%2B8, version : 1.2.4, lastPacketReceivedIdleMillis : 70696
2021-03-17 22:22:42.259 [http-nio-8081-exec-10] WARN  com.alibaba.druid.pool.DruidAbstractDataSource - discard long time none received connection. , jdbcUrl : jdbc:mysql://localhost:3306/returnhome?useUnicode=true&characterEncoding=utf-8&useSSL=false&serverTimezone=GMT%2B8, version : 1.2.4, lastPacketReceivedIdleMillis : 68327
2021-03-17 22:22:42.260 [http-nio-8081-exec-2] WARN  com.alibaba.druid.pool.DruidAbstractDataSource - discard long time none received connection. , jdbcUrl : jdbc:mysql://localhost:3306/returnhome?useUnicode=true&characterEncoding=utf-8&useSSL=false&serverTimezone=GMT%2B8, version : 1.2.4, lastPacketReceivedIdleMillis : 68330
2021-03-17 22:42:04.534 [main] WARN  c.b.mybatisplus.core.metadata.TableInfoHelper - Can not find table primary key in Class: "com.lxw.entity.RoleMenu".
2021-03-17 22:42:04.598 [main] WARN  c.b.mybatisplus.core.metadata.TableInfoHelper - Can not find table primary key in Class: "com.lxw.entity.UserRole".
2021-03-17 22:42:04.667 [main] WARN  c.b.mybatisplus.core.metadata.TableInfoHelper - Can not find table primary key in Class: "com.lxw.entity.VolunteerTask".
2021-03-17 22:52:39.896 [http-nio-8081-exec-5] WARN  com.alibaba.druid.pool.DruidAbstractDataSource - discard long time none received connection. , jdbcUrl : jdbc:mysql://localhost:3306/returnhome?useUnicode=true&characterEncoding=utf-8&useSSL=false&serverTimezone=GMT%2B8, version : 1.2.4, lastPacketReceivedIdleMillis : 580834
2021-03-17 22:52:39.897 [http-nio-8081-exec-5] WARN  com.alibaba.druid.pool.DruidAbstractDataSource - discard long time none received connection. , jdbcUrl : jdbc:mysql://localhost:3306/returnhome?useUnicode=true&characterEncoding=utf-8&useSSL=false&serverTimezone=GMT%2B8, version : 1.2.4, lastPacketReceivedIdleMillis : 635648
2021-03-17 22:52:39.898 [http-nio-8081-exec-5] WARN  com.alibaba.druid.pool.DruidAbstractDataSource - discard long time none received connection. , jdbcUrl : jdbc:mysql://localhost:3306/returnhome?useUnicode=true&characterEncoding=utf-8&useSSL=false&serverTimezone=GMT%2B8, version : 1.2.4, lastPacketReceivedIdleMillis : 635654
2021-03-17 22:52:39.899 [http-nio-8081-exec-5] WARN  com.alibaba.druid.pool.DruidAbstractDataSource - discard long time none received connection. , jdbcUrl : jdbc:mysql://localhost:3306/returnhome?useUnicode=true&characterEncoding=utf-8&useSSL=false&serverTimezone=GMT%2B8, version : 1.2.4, lastPacketReceivedIdleMillis : 635659
2021-03-17 22:52:39.900 [http-nio-8081-exec-5] WARN  com.alibaba.druid.pool.DruidAbstractDataSource - discard long time none received connection. , jdbcUrl : jdbc:mysql://localhost:3306/returnhome?useUnicode=true&characterEncoding=utf-8&useSSL=false&serverTimezone=GMT%2B8, version : 1.2.4, lastPacketReceivedIdleMillis : 635667
2021-03-17 22:56:09.519 [http-nio-8081-exec-5] WARN  com.alibaba.druid.pool.DruidAbstractDataSource - discard long time none received connection. , jdbcUrl : jdbc:mysql://localhost:3306/returnhome?useUnicode=true&characterEncoding=utf-8&useSSL=false&serverTimezone=GMT%2B8, version : 1.2.4, lastPacketReceivedIdleMillis : 130794
2021-03-17 22:56:09.524 [http-nio-8081-exec-4] WARN  com.alibaba.druid.pool.DruidAbstractDataSource - discard long time none received connection. , jdbcUrl : jdbc:mysql://localhost:3306/returnhome?useUnicode=true&characterEncoding=utf-8&useSSL=false&serverTimezone=GMT%2B8, version : 1.2.4, lastPacketReceivedIdleMillis : 130802
2021-03-17 23:05:58.136 [http-nio-8081-exec-9] WARN  com.alibaba.druid.pool.DruidAbstractDataSource - discard long time none received connection. , jdbcUrl : jdbc:mysql://localhost:3306/returnhome?useUnicode=true&characterEncoding=utf-8&useSSL=false&serverTimezone=GMT%2B8, version : 1.2.4, lastPacketReceivedIdleMillis : 588541
2021-03-17 23:05:58.137 [http-nio-8081-exec-9] WARN  com.alibaba.druid.pool.DruidAbstractDataSource - discard long time none received connection. , jdbcUrl : jdbc:mysql://localhost:3306/returnhome?useUnicode=true&characterEncoding=utf-8&useSSL=false&serverTimezone=GMT%2B8, version : 1.2.4, lastPacketReceivedIdleMillis : 588556
2021-03-17 23:10:51.165 [http-nio-8081-exec-4] WARN  com.alibaba.druid.pool.DruidAbstractDataSource - discard long time none received connection. , jdbcUrl : jdbc:mysql://localhost:3306/returnhome?useUnicode=true&characterEncoding=utf-8&useSSL=false&serverTimezone=GMT%2B8, version : 1.2.4, lastPacketReceivedIdleMillis : 224099
2021-03-17 23:10:51.166 [http-nio-8081-exec-2] WARN  com.alibaba.druid.pool.DruidAbstractDataSource - discard long time none received connection. , jdbcUrl : jdbc:mysql://localhost:3306/returnhome?useUnicode=true&characterEncoding=utf-8&useSSL=false&serverTimezone=GMT%2B8, version : 1.2.4, lastPacketReceivedIdleMillis : 242400
2021-03-17 23:15:07.512 [http-nio-8081-exec-8] WARN  com.alibaba.druid.pool.DruidAbstractDataSource - discard long time none received connection. , jdbcUrl : jdbc:mysql://localhost:3306/returnhome?useUnicode=true&characterEncoding=utf-8&useSSL=false&serverTimezone=GMT%2B8, version : 1.2.4, lastPacketReceivedIdleMillis : 147790
2021-03-17 23:15:07.513 [http-nio-8081-exec-7] WARN  com.alibaba.druid.pool.DruidAbstractDataSource - discard long time none received connection. , jdbcUrl : jdbc:mysql://localhost:3306/returnhome?useUnicode=true&characterEncoding=utf-8&useSSL=false&serverTimezone=GMT%2B8, version : 1.2.4, lastPacketReceivedIdleMillis : 147794
2021-03-17 23:18:39.700 [http-nio-8081-exec-3] WARN  com.alibaba.druid.pool.DruidAbstractDataSource - discard long time none received connection. , jdbcUrl : jdbc:mysql://localhost:3306/returnhome?useUnicode=true&characterEncoding=utf-8&useSSL=false&serverTimezone=GMT%2B8, version : 1.2.4, lastPacketReceivedIdleMillis : 212155
2021-03-17 23:18:39.702 [http-nio-8081-exec-3] WARN  com.alibaba.druid.pool.DruidAbstractDataSource - discard long time none received connection. , jdbcUrl : jdbc:mysql://localhost:3306/returnhome?useUnicode=true&characterEncoding=utf-8&useSSL=false&serverTimezone=GMT%2B8, version : 1.2.4, lastPacketReceivedIdleMillis : 212158
2021-03-17 23:19:59.419 [http-nio-8081-exec-5] WARN  com.alibaba.druid.pool.DruidAbstractDataSource - discard long time none received connection. , jdbcUrl : jdbc:mysql://localhost:3306/returnhome?useUnicode=true&characterEncoding=utf-8&useSSL=false&serverTimezone=GMT%2B8, version : 1.2.4, lastPacketReceivedIdleMillis : 79677
2021-03-17 23:19:59.420 [http-nio-8081-exec-6] WARN  com.alibaba.druid.pool.DruidAbstractDataSource - discard long time none received connection. , jdbcUrl : jdbc:mysql://localhost:3306/returnhome?useUnicode=true&characterEncoding=utf-8&useSSL=false&serverTimezone=GMT%2B8, version : 1.2.4, lastPacketReceivedIdleMillis : 79689
2021-03-17 23:23:25.144 [http-nio-8081-exec-6] WARN  com.alibaba.druid.pool.DruidAbstractDataSource - discard long time none received connection. , jdbcUrl : jdbc:mysql://localhost:3306/returnhome?useUnicode=true&characterEncoding=utf-8&useSSL=false&serverTimezone=GMT%2B8, version : 1.2.4, lastPacketReceivedIdleMillis : 129250
2021-03-17 23:23:25.154 [http-nio-8081-exec-5] WARN  com.alibaba.druid.pool.DruidAbstractDataSource - discard long time none received connection. , jdbcUrl : jdbc:mysql://localhost:3306/returnhome?useUnicode=true&characterEncoding=utf-8&useSSL=false&serverTimezone=GMT%2B8, version : 1.2.4, lastPacketReceivedIdleMillis : 129264
2021-03-17 23:24:45.685 [http-nio-8081-exec-10] WARN  com.alibaba.druid.pool.DruidAbstractDataSource - discard long time none received connection. , jdbcUrl : jdbc:mysql://localhost:3306/returnhome?useUnicode=true&characterEncoding=utf-8&useSSL=false&serverTimezone=GMT%2B8, version : 1.2.4, lastPacketReceivedIdleMillis : 80501
2021-03-17 23:24:45.688 [http-nio-8081-exec-9] WARN  com.alibaba.druid.pool.DruidAbstractDataSource - discard long time none received connection. , jdbcUrl : jdbc:mysql://localhost:3306/returnhome?useUnicode=true&characterEncoding=utf-8&useSSL=false&serverTimezone=GMT%2B8, version : 1.2.4, lastPacketReceivedIdleMillis : 80505
2021-03-17 23:31:38.107 [http-nio-8081-exec-4] WARN  com.alibaba.druid.pool.DruidAbstractDataSource - discard long time none received connection. , jdbcUrl : jdbc:mysql://localhost:3306/returnhome?useUnicode=true&characterEncoding=utf-8&useSSL=false&serverTimezone=GMT%2B8, version : 1.2.4, lastPacketReceivedIdleMillis : 412370
2021-03-17 23:31:38.109 [http-nio-8081-exec-4] WARN  com.alibaba.druid.pool.DruidAbstractDataSource - discard long time none received connection. , jdbcUrl : jdbc:mysql://localhost:3306/returnhome?useUnicode=true&characterEncoding=utf-8&useSSL=false&serverTimezone=GMT%2B8, version : 1.2.4, lastPacketReceivedIdleMillis : 412375
2021-03-17 23:32:45.958 [http-nio-8081-exec-10] WARN  com.alibaba.druid.pool.DruidAbstractDataSource - discard long time none received connection. , jdbcUrl : jdbc:mysql://localhost:3306/returnhome?useUnicode=true&characterEncoding=utf-8&useSSL=false&serverTimezone=GMT%2B8, version : 1.2.4, lastPacketReceivedIdleMillis : 67799
2021-03-17 23:32:45.960 [http-nio-8081-exec-10] WARN  com.alibaba.druid.pool.DruidAbstractDataSource - discard long time none received connection. , jdbcUrl : jdbc:mysql://localhost:3306/returnhome?useUnicode=true&characterEncoding=utf-8&useSSL=false&serverTimezone=GMT%2B8, version : 1.2.4, lastPacketReceivedIdleMillis : 67803
2021-03-17 23:36:37.126 [http-nio-8081-exec-2] WARN  com.alibaba.druid.pool.DruidAbstractDataSource - discard long time none received connection. , jdbcUrl : jdbc:mysql://localhost:3306/returnhome?useUnicode=true&characterEncoding=utf-8&useSSL=false&serverTimezone=GMT%2B8, version : 1.2.4, lastPacketReceivedIdleMillis : 173977
2021-03-17 23:36:37.128 [http-nio-8081-exec-2] WARN  com.alibaba.druid.pool.DruidAbstractDataSource - discard long time none received connection. , jdbcUrl : jdbc:mysql://localhost:3306/returnhome?useUnicode=true&characterEncoding=utf-8&useSSL=false&serverTimezone=GMT%2B8, version : 1.2.4, lastPacketReceivedIdleMillis : 173981
2021-03-17 23:46:22.268 [http-nio-8081-exec-10] WARN  com.alibaba.druid.pool.DruidAbstractDataSource - discard long time none received connection. , jdbcUrl : jdbc:mysql://localhost:3306/returnhome?useUnicode=true&characterEncoding=utf-8&useSSL=false&serverTimezone=GMT%2B8, version : 1.2.4, lastPacketReceivedIdleMillis : 376501
2021-03-17 23:46:22.269 [http-nio-8081-exec-9] WARN  com.alibaba.druid.pool.DruidAbstractDataSource - discard long time none received connection. , jdbcUrl : jdbc:mysql://localhost:3306/returnhome?useUnicode=true&characterEncoding=utf-8&useSSL=false&serverTimezone=GMT%2B8, version : 1.2.4, lastPacketReceivedIdleMillis : 376510
2021-03-17 23:56:19.013 [http-nio-8081-exec-8] WARN  com.alibaba.druid.pool.DruidAbstractDataSource - discard long time none received connection. , jdbcUrl : jdbc:mysql://localhost:3306/returnhome?useUnicode=true&characterEncoding=utf-8&useSSL=false&serverTimezone=GMT%2B8, version : 1.2.4, lastPacketReceivedIdleMillis : 249492
2021-03-17 23:56:19.014 [http-nio-8081-exec-7] WARN  com.alibaba.druid.pool.DruidAbstractDataSource - discard long time none received connection. , jdbcUrl : jdbc:mysql://localhost:3306/returnhome?useUnicode=true&characterEncoding=utf-8&useSSL=false&serverTimezone=GMT%2B8, version : 1.2.4, lastPacketReceivedIdleMillis : 249496
