2021-03-13 00:37:02.873 [INFO ] org.hibernate.validator.internal.util.Version - HV000001: Hibernate Validator 6.1.7.Final
2021-03-13 00:37:02.879 [INFO ] com.lxw.ReturnHomeApplication - Starting ReturnHomeApplication using Java 1.8.0_212 on LAPTOP-K8D3MGN6 with PID 4772 (E:\return-home\returnhome-web\target\classes started by ASUS in E:\return-home)
2021-03-13 00:37:02.882 [INFO ] com.lxw.ReturnHomeApplication - No active profile set, falling back to default profiles: default
2021-03-13 00:37:04.295 [INFO ] org.springframework.context.support.PostProcessorRegistrationDelegate$BeanPostProcessorChecker - Bean 'org.springframework.security.access.expression.method.DefaultMethodSecurityExpressionHandler@6eb82908' of type [org.springframework.security.access.expression.method.DefaultMethodSecurityExpressionHandler] is not eligible for getting processed by all BeanPostProcessors (for example: not eligible for auto-proxying)
2021-03-13 00:37:04.300 [INFO ] org.springframework.context.support.PostProcessorRegistrationDelegate$BeanPostProcessorChecker - Bean 'methodSecurityMetadataSource' of type [org.springframework.security.access.method.DelegatingMethodSecurityMetadataSource] is not eligible for getting processed by all BeanPostProcessors (for example: not eligible for auto-proxying)
2021-03-13 00:37:04.507 [INFO ] org.springframework.boot.web.embedded.tomcat.TomcatWebServer - Tomcat initialized with port(s): 8081 (http)
2021-03-13 00:37:04.515 [INFO ] org.apache.coyote.http11.Http11NioProtocol - Initializing ProtocolHandler ["http-nio-8081"]
2021-03-13 00:37:04.516 [INFO ] org.apache.catalina.core.StandardService - Starting service [Tomcat]
2021-03-13 00:37:04.516 [INFO ] org.apache.catalina.core.StandardEngine - Starting Servlet engine: [Apache Tomcat/9.0.43]
2021-03-13 00:37:04.517 [INFO ] org.apache.catalina.core.AprLifecycleListener - Loaded Apache Tomcat Native library [1.2.23] using APR version [1.7.0].
2021-03-13 00:37:04.517 [INFO ] org.apache.catalina.core.AprLifecycleListener - APR capabilities: IPv6 [true], sendfile [true], accept filters [false], random [true].
2021-03-13 00:37:04.517 [INFO ] org.apache.catalina.core.AprLifecycleListener - APR/OpenSSL configuration: useAprConnector [false], useOpenSSL [true]
2021-03-13 00:37:04.520 [INFO ] org.apache.catalina.core.AprLifecycleListener - OpenSSL successfully initialized [OpenSSL 1.1.1c  28 May 2019]
2021-03-13 00:37:04.616 [INFO ] org.apache.catalina.core.ContainerBase.[Tomcat].[localhost].[/] - Initializing Spring embedded WebApplicationContext
2021-03-13 00:37:04.616 [INFO ] org.springframework.boot.web.servlet.context.ServletWebServerApplicationContext - Root WebApplicationContext: initialization completed in 1649 ms
2021-03-13 00:37:04.849 [INFO ] com.alibaba.druid.spring.boot.autoconfigure.DruidDataSourceAutoConfigure - Init DruidDataSource
2021-03-13 00:37:05.108 [INFO ] com.alibaba.druid.pool.DruidDataSource - {dataSource-1} inited
2021-03-13 00:37:06.712 [INFO ] springfox.documentation.spring.web.WebMvcPropertySourcedRequestMappingHandlerMapping - Mapped URL path [/v2/api-docs] onto method [springfox.documentation.swagger2.web.Swagger2ControllerWebMvc#getDocumentation(String, HttpServletRequest)]
2021-03-13 00:37:06.837 [INFO ] org.springframework.security.web.DefaultSecurityFilterChain - Will secure any request with [org.springframework.security.web.context.request.async.WebAsyncManagerIntegrationFilter@38f981b6, org.springframework.security.web.context.SecurityContextPersistenceFilter@19bedeb8, org.springframework.security.web.header.HeaderWriterFilter@3443e476, org.springframework.web.filter.CorsFilter@3a4aadf8, org.springframework.security.web.authentication.logout.LogoutFilter@4cc7d00d, com.lxw.fliter.JwtAuthenticationFilter@7bbfc5ff, org.springframework.security.web.authentication.UsernamePasswordAuthenticationFilter@3aed69dd, com.lxw.fliter.JwtAuthorizationFilter@7a682d35, org.springframework.security.web.savedrequest.RequestCacheAwareFilter@63f6bed1, org.springframework.security.web.servletapi.SecurityContextHolderAwareRequestFilter@32120956, org.springframework.security.web.authentication.AnonymousAuthenticationFilter@ee8e7ff, org.springframework.security.web.session.SessionManagementFilter@a6e4897, org.springframework.security.web.access.ExceptionTranslationFilter@664212ab, org.springframework.security.web.access.intercept.FilterSecurityInterceptor@6042d663]
2021-03-13 00:37:06.889 [INFO ] org.springframework.scheduling.concurrent.ThreadPoolTaskExecutor - Initializing ExecutorService 'applicationTaskExecutor'
2021-03-13 00:37:07.060 [INFO ] org.apache.coyote.http11.Http11NioProtocol - Starting ProtocolHandler ["http-nio-8081"]
2021-03-13 00:37:07.080 [INFO ] org.springframework.boot.web.embedded.tomcat.TomcatWebServer - Tomcat started on port(s): 8081 (http) with context path ''
2021-03-13 00:37:07.081 [INFO ] springfox.documentation.spring.web.plugins.DocumentationPluginsBootstrapper - Documentation plugins bootstrapped
2021-03-13 00:37:07.083 [INFO ] springfox.documentation.spring.web.plugins.DocumentationPluginsBootstrapper - Found 1 custom documentation plugin(s)
2021-03-13 00:37:07.115 [INFO ] springfox.documentation.spring.web.scanners.ApiListingReferenceScanner - Scanning for api listing references
2021-03-13 00:37:07.238 [INFO ] com.lxw.ReturnHomeApplication - Started ReturnHomeApplication in 5.031 seconds (JVM running for 6.084)
2021-03-13 00:37:35.638 [INFO ] org.apache.catalina.core.ContainerBase.[Tomcat].[localhost].[/] - Initializing Spring DispatcherServlet 'dispatcherServlet'
2021-03-13 00:41:01.232 [INFO ] org.hibernate.validator.internal.util.Version - HV000001: Hibernate Validator 6.1.7.Final
2021-03-13 00:41:01.233 [INFO ] com.lxw.ReturnHomeApplication - Starting ReturnHomeApplication using Java 1.8.0_212 on LAPTOP-K8D3MGN6 with PID 6556 (E:\return-home\returnhome-web\target\classes started by ASUS in E:\return-home)
2021-03-13 00:41:01.237 [INFO ] com.lxw.ReturnHomeApplication - No active profile set, falling back to default profiles: default
2021-03-13 00:41:02.580 [INFO ] org.springframework.context.support.PostProcessorRegistrationDelegate$BeanPostProcessorChecker - Bean 'org.springframework.security.access.expression.method.DefaultMethodSecurityExpressionHandler@dc7b462' of type [org.springframework.security.access.expression.method.DefaultMethodSecurityExpressionHandler] is not eligible for getting processed by all BeanPostProcessors (for example: not eligible for auto-proxying)
2021-03-13 00:41:02.585 [INFO ] org.springframework.context.support.PostProcessorRegistrationDelegate$BeanPostProcessorChecker - Bean 'methodSecurityMetadataSource' of type [org.springframework.security.access.method.DelegatingMethodSecurityMetadataSource] is not eligible for getting processed by all BeanPostProcessors (for example: not eligible for auto-proxying)
2021-03-13 00:41:02.838 [INFO ] org.springframework.boot.web.embedded.tomcat.TomcatWebServer - Tomcat initialized with port(s): 8081 (http)
2021-03-13 00:41:02.847 [INFO ] org.apache.coyote.http11.Http11NioProtocol - Initializing ProtocolHandler ["http-nio-8081"]
2021-03-13 00:41:02.848 [INFO ] org.apache.catalina.core.StandardService - Starting service [Tomcat]
2021-03-13 00:41:02.848 [INFO ] org.apache.catalina.core.StandardEngine - Starting Servlet engine: [Apache Tomcat/9.0.43]
2021-03-13 00:41:02.851 [INFO ] org.apache.catalina.core.AprLifecycleListener - Loaded Apache Tomcat Native library [1.2.23] using APR version [1.7.0].
2021-03-13 00:41:02.852 [INFO ] org.apache.catalina.core.AprLifecycleListener - APR capabilities: IPv6 [true], sendfile [true], accept filters [false], random [true].
2021-03-13 00:41:02.852 [INFO ] org.apache.catalina.core.AprLifecycleListener - APR/OpenSSL configuration: useAprConnector [false], useOpenSSL [true]
2021-03-13 00:41:02.856 [INFO ] org.apache.catalina.core.AprLifecycleListener - OpenSSL successfully initialized [OpenSSL 1.1.1c  28 May 2019]
2021-03-13 00:41:02.952 [INFO ] org.apache.catalina.core.ContainerBase.[Tomcat].[localhost].[/] - Initializing Spring embedded WebApplicationContext
2021-03-13 00:41:02.953 [INFO ] org.springframework.boot.web.servlet.context.ServletWebServerApplicationContext - Root WebApplicationContext: initialization completed in 1645 ms
2021-03-13 00:41:03.202 [INFO ] com.alibaba.druid.spring.boot.autoconfigure.DruidDataSourceAutoConfigure - Init DruidDataSource
2021-03-13 00:41:03.457 [INFO ] com.alibaba.druid.pool.DruidDataSource - {dataSource-1} inited
2021-03-13 00:41:05.256 [INFO ] springfox.documentation.spring.web.WebMvcPropertySourcedRequestMappingHandlerMapping - Mapped URL path [/v2/api-docs] onto method [springfox.documentation.swagger2.web.Swagger2ControllerWebMvc#getDocumentation(String, HttpServletRequest)]
2021-03-13 00:41:05.389 [INFO ] org.springframework.security.web.DefaultSecurityFilterChain - Will secure any request with [org.springframework.security.web.context.request.async.WebAsyncManagerIntegrationFilter@7a682d35, org.springframework.security.web.context.SecurityContextPersistenceFilter@1ba467c2, org.springframework.security.web.header.HeaderWriterFilter@7ccfdaef, org.springframework.web.filter.CorsFilter@ee8e7ff, org.springframework.security.web.authentication.logout.LogoutFilter@468e8565, com.lxw.fliter.JwtAuthenticationFilter@61a2aeb7, org.springframework.security.web.authentication.UsernamePasswordAuthenticationFilter@2287395, com.lxw.fliter.JwtAuthorizationFilter@64b70f41, org.springframework.security.web.savedrequest.RequestCacheAwareFilter@7ef8eda7, org.springframework.security.web.servletapi.SecurityContextHolderAwareRequestFilter@6975fb1c, org.springframework.security.web.authentication.AnonymousAuthenticationFilter@5f8d9767, org.springframework.security.web.session.SessionManagementFilter@32f5ecc4, org.springframework.security.web.access.ExceptionTranslationFilter@2693c618, org.springframework.security.web.access.intercept.FilterSecurityInterceptor@4c6a4ffd]
2021-03-13 00:41:05.443 [INFO ] org.springframework.scheduling.concurrent.ThreadPoolTaskExecutor - Initializing ExecutorService 'applicationTaskExecutor'
2021-03-13 00:41:05.626 [INFO ] org.apache.coyote.http11.Http11NioProtocol - Starting ProtocolHandler ["http-nio-8081"]
2021-03-13 00:41:05.644 [INFO ] org.springframework.boot.web.embedded.tomcat.TomcatWebServer - Tomcat started on port(s): 8081 (http) with context path ''
2021-03-13 00:41:05.646 [INFO ] springfox.documentation.spring.web.plugins.DocumentationPluginsBootstrapper - Documentation plugins bootstrapped
2021-03-13 00:41:05.648 [INFO ] springfox.documentation.spring.web.plugins.DocumentationPluginsBootstrapper - Found 1 custom documentation plugin(s)
2021-03-13 00:41:05.681 [INFO ] springfox.documentation.spring.web.scanners.ApiListingReferenceScanner - Scanning for api listing references
2021-03-13 00:41:05.810 [INFO ] com.lxw.ReturnHomeApplication - Started ReturnHomeApplication in 5.388 seconds (JVM running for 6.668)
2021-03-13 00:41:33.519 [INFO ] org.apache.catalina.core.ContainerBase.[Tomcat].[localhost].[/] - Initializing Spring DispatcherServlet 'dispatcherServlet'
2021-03-13 14:38:19.325 [INFO ] org.hibernate.validator.internal.util.Version - HV000001: Hibernate Validator 6.1.7.Final
2021-03-13 14:38:19.458 [INFO ] com.lxw.ReturnHomeApplication - Starting ReturnHomeApplication using Java 1.8.0_212 on LAPTOP-K8D3MGN6 with PID 10760 (E:\return-home\returnhome-web\target\classes started by ASUS in E:\return-home)
2021-03-13 14:38:19.459 [INFO ] com.lxw.ReturnHomeApplication - No active profile set, falling back to default profiles: default
2021-03-13 14:38:23.038 [INFO ] org.springframework.context.support.PostProcessorRegistrationDelegate$BeanPostProcessorChecker - Bean 'org.springframework.security.access.expression.method.DefaultMethodSecurityExpressionHandler@26a2f7f9' of type [org.springframework.security.access.expression.method.DefaultMethodSecurityExpressionHandler] is not eligible for getting processed by all BeanPostProcessors (for example: not eligible for auto-proxying)
2021-03-13 14:38:23.042 [INFO ] org.springframework.context.support.PostProcessorRegistrationDelegate$BeanPostProcessorChecker - Bean 'methodSecurityMetadataSource' of type [org.springframework.security.access.method.DelegatingMethodSecurityMetadataSource] is not eligible for getting processed by all BeanPostProcessors (for example: not eligible for auto-proxying)
2021-03-13 14:38:23.696 [INFO ] org.springframework.boot.web.embedded.tomcat.TomcatWebServer - Tomcat initialized with port(s): 8081 (http)
2021-03-13 14:38:23.706 [INFO ] org.apache.coyote.http11.Http11NioProtocol - Initializing ProtocolHandler ["http-nio-8081"]
2021-03-13 14:38:23.707 [INFO ] org.apache.catalina.core.StandardService - Starting service [Tomcat]
2021-03-13 14:38:23.707 [INFO ] org.apache.catalina.core.StandardEngine - Starting Servlet engine: [Apache Tomcat/9.0.43]
2021-03-13 14:38:23.708 [INFO ] org.apache.catalina.core.AprLifecycleListener - Loaded Apache Tomcat Native library [1.2.23] using APR version [1.7.0].
2021-03-13 14:38:23.709 [INFO ] org.apache.catalina.core.AprLifecycleListener - APR capabilities: IPv6 [true], sendfile [true], accept filters [false], random [true].
2021-03-13 14:38:23.709 [INFO ] org.apache.catalina.core.AprLifecycleListener - APR/OpenSSL configuration: useAprConnector [false], useOpenSSL [true]
2021-03-13 14:38:23.712 [INFO ] org.apache.catalina.core.AprLifecycleListener - OpenSSL successfully initialized [OpenSSL 1.1.1c  28 May 2019]
2021-03-13 14:38:23.858 [INFO ] org.apache.catalina.core.ContainerBase.[Tomcat].[localhost].[/] - Initializing Spring embedded WebApplicationContext
2021-03-13 14:38:23.858 [INFO ] org.springframework.boot.web.servlet.context.ServletWebServerApplicationContext - Root WebApplicationContext: initialization completed in 4257 ms
2021-03-13 14:38:24.479 [INFO ] com.alibaba.druid.spring.boot.autoconfigure.DruidDataSourceAutoConfigure - Init DruidDataSource
2021-03-13 14:38:24.993 [INFO ] com.alibaba.druid.pool.DruidDataSource - {dataSource-1} inited
2021-03-13 14:38:27.038 [INFO ] springfox.documentation.spring.web.WebMvcPropertySourcedRequestMappingHandlerMapping - Mapped URL path [/v2/api-docs] onto method [springfox.documentation.swagger2.web.Swagger2ControllerWebMvc#getDocumentation(String, HttpServletRequest)]
2021-03-13 14:38:27.177 [INFO ] org.springframework.security.web.DefaultSecurityFilterChain - Will secure any request with [org.springframework.security.web.context.request.async.WebAsyncManagerIntegrationFilter@49433c98, org.springframework.security.web.context.SecurityContextPersistenceFilter@7ebe2e47, org.springframework.security.web.header.HeaderWriterFilter@6fc0bbc6, org.springframework.web.filter.CorsFilter@b5c6a30, org.springframework.security.web.authentication.logout.LogoutFilter@5d152bcd, com.lxw.fliter.JwtAuthenticationFilter@3bfae028, org.springframework.security.web.authentication.UsernamePasswordAuthenticationFilter@1e8fb66f, com.lxw.fliter.JwtAuthorizationFilter@1775c4e7, org.springframework.security.web.savedrequest.RequestCacheAwareFilter@6bbab114, org.springframework.security.web.servletapi.SecurityContextHolderAwareRequestFilter@72bd2871, org.springframework.security.web.authentication.AnonymousAuthenticationFilter@47829d6d, org.springframework.security.web.session.SessionManagementFilter@fd09e43, org.springframework.security.web.access.ExceptionTranslationFilter@2cca611f, org.springframework.security.web.access.intercept.FilterSecurityInterceptor@4538856f]
2021-03-13 14:38:27.257 [INFO ] org.springframework.scheduling.concurrent.ThreadPoolTaskExecutor - Initializing ExecutorService 'applicationTaskExecutor'
2021-03-13 14:38:27.572 [INFO ] org.apache.coyote.http11.Http11NioProtocol - Starting ProtocolHandler ["http-nio-8081"]
2021-03-13 14:38:27.604 [INFO ] org.springframework.boot.web.embedded.tomcat.TomcatWebServer - Tomcat started on port(s): 8081 (http) with context path ''
2021-03-13 14:38:27.605 [INFO ] springfox.documentation.spring.web.plugins.DocumentationPluginsBootstrapper - Documentation plugins bootstrapped
2021-03-13 14:38:27.608 [INFO ] springfox.documentation.spring.web.plugins.DocumentationPluginsBootstrapper - Found 1 custom documentation plugin(s)
2021-03-13 14:38:27.639 [INFO ] springfox.documentation.spring.web.scanners.ApiListingReferenceScanner - Scanning for api listing references
2021-03-13 14:38:27.825 [INFO ] com.lxw.ReturnHomeApplication - Started ReturnHomeApplication in 9.662 seconds (JVM running for 11.099)
2021-03-13 14:39:41.992 [INFO ] org.hibernate.validator.internal.util.Version - HV000001: Hibernate Validator 6.1.7.Final
2021-03-13 14:39:41.995 [INFO ] com.lxw.ReturnHomeApplication - Starting ReturnHomeApplication using Java 1.8.0_212 on LAPTOP-K8D3MGN6 with PID 5072 (E:\return-home\returnhome-web\target\classes started by ASUS in E:\return-home)
2021-03-13 14:39:41.996 [INFO ] com.lxw.ReturnHomeApplication - No active profile set, falling back to default profiles: default
2021-03-13 14:39:43.092 [INFO ] org.springframework.context.support.PostProcessorRegistrationDelegate$BeanPostProcessorChecker - Bean 'org.springframework.security.access.expression.method.DefaultMethodSecurityExpressionHandler@8bffb8b' of type [org.springframework.security.access.expression.method.DefaultMethodSecurityExpressionHandler] is not eligible for getting processed by all BeanPostProcessors (for example: not eligible for auto-proxying)
2021-03-13 14:39:43.096 [INFO ] org.springframework.context.support.PostProcessorRegistrationDelegate$BeanPostProcessorChecker - Bean 'methodSecurityMetadataSource' of type [org.springframework.security.access.method.DelegatingMethodSecurityMetadataSource] is not eligible for getting processed by all BeanPostProcessors (for example: not eligible for auto-proxying)
2021-03-13 14:39:43.292 [INFO ] org.springframework.boot.web.embedded.tomcat.TomcatWebServer - Tomcat initialized with port(s): 8081 (http)
2021-03-13 14:39:43.302 [INFO ] org.apache.coyote.http11.Http11NioProtocol - Initializing ProtocolHandler ["http-nio-8081"]
2021-03-13 14:39:43.303 [INFO ] org.apache.catalina.core.StandardService - Starting service [Tomcat]
2021-03-13 14:39:43.303 [INFO ] org.apache.catalina.core.StandardEngine - Starting Servlet engine: [Apache Tomcat/9.0.43]
2021-03-13 14:39:43.305 [INFO ] org.apache.catalina.core.AprLifecycleListener - Loaded Apache Tomcat Native library [1.2.23] using APR version [1.7.0].
2021-03-13 14:39:43.305 [INFO ] org.apache.catalina.core.AprLifecycleListener - APR capabilities: IPv6 [true], sendfile [true], accept filters [false], random [true].
2021-03-13 14:39:43.305 [INFO ] org.apache.catalina.core.AprLifecycleListener - APR/OpenSSL configuration: useAprConnector [false], useOpenSSL [true]
2021-03-13 14:39:43.310 [INFO ] org.apache.catalina.core.AprLifecycleListener - OpenSSL successfully initialized [OpenSSL 1.1.1c  28 May 2019]
2021-03-13 14:39:43.396 [INFO ] org.apache.catalina.core.ContainerBase.[Tomcat].[localhost].[/] - Initializing Spring embedded WebApplicationContext
2021-03-13 14:39:43.397 [INFO ] org.springframework.boot.web.servlet.context.ServletWebServerApplicationContext - Root WebApplicationContext: initialization completed in 1357 ms
2021-03-13 14:39:43.616 [INFO ] com.alibaba.druid.spring.boot.autoconfigure.DruidDataSourceAutoConfigure - Init DruidDataSource
2021-03-13 14:39:43.850 [INFO ] com.alibaba.druid.pool.DruidDataSource - {dataSource-1} inited
2021-03-13 14:39:45.451 [INFO ] springfox.documentation.spring.web.WebMvcPropertySourcedRequestMappingHandlerMapping - Mapped URL path [/v2/api-docs] onto method [springfox.documentation.swagger2.web.Swagger2ControllerWebMvc#getDocumentation(String, HttpServletRequest)]
2021-03-13 14:39:45.563 [INFO ] org.springframework.security.web.DefaultSecurityFilterChain - Will secure any request with [org.springframework.security.web.context.request.async.WebAsyncManagerIntegrationFilter@b5c6a30, org.springframework.security.web.context.SecurityContextPersistenceFilter@478b0739, org.springframework.security.web.header.HeaderWriterFilter@7edb6fca, org.springframework.web.filter.CorsFilter@3bfae028, org.springframework.security.web.authentication.logout.LogoutFilter@36790bec, com.lxw.fliter.JwtAuthenticationFilter@1775c4e7, org.springframework.security.web.authentication.UsernamePasswordAuthenticationFilter@3d8d17a3, com.lxw.fliter.JwtAuthorizationFilter@47829d6d, org.springframework.security.web.savedrequest.RequestCacheAwareFilter@51f95f0d, org.springframework.security.web.servletapi.SecurityContextHolderAwareRequestFilter@609319c3, org.springframework.security.web.authentication.AnonymousAuthenticationFilter@2f677247, org.springframework.security.web.session.SessionManagementFilter@716185fe, org.springframework.security.web.access.ExceptionTranslationFilter@2349f14d, org.springframework.security.web.access.intercept.FilterSecurityInterceptor@4c3de38e]
2021-03-13 14:39:45.612 [INFO ] org.springframework.scheduling.concurrent.ThreadPoolTaskExecutor - Initializing ExecutorService 'applicationTaskExecutor'
2021-03-13 14:39:45.774 [INFO ] org.apache.coyote.http11.Http11NioProtocol - Starting ProtocolHandler ["http-nio-8081"]
2021-03-13 14:39:45.793 [INFO ] org.springframework.boot.web.embedded.tomcat.TomcatWebServer - Tomcat started on port(s): 8081 (http) with context path ''
2021-03-13 14:39:45.794 [INFO ] springfox.documentation.spring.web.plugins.DocumentationPluginsBootstrapper - Documentation plugins bootstrapped
2021-03-13 14:39:45.796 [INFO ] springfox.documentation.spring.web.plugins.DocumentationPluginsBootstrapper - Found 1 custom documentation plugin(s)
2021-03-13 14:39:45.828 [INFO ] springfox.documentation.spring.web.scanners.ApiListingReferenceScanner - Scanning for api listing references
2021-03-13 14:39:45.980 [INFO ] com.lxw.ReturnHomeApplication - Started ReturnHomeApplication in 4.649 seconds (JVM running for 5.733)
2021-03-13 14:42:28.027 [INFO ] org.apache.catalina.core.ContainerBase.[Tomcat].[localhost].[/] - Initializing Spring DispatcherServlet 'dispatcherServlet'
2021-03-13 14:43:30.040 [INFO ] org.hibernate.validator.internal.util.Version - HV000001: Hibernate Validator 6.1.7.Final
2021-03-13 14:43:30.043 [INFO ] com.lxw.ReturnHomeApplication - Starting ReturnHomeApplication using Java 1.8.0_212 on LAPTOP-K8D3MGN6 with PID 11332 (E:\return-home\returnhome-web\target\classes started by ASUS in E:\return-home)
2021-03-13 14:43:30.044 [INFO ] com.lxw.ReturnHomeApplication - No active profile set, falling back to default profiles: default
2021-03-13 14:43:31.094 [INFO ] org.springframework.context.support.PostProcessorRegistrationDelegate$BeanPostProcessorChecker - Bean 'org.springframework.security.access.expression.method.DefaultMethodSecurityExpressionHandler@8bffb8b' of type [org.springframework.security.access.expression.method.DefaultMethodSecurityExpressionHandler] is not eligible for getting processed by all BeanPostProcessors (for example: not eligible for auto-proxying)
2021-03-13 14:43:31.099 [INFO ] org.springframework.context.support.PostProcessorRegistrationDelegate$BeanPostProcessorChecker - Bean 'methodSecurityMetadataSource' of type [org.springframework.security.access.method.DelegatingMethodSecurityMetadataSource] is not eligible for getting processed by all BeanPostProcessors (for example: not eligible for auto-proxying)
2021-03-13 14:43:31.286 [INFO ] org.springframework.boot.web.embedded.tomcat.TomcatWebServer - Tomcat initialized with port(s): 8081 (http)
2021-03-13 14:43:31.293 [INFO ] org.apache.coyote.http11.Http11NioProtocol - Initializing ProtocolHandler ["http-nio-8081"]
2021-03-13 14:43:31.293 [INFO ] org.apache.catalina.core.StandardService - Starting service [Tomcat]
2021-03-13 14:43:31.294 [INFO ] org.apache.catalina.core.StandardEngine - Starting Servlet engine: [Apache Tomcat/9.0.43]
2021-03-13 14:43:31.295 [INFO ] org.apache.catalina.core.AprLifecycleListener - Loaded Apache Tomcat Native library [1.2.23] using APR version [1.7.0].
2021-03-13 14:43:31.295 [INFO ] org.apache.catalina.core.AprLifecycleListener - APR capabilities: IPv6 [true], sendfile [true], accept filters [false], random [true].
2021-03-13 14:43:31.295 [INFO ] org.apache.catalina.core.AprLifecycleListener - APR/OpenSSL configuration: useAprConnector [false], useOpenSSL [true]
2021-03-13 14:43:31.300 [INFO ] org.apache.catalina.core.AprLifecycleListener - OpenSSL successfully initialized [OpenSSL 1.1.1c  28 May 2019]
2021-03-13 14:43:31.393 [INFO ] org.apache.catalina.core.ContainerBase.[Tomcat].[localhost].[/] - Initializing Spring embedded WebApplicationContext
2021-03-13 14:43:31.393 [INFO ] org.springframework.boot.web.servlet.context.ServletWebServerApplicationContext - Root WebApplicationContext: initialization completed in 1302 ms
2021-03-13 14:43:31.584 [INFO ] com.alibaba.druid.spring.boot.autoconfigure.DruidDataSourceAutoConfigure - Init DruidDataSource
2021-03-13 14:43:31.811 [INFO ] com.alibaba.druid.pool.DruidDataSource - {dataSource-1} inited
2021-03-13 14:43:33.364 [INFO ] springfox.documentation.spring.web.WebMvcPropertySourcedRequestMappingHandlerMapping - Mapped URL path [/v2/api-docs] onto method [springfox.documentation.swagger2.web.Swagger2ControllerWebMvc#getDocumentation(String, HttpServletRequest)]
2021-03-13 14:43:33.468 [INFO ] org.springframework.security.web.DefaultSecurityFilterChain - Will secure any request with [org.springframework.security.web.context.request.async.WebAsyncManagerIntegrationFilter@1775c4e7, org.springframework.security.web.context.SecurityContextPersistenceFilter@478b0739, org.springframework.security.web.header.HeaderWriterFilter@7edb6fca, org.springframework.web.filter.CorsFilter@47829d6d, org.springframework.security.web.authentication.logout.LogoutFilter@36790bec, com.lxw.fliter.JwtAuthenticationFilter@2f677247, org.springframework.security.web.authentication.UsernamePasswordAuthenticationFilter@7f79edee, com.lxw.fliter.JwtAuthorizationFilter@43f03c23, org.springframework.security.web.savedrequest.RequestCacheAwareFilter@51f95f0d, org.springframework.security.web.servletapi.SecurityContextHolderAwareRequestFilter@609319c3, org.springframework.security.web.authentication.AnonymousAuthenticationFilter@7a1b8a46, org.springframework.security.web.session.SessionManagementFilter@716185fe, org.springframework.security.web.access.ExceptionTranslationFilter@2349f14d, org.springframework.security.web.access.intercept.FilterSecurityInterceptor@1f9d4b0e]
2021-03-13 14:43:33.519 [INFO ] org.springframework.scheduling.concurrent.ThreadPoolTaskExecutor - Initializing ExecutorService 'applicationTaskExecutor'
2021-03-13 14:43:33.672 [INFO ] org.apache.coyote.http11.Http11NioProtocol - Starting ProtocolHandler ["http-nio-8081"]
2021-03-13 14:43:33.690 [INFO ] org.springframework.boot.web.embedded.tomcat.TomcatWebServer - Tomcat started on port(s): 8081 (http) with context path ''
2021-03-13 14:43:33.691 [INFO ] springfox.documentation.spring.web.plugins.DocumentationPluginsBootstrapper - Documentation plugins bootstrapped
2021-03-13 14:43:33.694 [INFO ] springfox.documentation.spring.web.plugins.DocumentationPluginsBootstrapper - Found 1 custom documentation plugin(s)
2021-03-13 14:43:33.725 [INFO ] springfox.documentation.spring.web.scanners.ApiListingReferenceScanner - Scanning for api listing references
2021-03-13 14:43:33.847 [INFO ] com.lxw.ReturnHomeApplication - Started ReturnHomeApplication in 4.432 seconds (JVM running for 5.498)
2021-03-13 14:43:49.032 [INFO ] org.apache.catalina.core.ContainerBase.[Tomcat].[localhost].[/] - Initializing Spring DispatcherServlet 'dispatcherServlet'
2021-03-13 14:44:22.646 [INFO ] org.hibernate.validator.internal.util.Version - HV000001: Hibernate Validator 6.1.7.Final
2021-03-13 14:44:22.661 [INFO ] com.lxw.ReturnHomeApplication - Starting ReturnHomeApplication using Java 1.8.0_212 on LAPTOP-K8D3MGN6 with PID 12660 (E:\return-home\returnhome-web\target\classes started by ASUS in E:\return-home)
2021-03-13 14:44:22.662 [INFO ] com.lxw.ReturnHomeApplication - No active profile set, falling back to default profiles: default
2021-03-13 14:44:23.801 [INFO ] org.springframework.context.support.PostProcessorRegistrationDelegate$BeanPostProcessorChecker - Bean 'org.springframework.security.access.expression.method.DefaultMethodSecurityExpressionHandler@8bffb8b' of type [org.springframework.security.access.expression.method.DefaultMethodSecurityExpressionHandler] is not eligible for getting processed by all BeanPostProcessors (for example: not eligible for auto-proxying)
2021-03-13 14:44:23.804 [INFO ] org.springframework.context.support.PostProcessorRegistrationDelegate$BeanPostProcessorChecker - Bean 'methodSecurityMetadataSource' of type [org.springframework.security.access.method.DelegatingMethodSecurityMetadataSource] is not eligible for getting processed by all BeanPostProcessors (for example: not eligible for auto-proxying)
2021-03-13 14:44:23.990 [INFO ] org.springframework.boot.web.embedded.tomcat.TomcatWebServer - Tomcat initialized with port(s): 8081 (http)
2021-03-13 14:44:23.998 [INFO ] org.apache.coyote.http11.Http11NioProtocol - Initializing ProtocolHandler ["http-nio-8081"]
2021-03-13 14:44:23.999 [INFO ] org.apache.catalina.core.StandardService - Starting service [Tomcat]
2021-03-13 14:44:24.000 [INFO ] org.apache.catalina.core.StandardEngine - Starting Servlet engine: [Apache Tomcat/9.0.43]
2021-03-13 14:44:24.001 [INFO ] org.apache.catalina.core.AprLifecycleListener - Loaded Apache Tomcat Native library [1.2.23] using APR version [1.7.0].
2021-03-13 14:44:24.002 [INFO ] org.apache.catalina.core.AprLifecycleListener - APR capabilities: IPv6 [true], sendfile [true], accept filters [false], random [true].
2021-03-13 14:44:24.002 [INFO ] org.apache.catalina.core.AprLifecycleListener - APR/OpenSSL configuration: useAprConnector [false], useOpenSSL [true]
2021-03-13 14:44:24.005 [INFO ] org.apache.catalina.core.AprLifecycleListener - OpenSSL successfully initialized [OpenSSL 1.1.1c  28 May 2019]
2021-03-13 14:44:24.109 [INFO ] org.apache.catalina.core.ContainerBase.[Tomcat].[localhost].[/] - Initializing Spring embedded WebApplicationContext
2021-03-13 14:44:24.110 [INFO ] org.springframework.boot.web.servlet.context.ServletWebServerApplicationContext - Root WebApplicationContext: initialization completed in 1387 ms
2021-03-13 14:44:24.311 [INFO ] com.alibaba.druid.spring.boot.autoconfigure.DruidDataSourceAutoConfigure - Init DruidDataSource
2021-03-13 14:44:24.542 [INFO ] com.alibaba.druid.pool.DruidDataSource - {dataSource-1} inited
2021-03-13 14:44:26.112 [INFO ] springfox.documentation.spring.web.WebMvcPropertySourcedRequestMappingHandlerMapping - Mapped URL path [/v2/api-docs] onto method [springfox.documentation.swagger2.web.Swagger2ControllerWebMvc#getDocumentation(String, HttpServletRequest)]
2021-03-13 14:44:26.212 [INFO ] org.springframework.security.web.DefaultSecurityFilterChain - Will secure any request with [org.springframework.security.web.context.request.async.WebAsyncManagerIntegrationFilter@74b86971, org.springframework.security.web.context.SecurityContextPersistenceFilter@478b0739, org.springframework.security.web.header.HeaderWriterFilter@7edb6fca, org.springframework.web.filter.CorsFilter@1f9d4b0e, org.springframework.security.web.authentication.logout.LogoutFilter@36790bec, com.lxw.fliter.JwtAuthenticationFilter@1e8fb66f, org.springframework.security.web.authentication.UsernamePasswordAuthenticationFilter@679dd234, com.lxw.fliter.JwtAuthorizationFilter@3d8d17a3, org.springframework.security.web.savedrequest.RequestCacheAwareFilter@51f95f0d, org.springframework.security.web.servletapi.SecurityContextHolderAwareRequestFilter@609319c3, org.springframework.security.web.authentication.AnonymousAuthenticationFilter@ac91282, org.springframework.security.web.session.SessionManagementFilter@716185fe, org.springframework.security.web.access.ExceptionTranslationFilter@2349f14d, org.springframework.security.web.access.intercept.FilterSecurityInterceptor@39941489]
2021-03-13 14:44:26.269 [INFO ] org.springframework.scheduling.concurrent.ThreadPoolTaskExecutor - Initializing ExecutorService 'applicationTaskExecutor'
2021-03-13 14:44:26.443 [INFO ] org.apache.coyote.http11.Http11NioProtocol - Starting ProtocolHandler ["http-nio-8081"]
2021-03-13 14:44:26.460 [INFO ] org.springframework.boot.web.embedded.tomcat.TomcatWebServer - Tomcat started on port(s): 8081 (http) with context path ''
2021-03-13 14:44:26.460 [INFO ] springfox.documentation.spring.web.plugins.DocumentationPluginsBootstrapper - Documentation plugins bootstrapped
2021-03-13 14:44:26.463 [INFO ] springfox.documentation.spring.web.plugins.DocumentationPluginsBootstrapper - Found 1 custom documentation plugin(s)
2021-03-13 14:44:26.489 [INFO ] springfox.documentation.spring.web.scanners.ApiListingReferenceScanner - Scanning for api listing references
2021-03-13 14:44:26.615 [INFO ] com.lxw.ReturnHomeApplication - Started ReturnHomeApplication in 4.551 seconds (JVM running for 5.63)
2021-03-13 14:44:29.321 [INFO ] org.apache.catalina.core.ContainerBase.[Tomcat].[localhost].[/] - Initializing Spring DispatcherServlet 'dispatcherServlet'
2021-03-13 15:07:18.580 [INFO ] com.lxw.ReturnHomeApplication - Starting ReturnHomeApplication using Java 1.8.0_212 on LAPTOP-K8D3MGN6 with PID 3084 (E:\return-home\returnhome-web\target\classes started by ASUS in E:\return-home)
2021-03-13 15:07:18.556 [INFO ] org.hibernate.validator.internal.util.Version - HV000001: Hibernate Validator 6.1.7.Final
2021-03-13 15:07:18.605 [INFO ] com.lxw.ReturnHomeApplication - No active profile set, falling back to default profiles: default
2021-03-13 15:07:24.125 [INFO ] org.springframework.context.support.PostProcessorRegistrationDelegate$BeanPostProcessorChecker - Bean 'org.springframework.security.access.expression.method.DefaultMethodSecurityExpressionHandler@1f51431' of type [org.springframework.security.access.expression.method.DefaultMethodSecurityExpressionHandler] is not eligible for getting processed by all BeanPostProcessors (for example: not eligible for auto-proxying)
2021-03-13 15:07:24.139 [INFO ] org.springframework.context.support.PostProcessorRegistrationDelegate$BeanPostProcessorChecker - Bean 'methodSecurityMetadataSource' of type [org.springframework.security.access.method.DelegatingMethodSecurityMetadataSource] is not eligible for getting processed by all BeanPostProcessors (for example: not eligible for auto-proxying)
2021-03-13 15:07:25.288 [INFO ] org.springframework.boot.web.embedded.tomcat.TomcatWebServer - Tomcat initialized with port(s): 8081 (http)
2021-03-13 15:07:25.319 [INFO ] org.apache.coyote.http11.Http11NioProtocol - Initializing ProtocolHandler ["http-nio-8081"]
2021-03-13 15:07:25.322 [INFO ] org.apache.catalina.core.StandardService - Starting service [Tomcat]
2021-03-13 15:07:25.323 [INFO ] org.apache.catalina.core.StandardEngine - Starting Servlet engine: [Apache Tomcat/9.0.43]
2021-03-13 15:07:25.330 [INFO ] org.apache.catalina.core.AprLifecycleListener - Loaded Apache Tomcat Native library [1.2.23] using APR version [1.7.0].
2021-03-13 15:07:25.331 [INFO ] org.apache.catalina.core.AprLifecycleListener - APR capabilities: IPv6 [true], sendfile [true], accept filters [false], random [true].
2021-03-13 15:07:25.332 [INFO ] org.apache.catalina.core.AprLifecycleListener - APR/OpenSSL configuration: useAprConnector [false], useOpenSSL [true]
2021-03-13 15:07:25.399 [INFO ] org.apache.catalina.core.AprLifecycleListener - OpenSSL successfully initialized [OpenSSL 1.1.1c  28 May 2019]
2021-03-13 15:07:25.810 [INFO ] org.apache.catalina.core.ContainerBase.[Tomcat].[localhost].[/] - Initializing Spring embedded WebApplicationContext
2021-03-13 15:07:25.811 [INFO ] org.springframework.boot.web.servlet.context.ServletWebServerApplicationContext - Root WebApplicationContext: initialization completed in 6957 ms
2021-03-13 15:07:26.599 [INFO ] com.alibaba.druid.spring.boot.autoconfigure.DruidDataSourceAutoConfigure - Init DruidDataSource
2021-03-13 15:07:27.720 [INFO ] com.alibaba.druid.pool.DruidDataSource - {dataSource-1} inited
2021-03-13 15:07:31.636 [INFO ] springfox.documentation.spring.web.WebMvcPropertySourcedRequestMappingHandlerMapping - Mapped URL path [/v2/api-docs] onto method [springfox.documentation.swagger2.web.Swagger2ControllerWebMvc#getDocumentation(String, HttpServletRequest)]
2021-03-13 15:07:31.815 [INFO ] org.springframework.security.web.DefaultSecurityFilterChain - Will secure any request with [org.springframework.security.web.context.request.async.WebAsyncManagerIntegrationFilter@3e214105, org.springframework.security.web.context.SecurityContextPersistenceFilter@4978777f, org.springframework.security.web.header.HeaderWriterFilter@6ea246af, org.springframework.web.filter.CorsFilter@da4cf09, org.springframework.security.web.authentication.logout.LogoutFilter@144ab983, com.lxw.fliter.JwtAuthenticationFilter@1980a3f, org.springframework.security.web.authentication.UsernamePasswordAuthenticationFilter@61a2aeb7, com.lxw.fliter.JwtAuthorizationFilter@67f63d26, org.springframework.security.web.savedrequest.RequestCacheAwareFilter@67bd351e, org.springframework.security.web.servletapi.SecurityContextHolderAwareRequestFilter@47248a48, org.springframework.security.web.authentication.AnonymousAuthenticationFilter@536b71b4, org.springframework.security.web.session.SessionManagementFilter@1b90fee4, org.springframework.security.web.access.ExceptionTranslationFilter@1084ac45, org.springframework.security.web.access.intercept.FilterSecurityInterceptor@3a4aadf8]
2021-03-13 15:07:31.892 [INFO ] org.springframework.scheduling.concurrent.ThreadPoolTaskExecutor - Initializing ExecutorService 'applicationTaskExecutor'
2021-03-13 15:07:32.429 [INFO ] org.apache.coyote.http11.Http11NioProtocol - Starting ProtocolHandler ["http-nio-8081"]
2021-03-13 15:07:32.467 [INFO ] org.springframework.boot.web.embedded.tomcat.TomcatWebServer - Tomcat started on port(s): 8081 (http) with context path ''
2021-03-13 15:07:32.469 [INFO ] springfox.documentation.spring.web.plugins.DocumentationPluginsBootstrapper - Documentation plugins bootstrapped
2021-03-13 15:07:32.472 [INFO ] springfox.documentation.spring.web.plugins.DocumentationPluginsBootstrapper - Found 1 custom documentation plugin(s)
2021-03-13 15:07:32.511 [INFO ] springfox.documentation.spring.web.scanners.ApiListingReferenceScanner - Scanning for api listing references
2021-03-13 15:07:32.758 [INFO ] com.lxw.ReturnHomeApplication - Started ReturnHomeApplication in 16.658 seconds (JVM running for 19.696)
2021-03-13 15:13:30.148 [INFO ] org.apache.catalina.core.ContainerBase.[Tomcat].[localhost].[/] - Initializing Spring DispatcherServlet 'dispatcherServlet'
2021-03-13 15:16:15.574 [INFO ] org.hibernate.validator.internal.util.Version - HV000001: Hibernate Validator 6.1.7.Final
2021-03-13 15:16:15.580 [INFO ] com.lxw.ReturnHomeApplication - Starting ReturnHomeApplication using Java 1.8.0_212 on LAPTOP-K8D3MGN6 with PID 14804 (E:\return-home\returnhome-web\target\classes started by ASUS in E:\return-home)
2021-03-13 15:16:15.581 [INFO ] com.lxw.ReturnHomeApplication - No active profile set, falling back to default profiles: default
2021-03-13 15:16:17.121 [INFO ] org.springframework.context.support.PostProcessorRegistrationDelegate$BeanPostProcessorChecker - Bean 'org.springframework.security.access.expression.method.DefaultMethodSecurityExpressionHandler@26a2f7f9' of type [org.springframework.security.access.expression.method.DefaultMethodSecurityExpressionHandler] is not eligible for getting processed by all BeanPostProcessors (for example: not eligible for auto-proxying)
2021-03-13 15:16:17.126 [INFO ] org.springframework.context.support.PostProcessorRegistrationDelegate$BeanPostProcessorChecker - Bean 'methodSecurityMetadataSource' of type [org.springframework.security.access.method.DelegatingMethodSecurityMetadataSource] is not eligible for getting processed by all BeanPostProcessors (for example: not eligible for auto-proxying)
2021-03-13 15:16:17.399 [INFO ] org.springframework.boot.web.embedded.tomcat.TomcatWebServer - Tomcat initialized with port(s): 8081 (http)
2021-03-13 15:16:17.409 [INFO ] org.apache.coyote.http11.Http11NioProtocol - Initializing ProtocolHandler ["http-nio-8081"]
2021-03-13 15:16:17.410 [INFO ] org.apache.catalina.core.StandardService - Starting service [Tomcat]
2021-03-13 15:16:17.410 [INFO ] org.apache.catalina.core.StandardEngine - Starting Servlet engine: [Apache Tomcat/9.0.43]
2021-03-13 15:16:17.412 [INFO ] org.apache.catalina.core.AprLifecycleListener - Loaded Apache Tomcat Native library [1.2.23] using APR version [1.7.0].
2021-03-13 15:16:17.412 [INFO ] org.apache.catalina.core.AprLifecycleListener - APR capabilities: IPv6 [true], sendfile [true], accept filters [false], random [true].
2021-03-13 15:16:17.413 [INFO ] org.apache.catalina.core.AprLifecycleListener - APR/OpenSSL configuration: useAprConnector [false], useOpenSSL [true]
2021-03-13 15:16:17.417 [INFO ] org.apache.catalina.core.AprLifecycleListener - OpenSSL successfully initialized [OpenSSL 1.1.1c  28 May 2019]
2021-03-13 15:16:17.520 [INFO ] org.apache.catalina.core.ContainerBase.[Tomcat].[localhost].[/] - Initializing Spring embedded WebApplicationContext
2021-03-13 15:16:17.520 [INFO ] org.springframework.boot.web.servlet.context.ServletWebServerApplicationContext - Root WebApplicationContext: initialization completed in 1873 ms
2021-03-13 15:16:17.802 [INFO ] com.alibaba.druid.spring.boot.autoconfigure.DruidDataSourceAutoConfigure - Init DruidDataSource
2021-03-13 15:16:18.140 [INFO ] com.alibaba.druid.pool.DruidDataSource - {dataSource-1} inited
2021-03-13 15:16:20.328 [INFO ] springfox.documentation.spring.web.WebMvcPropertySourcedRequestMappingHandlerMapping - Mapped URL path [/v2/api-docs] onto method [springfox.documentation.swagger2.web.Swagger2ControllerWebMvc#getDocumentation(String, HttpServletRequest)]
2021-03-13 15:16:20.501 [INFO ] org.springframework.security.web.DefaultSecurityFilterChain - Will secure any request with [org.springframework.security.web.context.request.async.WebAsyncManagerIntegrationFilter@7c40ffef, org.springframework.security.web.context.SecurityContextPersistenceFilter@7ebe2e47, org.springframework.security.web.header.HeaderWriterFilter@6fc0bbc6, org.springframework.web.filter.CorsFilter@286855ea, org.springframework.security.web.authentication.logout.LogoutFilter@5d152bcd, com.lxw.fliter.JwtAuthenticationFilter@64aeaf29, org.springframework.security.web.authentication.UsernamePasswordAuthenticationFilter@b791a81, com.lxw.fliter.JwtAuthorizationFilter@1e3df614, org.springframework.security.web.savedrequest.RequestCacheAwareFilter@6bbab114, org.springframework.security.web.servletapi.SecurityContextHolderAwareRequestFilter@72bd2871, org.springframework.security.web.authentication.AnonymousAuthenticationFilter@6579cdbb, org.springframework.security.web.session.SessionManagementFilter@fd09e43, org.springframework.security.web.access.ExceptionTranslationFilter@2cca611f, org.springframework.security.web.access.intercept.FilterSecurityInterceptor@40d52be7]
2021-03-13 15:16:20.603 [INFO ] org.springframework.scheduling.concurrent.ThreadPoolTaskExecutor - Initializing ExecutorService 'applicationTaskExecutor'
2021-03-13 15:16:20.781 [INFO ] org.apache.coyote.http11.Http11NioProtocol - Starting ProtocolHandler ["http-nio-8081"]
2021-03-13 15:16:20.801 [INFO ] org.springframework.boot.web.embedded.tomcat.TomcatWebServer - Tomcat started on port(s): 8081 (http) with context path ''
2021-03-13 15:16:20.803 [INFO ] springfox.documentation.spring.web.plugins.DocumentationPluginsBootstrapper - Documentation plugins bootstrapped
2021-03-13 15:16:20.806 [INFO ] springfox.documentation.spring.web.plugins.DocumentationPluginsBootstrapper - Found 1 custom documentation plugin(s)
2021-03-13 15:16:20.854 [INFO ] springfox.documentation.spring.web.scanners.ApiListingReferenceScanner - Scanning for api listing references
2021-03-13 15:16:21.088 [INFO ] com.lxw.ReturnHomeApplication - Started ReturnHomeApplication in 6.252 seconds (JVM running for 7.595)
2021-03-13 15:16:32.889 [INFO ] org.apache.catalina.core.ContainerBase.[Tomcat].[localhost].[/] - Initializing Spring DispatcherServlet 'dispatcherServlet'
2021-03-13 15:17:01.017 [INFO ] org.hibernate.validator.internal.util.Version - HV000001: Hibernate Validator 6.1.7.Final
2021-03-13 15:17:01.016 [INFO ] com.lxw.ReturnHomeApplication - Starting ReturnHomeApplication using Java 1.8.0_212 on LAPTOP-K8D3MGN6 with PID 12216 (E:\return-home\returnhome-web\target\classes started by ASUS in E:\return-home)
2021-03-13 15:17:01.024 [INFO ] com.lxw.ReturnHomeApplication - No active profile set, falling back to default profiles: default
2021-03-13 15:17:02.648 [INFO ] org.springframework.context.support.PostProcessorRegistrationDelegate$BeanPostProcessorChecker - Bean 'org.springframework.security.access.expression.method.DefaultMethodSecurityExpressionHandler@5c10285a' of type [org.springframework.security.access.expression.method.DefaultMethodSecurityExpressionHandler] is not eligible for getting processed by all BeanPostProcessors (for example: not eligible for auto-proxying)
2021-03-13 15:17:02.653 [INFO ] org.springframework.context.support.PostProcessorRegistrationDelegate$BeanPostProcessorChecker - Bean 'methodSecurityMetadataSource' of type [org.springframework.security.access.method.DelegatingMethodSecurityMetadataSource] is not eligible for getting processed by all BeanPostProcessors (for example: not eligible for auto-proxying)
2021-03-13 15:17:02.921 [INFO ] org.springframework.boot.web.embedded.tomcat.TomcatWebServer - Tomcat initialized with port(s): 8081 (http)
2021-03-13 15:17:02.930 [INFO ] org.apache.coyote.http11.Http11NioProtocol - Initializing ProtocolHandler ["http-nio-8081"]
2021-03-13 15:17:02.930 [INFO ] org.apache.catalina.core.StandardService - Starting service [Tomcat]
2021-03-13 15:17:02.931 [INFO ] org.apache.catalina.core.StandardEngine - Starting Servlet engine: [Apache Tomcat/9.0.43]
2021-03-13 15:17:02.932 [INFO ] org.apache.catalina.core.AprLifecycleListener - Loaded Apache Tomcat Native library [1.2.23] using APR version [1.7.0].
2021-03-13 15:17:02.932 [INFO ] org.apache.catalina.core.AprLifecycleListener - APR capabilities: IPv6 [true], sendfile [true], accept filters [false], random [true].
2021-03-13 15:17:02.933 [INFO ] org.apache.catalina.core.AprLifecycleListener - APR/OpenSSL configuration: useAprConnector [false], useOpenSSL [true]
2021-03-13 15:17:02.936 [INFO ] org.apache.catalina.core.AprLifecycleListener - OpenSSL successfully initialized [OpenSSL 1.1.1c  28 May 2019]
2021-03-13 15:17:03.036 [INFO ] org.apache.catalina.core.ContainerBase.[Tomcat].[localhost].[/] - Initializing Spring embedded WebApplicationContext
2021-03-13 15:17:03.037 [INFO ] org.springframework.boot.web.servlet.context.ServletWebServerApplicationContext - Root WebApplicationContext: initialization completed in 1946 ms
2021-03-13 15:17:03.333 [INFO ] com.alibaba.druid.spring.boot.autoconfigure.DruidDataSourceAutoConfigure - Init DruidDataSource
2021-03-13 15:17:03.641 [INFO ] com.alibaba.druid.pool.DruidDataSource - {dataSource-1} inited
2021-03-13 15:17:06.070 [INFO ] springfox.documentation.spring.web.WebMvcPropertySourcedRequestMappingHandlerMapping - Mapped URL path [/v2/api-docs] onto method [springfox.documentation.swagger2.web.Swagger2ControllerWebMvc#getDocumentation(String, HttpServletRequest)]
2021-03-13 15:17:06.210 [INFO ] org.springframework.security.web.DefaultSecurityFilterChain - Will secure any request with [org.springframework.security.web.context.request.async.WebAsyncManagerIntegrationFilter@74b86971, org.springframework.security.web.context.SecurityContextPersistenceFilter@2cca611f, org.springframework.security.web.header.HeaderWriterFilter@1dcedc93, org.springframework.web.filter.CorsFilter@1f9d4b0e, org.springframework.security.web.authentication.logout.LogoutFilter@461c3709, com.lxw.fliter.JwtAuthenticationFilter@1e8fb66f, org.springframework.security.web.authentication.UsernamePasswordAuthenticationFilter@679dd234, com.lxw.fliter.JwtAuthorizationFilter@3d8d17a3, org.springframework.security.web.savedrequest.RequestCacheAwareFilter@6fc0bbc6, org.springframework.security.web.servletapi.SecurityContextHolderAwareRequestFilter@6bbab114, org.springframework.security.web.authentication.AnonymousAuthenticationFilter@ac91282, org.springframework.security.web.session.SessionManagementFilter@628b819d, org.springframework.security.web.access.ExceptionTranslationFilter@17e0933c, org.springframework.security.web.access.intercept.FilterSecurityInterceptor@39941489]
2021-03-13 15:17:06.269 [INFO ] org.springframework.scheduling.concurrent.ThreadPoolTaskExecutor - Initializing ExecutorService 'applicationTaskExecutor'
2021-03-13 15:17:06.462 [INFO ] org.apache.coyote.http11.Http11NioProtocol - Starting ProtocolHandler ["http-nio-8081"]
2021-03-13 15:17:06.482 [INFO ] org.springframework.boot.web.embedded.tomcat.TomcatWebServer - Tomcat started on port(s): 8081 (http) with context path ''
2021-03-13 15:17:06.483 [INFO ] springfox.documentation.spring.web.plugins.DocumentationPluginsBootstrapper - Documentation plugins bootstrapped
2021-03-13 15:17:06.486 [INFO ] springfox.documentation.spring.web.plugins.DocumentationPluginsBootstrapper - Found 1 custom documentation plugin(s)
2021-03-13 15:17:06.521 [INFO ] springfox.documentation.spring.web.scanners.ApiListingReferenceScanner - Scanning for api listing references
2021-03-13 15:17:06.717 [INFO ] com.lxw.ReturnHomeApplication - Started ReturnHomeApplication in 6.612 seconds (JVM running for 7.947)
2021-03-13 15:17:13.298 [INFO ] org.apache.catalina.core.ContainerBase.[Tomcat].[localhost].[/] - Initializing Spring DispatcherServlet 'dispatcherServlet'
2021-03-13 15:18:55.135 [INFO ] org.hibernate.validator.internal.util.Version - HV000001: Hibernate Validator 6.1.7.Final
2021-03-13 15:18:55.139 [INFO ] com.lxw.ReturnHomeApplication - Starting ReturnHomeApplication using Java 1.8.0_212 on LAPTOP-K8D3MGN6 with PID 15208 (E:\return-home\returnhome-web\target\classes started by ASUS in E:\return-home)
2021-03-13 15:18:55.141 [INFO ] com.lxw.ReturnHomeApplication - No active profile set, falling back to default profiles: default
2021-03-13 15:18:56.851 [INFO ] org.springframework.context.support.PostProcessorRegistrationDelegate$BeanPostProcessorChecker - Bean 'org.springframework.security.access.expression.method.DefaultMethodSecurityExpressionHandler@1f51431' of type [org.springframework.security.access.expression.method.DefaultMethodSecurityExpressionHandler] is not eligible for getting processed by all BeanPostProcessors (for example: not eligible for auto-proxying)
2021-03-13 15:18:56.857 [INFO ] org.springframework.context.support.PostProcessorRegistrationDelegate$BeanPostProcessorChecker - Bean 'methodSecurityMetadataSource' of type [org.springframework.security.access.method.DelegatingMethodSecurityMetadataSource] is not eligible for getting processed by all BeanPostProcessors (for example: not eligible for auto-proxying)
2021-03-13 15:18:57.111 [INFO ] org.springframework.boot.web.embedded.tomcat.TomcatWebServer - Tomcat initialized with port(s): 8081 (http)
2021-03-13 15:18:57.121 [INFO ] org.apache.coyote.http11.Http11NioProtocol - Initializing ProtocolHandler ["http-nio-8081"]
2021-03-13 15:18:57.122 [INFO ] org.apache.catalina.core.StandardService - Starting service [Tomcat]
2021-03-13 15:18:57.123 [INFO ] org.apache.catalina.core.StandardEngine - Starting Servlet engine: [Apache Tomcat/9.0.43]
2021-03-13 15:18:57.125 [INFO ] org.apache.catalina.core.AprLifecycleListener - Loaded Apache Tomcat Native library [1.2.23] using APR version [1.7.0].
2021-03-13 15:18:57.125 [INFO ] org.apache.catalina.core.AprLifecycleListener - APR capabilities: IPv6 [true], sendfile [true], accept filters [false], random [true].
2021-03-13 15:18:57.125 [INFO ] org.apache.catalina.core.AprLifecycleListener - APR/OpenSSL configuration: useAprConnector [false], useOpenSSL [true]
2021-03-13 15:18:57.129 [INFO ] org.apache.catalina.core.AprLifecycleListener - OpenSSL successfully initialized [OpenSSL 1.1.1c  28 May 2019]
2021-03-13 15:18:57.288 [INFO ] org.apache.catalina.core.ContainerBase.[Tomcat].[localhost].[/] - Initializing Spring embedded WebApplicationContext
2021-03-13 15:18:57.289 [INFO ] org.springframework.boot.web.servlet.context.ServletWebServerApplicationContext - Root WebApplicationContext: initialization completed in 2065 ms
2021-03-13 15:18:57.679 [INFO ] com.alibaba.druid.spring.boot.autoconfigure.DruidDataSourceAutoConfigure - Init DruidDataSource
2021-03-13 15:18:57.996 [INFO ] com.alibaba.druid.pool.DruidDataSource - {dataSource-1} inited
2021-03-13 15:19:00.331 [INFO ] springfox.documentation.spring.web.WebMvcPropertySourcedRequestMappingHandlerMapping - Mapped URL path [/v2/api-docs] onto method [springfox.documentation.swagger2.web.Swagger2ControllerWebMvc#getDocumentation(String, HttpServletRequest)]
2021-03-13 15:19:00.478 [INFO ] org.springframework.security.web.DefaultSecurityFilterChain - Will secure any request with [org.springframework.security.web.context.request.async.WebAsyncManagerIntegrationFilter@679dd234, org.springframework.security.web.context.SecurityContextPersistenceFilter@17e0933c, org.springframework.security.web.header.HeaderWriterFilter@7066363, org.springframework.web.filter.CorsFilter@60cb1ed6, org.springframework.security.web.authentication.logout.LogoutFilter@77429040, com.lxw.fliter.JwtAuthenticationFilter@1e5eb20a, org.springframework.security.web.authentication.UsernamePasswordAuthenticationFilter@789c3057, com.lxw.fliter.JwtAuthorizationFilter@4538856f, org.springframework.security.web.savedrequest.RequestCacheAwareFilter@1dcedc93, org.springframework.security.web.servletapi.SecurityContextHolderAwareRequestFilter@6fc0bbc6, org.springframework.security.web.authentication.AnonymousAuthenticationFilter@4c3de38e, org.springframework.security.web.session.SessionManagementFilter@47248a48, org.springframework.security.web.access.ExceptionTranslationFilter@468e8565, org.springframework.security.web.access.intercept.FilterSecurityInterceptor@da4cf09]
2021-03-13 15:19:00.539 [INFO ] org.springframework.scheduling.concurrent.ThreadPoolTaskExecutor - Initializing ExecutorService 'applicationTaskExecutor'
2021-03-13 15:19:00.719 [INFO ] org.apache.coyote.http11.Http11NioProtocol - Starting ProtocolHandler ["http-nio-8081"]
2021-03-13 15:19:00.737 [INFO ] org.springframework.boot.web.embedded.tomcat.TomcatWebServer - Tomcat started on port(s): 8081 (http) with context path ''
2021-03-13 15:19:00.739 [INFO ] springfox.documentation.spring.web.plugins.DocumentationPluginsBootstrapper - Documentation plugins bootstrapped
2021-03-13 15:19:00.742 [INFO ] springfox.documentation.spring.web.plugins.DocumentationPluginsBootstrapper - Found 1 custom documentation plugin(s)
2021-03-13 15:19:00.777 [INFO ] springfox.documentation.spring.web.scanners.ApiListingReferenceScanner - Scanning for api listing references
2021-03-13 15:19:00.920 [INFO ] com.lxw.ReturnHomeApplication - Started ReturnHomeApplication in 6.575 seconds (JVM running for 8.174)
2021-03-13 15:19:06.355 [INFO ] org.apache.catalina.core.ContainerBase.[Tomcat].[localhost].[/] - Initializing Spring DispatcherServlet 'dispatcherServlet'
2021-03-13 16:06:38.675 [INFO ] com.lxw.ReturnHomeApplication - Starting ReturnHomeApplication using Java 1.8.0_212 on LAPTOP-K8D3MGN6 with PID 10076 (E:\return-home\returnhome-web\target\classes started by ASUS in E:\return-home)
2021-03-13 16:06:38.679 [INFO ] org.hibernate.validator.internal.util.Version - HV000001: Hibernate Validator 6.1.7.Final
2021-03-13 16:06:38.681 [INFO ] com.lxw.ReturnHomeApplication - No active profile set, falling back to default profiles: default
2021-03-13 16:06:40.470 [INFO ] org.springframework.context.support.PostProcessorRegistrationDelegate$BeanPostProcessorChecker - Bean 'org.springframework.security.access.expression.method.DefaultMethodSecurityExpressionHandler@6f38a289' of type [org.springframework.security.access.expression.method.DefaultMethodSecurityExpressionHandler] is not eligible for getting processed by all BeanPostProcessors (for example: not eligible for auto-proxying)
2021-03-13 16:06:40.473 [INFO ] org.springframework.context.support.PostProcessorRegistrationDelegate$BeanPostProcessorChecker - Bean 'methodSecurityMetadataSource' of type [org.springframework.security.access.method.DelegatingMethodSecurityMetadataSource] is not eligible for getting processed by all BeanPostProcessors (for example: not eligible for auto-proxying)
2021-03-13 16:06:40.699 [INFO ] org.springframework.boot.web.embedded.tomcat.TomcatWebServer - Tomcat initialized with port(s): 8081 (http)
2021-03-13 16:06:40.708 [INFO ] org.apache.coyote.http11.Http11NioProtocol - Initializing ProtocolHandler ["http-nio-8081"]
2021-03-13 16:06:40.708 [INFO ] org.apache.catalina.core.StandardService - Starting service [Tomcat]
2021-03-13 16:06:40.709 [INFO ] org.apache.catalina.core.StandardEngine - Starting Servlet engine: [Apache Tomcat/9.0.43]
2021-03-13 16:06:40.710 [INFO ] org.apache.catalina.core.AprLifecycleListener - Loaded Apache Tomcat Native library [1.2.23] using APR version [1.7.0].
2021-03-13 16:06:40.710 [INFO ] org.apache.catalina.core.AprLifecycleListener - APR capabilities: IPv6 [true], sendfile [true], accept filters [false], random [true].
2021-03-13 16:06:40.711 [INFO ] org.apache.catalina.core.AprLifecycleListener - APR/OpenSSL configuration: useAprConnector [false], useOpenSSL [true]
2021-03-13 16:06:40.714 [INFO ] org.apache.catalina.core.AprLifecycleListener - OpenSSL successfully initialized [OpenSSL 1.1.1c  28 May 2019]
2021-03-13 16:06:40.815 [INFO ] org.apache.catalina.core.ContainerBase.[Tomcat].[localhost].[/] - Initializing Spring embedded WebApplicationContext
2021-03-13 16:06:40.816 [INFO ] org.springframework.boot.web.servlet.context.ServletWebServerApplicationContext - Root WebApplicationContext: initialization completed in 2042 ms
2021-03-13 16:06:41.118 [INFO ] com.alibaba.druid.spring.boot.autoconfigure.DruidDataSourceAutoConfigure - Init DruidDataSource
2021-03-13 16:06:41.412 [INFO ] com.alibaba.druid.pool.DruidDataSource - {dataSource-1} inited
2021-03-13 16:06:43.371 [INFO ] springfox.documentation.spring.web.WebMvcPropertySourcedRequestMappingHandlerMapping - Mapped URL path [/v2/api-docs] onto method [springfox.documentation.swagger2.web.Swagger2ControllerWebMvc#getDocumentation(String, HttpServletRequest)]
2021-03-13 16:06:43.538 [INFO ] org.springframework.security.web.DefaultSecurityFilterChain - Will secure any request with [org.springframework.security.web.context.request.async.WebAsyncManagerIntegrationFilter@3d8d17a3, org.springframework.security.web.context.SecurityContextPersistenceFilter@6fc0bbc6, org.springframework.security.web.header.HeaderWriterFilter@628b819d, org.springframework.web.filter.CorsFilter@ac91282, org.springframework.security.web.authentication.logout.LogoutFilter@3f63a513, com.lxw.fliter.JwtAuthenticationFilter@7f79edee, org.springframework.security.web.authentication.UsernamePasswordAuthenticationFilter@4538856f, com.lxw.fliter.JwtAuthorizationFilter@1ca610a0, org.springframework.security.web.savedrequest.RequestCacheAwareFilter@fd09e43, org.springframework.security.web.servletapi.SecurityContextHolderAwareRequestFilter@25be445f, org.springframework.security.web.authentication.AnonymousAuthenticationFilter@49433c98, org.springframework.security.web.session.SessionManagementFilter@2cca611f, org.springframework.security.web.access.ExceptionTranslationFilter@1dcedc93, org.springframework.security.web.access.intercept.FilterSecurityInterceptor@7e34b127]
2021-03-13 16:06:43.616 [INFO ] org.springframework.scheduling.concurrent.ThreadPoolTaskExecutor - Initializing ExecutorService 'applicationTaskExecutor'
2021-03-13 16:06:43.805 [INFO ] org.apache.coyote.http11.Http11NioProtocol - Starting ProtocolHandler ["http-nio-8081"]
2021-03-13 16:06:43.826 [INFO ] org.springframework.boot.web.embedded.tomcat.TomcatWebServer - Tomcat started on port(s): 8081 (http) with context path ''
2021-03-13 16:06:43.828 [INFO ] springfox.documentation.spring.web.plugins.DocumentationPluginsBootstrapper - Documentation plugins bootstrapped
2021-03-13 16:06:43.832 [INFO ] springfox.documentation.spring.web.plugins.DocumentationPluginsBootstrapper - Found 1 custom documentation plugin(s)
2021-03-13 16:06:43.868 [INFO ] springfox.documentation.spring.web.scanners.ApiListingReferenceScanner - Scanning for api listing references
2021-03-13 16:06:44.020 [INFO ] com.lxw.ReturnHomeApplication - Started ReturnHomeApplication in 6.143 seconds (JVM running for 7.558)
2021-03-13 16:07:14.493 [INFO ] org.apache.catalina.core.ContainerBase.[Tomcat].[localhost].[/] - Initializing Spring DispatcherServlet 'dispatcherServlet'
2021-03-13 22:13:22.686 [INFO ] org.hibernate.validator.internal.util.Version - HV000001: Hibernate Validator 6.1.7.Final
2021-03-13 22:13:22.840 [INFO ] com.lxw.ReturnHomeApplication - Starting ReturnHomeApplication using Java 1.8.0_212 on LAPTOP-K8D3MGN6 with PID 4048 (E:\return-home\returnhome-web\target\classes started by ASUS in E:\return-home)
2021-03-13 22:13:22.841 [INFO ] com.lxw.ReturnHomeApplication - No active profile set, falling back to default profiles: default
2021-03-13 22:13:26.464 [INFO ] org.springframework.context.support.PostProcessorRegistrationDelegate$BeanPostProcessorChecker - Bean 'org.springframework.security.access.expression.method.DefaultMethodSecurityExpressionHandler@dc7b462' of type [org.springframework.security.access.expression.method.DefaultMethodSecurityExpressionHandler] is not eligible for getting processed by all BeanPostProcessors (for example: not eligible for auto-proxying)
2021-03-13 22:13:26.468 [INFO ] org.springframework.context.support.PostProcessorRegistrationDelegate$BeanPostProcessorChecker - Bean 'methodSecurityMetadataSource' of type [org.springframework.security.access.method.DelegatingMethodSecurityMetadataSource] is not eligible for getting processed by all BeanPostProcessors (for example: not eligible for auto-proxying)
2021-03-13 22:13:27.099 [INFO ] org.springframework.boot.web.embedded.tomcat.TomcatWebServer - Tomcat initialized with port(s): 8081 (http)
2021-03-13 22:13:27.108 [INFO ] org.apache.coyote.http11.Http11NioProtocol - Initializing ProtocolHandler ["http-nio-8081"]
2021-03-13 22:13:27.108 [INFO ] org.apache.catalina.core.StandardService - Starting service [Tomcat]
2021-03-13 22:13:27.109 [INFO ] org.apache.catalina.core.StandardEngine - Starting Servlet engine: [Apache Tomcat/9.0.43]
2021-03-13 22:13:27.110 [INFO ] org.apache.catalina.core.AprLifecycleListener - Loaded Apache Tomcat Native library [1.2.23] using APR version [1.7.0].
2021-03-13 22:13:27.111 [INFO ] org.apache.catalina.core.AprLifecycleListener - APR capabilities: IPv6 [true], sendfile [true], accept filters [false], random [true].
2021-03-13 22:13:27.111 [INFO ] org.apache.catalina.core.AprLifecycleListener - APR/OpenSSL configuration: useAprConnector [false], useOpenSSL [true]
2021-03-13 22:13:27.115 [INFO ] org.apache.catalina.core.AprLifecycleListener - OpenSSL successfully initialized [OpenSSL 1.1.1c  28 May 2019]
2021-03-13 22:13:27.243 [INFO ] org.apache.catalina.core.ContainerBase.[Tomcat].[localhost].[/] - Initializing Spring embedded WebApplicationContext
2021-03-13 22:13:27.243 [INFO ] org.springframework.boot.web.servlet.context.ServletWebServerApplicationContext - Root WebApplicationContext: initialization completed in 4254 ms
2021-03-13 22:13:27.698 [INFO ] com.alibaba.druid.spring.boot.autoconfigure.DruidDataSourceAutoConfigure - Init DruidDataSource
2021-03-13 22:13:28.268 [INFO ] com.alibaba.druid.pool.DruidDataSource - {dataSource-1} inited
2021-03-13 22:13:30.552 [INFO ] springfox.documentation.spring.web.WebMvcPropertySourcedRequestMappingHandlerMapping - Mapped URL path [/v2/api-docs] onto method [springfox.documentation.swagger2.web.Swagger2ControllerWebMvc#getDocumentation(String, HttpServletRequest)]
2021-03-13 22:13:30.662 [INFO ] org.springframework.security.web.DefaultSecurityFilterChain - Will secure any request with [org.springframework.security.web.context.request.async.WebAsyncManagerIntegrationFilter@b5c6a30, org.springframework.security.web.context.SecurityContextPersistenceFilter@478b0739, org.springframework.security.web.header.HeaderWriterFilter@7edb6fca, org.springframework.web.filter.CorsFilter@3bfae028, org.springframework.security.web.authentication.logout.LogoutFilter@36790bec, com.lxw.fliter.JwtAuthenticationFilter@1775c4e7, org.springframework.security.web.authentication.UsernamePasswordAuthenticationFilter@3d8d17a3, com.lxw.fliter.JwtAuthorizationFilter@47829d6d, org.springframework.security.web.savedrequest.RequestCacheAwareFilter@51f95f0d, org.springframework.security.web.servletapi.SecurityContextHolderAwareRequestFilter@609319c3, org.springframework.security.web.authentication.AnonymousAuthenticationFilter@2f677247, org.springframework.security.web.session.SessionManagementFilter@716185fe, org.springframework.security.web.access.ExceptionTranslationFilter@2349f14d, org.springframework.security.web.access.intercept.FilterSecurityInterceptor@4c3de38e]
2021-03-13 22:13:30.735 [INFO ] org.springframework.scheduling.concurrent.ThreadPoolTaskExecutor - Initializing ExecutorService 'applicationTaskExecutor'
2021-03-13 22:13:31.115 [INFO ] org.apache.coyote.http11.Http11NioProtocol - Starting ProtocolHandler ["http-nio-8081"]
2021-03-13 22:13:31.152 [INFO ] org.springframework.boot.web.embedded.tomcat.TomcatWebServer - Tomcat started on port(s): 8081 (http) with context path ''
2021-03-13 22:13:31.153 [INFO ] springfox.documentation.spring.web.plugins.DocumentationPluginsBootstrapper - Documentation plugins bootstrapped
2021-03-13 22:13:31.157 [INFO ] springfox.documentation.spring.web.plugins.DocumentationPluginsBootstrapper - Found 1 custom documentation plugin(s)
2021-03-13 22:13:31.196 [INFO ] springfox.documentation.spring.web.scanners.ApiListingReferenceScanner - Scanning for api listing references
2021-03-13 22:13:31.370 [INFO ] com.lxw.ReturnHomeApplication - Started ReturnHomeApplication in 10.003 seconds (JVM running for 11.699)
2021-03-13 22:16:32.916 [INFO ] org.apache.catalina.core.ContainerBase.[Tomcat].[localhost].[/] - Initializing Spring DispatcherServlet 'dispatcherServlet'
2021-03-13 22:31:25.626 [INFO ] org.hibernate.validator.internal.util.Version - HV000001: Hibernate Validator 6.1.7.Final
2021-03-13 22:31:25.636 [INFO ] com.lxw.ReturnHomeApplication - Starting ReturnHomeApplication using Java 1.8.0_212 on LAPTOP-K8D3MGN6 with PID 14412 (E:\return-home\returnhome-web\target\classes started by ASUS in E:\return-home)
2021-03-13 22:31:25.637 [INFO ] com.lxw.ReturnHomeApplication - No active profile set, falling back to default profiles: default
2021-03-13 22:31:27.040 [INFO ] org.springframework.context.support.PostProcessorRegistrationDelegate$BeanPostProcessorChecker - Bean 'org.springframework.security.access.expression.method.DefaultMethodSecurityExpressionHandler@1f51431' of type [org.springframework.security.access.expression.method.DefaultMethodSecurityExpressionHandler] is not eligible for getting processed by all BeanPostProcessors (for example: not eligible for auto-proxying)
2021-03-13 22:31:27.045 [INFO ] org.springframework.context.support.PostProcessorRegistrationDelegate$BeanPostProcessorChecker - Bean 'methodSecurityMetadataSource' of type [org.springframework.security.access.method.DelegatingMethodSecurityMetadataSource] is not eligible for getting processed by all BeanPostProcessors (for example: not eligible for auto-proxying)
2021-03-13 22:31:27.261 [INFO ] org.springframework.boot.web.embedded.tomcat.TomcatWebServer - Tomcat initialized with port(s): 8081 (http)
2021-03-13 22:31:27.284 [INFO ] org.apache.coyote.http11.Http11NioProtocol - Initializing ProtocolHandler ["http-nio-8081"]
2021-03-13 22:31:27.285 [INFO ] org.apache.catalina.core.StandardService - Starting service [Tomcat]
2021-03-13 22:31:27.286 [INFO ] org.apache.catalina.core.StandardEngine - Starting Servlet engine: [Apache Tomcat/9.0.43]
2021-03-13 22:31:27.288 [INFO ] org.apache.catalina.core.AprLifecycleListener - Loaded Apache Tomcat Native library [1.2.23] using APR version [1.7.0].
2021-03-13 22:31:27.289 [INFO ] org.apache.catalina.core.AprLifecycleListener - APR capabilities: IPv6 [true], sendfile [true], accept filters [false], random [true].
2021-03-13 22:31:27.289 [INFO ] org.apache.catalina.core.AprLifecycleListener - APR/OpenSSL configuration: useAprConnector [false], useOpenSSL [true]
2021-03-13 22:31:27.293 [INFO ] org.apache.catalina.core.AprLifecycleListener - OpenSSL successfully initialized [OpenSSL 1.1.1c  28 May 2019]
2021-03-13 22:31:27.493 [INFO ] org.apache.catalina.core.ContainerBase.[Tomcat].[localhost].[/] - Initializing Spring embedded WebApplicationContext
2021-03-13 22:31:27.494 [INFO ] org.springframework.boot.web.servlet.context.ServletWebServerApplicationContext - Root WebApplicationContext: initialization completed in 1757 ms
2021-03-13 22:31:27.725 [INFO ] com.alibaba.druid.spring.boot.autoconfigure.DruidDataSourceAutoConfigure - Init DruidDataSource
2021-03-13 22:31:28.006 [INFO ] com.alibaba.druid.pool.DruidDataSource - {dataSource-1} inited
2021-03-13 22:31:29.855 [INFO ] springfox.documentation.spring.web.WebMvcPropertySourcedRequestMappingHandlerMapping - Mapped URL path [/v2/api-docs] onto method [springfox.documentation.swagger2.web.Swagger2ControllerWebMvc#getDocumentation(String, HttpServletRequest)]
2021-03-13 22:31:29.973 [INFO ] org.springframework.security.web.DefaultSecurityFilterChain - Will secure any request with [org.springframework.security.web.context.request.async.WebAsyncManagerIntegrationFilter@1e8fb66f, org.springframework.security.web.context.SecurityContextPersistenceFilter@17e0933c, org.springframework.security.web.header.HeaderWriterFilter@7066363, org.springframework.web.filter.CorsFilter@3d8d17a3, org.springframework.security.web.authentication.logout.LogoutFilter@77429040, com.lxw.fliter.JwtAuthenticationFilter@ac91282, org.springframework.security.web.authentication.UsernamePasswordAuthenticationFilter@1e5eb20a, com.lxw.fliter.JwtAuthorizationFilter@7f79edee, org.springframework.security.web.savedrequest.RequestCacheAwareFilter@1dcedc93, org.springframework.security.web.servletapi.SecurityContextHolderAwareRequestFilter@6fc0bbc6, org.springframework.security.web.authentication.AnonymousAuthenticationFilter@1ca610a0, org.springframework.security.web.session.SessionManagementFilter@47248a48, org.springframework.security.web.access.ExceptionTranslationFilter@468e8565, org.springframework.security.web.access.intercept.FilterSecurityInterceptor@67332b1e]
2021-03-13 22:31:30.023 [INFO ] org.springframework.scheduling.concurrent.ThreadPoolTaskExecutor - Initializing ExecutorService 'applicationTaskExecutor'
2021-03-13 22:31:30.190 [INFO ] org.apache.coyote.http11.Http11NioProtocol - Starting ProtocolHandler ["http-nio-8081"]
2021-03-13 22:31:30.208 [INFO ] org.springframework.boot.web.embedded.tomcat.TomcatWebServer - Tomcat started on port(s): 8081 (http) with context path ''
2021-03-13 22:31:30.210 [INFO ] springfox.documentation.spring.web.plugins.DocumentationPluginsBootstrapper - Documentation plugins bootstrapped
2021-03-13 22:31:30.213 [INFO ] springfox.documentation.spring.web.plugins.DocumentationPluginsBootstrapper - Found 1 custom documentation plugin(s)
2021-03-13 22:31:30.239 [INFO ] springfox.documentation.spring.web.scanners.ApiListingReferenceScanner - Scanning for api listing references
2021-03-13 22:31:30.434 [INFO ] com.lxw.ReturnHomeApplication - Started ReturnHomeApplication in 5.552 seconds (JVM running for 6.879)
2021-03-13 22:32:37.340 [INFO ] org.apache.catalina.core.ContainerBase.[Tomcat].[localhost].[/] - Initializing Spring DispatcherServlet 'dispatcherServlet'
2021-03-13 23:43:51.569 [INFO ] org.hibernate.validator.internal.util.Version - HV000001: Hibernate Validator 6.1.7.Final
2021-03-13 23:43:51.578 [INFO ] com.lxw.ReturnHomeApplication - Starting ReturnHomeApplication using Java 1.8.0_212 on LAPTOP-K8D3MGN6 with PID 17076 (E:\return-home\returnhome-web\target\classes started by ASUS in E:\return-home)
2021-03-13 23:43:51.580 [INFO ] com.lxw.ReturnHomeApplication - No active profile set, falling back to default profiles: default
2021-03-13 23:43:53.136 [INFO ] org.springframework.context.support.PostProcessorRegistrationDelegate$BeanPostProcessorChecker - Bean 'org.springframework.security.access.expression.method.DefaultMethodSecurityExpressionHandler@8bffb8b' of type [org.springframework.security.access.expression.method.DefaultMethodSecurityExpressionHandler] is not eligible for getting processed by all BeanPostProcessors (for example: not eligible for auto-proxying)
2021-03-13 23:43:53.140 [INFO ] org.springframework.context.support.PostProcessorRegistrationDelegate$BeanPostProcessorChecker - Bean 'methodSecurityMetadataSource' of type [org.springframework.security.access.method.DelegatingMethodSecurityMetadataSource] is not eligible for getting processed by all BeanPostProcessors (for example: not eligible for auto-proxying)
2021-03-13 23:43:53.373 [INFO ] org.springframework.boot.web.embedded.tomcat.TomcatWebServer - Tomcat initialized with port(s): 8081 (http)
2021-03-13 23:43:53.382 [INFO ] org.apache.coyote.http11.Http11NioProtocol - Initializing ProtocolHandler ["http-nio-8081"]
2021-03-13 23:43:53.383 [INFO ] org.apache.catalina.core.StandardService - Starting service [Tomcat]
2021-03-13 23:43:53.383 [INFO ] org.apache.catalina.core.StandardEngine - Starting Servlet engine: [Apache Tomcat/9.0.43]
2021-03-13 23:43:53.385 [INFO ] org.apache.catalina.core.AprLifecycleListener - Loaded Apache Tomcat Native library [1.2.23] using APR version [1.7.0].
2021-03-13 23:43:53.385 [INFO ] org.apache.catalina.core.AprLifecycleListener - APR capabilities: IPv6 [true], sendfile [true], accept filters [false], random [true].
2021-03-13 23:43:53.385 [INFO ] org.apache.catalina.core.AprLifecycleListener - APR/OpenSSL configuration: useAprConnector [false], useOpenSSL [true]
2021-03-13 23:43:53.388 [INFO ] org.apache.catalina.core.AprLifecycleListener - OpenSSL successfully initialized [OpenSSL 1.1.1c  28 May 2019]
2021-03-13 23:43:53.475 [INFO ] org.apache.catalina.core.ContainerBase.[Tomcat].[localhost].[/] - Initializing Spring embedded WebApplicationContext
2021-03-13 23:43:53.475 [INFO ] org.springframework.boot.web.servlet.context.ServletWebServerApplicationContext - Root WebApplicationContext: initialization completed in 1809 ms
2021-03-13 23:43:53.714 [INFO ] com.alibaba.druid.spring.boot.autoconfigure.DruidDataSourceAutoConfigure - Init DruidDataSource
2021-03-13 23:43:53.961 [INFO ] com.alibaba.druid.pool.DruidDataSource - {dataSource-1} inited
2021-03-13 23:43:55.877 [INFO ] springfox.documentation.spring.web.WebMvcPropertySourcedRequestMappingHandlerMapping - Mapped URL path [/v2/api-docs] onto method [springfox.documentation.swagger2.web.Swagger2ControllerWebMvc#getDocumentation(String, HttpServletRequest)]
2021-03-13 23:43:56.010 [INFO ] org.springframework.security.web.DefaultSecurityFilterChain - Will secure any request with [org.springframework.security.web.context.request.async.WebAsyncManagerIntegrationFilter@3d40a3b4, org.springframework.security.web.context.SecurityContextPersistenceFilter@478b0739, org.springframework.security.web.header.HeaderWriterFilter@7edb6fca, org.springframework.web.filter.CorsFilter@7f13811b, org.springframework.security.web.authentication.logout.LogoutFilter@36790bec, com.lxw.fliter.JwtAuthenticationFilter@59fc6d05, org.springframework.security.web.authentication.UsernamePasswordAuthenticationFilter@47829d6d, com.lxw.fliter.JwtAuthorizationFilter@78307a56, org.springframework.security.web.savedrequest.RequestCacheAwareFilter@51f95f0d, org.springframework.security.web.servletapi.SecurityContextHolderAwareRequestFilter@609319c3, org.springframework.security.web.authentication.AnonymousAuthenticationFilter@40d52be7, org.springframework.security.web.session.SessionManagementFilter@716185fe, org.springframework.security.web.access.ExceptionTranslationFilter@2349f14d, org.springframework.security.web.access.intercept.FilterSecurityInterceptor@49433c98]
2021-03-13 23:43:56.067 [INFO ] org.springframework.scheduling.concurrent.ThreadPoolTaskExecutor - Initializing ExecutorService 'applicationTaskExecutor'
2021-03-13 23:43:56.241 [INFO ] org.apache.coyote.http11.Http11NioProtocol - Starting ProtocolHandler ["http-nio-8081"]
2021-03-13 23:43:56.259 [INFO ] org.springframework.boot.web.embedded.tomcat.TomcatWebServer - Tomcat started on port(s): 8081 (http) with context path ''
2021-03-13 23:43:56.261 [INFO ] springfox.documentation.spring.web.plugins.DocumentationPluginsBootstrapper - Documentation plugins bootstrapped
2021-03-13 23:43:56.264 [INFO ] springfox.documentation.spring.web.plugins.DocumentationPluginsBootstrapper - Found 1 custom documentation plugin(s)
2021-03-13 23:43:56.293 [INFO ] springfox.documentation.spring.web.scanners.ApiListingReferenceScanner - Scanning for api listing references
2021-03-13 23:43:56.420 [INFO ] com.lxw.ReturnHomeApplication - Started ReturnHomeApplication in 5.616 seconds (JVM running for 6.983)
2021-03-13 23:43:57.490 [INFO ] org.apache.catalina.core.ContainerBase.[Tomcat].[localhost].[/] - Initializing Spring DispatcherServlet 'dispatcherServlet'
2021-03-13 23:45:13.471 [INFO ] org.hibernate.validator.internal.util.Version - HV000001: Hibernate Validator 6.1.7.Final
2021-03-13 23:45:13.478 [INFO ] com.lxw.ReturnHomeApplication - Starting ReturnHomeApplication using Java 1.8.0_212 on LAPTOP-K8D3MGN6 with PID 3240 (E:\return-home\returnhome-web\target\classes started by ASUS in E:\return-home)
2021-03-13 23:45:13.480 [INFO ] com.lxw.ReturnHomeApplication - No active profile set, falling back to default profiles: default
2021-03-13 23:45:14.668 [INFO ] org.springframework.context.support.PostProcessorRegistrationDelegate$BeanPostProcessorChecker - Bean 'org.springframework.security.access.expression.method.DefaultMethodSecurityExpressionHandler@8bffb8b' of type [org.springframework.security.access.expression.method.DefaultMethodSecurityExpressionHandler] is not eligible for getting processed by all BeanPostProcessors (for example: not eligible for auto-proxying)
2021-03-13 23:45:14.674 [INFO ] org.springframework.context.support.PostProcessorRegistrationDelegate$BeanPostProcessorChecker - Bean 'methodSecurityMetadataSource' of type [org.springframework.security.access.method.DelegatingMethodSecurityMetadataSource] is not eligible for getting processed by all BeanPostProcessors (for example: not eligible for auto-proxying)
2021-03-13 23:45:14.929 [INFO ] org.springframework.boot.web.embedded.tomcat.TomcatWebServer - Tomcat initialized with port(s): 8081 (http)
2021-03-13 23:45:14.937 [INFO ] org.apache.coyote.http11.Http11NioProtocol - Initializing ProtocolHandler ["http-nio-8081"]
2021-03-13 23:45:14.937 [INFO ] org.apache.catalina.core.StandardService - Starting service [Tomcat]
2021-03-13 23:45:14.938 [INFO ] org.apache.catalina.core.StandardEngine - Starting Servlet engine: [Apache Tomcat/9.0.43]
2021-03-13 23:45:14.939 [INFO ] org.apache.catalina.core.AprLifecycleListener - Loaded Apache Tomcat Native library [1.2.23] using APR version [1.7.0].
2021-03-13 23:45:14.939 [INFO ] org.apache.catalina.core.AprLifecycleListener - APR capabilities: IPv6 [true], sendfile [true], accept filters [false], random [true].
2021-03-13 23:45:14.940 [INFO ] org.apache.catalina.core.AprLifecycleListener - APR/OpenSSL configuration: useAprConnector [false], useOpenSSL [true]
2021-03-13 23:45:14.943 [INFO ] org.apache.catalina.core.AprLifecycleListener - OpenSSL successfully initialized [OpenSSL 1.1.1c  28 May 2019]
2021-03-13 23:45:15.024 [INFO ] org.apache.catalina.core.ContainerBase.[Tomcat].[localhost].[/] - Initializing Spring embedded WebApplicationContext
2021-03-13 23:45:15.024 [INFO ] org.springframework.boot.web.servlet.context.ServletWebServerApplicationContext - Root WebApplicationContext: initialization completed in 1475 ms
2021-03-13 23:45:15.242 [INFO ] com.alibaba.druid.spring.boot.autoconfigure.DruidDataSourceAutoConfigure - Init DruidDataSource
2021-03-13 23:45:15.478 [INFO ] com.alibaba.druid.pool.DruidDataSource - {dataSource-1} inited
2021-03-13 23:45:17.148 [INFO ] springfox.documentation.spring.web.WebMvcPropertySourcedRequestMappingHandlerMapping - Mapped URL path [/v2/api-docs] onto method [springfox.documentation.swagger2.web.Swagger2ControllerWebMvc#getDocumentation(String, HttpServletRequest)]
2021-03-13 23:45:17.251 [INFO ] org.springframework.security.web.DefaultSecurityFilterChain - Will secure any request with [org.springframework.security.web.context.request.async.WebAsyncManagerIntegrationFilter@2921199d, org.springframework.security.web.context.SecurityContextPersistenceFilter@478b0739, org.springframework.security.web.header.HeaderWriterFilter@7edb6fca, org.springframework.web.filter.CorsFilter@3d40a3b4, org.springframework.security.web.authentication.logout.LogoutFilter@36790bec, com.lxw.fliter.JwtAuthenticationFilter@7f13811b, org.springframework.security.web.authentication.UsernamePasswordAuthenticationFilter@1775c4e7, com.lxw.fliter.JwtAuthorizationFilter@59fc6d05, org.springframework.security.web.savedrequest.RequestCacheAwareFilter@51f95f0d, org.springframework.security.web.servletapi.SecurityContextHolderAwareRequestFilter@609319c3, org.springframework.security.web.authentication.AnonymousAuthenticationFilter@78307a56, org.springframework.security.web.session.SessionManagementFilter@716185fe, org.springframework.security.web.access.ExceptionTranslationFilter@2349f14d, org.springframework.security.web.access.intercept.FilterSecurityInterceptor@4538856f]
2021-03-13 23:45:17.298 [INFO ] org.springframework.scheduling.concurrent.ThreadPoolTaskExecutor - Initializing ExecutorService 'applicationTaskExecutor'
2021-03-13 23:45:17.454 [INFO ] org.apache.coyote.http11.Http11NioProtocol - Starting ProtocolHandler ["http-nio-8081"]
2021-03-13 23:45:17.473 [INFO ] org.springframework.boot.web.embedded.tomcat.TomcatWebServer - Tomcat started on port(s): 8081 (http) with context path ''
2021-03-13 23:45:17.474 [INFO ] springfox.documentation.spring.web.plugins.DocumentationPluginsBootstrapper - Documentation plugins bootstrapped
2021-03-13 23:45:17.478 [INFO ] springfox.documentation.spring.web.plugins.DocumentationPluginsBootstrapper - Found 1 custom documentation plugin(s)
2021-03-13 23:45:17.513 [INFO ] springfox.documentation.spring.web.scanners.ApiListingReferenceScanner - Scanning for api listing references
2021-03-13 23:45:17.638 [INFO ] com.lxw.ReturnHomeApplication - Started ReturnHomeApplication in 4.803 seconds (JVM running for 5.993)
2021-03-13 23:45:23.151 [INFO ] org.apache.catalina.core.ContainerBase.[Tomcat].[localhost].[/] - Initializing Spring DispatcherServlet 'dispatcherServlet'
2021-03-13 23:47:19.609 [INFO ] com.lxw.ReturnHomeApplication - Starting ReturnHomeApplication using Java 1.8.0_212 on LAPTOP-K8D3MGN6 with PID 16784 (E:\return-home\returnhome-web\target\classes started by ASUS in E:\return-home)
2021-03-13 23:47:19.611 [INFO ] org.hibernate.validator.internal.util.Version - HV000001: Hibernate Validator 6.1.7.Final
2021-03-13 23:47:19.613 [INFO ] com.lxw.ReturnHomeApplication - No active profile set, falling back to default profiles: default
2021-03-13 23:47:20.935 [INFO ] org.springframework.context.support.PostProcessorRegistrationDelegate$BeanPostProcessorChecker - Bean 'org.springframework.security.access.expression.method.DefaultMethodSecurityExpressionHandler@61e3cf4d' of type [org.springframework.security.access.expression.method.DefaultMethodSecurityExpressionHandler] is not eligible for getting processed by all BeanPostProcessors (for example: not eligible for auto-proxying)
2021-03-13 23:47:20.939 [INFO ] org.springframework.context.support.PostProcessorRegistrationDelegate$BeanPostProcessorChecker - Bean 'methodSecurityMetadataSource' of type [org.springframework.security.access.method.DelegatingMethodSecurityMetadataSource] is not eligible for getting processed by all BeanPostProcessors (for example: not eligible for auto-proxying)
2021-03-13 23:47:21.136 [INFO ] org.springframework.boot.web.embedded.tomcat.TomcatWebServer - Tomcat initialized with port(s): 8081 (http)
2021-03-13 23:47:21.151 [INFO ] org.apache.coyote.http11.Http11NioProtocol - Initializing ProtocolHandler ["http-nio-8081"]
2021-03-13 23:47:21.152 [INFO ] org.apache.catalina.core.StandardService - Starting service [Tomcat]
2021-03-13 23:47:21.153 [INFO ] org.apache.catalina.core.StandardEngine - Starting Servlet engine: [Apache Tomcat/9.0.43]
2021-03-13 23:47:21.155 [INFO ] org.apache.catalina.core.AprLifecycleListener - Loaded Apache Tomcat Native library [1.2.23] using APR version [1.7.0].
2021-03-13 23:47:21.155 [INFO ] org.apache.catalina.core.AprLifecycleListener - APR capabilities: IPv6 [true], sendfile [true], accept filters [false], random [true].
2021-03-13 23:47:21.155 [INFO ] org.apache.catalina.core.AprLifecycleListener - APR/OpenSSL configuration: useAprConnector [false], useOpenSSL [true]
2021-03-13 23:47:21.160 [INFO ] org.apache.catalina.core.AprLifecycleListener - OpenSSL successfully initialized [OpenSSL 1.1.1c  28 May 2019]
2021-03-13 23:47:21.247 [INFO ] org.apache.catalina.core.ContainerBase.[Tomcat].[localhost].[/] - Initializing Spring embedded WebApplicationContext
2021-03-13 23:47:21.247 [INFO ] org.springframework.boot.web.servlet.context.ServletWebServerApplicationContext - Root WebApplicationContext: initialization completed in 1571 ms
2021-03-13 23:47:21.456 [INFO ] com.alibaba.druid.spring.boot.autoconfigure.DruidDataSourceAutoConfigure - Init DruidDataSource
2021-03-13 23:47:21.798 [INFO ] com.alibaba.druid.pool.DruidDataSource - {dataSource-1} inited
2021-03-13 23:47:23.763 [INFO ] springfox.documentation.spring.web.WebMvcPropertySourcedRequestMappingHandlerMapping - Mapped URL path [/v2/api-docs] onto method [springfox.documentation.swagger2.web.Swagger2ControllerWebMvc#getDocumentation(String, HttpServletRequest)]
2021-03-13 23:47:23.862 [INFO ] org.springframework.security.web.DefaultSecurityFilterChain - Will secure any request with [org.springframework.security.web.context.request.async.WebAsyncManagerIntegrationFilter@fd413fb, org.springframework.security.web.context.SecurityContextPersistenceFilter@38291795, org.springframework.security.web.header.HeaderWriterFilter@25f61c2c, org.springframework.web.filter.CorsFilter@1e1232cf, org.springframework.security.web.authentication.logout.LogoutFilter@77d381e6, com.lxw.fliter.JwtAuthenticationFilter@6f6efa4f, org.springframework.security.web.authentication.UsernamePasswordAuthenticationFilter@7c40ffef, com.lxw.fliter.JwtAuthorizationFilter@4451f60c, org.springframework.security.web.savedrequest.RequestCacheAwareFilter@40ef0af8, org.springframework.security.web.servletapi.SecurityContextHolderAwareRequestFilter@66383c29, org.springframework.security.web.authentication.AnonymousAuthenticationFilter@6b357eb6, org.springframework.security.web.session.SessionManagementFilter@77429040, org.springframework.security.web.access.ExceptionTranslationFilter@5d1b1c2a, org.springframework.security.web.access.intercept.FilterSecurityInterceptor@4391a2d8]
2021-03-13 23:47:23.917 [INFO ] org.springframework.scheduling.concurrent.ThreadPoolTaskExecutor - Initializing ExecutorService 'applicationTaskExecutor'
2021-03-13 23:47:24.094 [INFO ] org.apache.coyote.http11.Http11NioProtocol - Starting ProtocolHandler ["http-nio-8081"]
2021-03-13 23:47:24.112 [INFO ] org.springframework.boot.web.embedded.tomcat.TomcatWebServer - Tomcat started on port(s): 8081 (http) with context path ''
2021-03-13 23:47:24.114 [INFO ] springfox.documentation.spring.web.plugins.DocumentationPluginsBootstrapper - Documentation plugins bootstrapped
2021-03-13 23:47:24.116 [INFO ] springfox.documentation.spring.web.plugins.DocumentationPluginsBootstrapper - Found 1 custom documentation plugin(s)
2021-03-13 23:47:24.142 [INFO ] springfox.documentation.spring.web.scanners.ApiListingReferenceScanner - Scanning for api listing references
2021-03-13 23:47:24.272 [INFO ] com.lxw.ReturnHomeApplication - Started ReturnHomeApplication in 5.594 seconds (JVM running for 6.821)
2021-03-13 23:47:30.355 [INFO ] org.apache.catalina.core.ContainerBase.[Tomcat].[localhost].[/] - Initializing Spring DispatcherServlet 'dispatcherServlet'
2021-03-13 23:50:04.482 [INFO ] org.hibernate.validator.internal.util.Version - HV000001: Hibernate Validator 6.1.7.Final
2021-03-13 23:50:04.489 [INFO ] com.lxw.ReturnHomeApplication - Starting ReturnHomeApplication using Java 1.8.0_212 on LAPTOP-K8D3MGN6 with PID 15912 (E:\return-home\returnhome-web\target\classes started by ASUS in E:\return-home)
2021-03-13 23:50:04.491 [INFO ] com.lxw.ReturnHomeApplication - No active profile set, falling back to default profiles: default
2021-03-13 23:50:05.905 [INFO ] org.springframework.context.support.PostProcessorRegistrationDelegate$BeanPostProcessorChecker - Bean 'org.springframework.security.access.expression.method.DefaultMethodSecurityExpressionHandler@8bffb8b' of type [org.springframework.security.access.expression.method.DefaultMethodSecurityExpressionHandler] is not eligible for getting processed by all BeanPostProcessors (for example: not eligible for auto-proxying)
2021-03-13 23:50:05.912 [INFO ] org.springframework.context.support.PostProcessorRegistrationDelegate$BeanPostProcessorChecker - Bean 'methodSecurityMetadataSource' of type [org.springframework.security.access.method.DelegatingMethodSecurityMetadataSource] is not eligible for getting processed by all BeanPostProcessors (for example: not eligible for auto-proxying)
2021-03-13 23:50:06.249 [INFO ] org.springframework.boot.web.embedded.tomcat.TomcatWebServer - Tomcat initialized with port(s): 8081 (http)
2021-03-13 23:50:06.261 [INFO ] org.apache.coyote.http11.Http11NioProtocol - Initializing ProtocolHandler ["http-nio-8081"]
2021-03-13 23:50:06.262 [INFO ] org.apache.catalina.core.StandardService - Starting service [Tomcat]
2021-03-13 23:50:06.263 [INFO ] org.apache.catalina.core.StandardEngine - Starting Servlet engine: [Apache Tomcat/9.0.43]
2021-03-13 23:50:06.265 [INFO ] org.apache.catalina.core.AprLifecycleListener - Loaded Apache Tomcat Native library [1.2.23] using APR version [1.7.0].
2021-03-13 23:50:06.266 [INFO ] org.apache.catalina.core.AprLifecycleListener - APR capabilities: IPv6 [true], sendfile [true], accept filters [false], random [true].
2021-03-13 23:50:06.266 [INFO ] org.apache.catalina.core.AprLifecycleListener - APR/OpenSSL configuration: useAprConnector [false], useOpenSSL [true]
2021-03-13 23:50:06.271 [INFO ] org.apache.catalina.core.AprLifecycleListener - OpenSSL successfully initialized [OpenSSL 1.1.1c  28 May 2019]
2021-03-13 23:50:06.387 [INFO ] org.apache.catalina.core.ContainerBase.[Tomcat].[localhost].[/] - Initializing Spring embedded WebApplicationContext
2021-03-13 23:50:06.387 [INFO ] org.springframework.boot.web.servlet.context.ServletWebServerApplicationContext - Root WebApplicationContext: initialization completed in 1773 ms
2021-03-13 23:50:06.646 [INFO ] com.alibaba.druid.spring.boot.autoconfigure.DruidDataSourceAutoConfigure - Init DruidDataSource
2021-03-13 23:50:06.913 [INFO ] com.alibaba.druid.pool.DruidDataSource - {dataSource-1} inited
2021-03-13 23:50:08.680 [INFO ] springfox.documentation.spring.web.WebMvcPropertySourcedRequestMappingHandlerMapping - Mapped URL path [/v2/api-docs] onto method [springfox.documentation.swagger2.web.Swagger2ControllerWebMvc#getDocumentation(String, HttpServletRequest)]
2021-03-13 23:50:08.791 [INFO ] org.springframework.security.web.DefaultSecurityFilterChain - Will secure any request with [org.springframework.security.web.context.request.async.WebAsyncManagerIntegrationFilter@b5c6a30, org.springframework.security.web.context.SecurityContextPersistenceFilter@478b0739, org.springframework.security.web.header.HeaderWriterFilter@7edb6fca, org.springframework.web.filter.CorsFilter@3bfae028, org.springframework.security.web.authentication.logout.LogoutFilter@36790bec, com.lxw.fliter.JwtAuthenticationFilter@1775c4e7, org.springframework.security.web.authentication.UsernamePasswordAuthenticationFilter@3d8d17a3, com.lxw.fliter.JwtAuthorizationFilter@47829d6d, org.springframework.security.web.savedrequest.RequestCacheAwareFilter@51f95f0d, org.springframework.security.web.servletapi.SecurityContextHolderAwareRequestFilter@609319c3, org.springframework.security.web.authentication.AnonymousAuthenticationFilter@2f677247, org.springframework.security.web.session.SessionManagementFilter@716185fe, org.springframework.security.web.access.ExceptionTranslationFilter@2349f14d, org.springframework.security.web.access.intercept.FilterSecurityInterceptor@4c3de38e]
2021-03-13 23:50:08.838 [INFO ] org.springframework.scheduling.concurrent.ThreadPoolTaskExecutor - Initializing ExecutorService 'applicationTaskExecutor'
2021-03-13 23:50:09.015 [INFO ] org.apache.coyote.http11.Http11NioProtocol - Starting ProtocolHandler ["http-nio-8081"]
2021-03-13 23:50:09.034 [INFO ] org.springframework.boot.web.embedded.tomcat.TomcatWebServer - Tomcat started on port(s): 8081 (http) with context path ''
2021-03-13 23:50:09.036 [INFO ] springfox.documentation.spring.web.plugins.DocumentationPluginsBootstrapper - Documentation plugins bootstrapped
2021-03-13 23:50:09.038 [INFO ] springfox.documentation.spring.web.plugins.DocumentationPluginsBootstrapper - Found 1 custom documentation plugin(s)
2021-03-13 23:50:09.067 [INFO ] springfox.documentation.spring.web.scanners.ApiListingReferenceScanner - Scanning for api listing references
2021-03-13 23:50:09.202 [INFO ] com.lxw.ReturnHomeApplication - Started ReturnHomeApplication in 5.362 seconds (JVM running for 6.603)
2021-03-13 23:50:21.114 [INFO ] org.apache.catalina.core.ContainerBase.[Tomcat].[localhost].[/] - Initializing Spring DispatcherServlet 'dispatcherServlet'
