2021-03-18 13:38:35.738 [INFO ] org.hibernate.validator.internal.util.Version - HV000001: Hibernate Validator 6.1.7.Final
2021-03-18 13:38:35.840 [INFO ] com.lxw.ReturnHomeApplication - Starting ReturnHomeApplication using Java 1.8.0_212 on LAPTOP-K8D3MGN6 with PID 15084 (E:\return-home\returnhome-web\target\classes started by ASUS in E:\return-home)
2021-03-18 13:38:35.841 [INFO ] com.lxw.ReturnHomeApplication - No active profile set, falling back to default profiles: default
2021-03-18 13:38:40.129 [INFO ] org.springframework.context.support.PostProcessorRegistrationDelegate$BeanPostProcessorChecker - Bean 'org.springframework.security.access.expression.method.DefaultMethodSecurityExpressionHandler@2ca5f1ed' of type [org.springframework.security.access.expression.method.DefaultMethodSecurityExpressionHandler] is not eligible for getting processed by all BeanPostProcessors (for example: not eligible for auto-proxying)
2021-03-18 13:38:40.142 [INFO ] org.springframework.context.support.PostProcessorRegistrationDelegate$BeanPostProcessorChecker - Bean 'methodSecurityMetadataSource' of type [org.springframework.security.access.method.DelegatingMethodSecurityMetadataSource] is not eligible for getting processed by all BeanPostProcessors (for example: not eligible for auto-proxying)
2021-03-18 13:38:40.828 [INFO ] org.springframework.boot.web.embedded.tomcat.TomcatWebServer - Tomcat initialized with port(s): 8081 (http)
2021-03-18 13:38:40.842 [INFO ] org.apache.coyote.http11.Http11NioProtocol - Initializing ProtocolHandler ["http-nio-8081"]
2021-03-18 13:38:40.847 [INFO ] org.apache.catalina.core.StandardService - Starting service [Tomcat]
2021-03-18 13:38:40.847 [INFO ] org.apache.catalina.core.StandardEngine - Starting Servlet engine: [Apache Tomcat/9.0.43]
2021-03-18 13:38:40.847 [INFO ] org.apache.catalina.core.AprLifecycleListener - Loaded Apache Tomcat Native library [1.2.23] using APR version [1.7.0].
2021-03-18 13:38:40.847 [INFO ] org.apache.catalina.core.AprLifecycleListener - APR capabilities: IPv6 [true], sendfile [true], accept filters [false], random [true].
2021-03-18 13:38:40.847 [INFO ] org.apache.catalina.core.AprLifecycleListener - APR/OpenSSL configuration: useAprConnector [false], useOpenSSL [true]
2021-03-18 13:38:40.893 [INFO ] org.apache.catalina.core.AprLifecycleListener - OpenSSL successfully initialized [OpenSSL 1.1.1c  28 May 2019]
2021-03-18 13:38:41.117 [INFO ] org.apache.catalina.core.ContainerBase.[Tomcat].[localhost].[/] - Initializing Spring embedded WebApplicationContext
2021-03-18 13:38:41.127 [INFO ] org.springframework.boot.web.servlet.context.ServletWebServerApplicationContext - Root WebApplicationContext: initialization completed in 5135 ms
2021-03-18 13:38:41.687 [INFO ] com.alibaba.druid.spring.boot.autoconfigure.DruidDataSourceAutoConfigure - Init DruidDataSource
2021-03-18 13:38:42.318 [INFO ] com.alibaba.druid.pool.DruidDataSource - {dataSource-1} inited
2021-03-18 13:38:44.857 [INFO ] springfox.documentation.spring.web.WebMvcPropertySourcedRequestMappingHandlerMapping - Mapped URL path [/v2/api-docs] onto method [springfox.documentation.swagger2.web.Swagger2ControllerWebMvc#getDocumentation(String, HttpServletRequest)]
2021-03-18 13:38:45.037 [INFO ] org.springframework.security.web.DefaultSecurityFilterChain - Will secure any request with [org.springframework.security.web.context.request.async.WebAsyncManagerIntegrationFilter@2921a36a, org.springframework.security.web.context.SecurityContextPersistenceFilter@32f32623, org.springframework.security.web.header.HeaderWriterFilter@60f21960, org.springframework.web.filter.CorsFilter@2b73bd6b, org.springframework.security.web.authentication.logout.LogoutFilter@61db86bf, com.lxw.fliter.JwtAuthenticationFilter@157d3a45, org.springframework.security.web.authentication.UsernamePasswordAuthenticationFilter@58fd1214, com.lxw.fliter.JwtAuthorizationFilter@750ed637, org.springframework.security.web.savedrequest.RequestCacheAwareFilter@6b9fdbc6, org.springframework.security.web.servletapi.SecurityContextHolderAwareRequestFilter@7e15f4d4, org.springframework.security.web.authentication.AnonymousAuthenticationFilter@5190010f, org.springframework.security.web.session.SessionManagementFilter@5a515e5d, org.springframework.security.web.access.ExceptionTranslationFilter@25c2a9e3, org.springframework.security.web.access.intercept.FilterSecurityInterceptor@766a52f5]
2021-03-18 13:38:45.102 [INFO ] org.springframework.scheduling.concurrent.ThreadPoolTaskExecutor - Initializing ExecutorService 'applicationTaskExecutor'
2021-03-18 13:38:45.457 [INFO ] org.apache.coyote.http11.Http11NioProtocol - Starting ProtocolHandler ["http-nio-8081"]
2021-03-18 13:38:45.487 [INFO ] org.springframework.boot.web.embedded.tomcat.TomcatWebServer - Tomcat started on port(s): 8081 (http) with context path ''
2021-03-18 13:38:45.487 [INFO ] springfox.documentation.spring.web.plugins.DocumentationPluginsBootstrapper - Documentation plugins bootstrapped
2021-03-18 13:38:45.487 [INFO ] springfox.documentation.spring.web.plugins.DocumentationPluginsBootstrapper - Found 1 custom documentation plugin(s)
2021-03-18 13:38:45.522 [INFO ] springfox.documentation.spring.web.scanners.ApiListingReferenceScanner - Scanning for api listing references
2021-03-18 13:38:45.747 [INFO ] com.lxw.ReturnHomeApplication - Started ReturnHomeApplication in 11.497 seconds (JVM running for 13.271)
2021-03-18 13:41:19.529 [INFO ] org.apache.catalina.core.ContainerBase.[Tomcat].[localhost].[/] - Initializing Spring DispatcherServlet 'dispatcherServlet'
2021-03-18 22:27:49.467 [INFO ] org.hibernate.validator.internal.util.Version - HV000001: Hibernate Validator 6.1.7.Final
2021-03-18 22:27:49.471 [INFO ] com.lxw.ReturnHomeApplication - Starting ReturnHomeApplication using Java 1.8.0_212 on LAPTOP-K8D3MGN6 with PID 18012 (E:\return-home\returnhome-web\target\classes started by ASUS in E:\return-home)
2021-03-18 22:27:49.474 [INFO ] com.lxw.ReturnHomeApplication - No active profile set, falling back to default profiles: default
2021-03-18 22:27:51.926 [INFO ] org.springframework.context.support.PostProcessorRegistrationDelegate$BeanPostProcessorChecker - Bean 'org.springframework.security.access.expression.method.DefaultMethodSecurityExpressionHandler@6c03fb16' of type [org.springframework.security.access.expression.method.DefaultMethodSecurityExpressionHandler] is not eligible for getting processed by all BeanPostProcessors (for example: not eligible for auto-proxying)
2021-03-18 22:27:51.930 [INFO ] org.springframework.context.support.PostProcessorRegistrationDelegate$BeanPostProcessorChecker - Bean 'methodSecurityMetadataSource' of type [org.springframework.security.access.method.DelegatingMethodSecurityMetadataSource] is not eligible for getting processed by all BeanPostProcessors (for example: not eligible for auto-proxying)
2021-03-18 22:27:52.424 [INFO ] org.springframework.boot.web.embedded.tomcat.TomcatWebServer - Tomcat initialized with port(s): 8081 (http)
2021-03-18 22:27:52.433 [INFO ] org.apache.coyote.http11.Http11NioProtocol - Initializing ProtocolHandler ["http-nio-8081"]
2021-03-18 22:27:52.433 [INFO ] org.apache.catalina.core.StandardService - Starting service [Tomcat]
2021-03-18 22:27:52.433 [INFO ] org.apache.catalina.core.StandardEngine - Starting Servlet engine: [Apache Tomcat/9.0.43]
2021-03-18 22:27:52.435 [INFO ] org.apache.catalina.core.AprLifecycleListener - Loaded Apache Tomcat Native library [1.2.23] using APR version [1.7.0].
2021-03-18 22:27:52.435 [INFO ] org.apache.catalina.core.AprLifecycleListener - APR capabilities: IPv6 [true], sendfile [true], accept filters [false], random [true].
2021-03-18 22:27:52.435 [INFO ] org.apache.catalina.core.AprLifecycleListener - APR/OpenSSL configuration: useAprConnector [false], useOpenSSL [true]
2021-03-18 22:27:52.440 [INFO ] org.apache.catalina.core.AprLifecycleListener - OpenSSL successfully initialized [OpenSSL 1.1.1c  28 May 2019]
2021-03-18 22:27:52.569 [INFO ] org.apache.catalina.core.ContainerBase.[Tomcat].[localhost].[/] - Initializing Spring embedded WebApplicationContext
2021-03-18 22:27:52.569 [INFO ] org.springframework.boot.web.servlet.context.ServletWebServerApplicationContext - Root WebApplicationContext: initialization completed in 3026 ms
2021-03-18 22:27:52.802 [INFO ] com.alibaba.druid.spring.boot.autoconfigure.DruidDataSourceAutoConfigure - Init DruidDataSource
2021-03-18 22:27:53.287 [INFO ] com.alibaba.druid.pool.DruidDataSource - {dataSource-1} inited
2021-03-18 22:27:55.269 [INFO ] springfox.documentation.spring.web.WebMvcPropertySourcedRequestMappingHandlerMapping - Mapped URL path [/v2/api-docs] onto method [springfox.documentation.swagger2.web.Swagger2ControllerWebMvc#getDocumentation(String, HttpServletRequest)]
2021-03-18 22:27:55.426 [INFO ] org.springframework.security.web.DefaultSecurityFilterChain - Will secure any request with [org.springframework.security.web.context.request.async.WebAsyncManagerIntegrationFilter@766a52f5, org.springframework.security.web.context.SecurityContextPersistenceFilter@5e26f1ed, org.springframework.security.web.header.HeaderWriterFilter@5974b7e8, org.springframework.web.filter.CorsFilter@4342c13, org.springframework.security.web.authentication.logout.LogoutFilter@7061622, com.lxw.fliter.JwtAuthenticationFilter@2ba1209b, org.springframework.security.web.authentication.UsernamePasswordAuthenticationFilter@1eb9a3ef, com.lxw.fliter.JwtAuthorizationFilter@7c241a9f, org.springframework.security.web.savedrequest.RequestCacheAwareFilter@25c2a9e3, org.springframework.security.web.servletapi.SecurityContextHolderAwareRequestFilter@32f32623, org.springframework.security.web.authentication.AnonymousAuthenticationFilter@58fd1214, org.springframework.security.web.session.SessionManagementFilter@66bf40e5, org.springframework.security.web.access.ExceptionTranslationFilter@183ade54, org.springframework.security.web.access.intercept.FilterSecurityInterceptor@7b2bf745]
2021-03-18 22:27:55.483 [INFO ] org.springframework.scheduling.concurrent.ThreadPoolTaskExecutor - Initializing ExecutorService 'applicationTaskExecutor'
2021-03-18 22:27:55.759 [INFO ] org.apache.coyote.http11.Http11NioProtocol - Starting ProtocolHandler ["http-nio-8081"]
2021-03-18 22:27:55.781 [INFO ] org.springframework.boot.web.embedded.tomcat.TomcatWebServer - Tomcat started on port(s): 8081 (http) with context path ''
2021-03-18 22:27:55.782 [INFO ] springfox.documentation.spring.web.plugins.DocumentationPluginsBootstrapper - Documentation plugins bootstrapped
2021-03-18 22:27:55.785 [INFO ] springfox.documentation.spring.web.plugins.DocumentationPluginsBootstrapper - Found 1 custom documentation plugin(s)
2021-03-18 22:27:55.817 [INFO ] springfox.documentation.spring.web.scanners.ApiListingReferenceScanner - Scanning for api listing references
2021-03-18 22:27:55.965 [INFO ] com.lxw.ReturnHomeApplication - Started ReturnHomeApplication in 7.283 seconds (JVM running for 8.816)
2021-03-18 22:37:16.120 [INFO ] org.apache.catalina.core.ContainerBase.[Tomcat].[localhost].[/] - Initializing Spring DispatcherServlet 'dispatcherServlet'
