2021-04-17 11:14:32.204 [main] WARN  c.b.mybatisplus.core.metadata.TableInfoHelper - Can not find table primary key in Class: "com.lxw.entity.RoleMenu".
2021-04-17 11:14:32.282 [main] WARN  c.b.mybatisplus.core.metadata.TableInfoHelper - Can not find table primary key in Class: "com.lxw.entity.UserRole".
2021-04-17 11:14:32.336 [main] WARN  c.b.mybatisplus.core.metadata.TableInfoHelper - Can not find table primary key in Class: "com.lxw.entity.VolunteerTask".
2021-04-17 11:18:00.326 [quartzScheduler_Worker-2] WARN  com.alibaba.druid.pool.DruidAbstractDataSource - discard long time none received connection. , jdbcUrl : jdbc:mysql://localhost:3306/returnhome?useUnicode=true&characterEncoding=utf-8&useSSL=false&serverTimezone=GMT%2B8, version : 1.2.4, lastPacketReceivedIdleMillis : 180248
2021-04-17 11:21:00.004 [quartzScheduler_Worker-3] WARN  com.alibaba.druid.pool.DruidAbstractDataSource - discard long time none received connection. , jdbcUrl : jdbc:mysql://localhost:3306/returnhome?useUnicode=true&characterEncoding=utf-8&useSSL=false&serverTimezone=GMT%2B8, version : 1.2.4, lastPacketReceivedIdleMillis : 179675
2021-04-17 11:21:00.004 [quartzScheduler_Worker-3] WARN  com.alibaba.druid.pool.DruidAbstractDataSource - discard long time none received connection. , jdbcUrl : jdbc:mysql://localhost:3306/returnhome?useUnicode=true&characterEncoding=utf-8&useSSL=false&serverTimezone=GMT%2B8, version : 1.2.4, lastPacketReceivedIdleMillis : 388285
2021-04-17 11:21:00.004 [quartzScheduler_Worker-3] WARN  com.alibaba.druid.pool.DruidAbstractDataSource - discard long time none received connection. , jdbcUrl : jdbc:mysql://localhost:3306/returnhome?useUnicode=true&characterEncoding=utf-8&useSSL=false&serverTimezone=GMT%2B8, version : 1.2.4, lastPacketReceivedIdleMillis : 388285
2021-04-17 11:21:00.004 [quartzScheduler_Worker-3] WARN  com.alibaba.druid.pool.DruidAbstractDataSource - discard long time none received connection. , jdbcUrl : jdbc:mysql://localhost:3306/returnhome?useUnicode=true&characterEncoding=utf-8&useSSL=false&serverTimezone=GMT%2B8, version : 1.2.4, lastPacketReceivedIdleMillis : 388285
2021-04-17 11:21:00.004 [quartzScheduler_Worker-3] WARN  com.alibaba.druid.pool.DruidAbstractDataSource - discard long time none received connection. , jdbcUrl : jdbc:mysql://localhost:3306/returnhome?useUnicode=true&characterEncoding=utf-8&useSSL=false&serverTimezone=GMT%2B8, version : 1.2.4, lastPacketReceivedIdleMillis : 388301
2021-04-17 11:24:00.008 [quartzScheduler_Worker-4] WARN  com.alibaba.druid.pool.DruidAbstractDataSource - discard long time none received connection. , jdbcUrl : jdbc:mysql://localhost:3306/returnhome?useUnicode=true&characterEncoding=utf-8&useSSL=false&serverTimezone=GMT%2B8, version : 1.2.4, lastPacketReceivedIdleMillis : 180004
2021-04-17 11:24:00.013 [quartzScheduler_Worker-4] WARN  com.alibaba.druid.pool.DruidAbstractDataSource - discard long time none received connection. , jdbcUrl : jdbc:mysql://localhost:3306/returnhome?useUnicode=true&characterEncoding=utf-8&useSSL=false&serverTimezone=GMT%2B8, version : 1.2.4, lastPacketReceivedIdleMillis : 568309
2021-04-17 11:24:00.016 [quartzScheduler_Worker-4] WARN  com.alibaba.druid.pool.DruidAbstractDataSource - discard long time none received connection. , jdbcUrl : jdbc:mysql://localhost:3306/returnhome?useUnicode=true&characterEncoding=utf-8&useSSL=false&serverTimezone=GMT%2B8, version : 1.2.4, lastPacketReceivedIdleMillis : 568312
2021-04-17 11:24:00.018 [quartzScheduler_Worker-4] WARN  com.alibaba.druid.pool.DruidAbstractDataSource - discard long time none received connection. , jdbcUrl : jdbc:mysql://localhost:3306/returnhome?useUnicode=true&characterEncoding=utf-8&useSSL=false&serverTimezone=GMT%2B8, version : 1.2.4, lastPacketReceivedIdleMillis : 568315
2021-04-17 11:24:00.020 [quartzScheduler_Worker-4] WARN  com.alibaba.druid.pool.DruidAbstractDataSource - discard long time none received connection. , jdbcUrl : jdbc:mysql://localhost:3306/returnhome?useUnicode=true&characterEncoding=utf-8&useSSL=false&serverTimezone=GMT%2B8, version : 1.2.4, lastPacketReceivedIdleMillis : 568324
2021-04-17 11:27:00.003 [quartzScheduler_Worker-5] WARN  com.alibaba.druid.pool.DruidAbstractDataSource - discard long time none received connection. , jdbcUrl : jdbc:mysql://localhost:3306/returnhome?useUnicode=true&characterEncoding=utf-8&useSSL=false&serverTimezone=GMT%2B8, version : 1.2.4, lastPacketReceivedIdleMillis : 179979
2021-04-17 11:27:00.005 [quartzScheduler_Worker-5] WARN  com.alibaba.druid.pool.DruidAbstractDataSource - discard long time none received connection. , jdbcUrl : jdbc:mysql://localhost:3306/returnhome?useUnicode=true&characterEncoding=utf-8&useSSL=false&serverTimezone=GMT%2B8, version : 1.2.4, lastPacketReceivedIdleMillis : 748323
2021-04-17 11:30:00.004 [quartzScheduler_Worker-6] WARN  com.alibaba.druid.pool.DruidAbstractDataSource - discard long time none received connection. , jdbcUrl : jdbc:mysql://localhost:3306/returnhome?useUnicode=true&characterEncoding=utf-8&useSSL=false&serverTimezone=GMT%2B8, version : 1.2.4, lastPacketReceivedIdleMillis : 179983
2021-04-17 11:33:00.004 [quartzScheduler_Worker-7] WARN  com.alibaba.druid.pool.DruidAbstractDataSource - discard long time none received connection. , jdbcUrl : jdbc:mysql://localhost:3306/returnhome?useUnicode=true&characterEncoding=utf-8&useSSL=false&serverTimezone=GMT%2B8, version : 1.2.4, lastPacketReceivedIdleMillis : 179992
2021-04-17 11:36:00.009 [quartzScheduler_Worker-8] WARN  com.alibaba.druid.pool.DruidAbstractDataSource - discard long time none received connection. , jdbcUrl : jdbc:mysql://localhost:3306/returnhome?useUnicode=true&characterEncoding=utf-8&useSSL=false&serverTimezone=GMT%2B8, version : 1.2.4, lastPacketReceivedIdleMillis : 179995
2021-04-17 11:39:00.002 [quartzScheduler_Worker-9] WARN  com.alibaba.druid.pool.DruidAbstractDataSource - discard long time none received connection. , jdbcUrl : jdbc:mysql://localhost:3306/returnhome?useUnicode=true&characterEncoding=utf-8&useSSL=false&serverTimezone=GMT%2B8, version : 1.2.4, lastPacketReceivedIdleMillis : 179979
2021-04-17 11:42:00.003 [quartzScheduler_Worker-10] WARN  com.alibaba.druid.pool.DruidAbstractDataSource - discard long time none received connection. , jdbcUrl : jdbc:mysql://localhost:3306/returnhome?useUnicode=true&characterEncoding=utf-8&useSSL=false&serverTimezone=GMT%2B8, version : 1.2.4, lastPacketReceivedIdleMillis : 179992
2021-04-17 11:45:00.007 [quartzScheduler_Worker-1] WARN  com.alibaba.druid.pool.DruidAbstractDataSource - discard long time none received connection. , jdbcUrl : jdbc:mysql://localhost:3306/returnhome?useUnicode=true&characterEncoding=utf-8&useSSL=false&serverTimezone=GMT%2B8, version : 1.2.4, lastPacketReceivedIdleMillis : 179994
2021-04-17 11:47:17.376 [main] WARN  c.b.mybatisplus.core.metadata.TableInfoHelper - Can not find table primary key in Class: "com.lxw.entity.RoleMenu".
2021-04-17 11:47:17.597 [main] WARN  c.b.mybatisplus.core.metadata.TableInfoHelper - Can not find table primary key in Class: "com.lxw.entity.UserRole".
2021-04-17 11:47:17.667 [main] WARN  c.b.mybatisplus.core.metadata.TableInfoHelper - Can not find table primary key in Class: "com.lxw.entity.VolunteerTask".
2021-04-17 11:51:00.015 [quartzScheduler_Worker-2] WARN  com.alibaba.druid.pool.DruidAbstractDataSource - discard long time none received connection. , jdbcUrl : jdbc:mysql://localhost:3306/returnhome?useUnicode=true&characterEncoding=utf-8&useSSL=false&serverTimezone=GMT%2B8, version : 1.2.4, lastPacketReceivedIdleMillis : 179982
2021-04-17 11:51:00.017 [quartzScheduler_Worker-2] WARN  com.alibaba.druid.pool.DruidAbstractDataSource - discard long time none received connection. , jdbcUrl : jdbc:mysql://localhost:3306/returnhome?useUnicode=true&characterEncoding=utf-8&useSSL=false&serverTimezone=GMT%2B8, version : 1.2.4, lastPacketReceivedIdleMillis : 223237
2021-04-17 11:51:00.018 [quartzScheduler_Worker-2] WARN  com.alibaba.druid.pool.DruidAbstractDataSource - discard long time none received connection. , jdbcUrl : jdbc:mysql://localhost:3306/returnhome?useUnicode=true&characterEncoding=utf-8&useSSL=false&serverTimezone=GMT%2B8, version : 1.2.4, lastPacketReceivedIdleMillis : 223242
2021-04-17 11:51:00.020 [quartzScheduler_Worker-2] WARN  com.alibaba.druid.pool.DruidAbstractDataSource - discard long time none received connection. , jdbcUrl : jdbc:mysql://localhost:3306/returnhome?useUnicode=true&characterEncoding=utf-8&useSSL=false&serverTimezone=GMT%2B8, version : 1.2.4, lastPacketReceivedIdleMillis : 223247
2021-04-17 11:51:00.021 [quartzScheduler_Worker-2] WARN  com.alibaba.druid.pool.DruidAbstractDataSource - discard long time none received connection. , jdbcUrl : jdbc:mysql://localhost:3306/returnhome?useUnicode=true&characterEncoding=utf-8&useSSL=false&serverTimezone=GMT%2B8, version : 1.2.4, lastPacketReceivedIdleMillis : 223252
2021-04-17 11:51:00.023 [quartzScheduler_Worker-2] WARN  com.alibaba.druid.pool.DruidAbstractDataSource - discard long time none received connection. , jdbcUrl : jdbc:mysql://localhost:3306/returnhome?useUnicode=true&characterEncoding=utf-8&useSSL=false&serverTimezone=GMT%2B8, version : 1.2.4, lastPacketReceivedIdleMillis : 223259
2021-04-17 11:54:00.003 [quartzScheduler_Worker-3] WARN  com.alibaba.druid.pool.DruidAbstractDataSource - discard long time none received connection. , jdbcUrl : jdbc:mysql://localhost:3306/returnhome?useUnicode=true&characterEncoding=utf-8&useSSL=false&serverTimezone=GMT%2B8, version : 1.2.4, lastPacketReceivedIdleMillis : 179978
2021-04-17 11:54:00.005 [quartzScheduler_Worker-3] WARN  com.alibaba.druid.pool.DruidAbstractDataSource - discard long time none received connection. , jdbcUrl : jdbc:mysql://localhost:3306/returnhome?useUnicode=true&characterEncoding=utf-8&useSSL=false&serverTimezone=GMT%2B8, version : 1.2.4, lastPacketReceivedIdleMillis : 179979
2021-04-17 11:54:00.007 [quartzScheduler_Worker-3] WARN  com.alibaba.druid.pool.DruidAbstractDataSource - discard long time none received connection. , jdbcUrl : jdbc:mysql://localhost:3306/returnhome?useUnicode=true&characterEncoding=utf-8&useSSL=false&serverTimezone=GMT%2B8, version : 1.2.4, lastPacketReceivedIdleMillis : 403246
2021-04-17 11:54:00.009 [quartzScheduler_Worker-3] WARN  com.alibaba.druid.pool.DruidAbstractDataSource - discard long time none received connection. , jdbcUrl : jdbc:mysql://localhost:3306/returnhome?useUnicode=true&characterEncoding=utf-8&useSSL=false&serverTimezone=GMT%2B8, version : 1.2.4, lastPacketReceivedIdleMillis : 403250
2021-04-17 11:54:00.010 [quartzScheduler_Worker-3] WARN  com.alibaba.druid.pool.DruidAbstractDataSource - discard long time none received connection. , jdbcUrl : jdbc:mysql://localhost:3306/returnhome?useUnicode=true&characterEncoding=utf-8&useSSL=false&serverTimezone=GMT%2B8, version : 1.2.4, lastPacketReceivedIdleMillis : 403257
2021-04-17 11:57:00.002 [quartzScheduler_Worker-4] WARN  com.alibaba.druid.pool.DruidAbstractDataSource - discard long time none received connection. , jdbcUrl : jdbc:mysql://localhost:3306/returnhome?useUnicode=true&characterEncoding=utf-8&useSSL=false&serverTimezone=GMT%2B8, version : 1.2.4, lastPacketReceivedIdleMillis : 179988
2021-04-17 11:57:00.004 [quartzScheduler_Worker-4] WARN  com.alibaba.druid.pool.DruidAbstractDataSource - discard long time none received connection. , jdbcUrl : jdbc:mysql://localhost:3306/returnhome?useUnicode=true&characterEncoding=utf-8&useSSL=false&serverTimezone=GMT%2B8, version : 1.2.4, lastPacketReceivedIdleMillis : 583258
2021-04-17 12:00:00.004 [quartzScheduler_Worker-5] WARN  com.alibaba.druid.pool.DruidAbstractDataSource - discard long time none received connection. , jdbcUrl : jdbc:mysql://localhost:3306/returnhome?useUnicode=true&characterEncoding=utf-8&useSSL=false&serverTimezone=GMT%2B8, version : 1.2.4, lastPacketReceivedIdleMillis : 179986
2021-04-17 12:03:00.007 [quartzScheduler_Worker-6] WARN  com.alibaba.druid.pool.DruidAbstractDataSource - discard long time none received connection. , jdbcUrl : jdbc:mysql://localhost:3306/returnhome?useUnicode=true&characterEncoding=utf-8&useSSL=false&serverTimezone=GMT%2B8, version : 1.2.4, lastPacketReceivedIdleMillis : 179994
2021-04-17 12:06:00.004 [quartzScheduler_Worker-7] WARN  com.alibaba.druid.pool.DruidAbstractDataSource - discard long time none received connection. , jdbcUrl : jdbc:mysql://localhost:3306/returnhome?useUnicode=true&characterEncoding=utf-8&useSSL=false&serverTimezone=GMT%2B8, version : 1.2.4, lastPacketReceivedIdleMillis : 179987
2021-04-17 12:09:00.002 [quartzScheduler_Worker-8] WARN  com.alibaba.druid.pool.DruidAbstractDataSource - discard long time none received connection. , jdbcUrl : jdbc:mysql://localhost:3306/returnhome?useUnicode=true&characterEncoding=utf-8&useSSL=false&serverTimezone=GMT%2B8, version : 1.2.4, lastPacketReceivedIdleMillis : 179990
2021-04-17 12:12:00.003 [quartzScheduler_Worker-9] WARN  com.alibaba.druid.pool.DruidAbstractDataSource - discard long time none received connection. , jdbcUrl : jdbc:mysql://localhost:3306/returnhome?useUnicode=true&characterEncoding=utf-8&useSSL=false&serverTimezone=GMT%2B8, version : 1.2.4, lastPacketReceivedIdleMillis : 179993
2021-04-17 12:15:00.004 [quartzScheduler_Worker-10] WARN  com.alibaba.druid.pool.DruidAbstractDataSource - discard long time none received connection. , jdbcUrl : jdbc:mysql://localhost:3306/returnhome?useUnicode=true&characterEncoding=utf-8&useSSL=false&serverTimezone=GMT%2B8, version : 1.2.4, lastPacketReceivedIdleMillis : 179991
2021-04-17 12:18:00.010 [quartzScheduler_Worker-1] WARN  com.alibaba.druid.pool.DruidAbstractDataSource - discard long time none received connection. , jdbcUrl : jdbc:mysql://localhost:3306/returnhome?useUnicode=true&characterEncoding=utf-8&useSSL=false&serverTimezone=GMT%2B8, version : 1.2.4, lastPacketReceivedIdleMillis : 179995
2021-04-17 12:21:00.002 [quartzScheduler_Worker-2] WARN  com.alibaba.druid.pool.DruidAbstractDataSource - discard long time none received connection. , jdbcUrl : jdbc:mysql://localhost:3306/returnhome?useUnicode=true&characterEncoding=utf-8&useSSL=false&serverTimezone=GMT%2B8, version : 1.2.4, lastPacketReceivedIdleMillis : 179979
2021-04-17 12:24:00.003 [quartzScheduler_Worker-3] WARN  com.alibaba.druid.pool.DruidAbstractDataSource - discard long time none received connection. , jdbcUrl : jdbc:mysql://localhost:3306/returnhome?useUnicode=true&characterEncoding=utf-8&useSSL=false&serverTimezone=GMT%2B8, version : 1.2.4, lastPacketReceivedIdleMillis : 179993
2021-04-17 12:27:00.007 [quartzScheduler_Worker-4] WARN  com.alibaba.druid.pool.DruidAbstractDataSource - discard long time none received connection. , jdbcUrl : jdbc:mysql://localhost:3306/returnhome?useUnicode=true&characterEncoding=utf-8&useSSL=false&serverTimezone=GMT%2B8, version : 1.2.4, lastPacketReceivedIdleMillis : 179997
2021-04-17 12:30:00.004 [quartzScheduler_Worker-5] WARN  com.alibaba.druid.pool.DruidAbstractDataSource - discard long time none received connection. , jdbcUrl : jdbc:mysql://localhost:3306/returnhome?useUnicode=true&characterEncoding=utf-8&useSSL=false&serverTimezone=GMT%2B8, version : 1.2.4, lastPacketReceivedIdleMillis : 179983
2021-04-17 12:33:00.003 [quartzScheduler_Worker-6] WARN  com.alibaba.druid.pool.DruidAbstractDataSource - discard long time none received connection. , jdbcUrl : jdbc:mysql://localhost:3306/returnhome?useUnicode=true&characterEncoding=utf-8&useSSL=false&serverTimezone=GMT%2B8, version : 1.2.4, lastPacketReceivedIdleMillis : 179991
2021-04-17 12:36:00.002 [quartzScheduler_Worker-7] WARN  com.alibaba.druid.pool.DruidAbstractDataSource - discard long time none received connection. , jdbcUrl : jdbc:mysql://localhost:3306/returnhome?useUnicode=true&characterEncoding=utf-8&useSSL=false&serverTimezone=GMT%2B8, version : 1.2.4, lastPacketReceivedIdleMillis : 179993
2021-04-17 12:39:00.004 [quartzScheduler_Worker-8] WARN  com.alibaba.druid.pool.DruidAbstractDataSource - discard long time none received connection. , jdbcUrl : jdbc:mysql://localhost:3306/returnhome?useUnicode=true&characterEncoding=utf-8&useSSL=false&serverTimezone=GMT%2B8, version : 1.2.4, lastPacketReceivedIdleMillis : 179994
2021-04-17 12:42:00.002 [quartzScheduler_Worker-9] WARN  com.alibaba.druid.pool.DruidAbstractDataSource - discard long time none received connection. , jdbcUrl : jdbc:mysql://localhost:3306/returnhome?useUnicode=true&characterEncoding=utf-8&useSSL=false&serverTimezone=GMT%2B8, version : 1.2.4, lastPacketReceivedIdleMillis : 179991
2021-04-17 12:45:00.003 [quartzScheduler_Worker-10] WARN  com.alibaba.druid.pool.DruidAbstractDataSource - discard long time none received connection. , jdbcUrl : jdbc:mysql://localhost:3306/returnhome?useUnicode=true&characterEncoding=utf-8&useSSL=false&serverTimezone=GMT%2B8, version : 1.2.4, lastPacketReceivedIdleMillis : 179993
2021-04-17 12:48:00.003 [quartzScheduler_Worker-1] WARN  com.alibaba.druid.pool.DruidAbstractDataSource - discard long time none received connection. , jdbcUrl : jdbc:mysql://localhost:3306/returnhome?useUnicode=true&characterEncoding=utf-8&useSSL=false&serverTimezone=GMT%2B8, version : 1.2.4, lastPacketReceivedIdleMillis : 179990
2021-04-17 12:53:23.475 [http-nio-8081-exec-8] WARN  com.alibaba.druid.pool.DruidAbstractDataSource - discard long time none received connection. , jdbcUrl : jdbc:mysql://localhost:3306/returnhome?useUnicode=true&characterEncoding=utf-8&useSSL=false&serverTimezone=GMT%2B8, version : 1.2.4, lastPacketReceivedIdleMillis : 143471
2021-04-17 12:56:44.061 [http-nio-8081-exec-5] WARN  com.alibaba.druid.pool.DruidAbstractDataSource - discard long time none received connection. , jdbcUrl : jdbc:mysql://localhost:3306/returnhome?useUnicode=true&characterEncoding=utf-8&useSSL=false&serverTimezone=GMT%2B8, version : 1.2.4, lastPacketReceivedIdleMillis : 164051
2021-04-17 12:56:44.062 [http-nio-8081-exec-4] WARN  com.alibaba.druid.pool.DruidAbstractDataSource - discard long time none received connection. , jdbcUrl : jdbc:mysql://localhost:3306/returnhome?useUnicode=true&characterEncoding=utf-8&useSSL=false&serverTimezone=GMT%2B8, version : 1.2.4, lastPacketReceivedIdleMillis : 200541
2021-04-17 14:52:17.458 [main] WARN  c.b.mybatisplus.core.metadata.TableInfoHelper - Can not find table primary key in Class: "com.lxw.entity.RoleMenu".
2021-04-17 14:52:17.612 [main] WARN  c.b.mybatisplus.core.metadata.TableInfoHelper - Can not find table primary key in Class: "com.lxw.entity.UserRole".
2021-04-17 14:52:17.659 [main] WARN  c.b.mybatisplus.core.metadata.TableInfoHelper - Can not find table primary key in Class: "com.lxw.entity.VolunteerTask".
2021-04-17 14:53:32.887 [http-nio-8081-exec-2] WARN  com.alibaba.druid.pool.DruidAbstractDataSource - discard long time none received connection. , jdbcUrl : jdbc:mysql://localhost:3306/returnhome?useUnicode=true&characterEncoding=utf-8&useSSL=false&serverTimezone=GMT%2B8, version : 1.2.4, lastPacketReceivedIdleMillis : 71979
2021-04-17 14:56:17.623 [http-nio-8081-exec-3] WARN  com.alibaba.druid.pool.DruidAbstractDataSource - discard long time none received connection. , jdbcUrl : jdbc:mysql://localhost:3306/returnhome?useUnicode=true&characterEncoding=utf-8&useSSL=false&serverTimezone=GMT%2B8, version : 1.2.4, lastPacketReceivedIdleMillis : 137608
2021-04-17 14:56:17.625 [http-nio-8081-exec-3] WARN  com.alibaba.druid.pool.DruidAbstractDataSource - discard long time none received connection. , jdbcUrl : jdbc:mysql://localhost:3306/returnhome?useUnicode=true&characterEncoding=utf-8&useSSL=false&serverTimezone=GMT%2B8, version : 1.2.4, lastPacketReceivedIdleMillis : 240699
2021-04-17 14:56:17.628 [http-nio-8081-exec-3] WARN  com.alibaba.druid.pool.DruidAbstractDataSource - discard long time none received connection. , jdbcUrl : jdbc:mysql://localhost:3306/returnhome?useUnicode=true&characterEncoding=utf-8&useSSL=false&serverTimezone=GMT%2B8, version : 1.2.4, lastPacketReceivedIdleMillis : 240701
2021-04-17 14:56:17.630 [http-nio-8081-exec-3] WARN  com.alibaba.druid.pool.DruidAbstractDataSource - discard long time none received connection. , jdbcUrl : jdbc:mysql://localhost:3306/returnhome?useUnicode=true&characterEncoding=utf-8&useSSL=false&serverTimezone=GMT%2B8, version : 1.2.4, lastPacketReceivedIdleMillis : 240703
2021-04-17 15:00:00.012 [quartzScheduler_Worker-3] WARN  com.alibaba.druid.pool.DruidAbstractDataSource - discard long time none received connection. , jdbcUrl : jdbc:mysql://localhost:3306/returnhome?useUnicode=true&characterEncoding=utf-8&useSSL=false&serverTimezone=GMT%2B8, version : 1.2.4, lastPacketReceivedIdleMillis : 179819
2021-04-17 15:00:00.014 [quartzScheduler_Worker-3] WARN  com.alibaba.druid.pool.DruidAbstractDataSource - discard long time none received connection. , jdbcUrl : jdbc:mysql://localhost:3306/returnhome?useUnicode=true&characterEncoding=utf-8&useSSL=false&serverTimezone=GMT%2B8, version : 1.2.4, lastPacketReceivedIdleMillis : 207842
2021-04-17 15:00:00.017 [quartzScheduler_Worker-3] WARN  com.alibaba.druid.pool.DruidAbstractDataSource - discard long time none received connection. , jdbcUrl : jdbc:mysql://localhost:3306/returnhome?useUnicode=true&characterEncoding=utf-8&useSSL=false&serverTimezone=GMT%2B8, version : 1.2.4, lastPacketReceivedIdleMillis : 463091
2021-04-17 15:00:00.019 [quartzScheduler_Worker-3] WARN  com.alibaba.druid.pool.DruidAbstractDataSource - discard long time none received connection. , jdbcUrl : jdbc:mysql://localhost:3306/returnhome?useUnicode=true&characterEncoding=utf-8&useSSL=false&serverTimezone=GMT%2B8, version : 1.2.4, lastPacketReceivedIdleMillis : 463093
2021-04-17 15:00:00.021 [quartzScheduler_Worker-3] WARN  com.alibaba.druid.pool.DruidAbstractDataSource - discard long time none received connection. , jdbcUrl : jdbc:mysql://localhost:3306/returnhome?useUnicode=true&characterEncoding=utf-8&useSSL=false&serverTimezone=GMT%2B8, version : 1.2.4, lastPacketReceivedIdleMillis : 463110
2021-04-17 15:00:00.023 [quartzScheduler_Worker-3] WARN  com.alibaba.druid.pool.DruidAbstractDataSource - discard long time none received connection. , jdbcUrl : jdbc:mysql://localhost:3306/returnhome?useUnicode=true&characterEncoding=utf-8&useSSL=false&serverTimezone=GMT%2B8, version : 1.2.4, lastPacketReceivedIdleMillis : 463112
2021-04-17 15:00:00.025 [quartzScheduler_Worker-3] WARN  com.alibaba.druid.pool.DruidAbstractDataSource - discard long time none received connection. , jdbcUrl : jdbc:mysql://localhost:3306/returnhome?useUnicode=true&characterEncoding=utf-8&useSSL=false&serverTimezone=GMT%2B8, version : 1.2.4, lastPacketReceivedIdleMillis : 463114
2021-04-17 15:00:00.030 [quartzScheduler_Worker-3] WARN  com.alibaba.druid.pool.DruidAbstractDataSource - discard long time none received connection. , jdbcUrl : jdbc:mysql://localhost:3306/returnhome?useUnicode=true&characterEncoding=utf-8&useSSL=false&serverTimezone=GMT%2B8, version : 1.2.4, lastPacketReceivedIdleMillis : 463133
2021-04-17 15:03:00.005 [quartzScheduler_Worker-4] WARN  com.alibaba.druid.pool.DruidAbstractDataSource - discard long time none received connection. , jdbcUrl : jdbc:mysql://localhost:3306/returnhome?useUnicode=true&characterEncoding=utf-8&useSSL=false&serverTimezone=GMT%2B8, version : 1.2.4, lastPacketReceivedIdleMillis : 179970
2021-04-17 15:06:00.011 [quartzScheduler_Worker-5] WARN  com.alibaba.druid.pool.DruidAbstractDataSource - discard long time none received connection. , jdbcUrl : jdbc:mysql://localhost:3306/returnhome?useUnicode=true&characterEncoding=utf-8&useSSL=false&serverTimezone=GMT%2B8, version : 1.2.4, lastPacketReceivedIdleMillis : 179998
2021-04-17 15:07:12.761 [http-nio-8081-exec-7] WARN  com.alibaba.druid.pool.DruidAbstractDataSource - discard long time none received connection. , jdbcUrl : jdbc:mysql://localhost:3306/returnhome?useUnicode=true&characterEncoding=utf-8&useSSL=false&serverTimezone=GMT%2B8, version : 1.2.4, lastPacketReceivedIdleMillis : 72735
2021-04-17 15:09:00.014 [quartzScheduler_Worker-6] WARN  com.alibaba.druid.pool.DruidAbstractDataSource - discard long time none received connection. , jdbcUrl : jdbc:mysql://localhost:3306/returnhome?useUnicode=true&characterEncoding=utf-8&useSSL=false&serverTimezone=GMT%2B8, version : 1.2.4, lastPacketReceivedIdleMillis : 93748
2021-04-17 15:12:00.008 [quartzScheduler_Worker-7] WARN  com.alibaba.druid.pool.DruidAbstractDataSource - discard long time none received connection. , jdbcUrl : jdbc:mysql://localhost:3306/returnhome?useUnicode=true&characterEncoding=utf-8&useSSL=false&serverTimezone=GMT%2B8, version : 1.2.4, lastPacketReceivedIdleMillis : 179994
2021-04-17 15:15:00.007 [quartzScheduler_Worker-8] WARN  com.alibaba.druid.pool.DruidAbstractDataSource - discard long time none received connection. , jdbcUrl : jdbc:mysql://localhost:3306/returnhome?useUnicode=true&characterEncoding=utf-8&useSSL=false&serverTimezone=GMT%2B8, version : 1.2.4, lastPacketReceivedIdleMillis : 179998
2021-04-17 15:18:00.006 [quartzScheduler_Worker-9] WARN  com.alibaba.druid.pool.DruidAbstractDataSource - discard long time none received connection. , jdbcUrl : jdbc:mysql://localhost:3306/returnhome?useUnicode=true&characterEncoding=utf-8&useSSL=false&serverTimezone=GMT%2B8, version : 1.2.4, lastPacketReceivedIdleMillis : 159471
2021-04-17 15:26:38.240 [main] WARN  c.b.mybatisplus.core.metadata.TableInfoHelper - Can not find table primary key in Class: "com.lxw.entity.RoleMenu".
2021-04-17 15:26:38.328 [main] WARN  c.b.mybatisplus.core.metadata.TableInfoHelper - Can not find table primary key in Class: "com.lxw.entity.UserRole".
2021-04-17 15:26:38.373 [main] WARN  c.b.mybatisplus.core.metadata.TableInfoHelper - Can not find table primary key in Class: "com.lxw.entity.VolunteerTask".
2021-04-17 15:30:00.013 [quartzScheduler_Worker-2] WARN  com.alibaba.druid.pool.DruidAbstractDataSource - discard long time none received connection. , jdbcUrl : jdbc:mysql://localhost:3306/returnhome?useUnicode=true&characterEncoding=utf-8&useSSL=false&serverTimezone=GMT%2B8, version : 1.2.4, lastPacketReceivedIdleMillis : 173374
2021-04-17 15:30:00.013 [quartzScheduler_Worker-2] WARN  com.alibaba.druid.pool.DruidAbstractDataSource - discard long time none received connection. , jdbcUrl : jdbc:mysql://localhost:3306/returnhome?useUnicode=true&characterEncoding=utf-8&useSSL=false&serverTimezone=GMT%2B8, version : 1.2.4, lastPacketReceivedIdleMillis : 202121
2021-04-17 15:30:00.014 [quartzScheduler_Worker-2] WARN  com.alibaba.druid.pool.DruidAbstractDataSource - discard long time none received connection. , jdbcUrl : jdbc:mysql://localhost:3306/returnhome?useUnicode=true&characterEncoding=utf-8&useSSL=false&serverTimezone=GMT%2B8, version : 1.2.4, lastPacketReceivedIdleMillis : 202125
2021-04-17 15:30:00.015 [quartzScheduler_Worker-2] WARN  com.alibaba.druid.pool.DruidAbstractDataSource - discard long time none received connection. , jdbcUrl : jdbc:mysql://localhost:3306/returnhome?useUnicode=true&characterEncoding=utf-8&useSSL=false&serverTimezone=GMT%2B8, version : 1.2.4, lastPacketReceivedIdleMillis : 202129
2021-04-17 15:30:00.015 [quartzScheduler_Worker-2] WARN  com.alibaba.druid.pool.DruidAbstractDataSource - discard long time none received connection. , jdbcUrl : jdbc:mysql://localhost:3306/returnhome?useUnicode=true&characterEncoding=utf-8&useSSL=false&serverTimezone=GMT%2B8, version : 1.2.4, lastPacketReceivedIdleMillis : 202134
2021-04-17 15:30:00.016 [quartzScheduler_Worker-2] WARN  com.alibaba.druid.pool.DruidAbstractDataSource - discard long time none received connection. , jdbcUrl : jdbc:mysql://localhost:3306/returnhome?useUnicode=true&characterEncoding=utf-8&useSSL=false&serverTimezone=GMT%2B8, version : 1.2.4, lastPacketReceivedIdleMillis : 202138
2021-04-17 15:30:00.017 [quartzScheduler_Worker-2] WARN  com.alibaba.druid.pool.DruidAbstractDataSource - discard long time none received connection. , jdbcUrl : jdbc:mysql://localhost:3306/returnhome?useUnicode=true&characterEncoding=utf-8&useSSL=false&serverTimezone=GMT%2B8, version : 1.2.4, lastPacketReceivedIdleMillis : 202142
2021-04-17 15:30:17.604 [main] WARN  c.b.mybatisplus.core.metadata.TableInfoHelper - Can not find table primary key in Class: "com.lxw.entity.RoleMenu".
2021-04-17 15:30:17.697 [main] WARN  c.b.mybatisplus.core.metadata.TableInfoHelper - Can not find table primary key in Class: "com.lxw.entity.UserRole".
2021-04-17 15:30:17.744 [main] WARN  c.b.mybatisplus.core.metadata.TableInfoHelper - Can not find table primary key in Class: "com.lxw.entity.VolunteerTask".
2021-04-17 15:30:47.992 [main] WARN  c.b.mybatisplus.core.metadata.TableInfoHelper - Can not find table primary key in Class: "com.lxw.entity.RoleMenu".
2021-04-17 15:30:48.118 [main] WARN  c.b.mybatisplus.core.metadata.TableInfoHelper - Can not find table primary key in Class: "com.lxw.entity.UserRole".
2021-04-17 15:30:48.201 [main] WARN  c.b.mybatisplus.core.metadata.TableInfoHelper - Can not find table primary key in Class: "com.lxw.entity.VolunteerTask".
2021-04-17 15:33:00.018 [quartzScheduler_Worker-1] WARN  com.alibaba.druid.pool.DruidAbstractDataSource - discard long time none received connection. , jdbcUrl : jdbc:mysql://localhost:3306/returnhome?useUnicode=true&characterEncoding=utf-8&useSSL=false&serverTimezone=GMT%2B8, version : 1.2.4, lastPacketReceivedIdleMillis : 91140
2021-04-17 15:33:00.019 [quartzScheduler_Worker-1] WARN  com.alibaba.druid.pool.DruidAbstractDataSource - discard long time none received connection. , jdbcUrl : jdbc:mysql://localhost:3306/returnhome?useUnicode=true&characterEncoding=utf-8&useSSL=false&serverTimezone=GMT%2B8, version : 1.2.4, lastPacketReceivedIdleMillis : 132435
2021-04-17 15:33:00.020 [quartzScheduler_Worker-1] WARN  com.alibaba.druid.pool.DruidAbstractDataSource - discard long time none received connection. , jdbcUrl : jdbc:mysql://localhost:3306/returnhome?useUnicode=true&characterEncoding=utf-8&useSSL=false&serverTimezone=GMT%2B8, version : 1.2.4, lastPacketReceivedIdleMillis : 132438
2021-04-17 15:33:00.020 [quartzScheduler_Worker-1] WARN  com.alibaba.druid.pool.DruidAbstractDataSource - discard long time none received connection. , jdbcUrl : jdbc:mysql://localhost:3306/returnhome?useUnicode=true&characterEncoding=utf-8&useSSL=false&serverTimezone=GMT%2B8, version : 1.2.4, lastPacketReceivedIdleMillis : 132442
2021-04-17 15:33:00.021 [quartzScheduler_Worker-1] WARN  com.alibaba.druid.pool.DruidAbstractDataSource - discard long time none received connection. , jdbcUrl : jdbc:mysql://localhost:3306/returnhome?useUnicode=true&characterEncoding=utf-8&useSSL=false&serverTimezone=GMT%2B8, version : 1.2.4, lastPacketReceivedIdleMillis : 132446
2021-04-17 15:33:00.022 [quartzScheduler_Worker-1] WARN  com.alibaba.druid.pool.DruidAbstractDataSource - discard long time none received connection. , jdbcUrl : jdbc:mysql://localhost:3306/returnhome?useUnicode=true&characterEncoding=utf-8&useSSL=false&serverTimezone=GMT%2B8, version : 1.2.4, lastPacketReceivedIdleMillis : 132451
2021-04-17 15:33:00.023 [quartzScheduler_Worker-1] WARN  com.alibaba.druid.pool.DruidAbstractDataSource - discard long time none received connection. , jdbcUrl : jdbc:mysql://localhost:3306/returnhome?useUnicode=true&characterEncoding=utf-8&useSSL=false&serverTimezone=GMT%2B8, version : 1.2.4, lastPacketReceivedIdleMillis : 132454
2021-04-17 15:35:11.328 [http-nio-8081-exec-3] WARN  com.alibaba.druid.pool.DruidAbstractDataSource - discard long time none received connection. , jdbcUrl : jdbc:mysql://localhost:3306/returnhome?useUnicode=true&characterEncoding=utf-8&useSSL=false&serverTimezone=GMT%2B8, version : 1.2.4, lastPacketReceivedIdleMillis : 123128
2021-04-17 15:35:11.331 [http-nio-8081-exec-3] WARN  com.alibaba.druid.pool.DruidAbstractDataSource - discard long time none received connection. , jdbcUrl : jdbc:mysql://localhost:3306/returnhome?useUnicode=true&characterEncoding=utf-8&useSSL=false&serverTimezone=GMT%2B8, version : 1.2.4, lastPacketReceivedIdleMillis : 131304
2021-04-17 15:35:11.332 [http-nio-8081-exec-3] WARN  com.alibaba.druid.pool.DruidAbstractDataSource - discard long time none received connection. , jdbcUrl : jdbc:mysql://localhost:3306/returnhome?useUnicode=true&characterEncoding=utf-8&useSSL=false&serverTimezone=GMT%2B8, version : 1.2.4, lastPacketReceivedIdleMillis : 263767
2021-04-17 15:35:11.333 [http-nio-8081-exec-3] WARN  com.alibaba.druid.pool.DruidAbstractDataSource - discard long time none received connection. , jdbcUrl : jdbc:mysql://localhost:3306/returnhome?useUnicode=true&characterEncoding=utf-8&useSSL=false&serverTimezone=GMT%2B8, version : 1.2.4, lastPacketReceivedIdleMillis : 263773
2021-04-17 15:35:11.334 [http-nio-8081-exec-3] WARN  com.alibaba.druid.pool.DruidAbstractDataSource - discard long time none received connection. , jdbcUrl : jdbc:mysql://localhost:3306/returnhome?useUnicode=true&characterEncoding=utf-8&useSSL=false&serverTimezone=GMT%2B8, version : 1.2.4, lastPacketReceivedIdleMillis : 263780
2021-04-17 15:39:00.002 [quartzScheduler_Worker-3] WARN  com.alibaba.druid.pool.DruidAbstractDataSource - discard long time none received connection. , jdbcUrl : jdbc:mysql://localhost:3306/returnhome?useUnicode=true&characterEncoding=utf-8&useSSL=false&serverTimezone=GMT%2B8, version : 1.2.4, lastPacketReceivedIdleMillis : 176037
2021-04-17 15:41:29.029 [http-nio-8081-exec-9] WARN  com.alibaba.druid.pool.DruidAbstractDataSource - discard long time none received connection. , jdbcUrl : jdbc:mysql://localhost:3306/returnhome?useUnicode=true&characterEncoding=utf-8&useSSL=false&serverTimezone=GMT%2B8, version : 1.2.4, lastPacketReceivedIdleMillis : 148977
2021-04-17 15:45:00.007 [quartzScheduler_Worker-5] WARN  com.alibaba.druid.pool.DruidAbstractDataSource - discard long time none received connection. , jdbcUrl : jdbc:mysql://localhost:3306/returnhome?useUnicode=true&characterEncoding=utf-8&useSSL=false&serverTimezone=GMT%2B8, version : 1.2.4, lastPacketReceivedIdleMillis : 171977
2021-04-17 15:48:00.014 [quartzScheduler_Worker-6] WARN  com.alibaba.druid.pool.DruidAbstractDataSource - discard long time none received connection. , jdbcUrl : jdbc:mysql://localhost:3306/returnhome?useUnicode=true&characterEncoding=utf-8&useSSL=false&serverTimezone=GMT%2B8, version : 1.2.4, lastPacketReceivedIdleMillis : 179993
2021-04-17 15:59:50.684 [main] WARN  c.b.mybatisplus.core.metadata.TableInfoHelper - Can not find table primary key in Class: "com.lxw.entity.RoleMenu".
2021-04-17 15:59:50.769 [main] WARN  c.b.mybatisplus.core.metadata.TableInfoHelper - Can not find table primary key in Class: "com.lxw.entity.UserRole".
2021-04-17 15:59:50.817 [main] WARN  c.b.mybatisplus.core.metadata.TableInfoHelper - Can not find table primary key in Class: "com.lxw.entity.VolunteerTask".
2021-04-17 16:16:23.732 [main] WARN  c.b.mybatisplus.core.metadata.TableInfoHelper - Can not find table primary key in Class: "com.lxw.entity.RoleMenu".
2021-04-17 16:16:23.840 [main] WARN  c.b.mybatisplus.core.metadata.TableInfoHelper - Can not find table primary key in Class: "com.lxw.entity.UserRole".
2021-04-17 16:16:23.909 [main] WARN  c.b.mybatisplus.core.metadata.TableInfoHelper - Can not find table primary key in Class: "com.lxw.entity.VolunteerTask".
2021-04-17 16:19:33.422 [http-nio-8081-exec-6] WARN  com.alibaba.druid.pool.DruidAbstractDataSource - discard long time none received connection. , jdbcUrl : jdbc:mysql://localhost:3306/returnhome?useUnicode=true&characterEncoding=utf-8&useSSL=false&serverTimezone=GMT%2B8, version : 1.2.4, lastPacketReceivedIdleMillis : 190101
2021-04-17 16:19:33.424 [http-nio-8081-exec-6] WARN  com.alibaba.druid.pool.DruidAbstractDataSource - discard long time none received connection. , jdbcUrl : jdbc:mysql://localhost:3306/returnhome?useUnicode=true&characterEncoding=utf-8&useSSL=false&serverTimezone=GMT%2B8, version : 1.2.4, lastPacketReceivedIdleMillis : 190112
2021-04-17 16:19:33.423 [http-nio-8081-exec-4] WARN  com.alibaba.druid.pool.DruidAbstractDataSource - discard long time none received connection. , jdbcUrl : jdbc:mysql://localhost:3306/returnhome?useUnicode=true&characterEncoding=utf-8&useSSL=false&serverTimezone=GMT%2B8, version : 1.2.4, lastPacketReceivedIdleMillis : 93248
2021-04-17 16:19:33.426 [http-nio-8081-exec-4] WARN  com.alibaba.druid.pool.DruidAbstractDataSource - discard long time none received connection. , jdbcUrl : jdbc:mysql://localhost:3306/returnhome?useUnicode=true&characterEncoding=utf-8&useSSL=false&serverTimezone=GMT%2B8, version : 1.2.4, lastPacketReceivedIdleMillis : 190122
2021-04-17 16:19:33.426 [http-nio-8081-exec-6] WARN  com.alibaba.druid.pool.DruidAbstractDataSource - discard long time none received connection. , jdbcUrl : jdbc:mysql://localhost:3306/returnhome?useUnicode=true&characterEncoding=utf-8&useSSL=false&serverTimezone=GMT%2B8, version : 1.2.4, lastPacketReceivedIdleMillis : 190119
2021-04-17 16:19:33.428 [http-nio-8081-exec-4] WARN  com.alibaba.druid.pool.DruidAbstractDataSource - discard long time none received connection. , jdbcUrl : jdbc:mysql://localhost:3306/returnhome?useUnicode=true&characterEncoding=utf-8&useSSL=false&serverTimezone=GMT%2B8, version : 1.2.4, lastPacketReceivedIdleMillis : 190127
2021-04-17 16:19:33.712 [http-nio-8081-exec-4] WARN  com.alibaba.druid.pool.DruidAbstractDataSource - discard long time none received connection. , jdbcUrl : jdbc:mysql://localhost:3306/returnhome?useUnicode=true&characterEncoding=utf-8&useSSL=false&serverTimezone=GMT%2B8, version : 1.2.4, lastPacketReceivedIdleMillis : 190414
2021-04-17 16:24:08.630 [http-nio-8081-exec-5] WARN  com.alibaba.druid.pool.DruidAbstractDataSource - discard long time none received connection. , jdbcUrl : jdbc:mysql://localhost:3306/returnhome?useUnicode=true&characterEncoding=utf-8&useSSL=false&serverTimezone=GMT%2B8, version : 1.2.4, lastPacketReceivedIdleMillis : 92198
2021-04-17 16:24:08.633 [http-nio-8081-exec-5] WARN  com.alibaba.druid.pool.DruidAbstractDataSource - discard long time none received connection. , jdbcUrl : jdbc:mysql://localhost:3306/returnhome?useUnicode=true&characterEncoding=utf-8&useSSL=false&serverTimezone=GMT%2B8, version : 1.2.4, lastPacketReceivedIdleMillis : 465338
2021-04-17 16:24:08.636 [http-nio-8081-exec-5] WARN  com.alibaba.druid.pool.DruidAbstractDataSource - discard long time none received connection. , jdbcUrl : jdbc:mysql://localhost:3306/returnhome?useUnicode=true&characterEncoding=utf-8&useSSL=false&serverTimezone=GMT%2B8, version : 1.2.4, lastPacketReceivedIdleMillis : 465345
2021-04-17 16:24:08.638 [http-nio-8081-exec-6] WARN  com.alibaba.druid.pool.DruidAbstractDataSource - discard long time none received connection. , jdbcUrl : jdbc:mysql://localhost:3306/returnhome?useUnicode=true&characterEncoding=utf-8&useSSL=false&serverTimezone=GMT%2B8, version : 1.2.4, lastPacketReceivedIdleMillis : 465355
2021-04-17 16:30:00.003 [quartzScheduler_Worker-5] WARN  com.alibaba.druid.pool.DruidAbstractDataSource - discard long time none received connection. , jdbcUrl : jdbc:mysql://localhost:3306/returnhome?useUnicode=true&characterEncoding=utf-8&useSSL=false&serverTimezone=GMT%2B8, version : 1.2.4, lastPacketReceivedIdleMillis : 83725
2021-04-17 16:30:00.004 [quartzScheduler_Worker-5] WARN  com.alibaba.druid.pool.DruidAbstractDataSource - discard long time none received connection. , jdbcUrl : jdbc:mysql://localhost:3306/returnhome?useUnicode=true&characterEncoding=utf-8&useSSL=false&serverTimezone=GMT%2B8, version : 1.2.4, lastPacketReceivedIdleMillis : 98670
2021-04-17 16:33:00.002 [quartzScheduler_Worker-6] WARN  com.alibaba.druid.pool.DruidAbstractDataSource - discard long time none received connection. , jdbcUrl : jdbc:mysql://localhost:3306/returnhome?useUnicode=true&characterEncoding=utf-8&useSSL=false&serverTimezone=GMT%2B8, version : 1.2.4, lastPacketReceivedIdleMillis : 125166
2021-04-17 16:33:00.003 [quartzScheduler_Worker-6] WARN  com.alibaba.druid.pool.DruidAbstractDataSource - discard long time none received connection. , jdbcUrl : jdbc:mysql://localhost:3306/returnhome?useUnicode=true&characterEncoding=utf-8&useSSL=false&serverTimezone=GMT%2B8, version : 1.2.4, lastPacketReceivedIdleMillis : 125174
2021-04-17 16:36:00.002 [quartzScheduler_Worker-7] WARN  com.alibaba.druid.pool.DruidAbstractDataSource - discard long time none received connection. , jdbcUrl : jdbc:mysql://localhost:3306/returnhome?useUnicode=true&characterEncoding=utf-8&useSSL=false&serverTimezone=GMT%2B8, version : 1.2.4, lastPacketReceivedIdleMillis : 179993
2021-04-17 16:46:44.657 [main] WARN  c.b.mybatisplus.core.metadata.TableInfoHelper - Can not find table primary key in Class: "com.lxw.entity.RoleMenu".
2021-04-17 16:46:44.749 [main] WARN  c.b.mybatisplus.core.metadata.TableInfoHelper - Can not find table primary key in Class: "com.lxw.entity.UserRole".
2021-04-17 16:46:44.799 [main] WARN  c.b.mybatisplus.core.metadata.TableInfoHelper - Can not find table primary key in Class: "com.lxw.entity.VolunteerTask".
2021-04-17 16:50:24.577 [http-nio-8081-exec-7] WARN  com.alibaba.druid.pool.DruidAbstractDataSource - discard long time none received connection. , jdbcUrl : jdbc:mysql://localhost:3306/returnhome?useUnicode=true&characterEncoding=utf-8&useSSL=false&serverTimezone=GMT%2B8, version : 1.2.4, lastPacketReceivedIdleMillis : 84702
2021-04-17 16:50:24.584 [http-nio-8081-exec-7] WARN  com.alibaba.druid.pool.DruidAbstractDataSource - discard long time none received connection. , jdbcUrl : jdbc:mysql://localhost:3306/returnhome?useUnicode=true&characterEncoding=utf-8&useSSL=false&serverTimezone=GMT%2B8, version : 1.2.4, lastPacketReceivedIdleMillis : 220247
2021-04-17 16:50:24.584 [http-nio-8081-exec-6] WARN  com.alibaba.druid.pool.DruidAbstractDataSource - discard long time none received connection. , jdbcUrl : jdbc:mysql://localhost:3306/returnhome?useUnicode=true&characterEncoding=utf-8&useSSL=false&serverTimezone=GMT%2B8, version : 1.2.4, lastPacketReceivedIdleMillis : 133479
2021-04-17 16:50:24.585 [http-nio-8081-exec-7] WARN  com.alibaba.druid.pool.DruidAbstractDataSource - discard long time none received connection. , jdbcUrl : jdbc:mysql://localhost:3306/returnhome?useUnicode=true&characterEncoding=utf-8&useSSL=false&serverTimezone=GMT%2B8, version : 1.2.4, lastPacketReceivedIdleMillis : 220251
2021-04-17 16:50:24.585 [http-nio-8081-exec-6] WARN  com.alibaba.druid.pool.DruidAbstractDataSource - discard long time none received connection. , jdbcUrl : jdbc:mysql://localhost:3306/returnhome?useUnicode=true&characterEncoding=utf-8&useSSL=false&serverTimezone=GMT%2B8, version : 1.2.4, lastPacketReceivedIdleMillis : 220254
2021-04-17 16:50:24.587 [http-nio-8081-exec-6] WARN  com.alibaba.druid.pool.DruidAbstractDataSource - discard long time none received connection. , jdbcUrl : jdbc:mysql://localhost:3306/returnhome?useUnicode=true&characterEncoding=utf-8&useSSL=false&serverTimezone=GMT%2B8, version : 1.2.4, lastPacketReceivedIdleMillis : 220262
2021-04-17 16:50:24.587 [http-nio-8081-exec-7] WARN  com.alibaba.druid.pool.DruidAbstractDataSource - discard long time none received connection. , jdbcUrl : jdbc:mysql://localhost:3306/returnhome?useUnicode=true&characterEncoding=utf-8&useSSL=false&serverTimezone=GMT%2B8, version : 1.2.4, lastPacketReceivedIdleMillis : 220259
2021-04-17 16:50:24.588 [http-nio-8081-exec-7] WARN  com.alibaba.druid.pool.DruidAbstractDataSource - discard long time none received connection. , jdbcUrl : jdbc:mysql://localhost:3306/returnhome?useUnicode=true&characterEncoding=utf-8&useSSL=false&serverTimezone=GMT%2B8, version : 1.2.4, lastPacketReceivedIdleMillis : 220272
2021-04-17 16:50:24.588 [http-nio-8081-exec-6] WARN  com.alibaba.druid.pool.DruidAbstractDataSource - discard long time none received connection. , jdbcUrl : jdbc:mysql://localhost:3306/returnhome?useUnicode=true&characterEncoding=utf-8&useSSL=false&serverTimezone=GMT%2B8, version : 1.2.4, lastPacketReceivedIdleMillis : 220268
2021-04-17 16:50:24.589 [http-nio-8081-exec-6] WARN  com.alibaba.druid.pool.DruidAbstractDataSource - discard long time none received connection. , jdbcUrl : jdbc:mysql://localhost:3306/returnhome?useUnicode=true&characterEncoding=utf-8&useSSL=false&serverTimezone=GMT%2B8, version : 1.2.4, lastPacketReceivedIdleMillis : 220278
2021-04-17 23:33:56.966 [main] WARN  c.b.mybatisplus.core.metadata.TableInfoHelper - Can not find table primary key in Class: "com.lxw.entity.RoleMenu".
2021-04-17 23:33:57.060 [main] WARN  c.b.mybatisplus.core.metadata.TableInfoHelper - Can not find table primary key in Class: "com.lxw.entity.UserRole".
2021-04-17 23:33:57.122 [main] WARN  c.b.mybatisplus.core.metadata.TableInfoHelper - Can not find table primary key in Class: "com.lxw.entity.VolunteerTask".
