2021-03-23 00:28:23.368 [INFO ] com.lxw.ReturnHomeApplication - Starting ReturnHomeApplication using Java 1.8.0_212 on LAPTOP-K8D3MGN6 with PID 21736 (E:\return-home\returnhome-web\target\classes started by ASUS in E:\return-home)
2021-03-23 00:28:23.368 [INFO ] org.hibernate.validator.internal.util.Version - HV000001: Hibernate Validator 6.1.7.Final
2021-03-23 00:28:23.372 [INFO ] com.lxw.ReturnHomeApplication - No active profile set, falling back to default profiles: default
2021-03-23 00:28:24.590 [INFO ] org.springframework.context.support.PostProcessorRegistrationDelegate$BeanPostProcessorChecker - Bean 'org.springframework.security.access.expression.method.DefaultMethodSecurityExpressionHandler@bdd2027' of type [org.springframework.security.access.expression.method.DefaultMethodSecurityExpressionHandler] is not eligible for getting processed by all BeanPostProcessors (for example: not eligible for auto-proxying)
2021-03-23 00:28:24.597 [INFO ] org.springframework.context.support.PostProcessorRegistrationDelegate$BeanPostProcessorChecker - Bean 'methodSecurityMetadataSource' of type [org.springframework.security.access.method.DelegatingMethodSecurityMetadataSource] is not eligible for getting processed by all BeanPostProcessors (for example: not eligible for auto-proxying)
2021-03-23 00:28:24.835 [INFO ] org.springframework.boot.web.embedded.tomcat.TomcatWebServer - Tomcat initialized with port(s): 8081 (http)
2021-03-23 00:28:24.849 [INFO ] org.apache.coyote.http11.Http11NioProtocol - Initializing ProtocolHandler ["http-nio-8081"]
2021-03-23 00:28:24.851 [INFO ] org.apache.catalina.core.StandardService - Starting service [Tomcat]
2021-03-23 00:28:24.852 [INFO ] org.apache.catalina.core.StandardEngine - Starting Servlet engine: [Apache Tomcat/9.0.43]
2021-03-23 00:28:24.855 [INFO ] org.apache.catalina.core.AprLifecycleListener - Loaded Apache Tomcat Native library [1.2.23] using APR version [1.7.0].
2021-03-23 00:28:24.855 [INFO ] org.apache.catalina.core.AprLifecycleListener - APR capabilities: IPv6 [true], sendfile [true], accept filters [false], random [true].
2021-03-23 00:28:24.856 [INFO ] org.apache.catalina.core.AprLifecycleListener - APR/OpenSSL configuration: useAprConnector [false], useOpenSSL [true]
2021-03-23 00:28:24.861 [INFO ] org.apache.catalina.core.AprLifecycleListener - OpenSSL successfully initialized [OpenSSL 1.1.1c  28 May 2019]
2021-03-23 00:28:24.971 [INFO ] org.apache.catalina.core.ContainerBase.[Tomcat].[localhost].[/] - Initializing Spring embedded WebApplicationContext
2021-03-23 00:28:24.972 [INFO ] org.springframework.boot.web.servlet.context.ServletWebServerApplicationContext - Root WebApplicationContext: initialization completed in 1555 ms
2021-03-23 00:28:25.250 [INFO ] com.alibaba.druid.spring.boot.autoconfigure.DruidDataSourceAutoConfigure - Init DruidDataSource
2021-03-23 00:28:25.438 [INFO ] com.alibaba.druid.pool.DruidDataSource - {dataSource-1} inited
2021-03-23 00:28:27.142 [INFO ] springfox.documentation.spring.web.WebMvcPropertySourcedRequestMappingHandlerMapping - Mapped URL path [/v2/api-docs] onto method [springfox.documentation.swagger2.web.Swagger2ControllerWebMvc#getDocumentation(String, HttpServletRequest)]
2021-03-23 00:28:27.251 [INFO ] org.springframework.security.web.DefaultSecurityFilterChain - Will secure any request with [org.springframework.security.web.context.request.async.WebAsyncManagerIntegrationFilter@8e25d3f, org.springframework.security.web.context.SecurityContextPersistenceFilter@1e3df614, org.springframework.security.web.header.HeaderWriterFilter@32091c14, org.springframework.web.filter.CorsFilter@18a096b5, org.springframework.security.web.authentication.logout.LogoutFilter@17207f5b, com.lxw.fliter.JwtAuthenticationFilter@79b18230, org.springframework.security.web.authentication.UsernamePasswordAuthenticationFilter@385dfb63, com.lxw.fliter.JwtAuthorizationFilter@1d4f5506, org.springframework.security.web.savedrequest.RequestCacheAwareFilter@fd413fb, org.springframework.security.web.servletapi.SecurityContextHolderAwareRequestFilter@7c1a8f0f, org.springframework.security.web.authentication.AnonymousAuthenticationFilter@7dee835, org.springframework.security.web.session.SessionManagementFilter@286855ea, org.springframework.security.web.access.ExceptionTranslationFilter@47b269c4, org.springframework.security.web.access.intercept.FilterSecurityInterceptor@661d6bb6]
2021-03-23 00:28:27.303 [INFO ] org.springframework.scheduling.concurrent.ThreadPoolTaskExecutor - Initializing ExecutorService 'applicationTaskExecutor'
2021-03-23 00:28:27.519 [INFO ] org.apache.coyote.http11.Http11NioProtocol - Starting ProtocolHandler ["http-nio-8081"]
2021-03-23 00:28:27.538 [INFO ] org.springframework.boot.web.embedded.tomcat.TomcatWebServer - Tomcat started on port(s): 8081 (http) with context path ''
2021-03-23 00:28:27.539 [INFO ] springfox.documentation.spring.web.plugins.DocumentationPluginsBootstrapper - Documentation plugins bootstrapped
2021-03-23 00:28:27.542 [INFO ] springfox.documentation.spring.web.plugins.DocumentationPluginsBootstrapper - Found 1 custom documentation plugin(s)
2021-03-23 00:28:27.577 [INFO ] springfox.documentation.spring.web.scanners.ApiListingReferenceScanner - Scanning for api listing references
2021-03-23 00:28:27.731 [INFO ] com.lxw.ReturnHomeApplication - Started ReturnHomeApplication in 5.125 seconds (JVM running for 6.653)
2021-03-23 00:28:40.435 [INFO ] org.apache.catalina.core.ContainerBase.[Tomcat].[localhost].[/] - Initializing Spring DispatcherServlet 'dispatcherServlet'
2021-03-23 00:44:37.383 [INFO ] org.hibernate.validator.internal.util.Version - HV000001: Hibernate Validator 6.1.7.Final
2021-03-23 00:44:37.387 [INFO ] com.lxw.ReturnHomeApplication - Starting ReturnHomeApplication using Java 1.8.0_212 on LAPTOP-K8D3MGN6 with PID 23432 (E:\return-home\returnhome-web\target\classes started by ASUS in E:\return-home)
2021-03-23 00:44:37.389 [INFO ] com.lxw.ReturnHomeApplication - No active profile set, falling back to default profiles: default
2021-03-23 00:44:39.034 [INFO ] org.springframework.context.support.PostProcessorRegistrationDelegate$BeanPostProcessorChecker - Bean 'org.springframework.security.access.expression.method.DefaultMethodSecurityExpressionHandler@6ff415ad' of type [org.springframework.security.access.expression.method.DefaultMethodSecurityExpressionHandler] is not eligible for getting processed by all BeanPostProcessors (for example: not eligible for auto-proxying)
2021-03-23 00:44:39.039 [INFO ] org.springframework.context.support.PostProcessorRegistrationDelegate$BeanPostProcessorChecker - Bean 'methodSecurityMetadataSource' of type [org.springframework.security.access.method.DelegatingMethodSecurityMetadataSource] is not eligible for getting processed by all BeanPostProcessors (for example: not eligible for auto-proxying)
2021-03-23 00:44:39.261 [INFO ] org.springframework.boot.web.embedded.tomcat.TomcatWebServer - Tomcat initialized with port(s): 8081 (http)
2021-03-23 00:44:39.274 [INFO ] org.apache.coyote.http11.Http11NioProtocol - Initializing ProtocolHandler ["http-nio-8081"]
2021-03-23 00:44:39.274 [INFO ] org.apache.catalina.core.StandardService - Starting service [Tomcat]
2021-03-23 00:44:39.275 [INFO ] org.apache.catalina.core.StandardEngine - Starting Servlet engine: [Apache Tomcat/9.0.43]
2021-03-23 00:44:39.277 [INFO ] org.apache.catalina.core.AprLifecycleListener - Loaded Apache Tomcat Native library [1.2.23] using APR version [1.7.0].
2021-03-23 00:44:39.278 [INFO ] org.apache.catalina.core.AprLifecycleListener - APR capabilities: IPv6 [true], sendfile [true], accept filters [false], random [true].
2021-03-23 00:44:39.279 [INFO ] org.apache.catalina.core.AprLifecycleListener - APR/OpenSSL configuration: useAprConnector [false], useOpenSSL [true]
2021-03-23 00:44:39.283 [INFO ] org.apache.catalina.core.AprLifecycleListener - OpenSSL successfully initialized [OpenSSL 1.1.1c  28 May 2019]
2021-03-23 00:44:39.398 [INFO ] org.apache.catalina.core.ContainerBase.[Tomcat].[localhost].[/] - Initializing Spring embedded WebApplicationContext
2021-03-23 00:44:39.398 [INFO ] org.springframework.boot.web.servlet.context.ServletWebServerApplicationContext - Root WebApplicationContext: initialization completed in 1936 ms
2021-03-23 00:44:39.684 [INFO ] com.alibaba.druid.spring.boot.autoconfigure.DruidDataSourceAutoConfigure - Init DruidDataSource
2021-03-23 00:44:39.917 [INFO ] com.alibaba.druid.pool.DruidDataSource - {dataSource-1} inited
2021-03-23 00:44:41.906 [INFO ] springfox.documentation.spring.web.WebMvcPropertySourcedRequestMappingHandlerMapping - Mapped URL path [/v2/api-docs] onto method [springfox.documentation.swagger2.web.Swagger2ControllerWebMvc#getDocumentation(String, HttpServletRequest)]
2021-03-23 00:44:42.034 [INFO ] org.springframework.security.web.DefaultSecurityFilterChain - Will secure any request with [org.springframework.security.web.context.request.async.WebAsyncManagerIntegrationFilter@37a9b687, org.springframework.security.web.context.SecurityContextPersistenceFilter@23ad71bf, org.springframework.security.web.header.HeaderWriterFilter@7f13811b, org.springframework.web.filter.CorsFilter@525b1b70, org.springframework.security.web.authentication.logout.LogoutFilter@7730ef88, com.lxw.fliter.JwtAuthenticationFilter@16d07cf3, org.springframework.security.web.authentication.UsernamePasswordAuthenticationFilter@401c4250, com.lxw.fliter.JwtAuthorizationFilter@16f0ec18, org.springframework.security.web.savedrequest.RequestCacheAwareFilter@629a9f26, org.springframework.security.web.servletapi.SecurityContextHolderAwareRequestFilter@7c40ffef, org.springframework.security.web.authentication.AnonymousAuthenticationFilter@6c977dcf, org.springframework.security.web.session.SessionManagementFilter@78307a56, org.springframework.security.web.access.ExceptionTranslationFilter@2921199d, org.springframework.security.web.access.intercept.FilterSecurityInterceptor@4d464510]
2021-03-23 00:44:42.102 [INFO ] org.springframework.scheduling.concurrent.ThreadPoolTaskExecutor - Initializing ExecutorService 'applicationTaskExecutor'
2021-03-23 00:44:42.396 [INFO ] org.apache.coyote.http11.Http11NioProtocol - Starting ProtocolHandler ["http-nio-8081"]
2021-03-23 00:44:42.414 [INFO ] org.springframework.boot.web.embedded.tomcat.TomcatWebServer - Tomcat started on port(s): 8081 (http) with context path ''
2021-03-23 00:44:42.416 [INFO ] springfox.documentation.spring.web.plugins.DocumentationPluginsBootstrapper - Documentation plugins bootstrapped
2021-03-23 00:44:42.419 [INFO ] springfox.documentation.spring.web.plugins.DocumentationPluginsBootstrapper - Found 1 custom documentation plugin(s)
2021-03-23 00:44:42.449 [INFO ] springfox.documentation.spring.web.scanners.ApiListingReferenceScanner - Scanning for api listing references
2021-03-23 00:44:42.619 [INFO ] com.lxw.ReturnHomeApplication - Started ReturnHomeApplication in 6.027 seconds (JVM running for 7.377)
2021-03-23 00:45:22.060 [INFO ] org.apache.catalina.core.ContainerBase.[Tomcat].[localhost].[/] - Initializing Spring DispatcherServlet 'dispatcherServlet'
2021-03-23 00:51:39.409 [INFO ] org.hibernate.validator.internal.util.Version - HV000001: Hibernate Validator 6.1.7.Final
2021-03-23 00:51:39.409 [INFO ] com.lxw.ReturnHomeApplication - Starting ReturnHomeApplication using Java 1.8.0_212 on LAPTOP-K8D3MGN6 with PID 7680 (E:\return-home\returnhome-web\target\classes started by ASUS in E:\return-home)
2021-03-23 00:51:39.413 [INFO ] com.lxw.ReturnHomeApplication - No active profile set, falling back to default profiles: default
2021-03-23 00:51:40.578 [INFO ] org.springframework.context.support.PostProcessorRegistrationDelegate$BeanPostProcessorChecker - Bean 'org.springframework.security.access.expression.method.DefaultMethodSecurityExpressionHandler@bdd2027' of type [org.springframework.security.access.expression.method.DefaultMethodSecurityExpressionHandler] is not eligible for getting processed by all BeanPostProcessors (for example: not eligible for auto-proxying)
2021-03-23 00:51:40.581 [INFO ] org.springframework.context.support.PostProcessorRegistrationDelegate$BeanPostProcessorChecker - Bean 'methodSecurityMetadataSource' of type [org.springframework.security.access.method.DelegatingMethodSecurityMetadataSource] is not eligible for getting processed by all BeanPostProcessors (for example: not eligible for auto-proxying)
2021-03-23 00:51:40.769 [INFO ] org.springframework.boot.web.embedded.tomcat.TomcatWebServer - Tomcat initialized with port(s): 8081 (http)
2021-03-23 00:51:40.777 [INFO ] org.apache.coyote.http11.Http11NioProtocol - Initializing ProtocolHandler ["http-nio-8081"]
2021-03-23 00:51:40.777 [INFO ] org.apache.catalina.core.StandardService - Starting service [Tomcat]
2021-03-23 00:51:40.778 [INFO ] org.apache.catalina.core.StandardEngine - Starting Servlet engine: [Apache Tomcat/9.0.43]
2021-03-23 00:51:40.779 [INFO ] org.apache.catalina.core.AprLifecycleListener - Loaded Apache Tomcat Native library [1.2.23] using APR version [1.7.0].
2021-03-23 00:51:40.779 [INFO ] org.apache.catalina.core.AprLifecycleListener - APR capabilities: IPv6 [true], sendfile [true], accept filters [false], random [true].
2021-03-23 00:51:40.779 [INFO ] org.apache.catalina.core.AprLifecycleListener - APR/OpenSSL configuration: useAprConnector [false], useOpenSSL [true]
2021-03-23 00:51:40.782 [INFO ] org.apache.catalina.core.AprLifecycleListener - OpenSSL successfully initialized [OpenSSL 1.1.1c  28 May 2019]
2021-03-23 00:51:40.880 [INFO ] org.apache.catalina.core.ContainerBase.[Tomcat].[localhost].[/] - Initializing Spring embedded WebApplicationContext
2021-03-23 00:51:40.880 [INFO ] org.springframework.boot.web.servlet.context.ServletWebServerApplicationContext - Root WebApplicationContext: initialization completed in 1412 ms
2021-03-23 00:51:41.121 [INFO ] com.alibaba.druid.spring.boot.autoconfigure.DruidDataSourceAutoConfigure - Init DruidDataSource
2021-03-23 00:51:41.302 [INFO ] com.alibaba.druid.pool.DruidDataSource - {dataSource-1} inited
2021-03-23 00:51:42.971 [INFO ] springfox.documentation.spring.web.WebMvcPropertySourcedRequestMappingHandlerMapping - Mapped URL path [/v2/api-docs] onto method [springfox.documentation.swagger2.web.Swagger2ControllerWebMvc#getDocumentation(String, HttpServletRequest)]
2021-03-23 00:51:43.079 [INFO ] org.springframework.security.web.DefaultSecurityFilterChain - Will secure any request with [org.springframework.security.web.context.request.async.WebAsyncManagerIntegrationFilter@21ea996f, org.springframework.security.web.context.SecurityContextPersistenceFilter@4451f60c, org.springframework.security.web.header.HeaderWriterFilter@6579cdbb, org.springframework.web.filter.CorsFilter@3f9b7fe1, org.springframework.security.web.authentication.logout.LogoutFilter@5af5d76f, com.lxw.fliter.JwtAuthenticationFilter@2f79f192, org.springframework.security.web.authentication.UsernamePasswordAuthenticationFilter@1b57c345, com.lxw.fliter.JwtAuthorizationFilter@5fdfe8cf, org.springframework.security.web.savedrequest.RequestCacheAwareFilter@64bebd55, org.springframework.security.web.servletapi.SecurityContextHolderAwareRequestFilter@7e87ef9e, org.springframework.security.web.authentication.AnonymousAuthenticationFilter@2a8b33ba, org.springframework.security.web.session.SessionManagementFilter@1e1232cf, org.springframework.security.web.access.ExceptionTranslationFilter@64aeaf29, org.springframework.security.web.access.intercept.FilterSecurityInterceptor@18a096b5]
2021-03-23 00:51:43.125 [INFO ] org.springframework.scheduling.concurrent.ThreadPoolTaskExecutor - Initializing ExecutorService 'applicationTaskExecutor'
2021-03-23 00:51:43.307 [INFO ] org.apache.coyote.http11.Http11NioProtocol - Starting ProtocolHandler ["http-nio-8081"]
2021-03-23 00:51:43.324 [INFO ] org.springframework.boot.web.embedded.tomcat.TomcatWebServer - Tomcat started on port(s): 8081 (http) with context path ''
2021-03-23 00:51:43.325 [INFO ] springfox.documentation.spring.web.plugins.DocumentationPluginsBootstrapper - Documentation plugins bootstrapped
2021-03-23 00:51:43.327 [INFO ] springfox.documentation.spring.web.plugins.DocumentationPluginsBootstrapper - Found 1 custom documentation plugin(s)
2021-03-23 00:51:43.354 [INFO ] springfox.documentation.spring.web.scanners.ApiListingReferenceScanner - Scanning for api listing references
2021-03-23 00:51:43.495 [INFO ] com.lxw.ReturnHomeApplication - Started ReturnHomeApplication in 4.694 seconds (JVM running for 5.885)
2021-03-23 00:51:48.681 [INFO ] org.apache.catalina.core.ContainerBase.[Tomcat].[localhost].[/] - Initializing Spring DispatcherServlet 'dispatcherServlet'
2021-03-23 10:42:14.758 [INFO ] org.hibernate.validator.internal.util.Version - HV000001: Hibernate Validator 6.1.7.Final
2021-03-23 10:42:14.758 [INFO ] com.lxw.ReturnHomeApplication - Starting ReturnHomeApplication using Java 1.8.0_212 on LAPTOP-K8D3MGN6 with PID 25592 (E:\return-home\returnhome-web\target\classes started by ASUS in E:\return-home)
2021-03-23 10:42:14.786 [INFO ] com.lxw.ReturnHomeApplication - No active profile set, falling back to default profiles: default
2021-03-23 10:42:19.692 [INFO ] org.springframework.context.support.PostProcessorRegistrationDelegate$BeanPostProcessorChecker - Bean 'org.springframework.security.access.expression.method.DefaultMethodSecurityExpressionHandler@3bbf9027' of type [org.springframework.security.access.expression.method.DefaultMethodSecurityExpressionHandler] is not eligible for getting processed by all BeanPostProcessors (for example: not eligible for auto-proxying)
2021-03-23 10:42:19.696 [INFO ] org.springframework.context.support.PostProcessorRegistrationDelegate$BeanPostProcessorChecker - Bean 'methodSecurityMetadataSource' of type [org.springframework.security.access.method.DelegatingMethodSecurityMetadataSource] is not eligible for getting processed by all BeanPostProcessors (for example: not eligible for auto-proxying)
2021-03-23 10:42:20.508 [INFO ] org.springframework.boot.web.embedded.tomcat.TomcatWebServer - Tomcat initialized with port(s): 8081 (http)
2021-03-23 10:42:20.543 [INFO ] org.apache.coyote.http11.Http11NioProtocol - Initializing ProtocolHandler ["http-nio-8081"]
2021-03-23 10:42:20.545 [INFO ] org.apache.catalina.core.StandardService - Starting service [Tomcat]
2021-03-23 10:42:20.546 [INFO ] org.apache.catalina.core.StandardEngine - Starting Servlet engine: [Apache Tomcat/9.0.43]
2021-03-23 10:42:20.548 [INFO ] org.apache.catalina.core.AprLifecycleListener - Loaded Apache Tomcat Native library [1.2.23] using APR version [1.7.0].
2021-03-23 10:42:20.549 [INFO ] org.apache.catalina.core.AprLifecycleListener - APR capabilities: IPv6 [true], sendfile [true], accept filters [false], random [true].
2021-03-23 10:42:20.549 [INFO ] org.apache.catalina.core.AprLifecycleListener - APR/OpenSSL configuration: useAprConnector [false], useOpenSSL [true]
2021-03-23 10:42:20.592 [INFO ] org.apache.catalina.core.AprLifecycleListener - OpenSSL successfully initialized [OpenSSL 1.1.1c  28 May 2019]
2021-03-23 10:42:20.762 [INFO ] org.apache.catalina.core.ContainerBase.[Tomcat].[localhost].[/] - Initializing Spring embedded WebApplicationContext
2021-03-23 10:42:20.762 [INFO ] org.springframework.boot.web.servlet.context.ServletWebServerApplicationContext - Root WebApplicationContext: initialization completed in 5794 ms
2021-03-23 10:42:21.483 [INFO ] com.alibaba.druid.spring.boot.autoconfigure.DruidDataSourceAutoConfigure - Init DruidDataSource
2021-03-23 10:42:22.153 [INFO ] com.alibaba.druid.pool.DruidDataSource - {dataSource-1} inited
2021-03-23 10:42:26.121 [INFO ] springfox.documentation.spring.web.WebMvcPropertySourcedRequestMappingHandlerMapping - Mapped URL path [/v2/api-docs] onto method [springfox.documentation.swagger2.web.Swagger2ControllerWebMvc#getDocumentation(String, HttpServletRequest)]
2021-03-23 10:42:26.261 [INFO ] org.springframework.security.web.DefaultSecurityFilterChain - Will secure any request with [org.springframework.security.web.context.request.async.WebAsyncManagerIntegrationFilter@778a1250, org.springframework.security.web.context.SecurityContextPersistenceFilter@1775c4e7, org.springframework.security.web.header.HeaderWriterFilter@1ca610a0, org.springframework.web.filter.CorsFilter@55acec99, org.springframework.security.web.authentication.logout.LogoutFilter@64aeaf29, com.lxw.fliter.JwtAuthenticationFilter@61191222, org.springframework.security.web.authentication.UsernamePasswordAuthenticationFilter@168ad26f, com.lxw.fliter.JwtAuthorizationFilter@58833798, org.springframework.security.web.savedrequest.RequestCacheAwareFilter@2f677247, org.springframework.security.web.servletapi.SecurityContextHolderAwareRequestFilter@59fc6d05, org.springframework.security.web.authentication.AnonymousAuthenticationFilter@7f3ca64a, org.springframework.security.web.session.SessionManagementFilter@b5c6a30, org.springframework.security.web.access.ExceptionTranslationFilter@ac91282, org.springframework.security.web.access.intercept.FilterSecurityInterceptor@45292ec1]
2021-03-23 10:42:26.387 [INFO ] org.springframework.scheduling.concurrent.ThreadPoolTaskExecutor - Initializing ExecutorService 'applicationTaskExecutor'
2021-03-23 10:42:27.001 [INFO ] org.apache.coyote.http11.Http11NioProtocol - Starting ProtocolHandler ["http-nio-8081"]
2021-03-23 10:42:27.069 [INFO ] org.springframework.boot.web.embedded.tomcat.TomcatWebServer - Tomcat started on port(s): 8081 (http) with context path ''
2021-03-23 10:42:27.069 [INFO ] springfox.documentation.spring.web.plugins.DocumentationPluginsBootstrapper - Documentation plugins bootstrapped
2021-03-23 10:42:27.080 [INFO ] springfox.documentation.spring.web.plugins.DocumentationPluginsBootstrapper - Found 1 custom documentation plugin(s)
2021-03-23 10:42:27.167 [INFO ] springfox.documentation.spring.web.scanners.ApiListingReferenceScanner - Scanning for api listing references
2021-03-23 10:42:27.426 [INFO ] com.lxw.ReturnHomeApplication - Started ReturnHomeApplication in 14.306 seconds (JVM running for 16.489)
2021-03-23 10:43:45.516 [INFO ] org.apache.catalina.core.ContainerBase.[Tomcat].[localhost].[/] - Initializing Spring DispatcherServlet 'dispatcherServlet'
2021-03-23 10:54:48.205 [INFO ] com.lxw.test.TestBug - Starting TestBug using Java 1.8.0_212 on LAPTOP-K8D3MGN6 with PID 13708 (started by ASUS in E:\return-home\returnhome-web)
2021-03-23 10:54:48.214 [INFO ] com.lxw.test.TestBug - No active profile set, falling back to default profiles: default
2021-03-23 10:54:48.266 [INFO ] org.hibernate.validator.internal.util.Version - HV000001: Hibernate Validator 6.1.7.Final
2021-03-23 10:54:52.220 [INFO ] org.springframework.context.support.PostProcessorRegistrationDelegate$BeanPostProcessorChecker - Bean 'org.springframework.security.access.expression.method.DefaultMethodSecurityExpressionHandler@f91da5e' of type [org.springframework.security.access.expression.method.DefaultMethodSecurityExpressionHandler] is not eligible for getting processed by all BeanPostProcessors (for example: not eligible for auto-proxying)
2021-03-23 10:54:52.260 [INFO ] org.springframework.context.support.PostProcessorRegistrationDelegate$BeanPostProcessorChecker - Bean 'methodSecurityMetadataSource' of type [org.springframework.security.access.method.DelegatingMethodSecurityMetadataSource] is not eligible for getting processed by all BeanPostProcessors (for example: not eligible for auto-proxying)
2021-03-23 10:54:52.967 [INFO ] com.alibaba.druid.spring.boot.autoconfigure.DruidDataSourceAutoConfigure - Init DruidDataSource
2021-03-23 10:54:53.684 [INFO ] com.alibaba.druid.pool.DruidDataSource - {dataSource-1} inited
2021-03-23 10:54:58.827 [INFO ] springfox.documentation.spring.web.WebMvcPropertySourcedRequestMappingHandlerMapping - Mapped URL path [/v2/api-docs] onto method [springfox.documentation.swagger2.web.Swagger2ControllerWebMvc#getDocumentation(String, HttpServletRequest)]
2021-03-23 10:54:59.095 [INFO ] org.springframework.security.web.DefaultSecurityFilterChain - Will secure any request with [org.springframework.security.web.context.request.async.WebAsyncManagerIntegrationFilter@528c8c1, org.springframework.security.web.context.SecurityContextPersistenceFilter@27585351, org.springframework.security.web.header.HeaderWriterFilter@d3e3085, org.springframework.web.filter.CorsFilter@1f78d415, org.springframework.security.web.authentication.logout.LogoutFilter@7455dacb, com.lxw.fliter.JwtAuthenticationFilter@1c046c92, org.springframework.security.web.authentication.UsernamePasswordAuthenticationFilter@29f3c438, com.lxw.fliter.JwtAuthorizationFilter@27960b1e, org.springframework.security.web.savedrequest.RequestCacheAwareFilter@5b35c7d, org.springframework.security.web.servletapi.SecurityContextHolderAwareRequestFilter@49cd946c, org.springframework.security.web.authentication.AnonymousAuthenticationFilter@643ba1ed, org.springframework.security.web.session.SessionManagementFilter@285005b8, org.springframework.security.web.access.ExceptionTranslationFilter@5348d83c, org.springframework.security.web.access.intercept.FilterSecurityInterceptor@724bf25f]
2021-03-23 10:54:59.451 [INFO ] org.springframework.scheduling.concurrent.ThreadPoolTaskExecutor - Initializing ExecutorService 'applicationTaskExecutor'
2021-03-23 10:54:59.968 [INFO ] springfox.documentation.spring.web.plugins.DocumentationPluginsBootstrapper - Documentation plugins bootstrapped
2021-03-23 10:54:59.986 [INFO ] springfox.documentation.spring.web.plugins.DocumentationPluginsBootstrapper - Found 1 custom documentation plugin(s)
2021-03-23 10:55:00.048 [INFO ] springfox.documentation.spring.web.scanners.ApiListingReferenceScanner - Scanning for api listing references
2021-03-23 10:55:00.299 [INFO ] com.lxw.test.TestBug - Started TestBug in 13.34 seconds (JVM running for 15.411)
2021-03-23 10:55:01.032 [INFO ] org.springframework.scheduling.concurrent.ThreadPoolTaskExecutor - Shutting down ExecutorService 'applicationTaskExecutor'
2021-03-23 10:55:01.038 [INFO ] com.alibaba.druid.pool.DruidDataSource - {dataSource-1} closing ...
2021-03-23 10:55:01.047 [INFO ] com.alibaba.druid.pool.DruidDataSource - {dataSource-1} closed
2021-03-23 10:56:01.984 [INFO ] com.lxw.test.TestBug - Starting TestBug using Java 1.8.0_212 on LAPTOP-K8D3MGN6 with PID 6936 (started by ASUS in E:\return-home\returnhome-web)
2021-03-23 10:56:01.990 [INFO ] com.lxw.test.TestBug - No active profile set, falling back to default profiles: default
2021-03-23 10:56:01.990 [INFO ] org.hibernate.validator.internal.util.Version - HV000001: Hibernate Validator 6.1.7.Final
2021-03-23 10:56:04.073 [INFO ] org.springframework.context.support.PostProcessorRegistrationDelegate$BeanPostProcessorChecker - Bean 'org.springframework.security.access.expression.method.DefaultMethodSecurityExpressionHandler@f91da5e' of type [org.springframework.security.access.expression.method.DefaultMethodSecurityExpressionHandler] is not eligible for getting processed by all BeanPostProcessors (for example: not eligible for auto-proxying)
2021-03-23 10:56:04.090 [INFO ] org.springframework.context.support.PostProcessorRegistrationDelegate$BeanPostProcessorChecker - Bean 'methodSecurityMetadataSource' of type [org.springframework.security.access.method.DelegatingMethodSecurityMetadataSource] is not eligible for getting processed by all BeanPostProcessors (for example: not eligible for auto-proxying)
2021-03-23 10:56:04.463 [INFO ] com.alibaba.druid.spring.boot.autoconfigure.DruidDataSourceAutoConfigure - Init DruidDataSource
2021-03-23 10:56:04.820 [INFO ] com.alibaba.druid.pool.DruidDataSource - {dataSource-1} inited
2021-03-23 10:56:09.430 [INFO ] springfox.documentation.spring.web.WebMvcPropertySourcedRequestMappingHandlerMapping - Mapped URL path [/v2/api-docs] onto method [springfox.documentation.swagger2.web.Swagger2ControllerWebMvc#getDocumentation(String, HttpServletRequest)]
2021-03-23 10:56:09.687 [INFO ] org.springframework.security.web.DefaultSecurityFilterChain - Will secure any request with [org.springframework.security.web.context.request.async.WebAsyncManagerIntegrationFilter@587c5c1, org.springframework.security.web.context.SecurityContextPersistenceFilter@31acfd4e, org.springframework.security.web.header.HeaderWriterFilter@740dcae3, org.springframework.web.filter.CorsFilter@528c8c1, org.springframework.security.web.authentication.logout.LogoutFilter@d54d0f5, com.lxw.fliter.JwtAuthenticationFilter@1f78d415, org.springframework.security.web.authentication.UsernamePasswordAuthenticationFilter@40717ed, com.lxw.fliter.JwtAuthorizationFilter@1c046c92, org.springframework.security.web.savedrequest.RequestCacheAwareFilter@4e80a001, org.springframework.security.web.servletapi.SecurityContextHolderAwareRequestFilter@577bf0aa, org.springframework.security.web.authentication.AnonymousAuthenticationFilter@27960b1e, org.springframework.security.web.session.SessionManagementFilter@481b2f10, org.springframework.security.web.access.ExceptionTranslationFilter@56826a75, org.springframework.security.web.access.intercept.FilterSecurityInterceptor@c2cf597]
2021-03-23 10:56:10.055 [INFO ] org.springframework.scheduling.concurrent.ThreadPoolTaskExecutor - Initializing ExecutorService 'applicationTaskExecutor'
2021-03-23 10:56:10.548 [INFO ] springfox.documentation.spring.web.plugins.DocumentationPluginsBootstrapper - Documentation plugins bootstrapped
2021-03-23 10:56:10.562 [INFO ] springfox.documentation.spring.web.plugins.DocumentationPluginsBootstrapper - Found 1 custom documentation plugin(s)
2021-03-23 10:56:10.636 [INFO ] springfox.documentation.spring.web.scanners.ApiListingReferenceScanner - Scanning for api listing references
2021-03-23 10:56:10.895 [INFO ] com.lxw.test.TestBug - Started TestBug in 9.678 seconds (JVM running for 11.186)
2021-03-23 10:56:11.343 [INFO ] org.springframework.scheduling.concurrent.ThreadPoolTaskExecutor - Shutting down ExecutorService 'applicationTaskExecutor'
2021-03-23 10:56:11.344 [INFO ] com.alibaba.druid.pool.DruidDataSource - {dataSource-1} closing ...
2021-03-23 10:56:11.356 [INFO ] com.alibaba.druid.pool.DruidDataSource - {dataSource-1} closed
2021-03-23 11:02:19.710 [INFO ] com.lxw.test.TestBug - Starting TestBug using Java 1.8.0_212 on LAPTOP-K8D3MGN6 with PID 3188 (started by ASUS in E:\return-home\returnhome-web)
2021-03-23 11:02:19.716 [INFO ] com.lxw.test.TestBug - No active profile set, falling back to default profiles: default
2021-03-23 11:02:19.738 [INFO ] org.hibernate.validator.internal.util.Version - HV000001: Hibernate Validator 6.1.7.Final
2021-03-23 11:02:22.291 [INFO ] org.springframework.context.support.PostProcessorRegistrationDelegate$BeanPostProcessorChecker - Bean 'org.springframework.security.access.expression.method.DefaultMethodSecurityExpressionHandler@f91da5e' of type [org.springframework.security.access.expression.method.DefaultMethodSecurityExpressionHandler] is not eligible for getting processed by all BeanPostProcessors (for example: not eligible for auto-proxying)
2021-03-23 11:02:22.316 [INFO ] org.springframework.context.support.PostProcessorRegistrationDelegate$BeanPostProcessorChecker - Bean 'methodSecurityMetadataSource' of type [org.springframework.security.access.method.DelegatingMethodSecurityMetadataSource] is not eligible for getting processed by all BeanPostProcessors (for example: not eligible for auto-proxying)
2021-03-23 11:02:22.807 [INFO ] com.alibaba.druid.spring.boot.autoconfigure.DruidDataSourceAutoConfigure - Init DruidDataSource
2021-03-23 11:02:23.267 [INFO ] com.alibaba.druid.pool.DruidDataSource - {dataSource-1} inited
2021-03-23 11:02:29.647 [INFO ] springfox.documentation.spring.web.WebMvcPropertySourcedRequestMappingHandlerMapping - Mapped URL path [/v2/api-docs] onto method [springfox.documentation.swagger2.web.Swagger2ControllerWebMvc#getDocumentation(String, HttpServletRequest)]
2021-03-23 11:02:29.939 [INFO ] org.springframework.security.web.DefaultSecurityFilterChain - Will secure any request with [org.springframework.security.web.context.request.async.WebAsyncManagerIntegrationFilter@1ef31f71, org.springframework.security.web.context.SecurityContextPersistenceFilter@ab2e6d2, org.springframework.security.web.header.HeaderWriterFilter@3d2f3dcb, org.springframework.web.filter.CorsFilter@6e8fdd19, org.springframework.security.web.authentication.logout.LogoutFilter@29d405e6, com.lxw.fliter.JwtAuthenticationFilter@35787726, org.springframework.security.web.authentication.UsernamePasswordAuthenticationFilter@15d3793b, com.lxw.fliter.JwtAuthorizationFilter@2199e845, org.springframework.security.web.savedrequest.RequestCacheAwareFilter@4d4436d0, org.springframework.security.web.servletapi.SecurityContextHolderAwareRequestFilter@bd3eff4, org.springframework.security.web.authentication.AnonymousAuthenticationFilter@27976390, org.springframework.security.web.session.SessionManagementFilter@30c19bff, org.springframework.security.web.access.ExceptionTranslationFilter@4ea56bdb, org.springframework.security.web.access.intercept.FilterSecurityInterceptor@7fd99443]
2021-03-23 11:02:30.548 [INFO ] org.springframework.scheduling.concurrent.ThreadPoolTaskExecutor - Initializing ExecutorService 'applicationTaskExecutor'
2021-03-23 11:02:31.454 [INFO ] springfox.documentation.spring.web.plugins.DocumentationPluginsBootstrapper - Documentation plugins bootstrapped
2021-03-23 11:02:31.459 [INFO ] springfox.documentation.spring.web.plugins.DocumentationPluginsBootstrapper - Found 1 custom documentation plugin(s)
2021-03-23 11:02:31.585 [INFO ] springfox.documentation.spring.web.scanners.ApiListingReferenceScanner - Scanning for api listing references
2021-03-23 11:02:32.007 [INFO ] com.lxw.test.TestBug - Started TestBug in 13.118 seconds (JVM running for 14.729)
2021-03-23 11:02:32.710 [INFO ] org.springframework.scheduling.concurrent.ThreadPoolTaskExecutor - Shutting down ExecutorService 'applicationTaskExecutor'
2021-03-23 11:02:32.721 [INFO ] com.alibaba.druid.pool.DruidDataSource - {dataSource-1} closing ...
2021-03-23 11:02:32.731 [INFO ] com.alibaba.druid.pool.DruidDataSource - {dataSource-1} closed
2021-03-23 11:06:05.405 [INFO ] org.hibernate.validator.internal.util.Version - HV000001: Hibernate Validator 6.1.7.Final
2021-03-23 11:06:05.406 [INFO ] com.lxw.ReturnHomeApplication - Starting ReturnHomeApplication using Java 1.8.0_212 on LAPTOP-K8D3MGN6 with PID 21948 (E:\return-home\returnhome-web\target\classes started by ASUS in E:\return-home)
2021-03-23 11:06:05.410 [INFO ] com.lxw.ReturnHomeApplication - No active profile set, falling back to default profiles: default
2021-03-23 11:06:07.229 [INFO ] org.springframework.context.support.PostProcessorRegistrationDelegate$BeanPostProcessorChecker - Bean 'org.springframework.security.access.expression.method.DefaultMethodSecurityExpressionHandler@299270eb' of type [org.springframework.security.access.expression.method.DefaultMethodSecurityExpressionHandler] is not eligible for getting processed by all BeanPostProcessors (for example: not eligible for auto-proxying)
2021-03-23 11:06:07.231 [INFO ] org.springframework.context.support.PostProcessorRegistrationDelegate$BeanPostProcessorChecker - Bean 'methodSecurityMetadataSource' of type [org.springframework.security.access.method.DelegatingMethodSecurityMetadataSource] is not eligible for getting processed by all BeanPostProcessors (for example: not eligible for auto-proxying)
2021-03-23 11:06:07.560 [INFO ] org.springframework.boot.web.embedded.tomcat.TomcatWebServer - Tomcat initialized with port(s): 8081 (http)
2021-03-23 11:06:07.571 [INFO ] org.apache.coyote.http11.Http11NioProtocol - Initializing ProtocolHandler ["http-nio-8081"]
2021-03-23 11:06:07.572 [INFO ] org.apache.catalina.core.StandardService - Starting service [Tomcat]
2021-03-23 11:06:07.572 [INFO ] org.apache.catalina.core.StandardEngine - Starting Servlet engine: [Apache Tomcat/9.0.43]
2021-03-23 11:06:07.574 [INFO ] org.apache.catalina.core.AprLifecycleListener - Loaded Apache Tomcat Native library [1.2.23] using APR version [1.7.0].
2021-03-23 11:06:07.575 [INFO ] org.apache.catalina.core.AprLifecycleListener - APR capabilities: IPv6 [true], sendfile [true], accept filters [false], random [true].
2021-03-23 11:06:07.575 [INFO ] org.apache.catalina.core.AprLifecycleListener - APR/OpenSSL configuration: useAprConnector [false], useOpenSSL [true]
2021-03-23 11:06:07.580 [INFO ] org.apache.catalina.core.AprLifecycleListener - OpenSSL successfully initialized [OpenSSL 1.1.1c  28 May 2019]
2021-03-23 11:06:07.780 [INFO ] org.apache.catalina.core.ContainerBase.[Tomcat].[localhost].[/] - Initializing Spring embedded WebApplicationContext
2021-03-23 11:06:07.781 [INFO ] org.springframework.boot.web.servlet.context.ServletWebServerApplicationContext - Root WebApplicationContext: initialization completed in 2321 ms
2021-03-23 11:06:08.125 [INFO ] com.alibaba.druid.spring.boot.autoconfigure.DruidDataSourceAutoConfigure - Init DruidDataSource
2021-03-23 11:06:08.357 [INFO ] com.alibaba.druid.pool.DruidDataSource - {dataSource-1} inited
2021-03-23 11:06:10.847 [INFO ] springfox.documentation.spring.web.WebMvcPropertySourcedRequestMappingHandlerMapping - Mapped URL path [/v2/api-docs] onto method [springfox.documentation.swagger2.web.Swagger2ControllerWebMvc#getDocumentation(String, HttpServletRequest)]
2021-03-23 11:06:11.045 [INFO ] org.springframework.security.web.DefaultSecurityFilterChain - Will secure any request with [org.springframework.security.web.context.request.async.WebAsyncManagerIntegrationFilter@570ba13, org.springframework.security.web.context.SecurityContextPersistenceFilter@40d52be7, org.springframework.security.web.header.HeaderWriterFilter@3d40a3b4, org.springframework.web.filter.CorsFilter@37a9b687, org.springframework.security.web.authentication.logout.LogoutFilter@3730f716, com.lxw.fliter.JwtAuthenticationFilter@525b1b70, org.springframework.security.web.authentication.UsernamePasswordAuthenticationFilter@3f8dfe74, com.lxw.fliter.JwtAuthorizationFilter@16d07cf3, org.springframework.security.web.savedrequest.RequestCacheAwareFilter@1983b48a, org.springframework.security.web.servletapi.SecurityContextHolderAwareRequestFilter@32091c14, org.springframework.security.web.authentication.AnonymousAuthenticationFilter@16f0ec18, org.springframework.security.web.session.SessionManagementFilter@59fc6d05, org.springframework.security.web.access.ExceptionTranslationFilter@7a1b8a46, org.springframework.security.web.access.intercept.FilterSecurityInterceptor@7f3ca64a]
2021-03-23 11:06:11.134 [INFO ] org.springframework.scheduling.concurrent.ThreadPoolTaskExecutor - Initializing ExecutorService 'applicationTaskExecutor'
2021-03-23 11:06:11.521 [INFO ] org.apache.coyote.http11.Http11NioProtocol - Starting ProtocolHandler ["http-nio-8081"]
2021-03-23 11:06:11.541 [INFO ] org.springframework.boot.web.embedded.tomcat.TomcatWebServer - Tomcat started on port(s): 8081 (http) with context path ''
2021-03-23 11:06:11.543 [INFO ] springfox.documentation.spring.web.plugins.DocumentationPluginsBootstrapper - Documentation plugins bootstrapped
2021-03-23 11:06:11.545 [INFO ] springfox.documentation.spring.web.plugins.DocumentationPluginsBootstrapper - Found 1 custom documentation plugin(s)
2021-03-23 11:06:11.581 [INFO ] springfox.documentation.spring.web.scanners.ApiListingReferenceScanner - Scanning for api listing references
2021-03-23 11:06:11.820 [INFO ] com.lxw.ReturnHomeApplication - Started ReturnHomeApplication in 7.287 seconds (JVM running for 9.842)
2021-03-23 11:06:42.534 [INFO ] org.apache.catalina.core.ContainerBase.[Tomcat].[localhost].[/] - Initializing Spring DispatcherServlet 'dispatcherServlet'
2021-03-23 18:28:34.299 [INFO ] com.lxw.ReturnHomeApplication - Starting ReturnHomeApplication using Java 1.8.0_212 on LAPTOP-K8D3MGN6 with PID 9324 (E:\return-home\returnhome-web\target\classes started by ASUS in E:\return-home)
2021-03-23 18:28:34.297 [INFO ] org.hibernate.validator.internal.util.Version - HV000001: Hibernate Validator 6.1.7.Final
2021-03-23 18:28:34.317 [INFO ] com.lxw.ReturnHomeApplication - No active profile set, falling back to default profiles: default
2021-03-23 18:28:38.309 [INFO ] org.springframework.context.support.PostProcessorRegistrationDelegate$BeanPostProcessorChecker - Bean 'org.springframework.security.access.expression.method.DefaultMethodSecurityExpressionHandler@30669dac' of type [org.springframework.security.access.expression.method.DefaultMethodSecurityExpressionHandler] is not eligible for getting processed by all BeanPostProcessors (for example: not eligible for auto-proxying)
2021-03-23 18:28:38.312 [INFO ] org.springframework.context.support.PostProcessorRegistrationDelegate$BeanPostProcessorChecker - Bean 'methodSecurityMetadataSource' of type [org.springframework.security.access.method.DelegatingMethodSecurityMetadataSource] is not eligible for getting processed by all BeanPostProcessors (for example: not eligible for auto-proxying)
2021-03-23 18:28:38.931 [INFO ] org.springframework.boot.web.embedded.tomcat.TomcatWebServer - Tomcat initialized with port(s): 8081 (http)
2021-03-23 18:28:38.943 [INFO ] org.apache.coyote.http11.Http11NioProtocol - Initializing ProtocolHandler ["http-nio-8081"]
2021-03-23 18:28:38.944 [INFO ] org.apache.catalina.core.StandardService - Starting service [Tomcat]
2021-03-23 18:28:38.944 [INFO ] org.apache.catalina.core.StandardEngine - Starting Servlet engine: [Apache Tomcat/9.0.43]
2021-03-23 18:28:38.946 [INFO ] org.apache.catalina.core.AprLifecycleListener - Loaded Apache Tomcat Native library [1.2.23] using APR version [1.7.0].
2021-03-23 18:28:38.947 [INFO ] org.apache.catalina.core.AprLifecycleListener - APR capabilities: IPv6 [true], sendfile [true], accept filters [false], random [true].
2021-03-23 18:28:38.947 [INFO ] org.apache.catalina.core.AprLifecycleListener - APR/OpenSSL configuration: useAprConnector [false], useOpenSSL [true]
2021-03-23 18:28:38.994 [INFO ] org.apache.catalina.core.AprLifecycleListener - OpenSSL successfully initialized [OpenSSL 1.1.1c  28 May 2019]
2021-03-23 18:28:39.135 [INFO ] org.apache.catalina.core.ContainerBase.[Tomcat].[localhost].[/] - Initializing Spring embedded WebApplicationContext
2021-03-23 18:28:39.135 [INFO ] org.springframework.boot.web.servlet.context.ServletWebServerApplicationContext - Root WebApplicationContext: initialization completed in 4683 ms
2021-03-23 18:28:39.685 [INFO ] com.alibaba.druid.spring.boot.autoconfigure.DruidDataSourceAutoConfigure - Init DruidDataSource
2021-03-23 18:28:40.175 [INFO ] com.alibaba.druid.pool.DruidDataSource - {dataSource-1} inited
2021-03-23 18:28:42.474 [INFO ] springfox.documentation.spring.web.WebMvcPropertySourcedRequestMappingHandlerMapping - Mapped URL path [/v2/api-docs] onto method [springfox.documentation.swagger2.web.Swagger2ControllerWebMvc#getDocumentation(String, HttpServletRequest)]
2021-03-23 18:28:42.601 [INFO ] org.springframework.security.web.DefaultSecurityFilterChain - Will secure any request with [org.springframework.security.web.context.request.async.WebAsyncManagerIntegrationFilter@7f3ca64a, org.springframework.security.web.context.SecurityContextPersistenceFilter@7a1b8a46, org.springframework.security.web.header.HeaderWriterFilter@1775c4e7, org.springframework.web.filter.CorsFilter@4d464510, org.springframework.security.web.authentication.logout.LogoutFilter@1e1232cf, com.lxw.fliter.JwtAuthenticationFilter@64e7d698, org.springframework.security.web.authentication.UsernamePasswordAuthenticationFilter@25b38203, com.lxw.fliter.JwtAuthorizationFilter@2519026b, org.springframework.security.web.savedrequest.RequestCacheAwareFilter@3d40a3b4, org.springframework.security.web.servletapi.SecurityContextHolderAwareRequestFilter@1983b48a, org.springframework.security.web.authentication.AnonymousAuthenticationFilter@3f8dfe74, org.springframework.security.web.session.SessionManagementFilter@2f677247, org.springframework.security.web.access.ExceptionTranslationFilter@b5c6a30, org.springframework.security.web.access.intercept.FilterSecurityInterceptor@168ad26f]
2021-03-23 18:28:42.664 [INFO ] org.springframework.scheduling.concurrent.ThreadPoolTaskExecutor - Initializing ExecutorService 'applicationTaskExecutor'
2021-03-23 18:28:43.105 [INFO ] org.apache.coyote.http11.Http11NioProtocol - Starting ProtocolHandler ["http-nio-8081"]
2021-03-23 18:28:43.136 [INFO ] org.springframework.boot.web.embedded.tomcat.TomcatWebServer - Tomcat started on port(s): 8081 (http) with context path ''
2021-03-23 18:28:43.138 [INFO ] springfox.documentation.spring.web.plugins.DocumentationPluginsBootstrapper - Documentation plugins bootstrapped
2021-03-23 18:28:43.141 [INFO ] springfox.documentation.spring.web.plugins.DocumentationPluginsBootstrapper - Found 1 custom documentation plugin(s)
2021-03-23 18:28:43.172 [INFO ] springfox.documentation.spring.web.scanners.ApiListingReferenceScanner - Scanning for api listing references
2021-03-23 18:28:43.350 [INFO ] com.lxw.ReturnHomeApplication - Started ReturnHomeApplication in 10.406 seconds (JVM running for 12.221)
2021-03-23 18:29:11.733 [INFO ] org.apache.catalina.core.ContainerBase.[Tomcat].[localhost].[/] - Initializing Spring DispatcherServlet 'dispatcherServlet'
2021-03-23 18:33:30.086 [INFO ] com.lxw.ReturnHomeApplication - Starting ReturnHomeApplication using Java 1.8.0_212 on LAPTOP-K8D3MGN6 with PID 23972 (E:\return-home\returnhome-web\target\classes started by ASUS in E:\return-home)
2021-03-23 18:33:30.090 [INFO ] com.lxw.ReturnHomeApplication - No active profile set, falling back to default profiles: default
2021-03-23 18:33:30.090 [INFO ] org.hibernate.validator.internal.util.Version - HV000001: Hibernate Validator 6.1.7.Final
2021-03-23 18:33:31.568 [INFO ] org.springframework.context.support.PostProcessorRegistrationDelegate$BeanPostProcessorChecker - Bean 'org.springframework.security.access.expression.method.DefaultMethodSecurityExpressionHandler@5d1b9c3d' of type [org.springframework.security.access.expression.method.DefaultMethodSecurityExpressionHandler] is not eligible for getting processed by all BeanPostProcessors (for example: not eligible for auto-proxying)
2021-03-23 18:33:31.572 [INFO ] org.springframework.context.support.PostProcessorRegistrationDelegate$BeanPostProcessorChecker - Bean 'methodSecurityMetadataSource' of type [org.springframework.security.access.method.DelegatingMethodSecurityMetadataSource] is not eligible for getting processed by all BeanPostProcessors (for example: not eligible for auto-proxying)
2021-03-23 18:33:31.795 [INFO ] org.springframework.boot.web.embedded.tomcat.TomcatWebServer - Tomcat initialized with port(s): 8081 (http)
2021-03-23 18:33:31.806 [INFO ] org.apache.coyote.http11.Http11NioProtocol - Initializing ProtocolHandler ["http-nio-8081"]
2021-03-23 18:33:31.806 [INFO ] org.apache.catalina.core.StandardService - Starting service [Tomcat]
2021-03-23 18:33:31.806 [INFO ] org.apache.catalina.core.StandardEngine - Starting Servlet engine: [Apache Tomcat/9.0.43]
2021-03-23 18:33:31.808 [INFO ] org.apache.catalina.core.AprLifecycleListener - Loaded Apache Tomcat Native library [1.2.23] using APR version [1.7.0].
2021-03-23 18:33:31.808 [INFO ] org.apache.catalina.core.AprLifecycleListener - APR capabilities: IPv6 [true], sendfile [true], accept filters [false], random [true].
2021-03-23 18:33:31.808 [INFO ] org.apache.catalina.core.AprLifecycleListener - APR/OpenSSL configuration: useAprConnector [false], useOpenSSL [true]
2021-03-23 18:33:31.811 [INFO ] org.apache.catalina.core.AprLifecycleListener - OpenSSL successfully initialized [OpenSSL 1.1.1c  28 May 2019]
2021-03-23 18:33:31.893 [INFO ] org.apache.catalina.core.ContainerBase.[Tomcat].[localhost].[/] - Initializing Spring embedded WebApplicationContext
2021-03-23 18:33:31.893 [INFO ] org.springframework.boot.web.servlet.context.ServletWebServerApplicationContext - Root WebApplicationContext: initialization completed in 1742 ms
2021-03-23 18:33:32.147 [INFO ] com.alibaba.druid.spring.boot.autoconfigure.DruidDataSourceAutoConfigure - Init DruidDataSource
2021-03-23 18:33:32.334 [INFO ] com.alibaba.druid.pool.DruidDataSource - {dataSource-1} inited
2021-03-23 18:33:34.403 [INFO ] springfox.documentation.spring.web.WebMvcPropertySourcedRequestMappingHandlerMapping - Mapped URL path [/v2/api-docs] onto method [springfox.documentation.swagger2.web.Swagger2ControllerWebMvc#getDocumentation(String, HttpServletRequest)]
2021-03-23 18:33:34.548 [INFO ] org.springframework.security.web.DefaultSecurityFilterChain - Will secure any request with [org.springframework.security.web.context.request.async.WebAsyncManagerIntegrationFilter@661d6bb6, org.springframework.security.web.context.SecurityContextPersistenceFilter@7c40ffef, org.springframework.security.web.header.HeaderWriterFilter@4391a2d8, org.springframework.web.filter.CorsFilter@733fb462, org.springframework.security.web.authentication.logout.LogoutFilter@6588b715, com.lxw.fliter.JwtAuthenticationFilter@623e0631, org.springframework.security.web.authentication.UsernamePasswordAuthenticationFilter@37a9b687, com.lxw.fliter.JwtAuthorizationFilter@359066bc, org.springframework.security.web.savedrequest.RequestCacheAwareFilter@64aeaf29, org.springframework.security.web.servletapi.SecurityContextHolderAwareRequestFilter@4451f60c, org.springframework.security.web.authentication.AnonymousAuthenticationFilter@385dfb63, org.springframework.security.web.session.SessionManagementFilter@71e7adbb, org.springframework.security.web.access.ExceptionTranslationFilter@629a9f26, org.springframework.security.web.access.intercept.FilterSecurityInterceptor@1a950fdd]
2021-03-23 18:33:34.617 [INFO ] org.springframework.scheduling.concurrent.ThreadPoolTaskExecutor - Initializing ExecutorService 'applicationTaskExecutor'
2021-03-23 18:33:34.860 [INFO ] org.apache.coyote.http11.Http11NioProtocol - Starting ProtocolHandler ["http-nio-8081"]
2021-03-23 18:33:34.884 [INFO ] org.springframework.boot.web.embedded.tomcat.TomcatWebServer - Tomcat started on port(s): 8081 (http) with context path ''
2021-03-23 18:33:34.885 [INFO ] springfox.documentation.spring.web.plugins.DocumentationPluginsBootstrapper - Documentation plugins bootstrapped
2021-03-23 18:33:34.890 [INFO ] springfox.documentation.spring.web.plugins.DocumentationPluginsBootstrapper - Found 1 custom documentation plugin(s)
2021-03-23 18:33:34.932 [INFO ] springfox.documentation.spring.web.scanners.ApiListingReferenceScanner - Scanning for api listing references
2021-03-23 18:33:35.160 [INFO ] com.lxw.ReturnHomeApplication - Started ReturnHomeApplication in 5.997 seconds (JVM running for 7.33)
2021-03-23 18:34:25.560 [INFO ] org.apache.catalina.core.ContainerBase.[Tomcat].[localhost].[/] - Initializing Spring DispatcherServlet 'dispatcherServlet'
