2021-04-05 00:20:29.928 [INFO ] com.lxw.ReturnHomeApplication - Starting ReturnHomeApplication using Java 1.8.0_212 on LAPTOP-K8D3MGN6 with PID 10604 (E:\return-home\returnhome-web\target\classes started by ASUS in E:\return-home)
2021-04-05 00:20:29.932 [INFO ] com.lxw.ReturnHomeApplication - No active profile set, falling back to default profiles: default
2021-04-05 00:20:29.931 [INFO ] org.hibernate.validator.internal.util.Version - HV000001: Hibernate Validator 6.1.7.Final
2021-04-05 00:20:31.218 [INFO ] org.springframework.context.support.PostProcessorRegistrationDelegate$BeanPostProcessorChecker - Bean 'org.springframework.security.access.expression.method.DefaultMethodSecurityExpressionHandler@7026b7ee' of type [org.springframework.security.access.expression.method.DefaultMethodSecurityExpressionHandler] is not eligible for getting processed by all BeanPostProcessors (for example: not eligible for auto-proxying)
2021-04-05 00:20:31.227 [INFO ] org.springframework.context.support.PostProcessorRegistrationDelegate$BeanPostProcessorChecker - Bean 'methodSecurityMetadataSource' of type [org.springframework.security.access.method.DelegatingMethodSecurityMetadataSource] is not eligible for getting processed by all BeanPostProcessors (for example: not eligible for auto-proxying)
2021-04-05 00:20:31.447 [INFO ] org.springframework.boot.web.embedded.tomcat.TomcatWebServer - Tomcat initialized with port(s): 8081 (http)
2021-04-05 00:20:31.455 [INFO ] org.apache.coyote.http11.Http11NioProtocol - Initializing ProtocolHandler ["http-nio-8081"]
2021-04-05 00:20:31.456 [INFO ] org.apache.catalina.core.StandardService - Starting service [Tomcat]
2021-04-05 00:20:31.456 [INFO ] org.apache.catalina.core.StandardEngine - Starting Servlet engine: [Apache Tomcat/9.0.43]
2021-04-05 00:20:31.458 [INFO ] org.apache.catalina.core.AprLifecycleListener - Loaded Apache Tomcat Native library [1.2.23] using APR version [1.7.0].
2021-04-05 00:20:31.458 [INFO ] org.apache.catalina.core.AprLifecycleListener - APR capabilities: IPv6 [true], sendfile [true], accept filters [false], random [true].
2021-04-05 00:20:31.458 [INFO ] org.apache.catalina.core.AprLifecycleListener - APR/OpenSSL configuration: useAprConnector [false], useOpenSSL [true]
2021-04-05 00:20:31.463 [INFO ] org.apache.catalina.core.AprLifecycleListener - OpenSSL successfully initialized [OpenSSL 1.1.1c  28 May 2019]
2021-04-05 00:20:31.568 [INFO ] org.apache.catalina.core.ContainerBase.[Tomcat].[localhost].[/] - Initializing Spring embedded WebApplicationContext
2021-04-05 00:20:31.569 [INFO ] org.springframework.boot.web.servlet.context.ServletWebServerApplicationContext - Root WebApplicationContext: initialization completed in 1556 ms
2021-04-05 00:20:31.844 [INFO ] com.alibaba.druid.spring.boot.autoconfigure.DruidDataSourceAutoConfigure - Init DruidDataSource
2021-04-05 00:20:32.104 [INFO ] com.alibaba.druid.pool.DruidDataSource - {dataSource-1} inited
2021-04-05 00:20:33.656 [INFO ] org.quartz.impl.StdSchedulerFactory - Using default implementation for ThreadExecutor
2021-04-05 00:20:33.669 [INFO ] org.quartz.core.SchedulerSignalerImpl - Initialized Scheduler Signaller of type: class org.quartz.core.SchedulerSignalerImpl
2021-04-05 00:20:33.669 [INFO ] org.quartz.core.QuartzScheduler - Quartz Scheduler v.2.3.2 created.
2021-04-05 00:20:33.670 [INFO ] org.quartz.simpl.RAMJobStore - RAMJobStore initialized.
2021-04-05 00:20:33.671 [INFO ] org.quartz.core.QuartzScheduler - Scheduler meta-data: Quartz Scheduler (v2.3.2) 'quartzScheduler' with instanceId 'NON_CLUSTERED'
  Scheduler class: 'org.quartz.core.QuartzScheduler' - running locally.
  NOT STARTED.
  Currently in standby mode.
  Number of jobs executed: 0
  Using thread pool 'org.quartz.simpl.SimpleThreadPool' - with 10 threads.
  Using job-store 'org.quartz.simpl.RAMJobStore' - which does not support persistence. and is not clustered.

2021-04-05 00:20:33.672 [INFO ] org.quartz.impl.StdSchedulerFactory - Quartz scheduler 'quartzScheduler' initialized from an externally provided properties instance.
2021-04-05 00:20:33.672 [INFO ] org.quartz.impl.StdSchedulerFactory - Quartz scheduler version: 2.3.2
2021-04-05 00:20:33.673 [INFO ] org.quartz.core.QuartzScheduler - JobFactory set to: org.springframework.scheduling.quartz.SpringBeanJobFactory@2c9a6717
2021-04-05 00:20:34.314 [INFO ] springfox.documentation.spring.web.WebMvcPropertySourcedRequestMappingHandlerMapping - Mapped URL path [/v2/api-docs] onto method [springfox.documentation.swagger2.web.Swagger2ControllerWebMvc#getDocumentation(String, HttpServletRequest)]
2021-04-05 00:20:34.427 [INFO ] org.springframework.security.web.DefaultSecurityFilterChain - Will secure any request with [org.springframework.security.web.context.request.async.WebAsyncManagerIntegrationFilter@bc09d57, org.springframework.security.web.context.SecurityContextPersistenceFilter@3dce6dd8, org.springframework.security.web.header.HeaderWriterFilter@3292d91a, org.springframework.web.filter.CorsFilter@6d963d70, org.springframework.security.web.authentication.logout.LogoutFilter@3f8dfe74, com.lxw.fliter.JwtAuthenticationFilter@467045c4, org.springframework.security.web.authentication.UsernamePasswordAuthenticationFilter@58dad04a, com.lxw.fliter.JwtAuthorizationFilter@55736cfe, org.springframework.security.web.savedrequest.RequestCacheAwareFilter@13803a94, org.springframework.security.web.servletapi.SecurityContextHolderAwareRequestFilter@168ad26f, org.springframework.security.web.authentication.AnonymousAuthenticationFilter@5a566922, org.springframework.security.web.session.SessionManagementFilter@faea4da, org.springframework.security.web.access.ExceptionTranslationFilter@5f61371d, org.springframework.security.web.access.intercept.FilterSecurityInterceptor@629e8212]
2021-04-05 00:20:34.452 [INFO ] org.springframework.scheduling.concurrent.ThreadPoolTaskScheduler - Initializing ExecutorService 'taskScheduler'
2021-04-05 00:20:34.491 [INFO ] org.springframework.scheduling.concurrent.ThreadPoolTaskExecutor - Initializing ExecutorService 'applicationTaskExecutor'
2021-04-05 00:20:34.703 [INFO ] org.apache.coyote.http11.Http11NioProtocol - Starting ProtocolHandler ["http-nio-8081"]
2021-04-05 00:20:34.723 [INFO ] org.apache.catalina.core.ContainerBase.[Tomcat].[localhost].[/] - Initializing Spring DispatcherServlet 'dispatcherServlet'
2021-04-05 00:20:34.725 [INFO ] org.springframework.boot.web.embedded.tomcat.TomcatWebServer - Tomcat started on port(s): 8081 (http) with context path ''
2021-04-05 00:20:34.726 [INFO ] springfox.documentation.spring.web.plugins.DocumentationPluginsBootstrapper - Documentation plugins bootstrapped
2021-04-05 00:20:34.728 [INFO ] springfox.documentation.spring.web.plugins.DocumentationPluginsBootstrapper - Found 1 custom documentation plugin(s)
2021-04-05 00:20:34.769 [INFO ] springfox.documentation.spring.web.scanners.ApiListingReferenceScanner - Scanning for api listing references
2021-04-05 00:20:34.960 [INFO ] springfox.documentation.spring.web.readers.operation.CachingOperationNameGenerator - Generating unique operation named: getTaskDetailsUsingGET_1
2021-04-05 00:20:34.976 [INFO ] org.springframework.scheduling.quartz.SchedulerFactoryBean - Starting Quartz Scheduler now
2021-04-05 00:20:34.977 [INFO ] org.quartz.core.QuartzScheduler - Scheduler quartzScheduler_$_NON_CLUSTERED started.
2021-04-05 00:20:34.987 [INFO ] com.lxw.ReturnHomeApplication - Started ReturnHomeApplication in 5.929 seconds (JVM running for 7.468)
2021-04-05 00:25:25.775 [INFO ] com.lxw.ReturnHomeApplication - Starting ReturnHomeApplication using Java 1.8.0_212 on LAPTOP-K8D3MGN6 with PID 11084 (E:\return-home\returnhome-web\target\classes started by ASUS in E:\return-home)
2021-04-05 00:25:25.776 [INFO ] org.hibernate.validator.internal.util.Version - HV000001: Hibernate Validator 6.1.7.Final
2021-04-05 00:25:25.780 [INFO ] com.lxw.ReturnHomeApplication - No active profile set, falling back to default profiles: default
2021-04-05 00:25:26.926 [INFO ] org.springframework.context.support.PostProcessorRegistrationDelegate$BeanPostProcessorChecker - Bean 'org.springframework.security.access.expression.method.DefaultMethodSecurityExpressionHandler@7026b7ee' of type [org.springframework.security.access.expression.method.DefaultMethodSecurityExpressionHandler] is not eligible for getting processed by all BeanPostProcessors (for example: not eligible for auto-proxying)
2021-04-05 00:25:26.930 [INFO ] org.springframework.context.support.PostProcessorRegistrationDelegate$BeanPostProcessorChecker - Bean 'methodSecurityMetadataSource' of type [org.springframework.security.access.method.DelegatingMethodSecurityMetadataSource] is not eligible for getting processed by all BeanPostProcessors (for example: not eligible for auto-proxying)
2021-04-05 00:25:27.119 [INFO ] org.springframework.boot.web.embedded.tomcat.TomcatWebServer - Tomcat initialized with port(s): 8081 (http)
2021-04-05 00:25:27.126 [INFO ] org.apache.coyote.http11.Http11NioProtocol - Initializing ProtocolHandler ["http-nio-8081"]
2021-04-05 00:25:27.127 [INFO ] org.apache.catalina.core.StandardService - Starting service [Tomcat]
2021-04-05 00:25:27.128 [INFO ] org.apache.catalina.core.StandardEngine - Starting Servlet engine: [Apache Tomcat/9.0.43]
2021-04-05 00:25:27.129 [INFO ] org.apache.catalina.core.AprLifecycleListener - Loaded Apache Tomcat Native library [1.2.23] using APR version [1.7.0].
2021-04-05 00:25:27.130 [INFO ] org.apache.catalina.core.AprLifecycleListener - APR capabilities: IPv6 [true], sendfile [true], accept filters [false], random [true].
2021-04-05 00:25:27.130 [INFO ] org.apache.catalina.core.AprLifecycleListener - APR/OpenSSL configuration: useAprConnector [false], useOpenSSL [true]
2021-04-05 00:25:27.134 [INFO ] org.apache.catalina.core.AprLifecycleListener - OpenSSL successfully initialized [OpenSSL 1.1.1c  28 May 2019]
2021-04-05 00:25:27.223 [INFO ] org.apache.catalina.core.ContainerBase.[Tomcat].[localhost].[/] - Initializing Spring embedded WebApplicationContext
2021-04-05 00:25:27.223 [INFO ] org.springframework.boot.web.servlet.context.ServletWebServerApplicationContext - Root WebApplicationContext: initialization completed in 1387 ms
2021-04-05 00:25:27.417 [INFO ] com.alibaba.druid.spring.boot.autoconfigure.DruidDataSourceAutoConfigure - Init DruidDataSource
2021-04-05 00:25:27.630 [INFO ] com.alibaba.druid.pool.DruidDataSource - {dataSource-1} inited
2021-04-05 00:25:28.894 [INFO ] org.quartz.impl.StdSchedulerFactory - Using default implementation for ThreadExecutor
2021-04-05 00:25:28.903 [INFO ] org.quartz.core.SchedulerSignalerImpl - Initialized Scheduler Signaller of type: class org.quartz.core.SchedulerSignalerImpl
2021-04-05 00:25:28.903 [INFO ] org.quartz.core.QuartzScheduler - Quartz Scheduler v.2.3.2 created.
2021-04-05 00:25:28.904 [INFO ] org.quartz.simpl.RAMJobStore - RAMJobStore initialized.
2021-04-05 00:25:28.904 [INFO ] org.quartz.core.QuartzScheduler - Scheduler meta-data: Quartz Scheduler (v2.3.2) 'quartzScheduler' with instanceId 'NON_CLUSTERED'
  Scheduler class: 'org.quartz.core.QuartzScheduler' - running locally.
  NOT STARTED.
  Currently in standby mode.
  Number of jobs executed: 0
  Using thread pool 'org.quartz.simpl.SimpleThreadPool' - with 10 threads.
  Using job-store 'org.quartz.simpl.RAMJobStore' - which does not support persistence. and is not clustered.

2021-04-05 00:25:28.904 [INFO ] org.quartz.impl.StdSchedulerFactory - Quartz scheduler 'quartzScheduler' initialized from an externally provided properties instance.
2021-04-05 00:25:28.905 [INFO ] org.quartz.impl.StdSchedulerFactory - Quartz scheduler version: 2.3.2
2021-04-05 00:25:28.905 [INFO ] org.quartz.core.QuartzScheduler - JobFactory set to: org.springframework.scheduling.quartz.SpringBeanJobFactory@2c9a6717
2021-04-05 00:25:29.431 [INFO ] springfox.documentation.spring.web.WebMvcPropertySourcedRequestMappingHandlerMapping - Mapped URL path [/v2/api-docs] onto method [springfox.documentation.swagger2.web.Swagger2ControllerWebMvc#getDocumentation(String, HttpServletRequest)]
2021-04-05 00:25:29.528 [INFO ] org.springframework.security.web.DefaultSecurityFilterChain - Will secure any request with [org.springframework.security.web.context.request.async.WebAsyncManagerIntegrationFilter@6d963d70, org.springframework.security.web.context.SecurityContextPersistenceFilter@3dce6dd8, org.springframework.security.web.header.HeaderWriterFilter@3292d91a, org.springframework.web.filter.CorsFilter@467045c4, org.springframework.security.web.authentication.logout.LogoutFilter@3f8dfe74, com.lxw.fliter.JwtAuthenticationFilter@55736cfe, org.springframework.security.web.authentication.UsernamePasswordAuthenticationFilter@73e776b7, com.lxw.fliter.JwtAuthorizationFilter@5a566922, org.springframework.security.web.savedrequest.RequestCacheAwareFilter@13803a94, org.springframework.security.web.servletapi.SecurityContextHolderAwareRequestFilter@168ad26f, org.springframework.security.web.authentication.AnonymousAuthenticationFilter@6f7a2a5, org.springframework.security.web.session.SessionManagementFilter@faea4da, org.springframework.security.web.access.ExceptionTranslationFilter@5f61371d, org.springframework.security.web.access.intercept.FilterSecurityInterceptor@498c535d]
2021-04-05 00:25:29.550 [INFO ] org.springframework.scheduling.concurrent.ThreadPoolTaskScheduler - Initializing ExecutorService 'taskScheduler'
2021-04-05 00:25:29.588 [INFO ] org.springframework.scheduling.concurrent.ThreadPoolTaskExecutor - Initializing ExecutorService 'applicationTaskExecutor'
2021-04-05 00:25:29.775 [INFO ] org.apache.coyote.http11.Http11NioProtocol - Starting ProtocolHandler ["http-nio-8081"]
2021-04-05 00:25:29.808 [INFO ] org.apache.catalina.core.ContainerBase.[Tomcat].[localhost].[/] - Initializing Spring DispatcherServlet 'dispatcherServlet'
2021-04-05 00:25:29.810 [INFO ] org.springframework.boot.web.embedded.tomcat.TomcatWebServer - Tomcat started on port(s): 8081 (http) with context path ''
2021-04-05 00:25:29.812 [INFO ] springfox.documentation.spring.web.plugins.DocumentationPluginsBootstrapper - Documentation plugins bootstrapped
2021-04-05 00:25:29.815 [INFO ] springfox.documentation.spring.web.plugins.DocumentationPluginsBootstrapper - Found 1 custom documentation plugin(s)
2021-04-05 00:25:29.846 [INFO ] springfox.documentation.spring.web.scanners.ApiListingReferenceScanner - Scanning for api listing references
2021-04-05 00:25:29.990 [INFO ] springfox.documentation.spring.web.readers.operation.CachingOperationNameGenerator - Generating unique operation named: getTaskDetailsUsingGET_1
2021-04-05 00:25:30.001 [INFO ] org.springframework.scheduling.quartz.SchedulerFactoryBean - Starting Quartz Scheduler now
2021-04-05 00:25:30.001 [INFO ] org.quartz.core.QuartzScheduler - Scheduler quartzScheduler_$_NON_CLUSTERED started.
2021-04-05 00:25:30.010 [INFO ] com.lxw.ReturnHomeApplication - Started ReturnHomeApplication in 4.976 seconds (JVM running for 6.267)
2021-04-05 00:26:20.531 [INFO ] com.lxw.ReturnHomeApplication - Starting ReturnHomeApplication using Java 1.8.0_212 on LAPTOP-K8D3MGN6 with PID 16560 (E:\return-home\returnhome-web\target\classes started by ASUS in E:\return-home)
2021-04-05 00:26:20.528 [INFO ] org.hibernate.validator.internal.util.Version - HV000001: Hibernate Validator 6.1.7.Final
2021-04-05 00:26:20.533 [INFO ] com.lxw.ReturnHomeApplication - No active profile set, falling back to default profiles: default
2021-04-05 00:26:21.880 [INFO ] org.springframework.context.support.PostProcessorRegistrationDelegate$BeanPostProcessorChecker - Bean 'org.springframework.security.access.expression.method.DefaultMethodSecurityExpressionHandler@431f1eaf' of type [org.springframework.security.access.expression.method.DefaultMethodSecurityExpressionHandler] is not eligible for getting processed by all BeanPostProcessors (for example: not eligible for auto-proxying)
2021-04-05 00:26:21.884 [INFO ] org.springframework.context.support.PostProcessorRegistrationDelegate$BeanPostProcessorChecker - Bean 'methodSecurityMetadataSource' of type [org.springframework.security.access.method.DelegatingMethodSecurityMetadataSource] is not eligible for getting processed by all BeanPostProcessors (for example: not eligible for auto-proxying)
2021-04-05 00:26:22.086 [INFO ] org.springframework.boot.web.embedded.tomcat.TomcatWebServer - Tomcat initialized with port(s): 8081 (http)
2021-04-05 00:26:22.095 [INFO ] org.apache.coyote.http11.Http11NioProtocol - Initializing ProtocolHandler ["http-nio-8081"]
2021-04-05 00:26:22.095 [INFO ] org.apache.catalina.core.StandardService - Starting service [Tomcat]
2021-04-05 00:26:22.096 [INFO ] org.apache.catalina.core.StandardEngine - Starting Servlet engine: [Apache Tomcat/9.0.43]
2021-04-05 00:26:22.097 [INFO ] org.apache.catalina.core.AprLifecycleListener - Loaded Apache Tomcat Native library [1.2.23] using APR version [1.7.0].
2021-04-05 00:26:22.097 [INFO ] org.apache.catalina.core.AprLifecycleListener - APR capabilities: IPv6 [true], sendfile [true], accept filters [false], random [true].
2021-04-05 00:26:22.097 [INFO ] org.apache.catalina.core.AprLifecycleListener - APR/OpenSSL configuration: useAprConnector [false], useOpenSSL [true]
2021-04-05 00:26:22.100 [INFO ] org.apache.catalina.core.AprLifecycleListener - OpenSSL successfully initialized [OpenSSL 1.1.1c  28 May 2019]
2021-04-05 00:26:22.193 [INFO ] org.apache.catalina.core.ContainerBase.[Tomcat].[localhost].[/] - Initializing Spring embedded WebApplicationContext
2021-04-05 00:26:22.193 [INFO ] org.springframework.boot.web.servlet.context.ServletWebServerApplicationContext - Root WebApplicationContext: initialization completed in 1606 ms
2021-04-05 00:26:22.408 [INFO ] com.alibaba.druid.spring.boot.autoconfigure.DruidDataSourceAutoConfigure - Init DruidDataSource
2021-04-05 00:26:22.639 [INFO ] com.alibaba.druid.pool.DruidDataSource - {dataSource-1} inited
2021-04-05 00:26:24.063 [INFO ] org.quartz.impl.StdSchedulerFactory - Using default implementation for ThreadExecutor
2021-04-05 00:26:24.073 [INFO ] org.quartz.core.SchedulerSignalerImpl - Initialized Scheduler Signaller of type: class org.quartz.core.SchedulerSignalerImpl
2021-04-05 00:26:24.073 [INFO ] org.quartz.core.QuartzScheduler - Quartz Scheduler v.2.3.2 created.
2021-04-05 00:26:24.074 [INFO ] org.quartz.simpl.RAMJobStore - RAMJobStore initialized.
2021-04-05 00:26:24.075 [INFO ] org.quartz.core.QuartzScheduler - Scheduler meta-data: Quartz Scheduler (v2.3.2) 'quartzScheduler' with instanceId 'NON_CLUSTERED'
  Scheduler class: 'org.quartz.core.QuartzScheduler' - running locally.
  NOT STARTED.
  Currently in standby mode.
  Number of jobs executed: 0
  Using thread pool 'org.quartz.simpl.SimpleThreadPool' - with 10 threads.
  Using job-store 'org.quartz.simpl.RAMJobStore' - which does not support persistence. and is not clustered.

2021-04-05 00:26:24.075 [INFO ] org.quartz.impl.StdSchedulerFactory - Quartz scheduler 'quartzScheduler' initialized from an externally provided properties instance.
2021-04-05 00:26:24.075 [INFO ] org.quartz.impl.StdSchedulerFactory - Quartz scheduler version: 2.3.2
2021-04-05 00:26:24.075 [INFO ] org.quartz.core.QuartzScheduler - JobFactory set to: org.springframework.scheduling.quartz.SpringBeanJobFactory@1e692555
2021-04-05 00:26:24.642 [INFO ] springfox.documentation.spring.web.WebMvcPropertySourcedRequestMappingHandlerMapping - Mapped URL path [/v2/api-docs] onto method [springfox.documentation.swagger2.web.Swagger2ControllerWebMvc#getDocumentation(String, HttpServletRequest)]
2021-04-05 00:26:24.737 [INFO ] org.springframework.security.web.DefaultSecurityFilterChain - Will secure any request with [org.springframework.security.web.context.request.async.WebAsyncManagerIntegrationFilter@629e8212, org.springframework.security.web.context.SecurityContextPersistenceFilter@35650279, org.springframework.security.web.header.HeaderWriterFilter@24c685e7, org.springframework.web.filter.CorsFilter@498c535d, org.springframework.security.web.authentication.logout.LogoutFilter@25b38203, com.lxw.fliter.JwtAuthenticationFilter@16ee9aa7, org.springframework.security.web.authentication.UsernamePasswordAuthenticationFilter@5d352de0, com.lxw.fliter.JwtAuthorizationFilter@4e424582, org.springframework.security.web.savedrequest.RequestCacheAwareFilter@182e7eda, org.springframework.security.web.servletapi.SecurityContextHolderAwareRequestFilter@19b02dfd, org.springframework.security.web.authentication.AnonymousAuthenticationFilter@58dad04a, org.springframework.security.web.session.SessionManagementFilter@2ed9f6f8, org.springframework.security.web.access.ExceptionTranslationFilter@f2b90fc, org.springframework.security.web.access.intercept.FilterSecurityInterceptor@15986dd5]
2021-04-05 00:26:24.758 [INFO ] org.springframework.scheduling.concurrent.ThreadPoolTaskScheduler - Initializing ExecutorService 'taskScheduler'
2021-04-05 00:26:24.793 [INFO ] org.springframework.scheduling.concurrent.ThreadPoolTaskExecutor - Initializing ExecutorService 'applicationTaskExecutor'
2021-04-05 00:26:25.031 [INFO ] org.apache.coyote.http11.Http11NioProtocol - Starting ProtocolHandler ["http-nio-8081"]
2021-04-05 00:26:25.054 [INFO ] org.apache.catalina.core.ContainerBase.[Tomcat].[localhost].[/] - Initializing Spring DispatcherServlet 'dispatcherServlet'
2021-04-05 00:26:25.057 [INFO ] org.springframework.boot.web.embedded.tomcat.TomcatWebServer - Tomcat started on port(s): 8081 (http) with context path ''
2021-04-05 00:26:25.058 [INFO ] springfox.documentation.spring.web.plugins.DocumentationPluginsBootstrapper - Documentation plugins bootstrapped
2021-04-05 00:26:25.062 [INFO ] springfox.documentation.spring.web.plugins.DocumentationPluginsBootstrapper - Found 1 custom documentation plugin(s)
2021-04-05 00:26:25.105 [INFO ] springfox.documentation.spring.web.scanners.ApiListingReferenceScanner - Scanning for api listing references
2021-04-05 00:26:25.278 [INFO ] springfox.documentation.spring.web.readers.operation.CachingOperationNameGenerator - Generating unique operation named: getTaskDetailsUsingGET_1
2021-04-05 00:26:25.294 [INFO ] org.springframework.scheduling.quartz.SchedulerFactoryBean - Starting Quartz Scheduler now
2021-04-05 00:26:25.294 [INFO ] org.quartz.core.QuartzScheduler - Scheduler quartzScheduler_$_NON_CLUSTERED started.
2021-04-05 00:26:25.305 [INFO ] com.lxw.ReturnHomeApplication - Started ReturnHomeApplication in 5.472 seconds (JVM running for 6.773)
2021-04-05 00:27:43.759 [INFO ] com.lxw.ReturnHomeApplication - Starting ReturnHomeApplication using Java 1.8.0_212 on LAPTOP-K8D3MGN6 with PID 8616 (E:\return-home\returnhome-web\target\classes started by ASUS in E:\return-home)
2021-04-05 00:27:43.759 [INFO ] org.hibernate.validator.internal.util.Version - HV000001: Hibernate Validator 6.1.7.Final
2021-04-05 00:27:43.762 [INFO ] com.lxw.ReturnHomeApplication - No active profile set, falling back to default profiles: default
2021-04-05 00:27:44.988 [INFO ] org.springframework.context.support.PostProcessorRegistrationDelegate$BeanPostProcessorChecker - Bean 'org.springframework.security.access.expression.method.DefaultMethodSecurityExpressionHandler@43f61afb' of type [org.springframework.security.access.expression.method.DefaultMethodSecurityExpressionHandler] is not eligible for getting processed by all BeanPostProcessors (for example: not eligible for auto-proxying)
2021-04-05 00:27:44.991 [INFO ] org.springframework.context.support.PostProcessorRegistrationDelegate$BeanPostProcessorChecker - Bean 'methodSecurityMetadataSource' of type [org.springframework.security.access.method.DelegatingMethodSecurityMetadataSource] is not eligible for getting processed by all BeanPostProcessors (for example: not eligible for auto-proxying)
2021-04-05 00:27:45.192 [INFO ] org.springframework.boot.web.embedded.tomcat.TomcatWebServer - Tomcat initialized with port(s): 8081 (http)
2021-04-05 00:27:45.201 [INFO ] org.apache.coyote.http11.Http11NioProtocol - Initializing ProtocolHandler ["http-nio-8081"]
2021-04-05 00:27:45.201 [INFO ] org.apache.catalina.core.StandardService - Starting service [Tomcat]
2021-04-05 00:27:45.202 [INFO ] org.apache.catalina.core.StandardEngine - Starting Servlet engine: [Apache Tomcat/9.0.43]
2021-04-05 00:27:45.204 [INFO ] org.apache.catalina.core.AprLifecycleListener - Loaded Apache Tomcat Native library [1.2.23] using APR version [1.7.0].
2021-04-05 00:27:45.204 [INFO ] org.apache.catalina.core.AprLifecycleListener - APR capabilities: IPv6 [true], sendfile [true], accept filters [false], random [true].
2021-04-05 00:27:45.204 [INFO ] org.apache.catalina.core.AprLifecycleListener - APR/OpenSSL configuration: useAprConnector [false], useOpenSSL [true]
2021-04-05 00:27:45.209 [INFO ] org.apache.catalina.core.AprLifecycleListener - OpenSSL successfully initialized [OpenSSL 1.1.1c  28 May 2019]
2021-04-05 00:27:45.316 [INFO ] org.apache.catalina.core.ContainerBase.[Tomcat].[localhost].[/] - Initializing Spring embedded WebApplicationContext
2021-04-05 00:27:45.317 [INFO ] org.springframework.boot.web.servlet.context.ServletWebServerApplicationContext - Root WebApplicationContext: initialization completed in 1495 ms
2021-04-05 00:27:45.523 [INFO ] com.alibaba.druid.spring.boot.autoconfigure.DruidDataSourceAutoConfigure - Init DruidDataSource
2021-04-05 00:27:45.735 [INFO ] com.alibaba.druid.pool.DruidDataSource - {dataSource-1} inited
2021-04-05 00:27:47.130 [INFO ] org.quartz.impl.StdSchedulerFactory - Using default implementation for ThreadExecutor
2021-04-05 00:27:47.142 [INFO ] org.quartz.core.SchedulerSignalerImpl - Initialized Scheduler Signaller of type: class org.quartz.core.SchedulerSignalerImpl
2021-04-05 00:27:47.142 [INFO ] org.quartz.core.QuartzScheduler - Quartz Scheduler v.2.3.2 created.
2021-04-05 00:27:47.143 [INFO ] org.quartz.simpl.RAMJobStore - RAMJobStore initialized.
2021-04-05 00:27:47.144 [INFO ] org.quartz.core.QuartzScheduler - Scheduler meta-data: Quartz Scheduler (v2.3.2) 'quartzScheduler' with instanceId 'NON_CLUSTERED'
  Scheduler class: 'org.quartz.core.QuartzScheduler' - running locally.
  NOT STARTED.
  Currently in standby mode.
  Number of jobs executed: 0
  Using thread pool 'org.quartz.simpl.SimpleThreadPool' - with 10 threads.
  Using job-store 'org.quartz.simpl.RAMJobStore' - which does not support persistence. and is not clustered.

2021-04-05 00:27:47.144 [INFO ] org.quartz.impl.StdSchedulerFactory - Quartz scheduler 'quartzScheduler' initialized from an externally provided properties instance.
2021-04-05 00:27:47.144 [INFO ] org.quartz.impl.StdSchedulerFactory - Quartz scheduler version: 2.3.2
2021-04-05 00:27:47.144 [INFO ] org.quartz.core.QuartzScheduler - JobFactory set to: org.springframework.scheduling.quartz.SpringBeanJobFactory@6d091cad
2021-04-05 00:27:47.746 [INFO ] springfox.documentation.spring.web.WebMvcPropertySourcedRequestMappingHandlerMapping - Mapped URL path [/v2/api-docs] onto method [springfox.documentation.swagger2.web.Swagger2ControllerWebMvc#getDocumentation(String, HttpServletRequest)]
2021-04-05 00:27:47.850 [INFO ] org.springframework.security.web.DefaultSecurityFilterChain - Will secure any request with [org.springframework.security.web.context.request.async.WebAsyncManagerIntegrationFilter@65c17e38, org.springframework.security.web.context.SecurityContextPersistenceFilter@251c4280, org.springframework.security.web.header.HeaderWriterFilter@2bb41f5c, org.springframework.web.filter.CorsFilter@5e180aaf, org.springframework.security.web.authentication.logout.LogoutFilter@656a3d6b, com.lxw.fliter.JwtAuthenticationFilter@7015ebef, org.springframework.security.web.authentication.UsernamePasswordAuthenticationFilter@55736cfe, com.lxw.fliter.JwtAuthorizationFilter@44592c39, org.springframework.security.web.savedrequest.RequestCacheAwareFilter@79a13920, org.springframework.security.web.servletapi.SecurityContextHolderAwareRequestFilter@faea4da, org.springframework.security.web.authentication.AnonymousAuthenticationFilter@2a87ba34, org.springframework.security.web.session.SessionManagementFilter@7da635c0, org.springframework.security.web.access.ExceptionTranslationFilter@5d508d22, org.springframework.security.web.access.intercept.FilterSecurityInterceptor@43da0955]
2021-04-05 00:27:47.872 [INFO ] org.springframework.scheduling.concurrent.ThreadPoolTaskScheduler - Initializing ExecutorService 'taskScheduler'
2021-04-05 00:27:47.908 [INFO ] org.springframework.scheduling.concurrent.ThreadPoolTaskExecutor - Initializing ExecutorService 'applicationTaskExecutor'
2021-04-05 00:27:48.110 [INFO ] org.apache.coyote.http11.Http11NioProtocol - Starting ProtocolHandler ["http-nio-8081"]
2021-04-05 00:27:48.133 [INFO ] org.apache.catalina.core.ContainerBase.[Tomcat].[localhost].[/] - Initializing Spring DispatcherServlet 'dispatcherServlet'
2021-04-05 00:27:48.137 [INFO ] org.springframework.boot.web.embedded.tomcat.TomcatWebServer - Tomcat started on port(s): 8081 (http) with context path ''
2021-04-05 00:27:48.140 [INFO ] springfox.documentation.spring.web.plugins.DocumentationPluginsBootstrapper - Documentation plugins bootstrapped
2021-04-05 00:27:48.147 [INFO ] springfox.documentation.spring.web.plugins.DocumentationPluginsBootstrapper - Found 1 custom documentation plugin(s)
2021-04-05 00:27:48.184 [INFO ] springfox.documentation.spring.web.scanners.ApiListingReferenceScanner - Scanning for api listing references
2021-04-05 00:27:48.343 [INFO ] springfox.documentation.spring.web.readers.operation.CachingOperationNameGenerator - Generating unique operation named: getTaskDetailsUsingGET_1
2021-04-05 00:27:48.355 [INFO ] org.springframework.scheduling.quartz.SchedulerFactoryBean - Starting Quartz Scheduler now
2021-04-05 00:27:48.355 [INFO ] org.quartz.core.QuartzScheduler - Scheduler quartzScheduler_$_NON_CLUSTERED started.
2021-04-05 00:27:48.364 [INFO ] com.lxw.ReturnHomeApplication - Started ReturnHomeApplication in 5.486 seconds (JVM running for 6.871)
2021-04-05 01:09:01.397 [INFO ] com.lxw.ReturnHomeApplication - Starting ReturnHomeApplication using Java 1.8.0_212 on LAPTOP-K8D3MGN6 with PID 11792 (E:\return-home\returnhome-web\target\classes started by ASUS in E:\return-home)
2021-04-05 01:09:01.399 [INFO ] org.hibernate.validator.internal.util.Version - HV000001: Hibernate Validator 6.1.7.Final
2021-04-05 01:09:01.401 [INFO ] com.lxw.ReturnHomeApplication - No active profile set, falling back to default profiles: default
2021-04-05 01:09:02.639 [INFO ] org.springframework.context.support.PostProcessorRegistrationDelegate$BeanPostProcessorChecker - Bean 'org.springframework.security.access.expression.method.DefaultMethodSecurityExpressionHandler@62a4417' of type [org.springframework.security.access.expression.method.DefaultMethodSecurityExpressionHandler] is not eligible for getting processed by all BeanPostProcessors (for example: not eligible for auto-proxying)
2021-04-05 01:09:02.645 [INFO ] org.springframework.context.support.PostProcessorRegistrationDelegate$BeanPostProcessorChecker - Bean 'methodSecurityMetadataSource' of type [org.springframework.security.access.method.DelegatingMethodSecurityMetadataSource] is not eligible for getting processed by all BeanPostProcessors (for example: not eligible for auto-proxying)
2021-04-05 01:09:02.841 [INFO ] org.springframework.boot.web.embedded.tomcat.TomcatWebServer - Tomcat initialized with port(s): 8081 (http)
2021-04-05 01:09:02.849 [INFO ] org.apache.coyote.http11.Http11NioProtocol - Initializing ProtocolHandler ["http-nio-8081"]
2021-04-05 01:09:02.850 [INFO ] org.apache.catalina.core.StandardService - Starting service [Tomcat]
2021-04-05 01:09:02.850 [INFO ] org.apache.catalina.core.StandardEngine - Starting Servlet engine: [Apache Tomcat/9.0.43]
2021-04-05 01:09:02.852 [INFO ] org.apache.catalina.core.AprLifecycleListener - Loaded Apache Tomcat Native library [1.2.23] using APR version [1.7.0].
2021-04-05 01:09:02.852 [INFO ] org.apache.catalina.core.AprLifecycleListener - APR capabilities: IPv6 [true], sendfile [true], accept filters [false], random [true].
2021-04-05 01:09:02.852 [INFO ] org.apache.catalina.core.AprLifecycleListener - APR/OpenSSL configuration: useAprConnector [false], useOpenSSL [true]
2021-04-05 01:09:02.855 [INFO ] org.apache.catalina.core.AprLifecycleListener - OpenSSL successfully initialized [OpenSSL 1.1.1c  28 May 2019]
2021-04-05 01:09:02.947 [INFO ] org.apache.catalina.core.ContainerBase.[Tomcat].[localhost].[/] - Initializing Spring embedded WebApplicationContext
2021-04-05 01:09:02.947 [INFO ] org.springframework.boot.web.servlet.context.ServletWebServerApplicationContext - Root WebApplicationContext: initialization completed in 1489 ms
2021-04-05 01:09:03.157 [INFO ] com.alibaba.druid.spring.boot.autoconfigure.DruidDataSourceAutoConfigure - Init DruidDataSource
2021-04-05 01:09:03.377 [INFO ] com.alibaba.druid.pool.DruidDataSource - {dataSource-1} inited
2021-04-05 01:09:04.678 [INFO ] org.quartz.impl.StdSchedulerFactory - Using default implementation for ThreadExecutor
2021-04-05 01:09:04.687 [INFO ] org.quartz.core.SchedulerSignalerImpl - Initialized Scheduler Signaller of type: class org.quartz.core.SchedulerSignalerImpl
2021-04-05 01:09:04.687 [INFO ] org.quartz.core.QuartzScheduler - Quartz Scheduler v.2.3.2 created.
2021-04-05 01:09:04.688 [INFO ] org.quartz.simpl.RAMJobStore - RAMJobStore initialized.
2021-04-05 01:09:04.688 [INFO ] org.quartz.core.QuartzScheduler - Scheduler meta-data: Quartz Scheduler (v2.3.2) 'quartzScheduler' with instanceId 'NON_CLUSTERED'
  Scheduler class: 'org.quartz.core.QuartzScheduler' - running locally.
  NOT STARTED.
  Currently in standby mode.
  Number of jobs executed: 0
  Using thread pool 'org.quartz.simpl.SimpleThreadPool' - with 10 threads.
  Using job-store 'org.quartz.simpl.RAMJobStore' - which does not support persistence. and is not clustered.

2021-04-05 01:09:04.688 [INFO ] org.quartz.impl.StdSchedulerFactory - Quartz scheduler 'quartzScheduler' initialized from an externally provided properties instance.
2021-04-05 01:09:04.688 [INFO ] org.quartz.impl.StdSchedulerFactory - Quartz scheduler version: 2.3.2
2021-04-05 01:09:04.689 [INFO ] org.quartz.core.QuartzScheduler - JobFactory set to: org.springframework.scheduling.quartz.SpringBeanJobFactory@6d091cad
2021-04-05 01:09:05.221 [INFO ] springfox.documentation.spring.web.WebMvcPropertySourcedRequestMappingHandlerMapping - Mapped URL path [/v2/api-docs] onto method [springfox.documentation.swagger2.web.Swagger2ControllerWebMvc#getDocumentation(String, HttpServletRequest)]
2021-04-05 01:09:05.323 [INFO ] org.springframework.security.web.DefaultSecurityFilterChain - Will secure any request with [org.springframework.security.web.context.request.async.WebAsyncManagerIntegrationFilter@6e243175, org.springframework.security.web.context.SecurityContextPersistenceFilter@79a13920, org.springframework.security.web.header.HeaderWriterFilter@7da635c0, org.springframework.web.filter.CorsFilter@7a1a3468, org.springframework.security.web.authentication.logout.LogoutFilter@778a1250, com.lxw.fliter.JwtAuthenticationFilter@59d0cdb6, org.springframework.security.web.authentication.UsernamePasswordAuthenticationFilter@15986dd5, com.lxw.fliter.JwtAuthorizationFilter@2dfeb141, org.springframework.security.web.savedrequest.RequestCacheAwareFilter@5f61371d, org.springframework.security.web.servletapi.SecurityContextHolderAwareRequestFilter@3dce6dd8, org.springframework.security.web.authentication.AnonymousAuthenticationFilter@629e8212, org.springframework.security.web.session.SessionManagementFilter@251c4280, org.springframework.security.web.access.ExceptionTranslationFilter@2bb41f5c, org.springframework.security.web.access.intercept.FilterSecurityInterceptor@443a53df]
2021-04-05 01:09:05.358 [INFO ] org.springframework.scheduling.concurrent.ThreadPoolTaskScheduler - Initializing ExecutorService 'taskScheduler'
2021-04-05 01:09:05.410 [INFO ] org.springframework.scheduling.concurrent.ThreadPoolTaskExecutor - Initializing ExecutorService 'applicationTaskExecutor'
2021-04-05 01:09:05.645 [INFO ] org.apache.coyote.http11.Http11NioProtocol - Starting ProtocolHandler ["http-nio-8081"]
2021-04-05 01:09:05.667 [INFO ] org.apache.catalina.core.ContainerBase.[Tomcat].[localhost].[/] - Initializing Spring DispatcherServlet 'dispatcherServlet'
2021-04-05 01:09:05.670 [INFO ] org.springframework.boot.web.embedded.tomcat.TomcatWebServer - Tomcat started on port(s): 8081 (http) with context path ''
2021-04-05 01:09:05.671 [INFO ] springfox.documentation.spring.web.plugins.DocumentationPluginsBootstrapper - Documentation plugins bootstrapped
2021-04-05 01:09:05.673 [INFO ] springfox.documentation.spring.web.plugins.DocumentationPluginsBootstrapper - Found 1 custom documentation plugin(s)
2021-04-05 01:09:05.712 [INFO ] springfox.documentation.spring.web.scanners.ApiListingReferenceScanner - Scanning for api listing references
2021-04-05 01:09:05.871 [INFO ] springfox.documentation.spring.web.readers.operation.CachingOperationNameGenerator - Generating unique operation named: getTaskDetailsUsingGET_1
2021-04-05 01:09:05.883 [INFO ] org.springframework.scheduling.quartz.SchedulerFactoryBean - Starting Quartz Scheduler now
2021-04-05 01:09:05.883 [INFO ] org.quartz.core.QuartzScheduler - Scheduler quartzScheduler_$_NON_CLUSTERED started.
2021-04-05 01:09:05.892 [INFO ] com.lxw.ReturnHomeApplication - Started ReturnHomeApplication in 5.184 seconds (JVM running for 6.516)
2021-04-05 14:30:45.116 [INFO ] org.hibernate.validator.internal.util.Version - HV000001: Hibernate Validator 6.1.7.Final
2021-04-05 14:30:45.145 [INFO ] com.lxw.ReturnHomeApplication - Starting ReturnHomeApplication using Java 1.8.0_212 on LAPTOP-K8D3MGN6 with PID 21452 (E:\return-home\returnhome-web\target\classes started by ASUS in E:\return-home)
2021-04-05 14:30:45.167 [INFO ] com.lxw.ReturnHomeApplication - No active profile set, falling back to default profiles: default
2021-04-05 14:30:48.867 [INFO ] org.springframework.context.support.PostProcessorRegistrationDelegate$BeanPostProcessorChecker - Bean 'org.springframework.security.access.expression.method.DefaultMethodSecurityExpressionHandler@f3021cb' of type [org.springframework.security.access.expression.method.DefaultMethodSecurityExpressionHandler] is not eligible for getting processed by all BeanPostProcessors (for example: not eligible for auto-proxying)
2021-04-05 14:30:48.872 [INFO ] org.springframework.context.support.PostProcessorRegistrationDelegate$BeanPostProcessorChecker - Bean 'methodSecurityMetadataSource' of type [org.springframework.security.access.method.DelegatingMethodSecurityMetadataSource] is not eligible for getting processed by all BeanPostProcessors (for example: not eligible for auto-proxying)
2021-04-05 14:30:49.572 [INFO ] org.springframework.boot.web.embedded.tomcat.TomcatWebServer - Tomcat initialized with port(s): 8081 (http)
2021-04-05 14:30:49.582 [INFO ] org.apache.coyote.http11.Http11NioProtocol - Initializing ProtocolHandler ["http-nio-8081"]
2021-04-05 14:30:49.582 [INFO ] org.apache.catalina.core.StandardService - Starting service [Tomcat]
2021-04-05 14:30:49.582 [INFO ] org.apache.catalina.core.StandardEngine - Starting Servlet engine: [Apache Tomcat/9.0.43]
2021-04-05 14:30:49.582 [INFO ] org.apache.catalina.core.AprLifecycleListener - Loaded Apache Tomcat Native library [1.2.23] using APR version [1.7.0].
2021-04-05 14:30:49.582 [INFO ] org.apache.catalina.core.AprLifecycleListener - APR capabilities: IPv6 [true], sendfile [true], accept filters [false], random [true].
2021-04-05 14:30:49.582 [INFO ] org.apache.catalina.core.AprLifecycleListener - APR/OpenSSL configuration: useAprConnector [false], useOpenSSL [true]
2021-04-05 14:30:49.632 [INFO ] org.apache.catalina.core.AprLifecycleListener - OpenSSL successfully initialized [OpenSSL 1.1.1c  28 May 2019]
2021-04-05 14:30:49.794 [INFO ] org.apache.catalina.core.ContainerBase.[Tomcat].[localhost].[/] - Initializing Spring embedded WebApplicationContext
2021-04-05 14:30:49.794 [INFO ] org.springframework.boot.web.servlet.context.ServletWebServerApplicationContext - Root WebApplicationContext: initialization completed in 4472 ms
2021-04-05 14:30:50.162 [INFO ] com.alibaba.druid.spring.boot.autoconfigure.DruidDataSourceAutoConfigure - Init DruidDataSource
2021-04-05 14:30:50.882 [INFO ] com.alibaba.druid.pool.DruidDataSource - {dataSource-1} inited
2021-04-05 14:30:52.472 [INFO ] org.quartz.impl.StdSchedulerFactory - Using default implementation for ThreadExecutor
2021-04-05 14:30:52.492 [INFO ] org.quartz.core.SchedulerSignalerImpl - Initialized Scheduler Signaller of type: class org.quartz.core.SchedulerSignalerImpl
2021-04-05 14:30:52.492 [INFO ] org.quartz.core.QuartzScheduler - Quartz Scheduler v.2.3.2 created.
2021-04-05 14:30:52.492 [INFO ] org.quartz.simpl.RAMJobStore - RAMJobStore initialized.
2021-04-05 14:30:52.492 [INFO ] org.quartz.core.QuartzScheduler - Scheduler meta-data: Quartz Scheduler (v2.3.2) 'quartzScheduler' with instanceId 'NON_CLUSTERED'
  Scheduler class: 'org.quartz.core.QuartzScheduler' - running locally.
  NOT STARTED.
  Currently in standby mode.
  Number of jobs executed: 0
  Using thread pool 'org.quartz.simpl.SimpleThreadPool' - with 10 threads.
  Using job-store 'org.quartz.simpl.RAMJobStore' - which does not support persistence. and is not clustered.

2021-04-05 14:30:52.492 [INFO ] org.quartz.impl.StdSchedulerFactory - Quartz scheduler 'quartzScheduler' initialized from an externally provided properties instance.
2021-04-05 14:30:52.492 [INFO ] org.quartz.impl.StdSchedulerFactory - Quartz scheduler version: 2.3.2
2021-04-05 14:30:52.492 [INFO ] org.quartz.core.QuartzScheduler - JobFactory set to: org.springframework.scheduling.quartz.SpringBeanJobFactory@5b5dce5c
2021-04-05 14:30:53.422 [INFO ] springfox.documentation.spring.web.WebMvcPropertySourcedRequestMappingHandlerMapping - Mapped URL path [/v2/api-docs] onto method [springfox.documentation.swagger2.web.Swagger2ControllerWebMvc#getDocumentation(String, HttpServletRequest)]
2021-04-05 14:30:53.562 [INFO ] org.springframework.security.web.DefaultSecurityFilterChain - Will secure any request with [org.springframework.security.web.context.request.async.WebAsyncManagerIntegrationFilter@4f820f42, org.springframework.security.web.context.SecurityContextPersistenceFilter@35dece42, org.springframework.security.web.header.HeaderWriterFilter@7f73ce28, org.springframework.web.filter.CorsFilter@4b325930, org.springframework.security.web.authentication.logout.LogoutFilter@2ed9f6f8, com.lxw.fliter.JwtAuthenticationFilter@267f9765, org.springframework.security.web.authentication.UsernamePasswordAuthenticationFilter@22d8f4ed, com.lxw.fliter.JwtAuthorizationFilter@79ba0a6f, org.springframework.security.web.savedrequest.RequestCacheAwareFilter@3d615b2e, org.springframework.security.web.servletapi.SecurityContextHolderAwareRequestFilter@5d05f453, org.springframework.security.web.authentication.AnonymousAuthenticationFilter@261de205, org.springframework.security.web.session.SessionManagementFilter@2282400e, org.springframework.security.web.access.ExceptionTranslationFilter@40c06358, org.springframework.security.web.access.intercept.FilterSecurityInterceptor@383cb5ce]
2021-04-05 14:30:53.587 [INFO ] org.springframework.scheduling.concurrent.ThreadPoolTaskScheduler - Initializing ExecutorService 'taskScheduler'
2021-04-05 14:30:53.632 [INFO ] org.springframework.scheduling.concurrent.ThreadPoolTaskExecutor - Initializing ExecutorService 'applicationTaskExecutor'
2021-04-05 14:30:54.022 [INFO ] org.apache.coyote.http11.Http11NioProtocol - Starting ProtocolHandler ["http-nio-8081"]
2021-04-05 14:30:54.042 [INFO ] org.apache.catalina.core.ContainerBase.[Tomcat].[localhost].[/] - Initializing Spring DispatcherServlet 'dispatcherServlet'
2021-04-05 14:30:54.042 [INFO ] org.springframework.boot.web.embedded.tomcat.TomcatWebServer - Tomcat started on port(s): 8081 (http) with context path ''
2021-04-05 14:30:54.052 [INFO ] springfox.documentation.spring.web.plugins.DocumentationPluginsBootstrapper - Documentation plugins bootstrapped
2021-04-05 14:30:54.052 [INFO ] springfox.documentation.spring.web.plugins.DocumentationPluginsBootstrapper - Found 1 custom documentation plugin(s)
2021-04-05 14:30:54.082 [INFO ] springfox.documentation.spring.web.scanners.ApiListingReferenceScanner - Scanning for api listing references
2021-04-05 14:30:54.292 [INFO ] springfox.documentation.spring.web.readers.operation.CachingOperationNameGenerator - Generating unique operation named: getTaskDetailsUsingGET_1
2021-04-05 14:30:54.307 [INFO ] org.springframework.scheduling.quartz.SchedulerFactoryBean - Starting Quartz Scheduler now
2021-04-05 14:30:54.307 [INFO ] org.quartz.core.QuartzScheduler - Scheduler quartzScheduler_$_NON_CLUSTERED started.
2021-04-05 14:30:54.337 [INFO ] com.lxw.ReturnHomeApplication - Started ReturnHomeApplication in 10.699 seconds (JVM running for 12.53)
2021-04-05 14:46:07.610 [INFO ] com.lxw.ReturnHomeApplication - Starting ReturnHomeApplication using Java 1.8.0_212 on LAPTOP-K8D3MGN6 with PID 21724 (E:\return-home\returnhome-web\target\classes started by ASUS in E:\return-home)
2021-04-05 14:46:07.611 [INFO ] org.hibernate.validator.internal.util.Version - HV000001: Hibernate Validator 6.1.7.Final
2021-04-05 14:46:07.614 [INFO ] com.lxw.ReturnHomeApplication - No active profile set, falling back to default profiles: default
2021-04-05 14:46:08.798 [INFO ] org.springframework.context.support.PostProcessorRegistrationDelegate$BeanPostProcessorChecker - Bean 'org.springframework.security.access.expression.method.DefaultMethodSecurityExpressionHandler@713064e8' of type [org.springframework.security.access.expression.method.DefaultMethodSecurityExpressionHandler] is not eligible for getting processed by all BeanPostProcessors (for example: not eligible for auto-proxying)
2021-04-05 14:46:08.801 [INFO ] org.springframework.context.support.PostProcessorRegistrationDelegate$BeanPostProcessorChecker - Bean 'methodSecurityMetadataSource' of type [org.springframework.security.access.method.DelegatingMethodSecurityMetadataSource] is not eligible for getting processed by all BeanPostProcessors (for example: not eligible for auto-proxying)
2021-04-05 14:46:08.998 [INFO ] org.springframework.boot.web.embedded.tomcat.TomcatWebServer - Tomcat initialized with port(s): 8081 (http)
2021-04-05 14:46:09.007 [INFO ] org.apache.coyote.http11.Http11NioProtocol - Initializing ProtocolHandler ["http-nio-8081"]
2021-04-05 14:46:09.008 [INFO ] org.apache.catalina.core.StandardService - Starting service [Tomcat]
2021-04-05 14:46:09.009 [INFO ] org.apache.catalina.core.StandardEngine - Starting Servlet engine: [Apache Tomcat/9.0.43]
2021-04-05 14:46:09.010 [INFO ] org.apache.catalina.core.AprLifecycleListener - Loaded Apache Tomcat Native library [1.2.23] using APR version [1.7.0].
2021-04-05 14:46:09.010 [INFO ] org.apache.catalina.core.AprLifecycleListener - APR capabilities: IPv6 [true], sendfile [true], accept filters [false], random [true].
2021-04-05 14:46:09.011 [INFO ] org.apache.catalina.core.AprLifecycleListener - APR/OpenSSL configuration: useAprConnector [false], useOpenSSL [true]
2021-04-05 14:46:09.014 [INFO ] org.apache.catalina.core.AprLifecycleListener - OpenSSL successfully initialized [OpenSSL 1.1.1c  28 May 2019]
2021-04-05 14:46:09.103 [INFO ] org.apache.catalina.core.ContainerBase.[Tomcat].[localhost].[/] - Initializing Spring embedded WebApplicationContext
2021-04-05 14:46:09.103 [INFO ] org.springframework.boot.web.servlet.context.ServletWebServerApplicationContext - Root WebApplicationContext: initialization completed in 1409 ms
2021-04-05 14:46:09.319 [INFO ] com.alibaba.druid.spring.boot.autoconfigure.DruidDataSourceAutoConfigure - Init DruidDataSource
2021-04-05 14:46:09.525 [INFO ] com.alibaba.druid.pool.DruidDataSource - {dataSource-1} inited
2021-04-05 14:46:10.816 [INFO ] org.quartz.impl.StdSchedulerFactory - Using default implementation for ThreadExecutor
2021-04-05 14:46:10.825 [INFO ] org.quartz.core.SchedulerSignalerImpl - Initialized Scheduler Signaller of type: class org.quartz.core.SchedulerSignalerImpl
2021-04-05 14:46:10.825 [INFO ] org.quartz.core.QuartzScheduler - Quartz Scheduler v.2.3.2 created.
2021-04-05 14:46:10.826 [INFO ] org.quartz.simpl.RAMJobStore - RAMJobStore initialized.
2021-04-05 14:46:10.827 [INFO ] org.quartz.core.QuartzScheduler - Scheduler meta-data: Quartz Scheduler (v2.3.2) 'quartzScheduler' with instanceId 'NON_CLUSTERED'
  Scheduler class: 'org.quartz.core.QuartzScheduler' - running locally.
  NOT STARTED.
  Currently in standby mode.
  Number of jobs executed: 0
  Using thread pool 'org.quartz.simpl.SimpleThreadPool' - with 10 threads.
  Using job-store 'org.quartz.simpl.RAMJobStore' - which does not support persistence. and is not clustered.

2021-04-05 14:46:10.827 [INFO ] org.quartz.impl.StdSchedulerFactory - Quartz scheduler 'quartzScheduler' initialized from an externally provided properties instance.
2021-04-05 14:46:10.827 [INFO ] org.quartz.impl.StdSchedulerFactory - Quartz scheduler version: 2.3.2
2021-04-05 14:46:10.827 [INFO ] org.quartz.core.QuartzScheduler - JobFactory set to: org.springframework.scheduling.quartz.SpringBeanJobFactory@6d091cad
2021-04-05 14:46:11.357 [INFO ] springfox.documentation.spring.web.WebMvcPropertySourcedRequestMappingHandlerMapping - Mapped URL path [/v2/api-docs] onto method [springfox.documentation.swagger2.web.Swagger2ControllerWebMvc#getDocumentation(String, HttpServletRequest)]
2021-04-05 14:46:11.457 [INFO ] org.springframework.security.web.DefaultSecurityFilterChain - Will secure any request with [org.springframework.security.web.context.request.async.WebAsyncManagerIntegrationFilter@b950f82, org.springframework.security.web.context.SecurityContextPersistenceFilter@79a13920, org.springframework.security.web.header.HeaderWriterFilter@7da635c0, org.springframework.web.filter.CorsFilter@5d352de0, org.springframework.security.web.authentication.logout.LogoutFilter@778a1250, com.lxw.fliter.JwtAuthenticationFilter@6e243175, org.springframework.security.web.authentication.UsernamePasswordAuthenticationFilter@69aabcb0, com.lxw.fliter.JwtAuthorizationFilter@7a1a3468, org.springframework.security.web.savedrequest.RequestCacheAwareFilter@5f61371d, org.springframework.security.web.servletapi.SecurityContextHolderAwareRequestFilter@3dce6dd8, org.springframework.security.web.authentication.AnonymousAuthenticationFilter@59d0cdb6, org.springframework.security.web.session.SessionManagementFilter@251c4280, org.springframework.security.web.access.ExceptionTranslationFilter@2bb41f5c, org.springframework.security.web.access.intercept.FilterSecurityInterceptor@ce12fbb]
2021-04-05 14:46:11.479 [INFO ] org.springframework.scheduling.concurrent.ThreadPoolTaskScheduler - Initializing ExecutorService 'taskScheduler'
2021-04-05 14:46:11.516 [INFO ] org.springframework.scheduling.concurrent.ThreadPoolTaskExecutor - Initializing ExecutorService 'applicationTaskExecutor'
2021-04-05 14:46:11.721 [INFO ] org.apache.coyote.http11.Http11NioProtocol - Starting ProtocolHandler ["http-nio-8081"]
2021-04-05 14:46:11.740 [INFO ] org.apache.catalina.core.ContainerBase.[Tomcat].[localhost].[/] - Initializing Spring DispatcherServlet 'dispatcherServlet'
2021-04-05 14:46:11.742 [INFO ] org.springframework.boot.web.embedded.tomcat.TomcatWebServer - Tomcat started on port(s): 8081 (http) with context path ''
2021-04-05 14:46:11.743 [INFO ] springfox.documentation.spring.web.plugins.DocumentationPluginsBootstrapper - Documentation plugins bootstrapped
2021-04-05 14:46:11.746 [INFO ] springfox.documentation.spring.web.plugins.DocumentationPluginsBootstrapper - Found 1 custom documentation plugin(s)
2021-04-05 14:46:11.779 [INFO ] springfox.documentation.spring.web.scanners.ApiListingReferenceScanner - Scanning for api listing references
2021-04-05 14:46:11.932 [INFO ] springfox.documentation.spring.web.readers.operation.CachingOperationNameGenerator - Generating unique operation named: getTaskDetailsUsingGET_1
2021-04-05 14:46:11.946 [INFO ] org.springframework.scheduling.quartz.SchedulerFactoryBean - Starting Quartz Scheduler now
2021-04-05 14:46:11.947 [INFO ] org.quartz.core.QuartzScheduler - Scheduler quartzScheduler_$_NON_CLUSTERED started.
2021-04-05 14:46:11.956 [INFO ] com.lxw.ReturnHomeApplication - Started ReturnHomeApplication in 5.028 seconds (JVM running for 6.294)
2021-04-05 16:01:02.767 [INFO ] org.hibernate.validator.internal.util.Version - HV000001: Hibernate Validator 6.1.7.Final
2021-04-05 16:01:02.767 [INFO ] com.lxw.ReturnHomeApplication - Starting ReturnHomeApplication using Java 1.8.0_212 on LAPTOP-K8D3MGN6 with PID 2188 (E:\return-home\returnhome-web\target\classes started by ASUS in E:\return-home)
2021-04-05 16:01:02.771 [INFO ] com.lxw.ReturnHomeApplication - No active profile set, falling back to default profiles: default
2021-04-05 16:01:04.051 [INFO ] org.springframework.context.support.PostProcessorRegistrationDelegate$BeanPostProcessorChecker - Bean 'org.springframework.security.access.expression.method.DefaultMethodSecurityExpressionHandler@6ea04618' of type [org.springframework.security.access.expression.method.DefaultMethodSecurityExpressionHandler] is not eligible for getting processed by all BeanPostProcessors (for example: not eligible for auto-proxying)
2021-04-05 16:01:04.054 [INFO ] org.springframework.context.support.PostProcessorRegistrationDelegate$BeanPostProcessorChecker - Bean 'methodSecurityMetadataSource' of type [org.springframework.security.access.method.DelegatingMethodSecurityMetadataSource] is not eligible for getting processed by all BeanPostProcessors (for example: not eligible for auto-proxying)
2021-04-05 16:01:04.257 [INFO ] org.springframework.boot.web.embedded.tomcat.TomcatWebServer - Tomcat initialized with port(s): 8081 (http)
2021-04-05 16:01:04.266 [INFO ] org.apache.coyote.http11.Http11NioProtocol - Initializing ProtocolHandler ["http-nio-8081"]
2021-04-05 16:01:04.268 [INFO ] org.apache.catalina.core.StandardService - Starting service [Tomcat]
2021-04-05 16:01:04.268 [INFO ] org.apache.catalina.core.StandardEngine - Starting Servlet engine: [Apache Tomcat/9.0.43]
2021-04-05 16:01:04.269 [INFO ] org.apache.catalina.core.AprLifecycleListener - Loaded Apache Tomcat Native library [1.2.23] using APR version [1.7.0].
2021-04-05 16:01:04.270 [INFO ] org.apache.catalina.core.AprLifecycleListener - APR capabilities: IPv6 [true], sendfile [true], accept filters [false], random [true].
2021-04-05 16:01:04.270 [INFO ] org.apache.catalina.core.AprLifecycleListener - APR/OpenSSL configuration: useAprConnector [false], useOpenSSL [true]
2021-04-05 16:01:04.273 [INFO ] org.apache.catalina.core.AprLifecycleListener - OpenSSL successfully initialized [OpenSSL 1.1.1c  28 May 2019]
2021-04-05 16:01:04.374 [INFO ] org.apache.catalina.core.ContainerBase.[Tomcat].[localhost].[/] - Initializing Spring embedded WebApplicationContext
2021-04-05 16:01:04.374 [INFO ] org.springframework.boot.web.servlet.context.ServletWebServerApplicationContext - Root WebApplicationContext: initialization completed in 1523 ms
2021-04-05 16:01:04.609 [INFO ] com.alibaba.druid.spring.boot.autoconfigure.DruidDataSourceAutoConfigure - Init DruidDataSource
2021-04-05 16:01:04.837 [INFO ] com.alibaba.druid.pool.DruidDataSource - {dataSource-1} inited
2021-04-05 16:01:06.237 [INFO ] org.quartz.impl.StdSchedulerFactory - Using default implementation for ThreadExecutor
2021-04-05 16:01:06.249 [INFO ] org.quartz.core.SchedulerSignalerImpl - Initialized Scheduler Signaller of type: class org.quartz.core.SchedulerSignalerImpl
2021-04-05 16:01:06.250 [INFO ] org.quartz.core.QuartzScheduler - Quartz Scheduler v.2.3.2 created.
2021-04-05 16:01:06.251 [INFO ] org.quartz.simpl.RAMJobStore - RAMJobStore initialized.
2021-04-05 16:01:06.252 [INFO ] org.quartz.core.QuartzScheduler - Scheduler meta-data: Quartz Scheduler (v2.3.2) 'quartzScheduler' with instanceId 'NON_CLUSTERED'
  Scheduler class: 'org.quartz.core.QuartzScheduler' - running locally.
  NOT STARTED.
  Currently in standby mode.
  Number of jobs executed: 0
  Using thread pool 'org.quartz.simpl.SimpleThreadPool' - with 10 threads.
  Using job-store 'org.quartz.simpl.RAMJobStore' - which does not support persistence. and is not clustered.

2021-04-05 16:01:06.252 [INFO ] org.quartz.impl.StdSchedulerFactory - Quartz scheduler 'quartzScheduler' initialized from an externally provided properties instance.
2021-04-05 16:01:06.252 [INFO ] org.quartz.impl.StdSchedulerFactory - Quartz scheduler version: 2.3.2
2021-04-05 16:01:06.252 [INFO ] org.quartz.core.QuartzScheduler - JobFactory set to: org.springframework.scheduling.quartz.SpringBeanJobFactory@2c9a6717
2021-04-05 16:01:06.810 [INFO ] springfox.documentation.spring.web.WebMvcPropertySourcedRequestMappingHandlerMapping - Mapped URL path [/v2/api-docs] onto method [springfox.documentation.swagger2.web.Swagger2ControllerWebMvc#getDocumentation(String, HttpServletRequest)]
2021-04-05 16:01:06.916 [INFO ] org.springframework.security.web.DefaultSecurityFilterChain - Will secure any request with [org.springframework.security.web.context.request.async.WebAsyncManagerIntegrationFilter@32a72c4, org.springframework.security.web.context.SecurityContextPersistenceFilter@114a5e0, org.springframework.security.web.header.HeaderWriterFilter@160b4809, org.springframework.web.filter.CorsFilter@15986dd5, org.springframework.security.web.authentication.logout.LogoutFilter@b4732dc, com.lxw.fliter.JwtAuthenticationFilter@678a9516, org.springframework.security.web.authentication.UsernamePasswordAuthenticationFilter@ce12fbb, com.lxw.fliter.JwtAuthorizationFilter@5bf9ea6b, org.springframework.security.web.savedrequest.RequestCacheAwareFilter@5d508d22, org.springframework.security.web.servletapi.SecurityContextHolderAwareRequestFilter@251c4280, org.springframework.security.web.authentication.AnonymousAuthenticationFilter@b950f82, org.springframework.security.web.session.SessionManagementFilter@664e848c, org.springframework.security.web.access.ExceptionTranslationFilter@5d05f453, org.springframework.security.web.access.intercept.FilterSecurityInterceptor@79ba0a6f]
2021-04-05 16:01:06.938 [INFO ] org.springframework.scheduling.concurrent.ThreadPoolTaskScheduler - Initializing ExecutorService 'taskScheduler'
2021-04-05 16:01:06.978 [INFO ] org.springframework.scheduling.concurrent.ThreadPoolTaskExecutor - Initializing ExecutorService 'applicationTaskExecutor'
2021-04-05 16:01:07.187 [INFO ] org.apache.coyote.http11.Http11NioProtocol - Starting ProtocolHandler ["http-nio-8081"]
2021-04-05 16:01:07.208 [INFO ] org.apache.catalina.core.ContainerBase.[Tomcat].[localhost].[/] - Initializing Spring DispatcherServlet 'dispatcherServlet'
2021-04-05 16:01:07.211 [INFO ] org.springframework.boot.web.embedded.tomcat.TomcatWebServer - Tomcat started on port(s): 8081 (http) with context path ''
2021-04-05 16:01:07.212 [INFO ] springfox.documentation.spring.web.plugins.DocumentationPluginsBootstrapper - Documentation plugins bootstrapped
2021-04-05 16:01:07.214 [INFO ] springfox.documentation.spring.web.plugins.DocumentationPluginsBootstrapper - Found 1 custom documentation plugin(s)
2021-04-05 16:01:07.252 [INFO ] springfox.documentation.spring.web.scanners.ApiListingReferenceScanner - Scanning for api listing references
2021-04-05 16:01:07.408 [INFO ] springfox.documentation.spring.web.readers.operation.CachingOperationNameGenerator - Generating unique operation named: getTaskDetailsUsingGET_1
2021-04-05 16:01:07.419 [INFO ] org.springframework.scheduling.quartz.SchedulerFactoryBean - Starting Quartz Scheduler now
2021-04-05 16:01:07.420 [INFO ] org.quartz.core.QuartzScheduler - Scheduler quartzScheduler_$_NON_CLUSTERED started.
2021-04-05 16:01:07.429 [INFO ] com.lxw.ReturnHomeApplication - Started ReturnHomeApplication in 5.513 seconds (JVM running for 7.058)
2021-04-05 20:07:08.818 [INFO ] org.hibernate.validator.internal.util.Version - HV000001: Hibernate Validator 6.1.7.Final
2021-04-05 20:07:08.978 [INFO ] com.lxw.ReturnHomeApplication - Starting ReturnHomeApplication using Java 1.8.0_212 on LAPTOP-K8D3MGN6 with PID 14652 (E:\return-home\returnhome-web\target\classes started by ASUS in E:\return-home)
2021-04-05 20:07:08.978 [INFO ] com.lxw.ReturnHomeApplication - No active profile set, falling back to default profiles: default
2021-04-05 20:07:13.608 [INFO ] org.springframework.context.support.PostProcessorRegistrationDelegate$BeanPostProcessorChecker - Bean 'org.springframework.security.access.expression.method.DefaultMethodSecurityExpressionHandler@aaee2a2' of type [org.springframework.security.access.expression.method.DefaultMethodSecurityExpressionHandler] is not eligible for getting processed by all BeanPostProcessors (for example: not eligible for auto-proxying)
2021-04-05 20:07:13.618 [INFO ] org.springframework.context.support.PostProcessorRegistrationDelegate$BeanPostProcessorChecker - Bean 'methodSecurityMetadataSource' of type [org.springframework.security.access.method.DelegatingMethodSecurityMetadataSource] is not eligible for getting processed by all BeanPostProcessors (for example: not eligible for auto-proxying)
2021-04-05 20:07:14.402 [INFO ] org.springframework.boot.web.embedded.tomcat.TomcatWebServer - Tomcat initialized with port(s): 8081 (http)
2021-04-05 20:07:14.408 [INFO ] org.apache.coyote.http11.Http11NioProtocol - Initializing ProtocolHandler ["http-nio-8081"]
2021-04-05 20:07:14.413 [INFO ] org.apache.catalina.core.StandardService - Starting service [Tomcat]
2021-04-05 20:07:14.413 [INFO ] org.apache.catalina.core.StandardEngine - Starting Servlet engine: [Apache Tomcat/9.0.43]
2021-04-05 20:07:14.413 [INFO ] org.apache.catalina.core.AprLifecycleListener - Loaded Apache Tomcat Native library [1.2.23] using APR version [1.7.0].
2021-04-05 20:07:14.413 [INFO ] org.apache.catalina.core.AprLifecycleListener - APR capabilities: IPv6 [true], sendfile [true], accept filters [false], random [true].
2021-04-05 20:07:14.413 [INFO ] org.apache.catalina.core.AprLifecycleListener - APR/OpenSSL configuration: useAprConnector [false], useOpenSSL [true]
2021-04-05 20:07:14.428 [INFO ] org.apache.catalina.core.AprLifecycleListener - OpenSSL successfully initialized [OpenSSL 1.1.1c  28 May 2019]
2021-04-05 20:07:14.658 [INFO ] org.apache.catalina.core.ContainerBase.[Tomcat].[localhost].[/] - Initializing Spring embedded WebApplicationContext
2021-04-05 20:07:14.658 [INFO ] org.springframework.boot.web.servlet.context.ServletWebServerApplicationContext - Root WebApplicationContext: initialization completed in 5545 ms
2021-04-05 20:07:15.218 [INFO ] com.alibaba.druid.spring.boot.autoconfigure.DruidDataSourceAutoConfigure - Init DruidDataSource
2021-04-05 20:07:15.888 [INFO ] com.alibaba.druid.pool.DruidDataSource - {dataSource-1} inited
2021-04-05 20:07:17.733 [INFO ] org.quartz.impl.StdSchedulerFactory - Using default implementation for ThreadExecutor
2021-04-05 20:07:17.782 [INFO ] org.quartz.core.SchedulerSignalerImpl - Initialized Scheduler Signaller of type: class org.quartz.core.SchedulerSignalerImpl
2021-04-05 20:07:17.782 [INFO ] org.quartz.core.QuartzScheduler - Quartz Scheduler v.2.3.2 created.
2021-04-05 20:07:17.782 [INFO ] org.quartz.simpl.RAMJobStore - RAMJobStore initialized.
2021-04-05 20:07:17.782 [INFO ] org.quartz.core.QuartzScheduler - Scheduler meta-data: Quartz Scheduler (v2.3.2) 'quartzScheduler' with instanceId 'NON_CLUSTERED'
  Scheduler class: 'org.quartz.core.QuartzScheduler' - running locally.
  NOT STARTED.
  Currently in standby mode.
  Number of jobs executed: 0
  Using thread pool 'org.quartz.simpl.SimpleThreadPool' - with 10 threads.
  Using job-store 'org.quartz.simpl.RAMJobStore' - which does not support persistence. and is not clustered.

2021-04-05 20:07:17.782 [INFO ] org.quartz.impl.StdSchedulerFactory - Quartz scheduler 'quartzScheduler' initialized from an externally provided properties instance.
2021-04-05 20:07:17.782 [INFO ] org.quartz.impl.StdSchedulerFactory - Quartz scheduler version: 2.3.2
2021-04-05 20:07:17.782 [INFO ] org.quartz.core.QuartzScheduler - JobFactory set to: org.springframework.scheduling.quartz.SpringBeanJobFactory@3b2553d9
2021-04-05 20:07:18.923 [INFO ] springfox.documentation.spring.web.WebMvcPropertySourcedRequestMappingHandlerMapping - Mapped URL path [/v2/api-docs] onto method [springfox.documentation.swagger2.web.Swagger2ControllerWebMvc#getDocumentation(String, HttpServletRequest)]
2021-04-05 20:07:19.058 [INFO ] org.springframework.security.web.DefaultSecurityFilterChain - Will secure any request with [org.springframework.security.web.context.request.async.WebAsyncManagerIntegrationFilter@ce12fbb, org.springframework.security.web.context.SecurityContextPersistenceFilter@697d6ded, org.springframework.security.web.header.HeaderWriterFilter@3a1f2a1, org.springframework.web.filter.CorsFilter@4525e9e8, org.springframework.security.web.authentication.logout.LogoutFilter@3292d91a, com.lxw.fliter.JwtAuthenticationFilter@443a53df, org.springframework.security.web.authentication.UsernamePasswordAuthenticationFilter@267f9765, com.lxw.fliter.JwtAuthorizationFilter@6c33da7a, org.springframework.security.web.savedrequest.RequestCacheAwareFilter@5efeb117, org.springframework.security.web.servletapi.SecurityContextHolderAwareRequestFilter@4f281aaf, org.springframework.security.web.authentication.AnonymousAuthenticationFilter@69aabcb0, org.springframework.security.web.session.SessionManagementFilter@52ca2652, org.springframework.security.web.access.ExceptionTranslationFilter@dd3f8aa, org.springframework.security.web.access.intercept.FilterSecurityInterceptor@3b9ac754]
2021-04-05 20:07:19.088 [INFO ] org.springframework.scheduling.concurrent.ThreadPoolTaskScheduler - Initializing ExecutorService 'taskScheduler'
2021-04-05 20:07:19.173 [INFO ] org.springframework.scheduling.concurrent.ThreadPoolTaskExecutor - Initializing ExecutorService 'applicationTaskExecutor'
2021-04-05 20:07:19.628 [INFO ] org.apache.coyote.http11.Http11NioProtocol - Starting ProtocolHandler ["http-nio-8081"]
2021-04-05 20:07:19.688 [INFO ] org.apache.catalina.core.ContainerBase.[Tomcat].[localhost].[/] - Initializing Spring DispatcherServlet 'dispatcherServlet'
2021-04-05 20:07:19.688 [INFO ] org.springframework.boot.web.embedded.tomcat.TomcatWebServer - Tomcat started on port(s): 8081 (http) with context path ''
2021-04-05 20:07:19.693 [INFO ] springfox.documentation.spring.web.plugins.DocumentationPluginsBootstrapper - Documentation plugins bootstrapped
2021-04-05 20:07:19.695 [INFO ] springfox.documentation.spring.web.plugins.DocumentationPluginsBootstrapper - Found 1 custom documentation plugin(s)
2021-04-05 20:07:19.728 [INFO ] springfox.documentation.spring.web.scanners.ApiListingReferenceScanner - Scanning for api listing references
2021-04-05 20:07:19.948 [INFO ] springfox.documentation.spring.web.readers.operation.CachingOperationNameGenerator - Generating unique operation named: getTaskDetailsUsingGET_1
2021-04-05 20:07:19.973 [INFO ] org.springframework.scheduling.quartz.SchedulerFactoryBean - Starting Quartz Scheduler now
2021-04-05 20:07:19.973 [INFO ] org.quartz.core.QuartzScheduler - Scheduler quartzScheduler_$_NON_CLUSTERED started.
2021-04-05 20:07:20.008 [INFO ] com.lxw.ReturnHomeApplication - Started ReturnHomeApplication in 13.018 seconds (JVM running for 15.43)
2021-04-05 23:46:39.685 [INFO ] com.lxw.ReturnHomeApplication - Starting ReturnHomeApplication using Java 1.8.0_212 on LAPTOP-K8D3MGN6 with PID 18080 (E:\return-home\returnhome-web\target\classes started by ASUS in E:\return-home)
2021-04-05 23:46:39.689 [INFO ] com.lxw.ReturnHomeApplication - No active profile set, falling back to default profiles: default
2021-04-05 23:46:39.688 [INFO ] org.hibernate.validator.internal.util.Version - HV000001: Hibernate Validator 6.1.7.Final
2021-04-05 23:46:40.906 [INFO ] org.springframework.context.support.PostProcessorRegistrationDelegate$BeanPostProcessorChecker - Bean 'org.springframework.security.access.expression.method.DefaultMethodSecurityExpressionHandler@62a4417' of type [org.springframework.security.access.expression.method.DefaultMethodSecurityExpressionHandler] is not eligible for getting processed by all BeanPostProcessors (for example: not eligible for auto-proxying)
2021-04-05 23:46:40.909 [INFO ] org.springframework.context.support.PostProcessorRegistrationDelegate$BeanPostProcessorChecker - Bean 'methodSecurityMetadataSource' of type [org.springframework.security.access.method.DelegatingMethodSecurityMetadataSource] is not eligible for getting processed by all BeanPostProcessors (for example: not eligible for auto-proxying)
2021-04-05 23:46:41.103 [INFO ] org.springframework.boot.web.embedded.tomcat.TomcatWebServer - Tomcat initialized with port(s): 8081 (http)
2021-04-05 23:46:41.112 [INFO ] org.apache.coyote.http11.Http11NioProtocol - Initializing ProtocolHandler ["http-nio-8081"]
2021-04-05 23:46:41.113 [INFO ] org.apache.catalina.core.StandardService - Starting service [Tomcat]
2021-04-05 23:46:41.113 [INFO ] org.apache.catalina.core.StandardEngine - Starting Servlet engine: [Apache Tomcat/9.0.43]
2021-04-05 23:46:41.114 [INFO ] org.apache.catalina.core.AprLifecycleListener - Loaded Apache Tomcat Native library [1.2.23] using APR version [1.7.0].
2021-04-05 23:46:41.115 [INFO ] org.apache.catalina.core.AprLifecycleListener - APR capabilities: IPv6 [true], sendfile [true], accept filters [false], random [true].
2021-04-05 23:46:41.115 [INFO ] org.apache.catalina.core.AprLifecycleListener - APR/OpenSSL configuration: useAprConnector [false], useOpenSSL [true]
2021-04-05 23:46:41.118 [INFO ] org.apache.catalina.core.AprLifecycleListener - OpenSSL successfully initialized [OpenSSL 1.1.1c  28 May 2019]
2021-04-05 23:46:41.209 [INFO ] org.apache.catalina.core.ContainerBase.[Tomcat].[localhost].[/] - Initializing Spring embedded WebApplicationContext
2021-04-05 23:46:41.209 [INFO ] org.springframework.boot.web.servlet.context.ServletWebServerApplicationContext - Root WebApplicationContext: initialization completed in 1458 ms
2021-04-05 23:46:41.449 [INFO ] com.alibaba.druid.spring.boot.autoconfigure.DruidDataSourceAutoConfigure - Init DruidDataSource
2021-04-05 23:46:41.681 [INFO ] com.alibaba.druid.pool.DruidDataSource - {dataSource-1} inited
2021-04-05 23:46:43.090 [INFO ] org.quartz.impl.StdSchedulerFactory - Using default implementation for ThreadExecutor
2021-04-05 23:46:43.099 [INFO ] org.quartz.core.SchedulerSignalerImpl - Initialized Scheduler Signaller of type: class org.quartz.core.SchedulerSignalerImpl
2021-04-05 23:46:43.099 [INFO ] org.quartz.core.QuartzScheduler - Quartz Scheduler v.2.3.2 created.
2021-04-05 23:46:43.100 [INFO ] org.quartz.simpl.RAMJobStore - RAMJobStore initialized.
2021-04-05 23:46:43.101 [INFO ] org.quartz.core.QuartzScheduler - Scheduler meta-data: Quartz Scheduler (v2.3.2) 'quartzScheduler' with instanceId 'NON_CLUSTERED'
  Scheduler class: 'org.quartz.core.QuartzScheduler' - running locally.
  NOT STARTED.
  Currently in standby mode.
  Number of jobs executed: 0
  Using thread pool 'org.quartz.simpl.SimpleThreadPool' - with 10 threads.
  Using job-store 'org.quartz.simpl.RAMJobStore' - which does not support persistence. and is not clustered.

2021-04-05 23:46:43.101 [INFO ] org.quartz.impl.StdSchedulerFactory - Quartz scheduler 'quartzScheduler' initialized from an externally provided properties instance.
2021-04-05 23:46:43.101 [INFO ] org.quartz.impl.StdSchedulerFactory - Quartz scheduler version: 2.3.2
2021-04-05 23:46:43.102 [INFO ] org.quartz.core.QuartzScheduler - JobFactory set to: org.springframework.scheduling.quartz.SpringBeanJobFactory@6d091cad
2021-04-05 23:46:43.716 [INFO ] springfox.documentation.spring.web.WebMvcPropertySourcedRequestMappingHandlerMapping - Mapped URL path [/v2/api-docs] onto method [springfox.documentation.swagger2.web.Swagger2ControllerWebMvc#getDocumentation(String, HttpServletRequest)]
2021-04-05 23:46:43.848 [INFO ] org.springframework.security.web.DefaultSecurityFilterChain - Will secure any request with [org.springframework.security.web.context.request.async.WebAsyncManagerIntegrationFilter@bc09d57, org.springframework.security.web.context.SecurityContextPersistenceFilter@79a13920, org.springframework.security.web.header.HeaderWriterFilter@7da635c0, org.springframework.web.filter.CorsFilter@6d963d70, org.springframework.security.web.authentication.logout.LogoutFilter@778a1250, com.lxw.fliter.JwtAuthenticationFilter@467045c4, org.springframework.security.web.authentication.UsernamePasswordAuthenticationFilter@58dad04a, com.lxw.fliter.JwtAuthorizationFilter@55736cfe, org.springframework.security.web.savedrequest.RequestCacheAwareFilter@5f61371d, org.springframework.security.web.servletapi.SecurityContextHolderAwareRequestFilter@3dce6dd8, org.springframework.security.web.authentication.AnonymousAuthenticationFilter@5a566922, org.springframework.security.web.session.SessionManagementFilter@251c4280, org.springframework.security.web.access.ExceptionTranslationFilter@2bb41f5c, org.springframework.security.web.access.intercept.FilterSecurityInterceptor@629e8212]
2021-04-05 23:46:43.873 [INFO ] org.springframework.scheduling.concurrent.ThreadPoolTaskScheduler - Initializing ExecutorService 'taskScheduler'
2021-04-05 23:46:43.915 [INFO ] org.springframework.scheduling.concurrent.ThreadPoolTaskExecutor - Initializing ExecutorService 'applicationTaskExecutor'
2021-04-05 23:46:44.129 [INFO ] org.apache.coyote.http11.Http11NioProtocol - Starting ProtocolHandler ["http-nio-8081"]
2021-04-05 23:46:44.148 [INFO ] org.apache.catalina.core.ContainerBase.[Tomcat].[localhost].[/] - Initializing Spring DispatcherServlet 'dispatcherServlet'
2021-04-05 23:46:44.150 [INFO ] org.springframework.boot.web.embedded.tomcat.TomcatWebServer - Tomcat started on port(s): 8081 (http) with context path ''
2021-04-05 23:46:44.151 [INFO ] springfox.documentation.spring.web.plugins.DocumentationPluginsBootstrapper - Documentation plugins bootstrapped
2021-04-05 23:46:44.155 [INFO ] springfox.documentation.spring.web.plugins.DocumentationPluginsBootstrapper - Found 1 custom documentation plugin(s)
2021-04-05 23:46:44.193 [INFO ] springfox.documentation.spring.web.scanners.ApiListingReferenceScanner - Scanning for api listing references
2021-04-05 23:46:44.374 [INFO ] springfox.documentation.spring.web.readers.operation.CachingOperationNameGenerator - Generating unique operation named: getTaskDetailsUsingGET_1
2021-04-05 23:46:44.389 [INFO ] org.springframework.scheduling.quartz.SchedulerFactoryBean - Starting Quartz Scheduler now
2021-04-05 23:46:44.390 [INFO ] org.quartz.core.QuartzScheduler - Scheduler quartzScheduler_$_NON_CLUSTERED started.
2021-04-05 23:46:44.399 [INFO ] com.lxw.ReturnHomeApplication - Started ReturnHomeApplication in 5.519 seconds (JVM running for 6.826)
