2021-04-18 01:17:47.290 [INFO ] org.hibernate.validator.internal.util.Version - HV000001: Hibernate Validator 6.1.7.Final
2021-04-18 01:17:47.301 [INFO ] com.lxw.ReturnHomeApplication - Starting ReturnHomeApplication using Java 1.8.0_212 on LAPTOP-K8D3MGN6 with PID 13700 (E:\return-home\returnhome-web\target\classes started by ASUS in E:\return-home)
2021-04-18 01:17:47.303 [INFO ] com.lxw.ReturnHomeApplication - No active profile set, falling back to default profiles: default
2021-04-18 01:17:48.721 [INFO ] org.springframework.context.support.PostProcessorRegistrationDelegate$BeanPostProcessorChecker - Bean 'org.springframework.security.access.expression.method.DefaultMethodSecurityExpressionHandler@6b00ad9' of type [org.springframework.security.access.expression.method.DefaultMethodSecurityExpressionHandler] is not eligible for getting processed by all BeanPostProcessors (for example: not eligible for auto-proxying)
2021-04-18 01:17:48.729 [INFO ] org.springframework.context.support.PostProcessorRegistrationDelegate$BeanPostProcessorChecker - Bean 'methodSecurityMetadataSource' of type [org.springframework.security.access.method.DelegatingMethodSecurityMetadataSource] is not eligible for getting processed by all BeanPostProcessors (for example: not eligible for auto-proxying)
2021-04-18 01:17:48.952 [INFO ] org.springframework.boot.web.embedded.tomcat.TomcatWebServer - Tomcat initialized with port(s): 8081 (http)
2021-04-18 01:17:48.963 [INFO ] org.apache.coyote.http11.Http11NioProtocol - Initializing ProtocolHandler ["http-nio-8081"]
2021-04-18 01:17:48.963 [INFO ] org.apache.catalina.core.StandardService - Starting service [Tomcat]
2021-04-18 01:17:48.964 [INFO ] org.apache.catalina.core.StandardEngine - Starting Servlet engine: [Apache Tomcat/9.0.43]
2021-04-18 01:17:48.965 [INFO ] org.apache.catalina.core.AprLifecycleListener - Loaded Apache Tomcat Native library [1.2.23] using APR version [1.7.0].
2021-04-18 01:17:48.965 [INFO ] org.apache.catalina.core.AprLifecycleListener - APR capabilities: IPv6 [true], sendfile [true], accept filters [false], random [true].
2021-04-18 01:17:48.966 [INFO ] org.apache.catalina.core.AprLifecycleListener - APR/OpenSSL configuration: useAprConnector [false], useOpenSSL [true]
2021-04-18 01:17:48.969 [INFO ] org.apache.catalina.core.AprLifecycleListener - OpenSSL successfully initialized [OpenSSL 1.1.1c  28 May 2019]
2021-04-18 01:17:49.056 [INFO ] org.apache.catalina.core.ContainerBase.[Tomcat].[localhost].[/] - Initializing Spring embedded WebApplicationContext
2021-04-18 01:17:49.057 [INFO ] org.springframework.boot.web.servlet.context.ServletWebServerApplicationContext - Root WebApplicationContext: initialization completed in 1676 ms
2021-04-18 01:17:49.279 [INFO ] com.alibaba.druid.spring.boot.autoconfigure.DruidDataSourceAutoConfigure - Init DruidDataSource
2021-04-18 01:17:49.484 [INFO ] com.alibaba.druid.pool.DruidDataSource - {dataSource-1} inited
2021-04-18 01:17:50.736 [INFO ] org.quartz.impl.StdSchedulerFactory - Using default implementation for ThreadExecutor
2021-04-18 01:17:50.736 [INFO ] org.quartz.core.SchedulerSignalerImpl - Initialized Scheduler Signaller of type: class org.quartz.core.SchedulerSignalerImpl
2021-04-18 01:17:50.736 [INFO ] org.quartz.core.QuartzScheduler - Quartz Scheduler v.2.3.2 created.
2021-04-18 01:17:50.736 [INFO ] org.quartz.simpl.RAMJobStore - RAMJobStore initialized.
2021-04-18 01:17:50.736 [INFO ] org.quartz.core.QuartzScheduler - Scheduler meta-data: Quartz Scheduler (v2.3.2) 'quartzScheduler' with instanceId 'NON_CLUSTERED'
  Scheduler class: 'org.quartz.core.QuartzScheduler' - running locally.
  NOT STARTED.
  Currently in standby mode.
  Number of jobs executed: 0
  Using thread pool 'org.quartz.simpl.SimpleThreadPool' - with 10 threads.
  Using job-store 'org.quartz.simpl.RAMJobStore' - which does not support persistence. and is not clustered.

2021-04-18 01:17:50.736 [INFO ] org.quartz.impl.StdSchedulerFactory - Quartz scheduler 'quartzScheduler' initialized from an externally provided properties instance.
2021-04-18 01:17:50.736 [INFO ] org.quartz.impl.StdSchedulerFactory - Quartz scheduler version: 2.3.2
2021-04-18 01:17:50.736 [INFO ] org.quartz.core.QuartzScheduler - JobFactory set to: org.springframework.scheduling.quartz.SpringBeanJobFactory@1c3259fa
2021-04-18 01:17:51.382 [INFO ] springfox.documentation.spring.web.WebMvcPropertySourcedRequestMappingHandlerMapping - Mapped URL path [/v2/api-docs] onto method [springfox.documentation.swagger2.web.Swagger2ControllerWebMvc#getDocumentation(String, HttpServletRequest)]
2021-04-18 01:17:51.520 [INFO ] org.springframework.security.web.DefaultSecurityFilterChain - Will secure any request with [org.springframework.security.web.context.request.async.WebAsyncManagerIntegrationFilter@5c18d6d4, org.springframework.security.web.context.SecurityContextPersistenceFilter@6d6f6860, org.springframework.security.web.header.HeaderWriterFilter@7d42404e, org.springframework.web.filter.CorsFilter@6cbb175, org.springframework.security.web.authentication.logout.LogoutFilter@5934153e, com.lxw.fliter.JwtAuthenticationFilter@38fb50f8, org.springframework.security.web.authentication.UsernamePasswordAuthenticationFilter@57e5396b, com.lxw.fliter.JwtAuthorizationFilter@7ab802f4, org.springframework.security.web.savedrequest.RequestCacheAwareFilter@a85644c, org.springframework.security.web.servletapi.SecurityContextHolderAwareRequestFilter@2d7637e6, org.springframework.security.web.authentication.AnonymousAuthenticationFilter@608cd501, org.springframework.security.web.session.SessionManagementFilter@31723307, org.springframework.security.web.access.ExceptionTranslationFilter@2e1eb85f, org.springframework.security.web.access.intercept.FilterSecurityInterceptor@5aa62ee7]
2021-04-18 01:17:51.536 [INFO ] org.springframework.scheduling.concurrent.ThreadPoolTaskScheduler - Initializing ExecutorService 'taskScheduler'
2021-04-18 01:17:51.582 [INFO ] org.springframework.scheduling.concurrent.ThreadPoolTaskExecutor - Initializing ExecutorService 'applicationTaskExecutor'
2021-04-18 01:17:51.852 [INFO ] org.apache.coyote.http11.Http11NioProtocol - Starting ProtocolHandler ["http-nio-8081"]
2021-04-18 01:17:51.868 [INFO ] org.apache.catalina.core.ContainerBase.[Tomcat].[localhost].[/] - Initializing Spring DispatcherServlet 'dispatcherServlet'
2021-04-18 01:17:51.868 [INFO ] org.springframework.boot.web.embedded.tomcat.TomcatWebServer - Tomcat started on port(s): 8081 (http) with context path ''
2021-04-18 01:17:51.868 [INFO ] springfox.documentation.spring.web.plugins.DocumentationPluginsBootstrapper - Documentation plugins bootstrapped
2021-04-18 01:17:51.883 [INFO ] springfox.documentation.spring.web.plugins.DocumentationPluginsBootstrapper - Found 1 custom documentation plugin(s)
2021-04-18 01:17:51.921 [INFO ] springfox.documentation.spring.web.scanners.ApiListingReferenceScanner - Scanning for api listing references
2021-04-18 01:17:52.090 [INFO ] springfox.documentation.spring.web.readers.operation.CachingOperationNameGenerator - Generating unique operation named: getTaskDetailsUsingGET_1
2021-04-18 01:17:52.106 [INFO ] org.springframework.scheduling.quartz.SchedulerFactoryBean - Starting Quartz Scheduler now
2021-04-18 01:17:52.106 [INFO ] org.quartz.core.QuartzScheduler - Scheduler quartzScheduler_$_NON_CLUSTERED started.
2021-04-18 01:17:52.106 [INFO ] com.lxw.ReturnHomeApplication - Started ReturnHomeApplication in 6.171 seconds (JVM running for 8.083)
2021-04-18 10:25:50.589 [INFO ] org.hibernate.validator.internal.util.Version - HV000001: Hibernate Validator 6.1.7.Final
2021-04-18 10:25:50.779 [INFO ] com.lxw.ReturnHomeApplication - Starting ReturnHomeApplication using Java 1.8.0_212 on LAPTOP-K8D3MGN6 with PID 12648 (E:\return-home\returnhome-web\target\classes started by ASUS in E:\return-home)
2021-04-18 10:25:50.781 [INFO ] com.lxw.ReturnHomeApplication - No active profile set, falling back to default profiles: default
2021-04-18 10:25:57.276 [INFO ] org.springframework.context.support.PostProcessorRegistrationDelegate$BeanPostProcessorChecker - Bean 'org.springframework.security.access.expression.method.DefaultMethodSecurityExpressionHandler@390877d2' of type [org.springframework.security.access.expression.method.DefaultMethodSecurityExpressionHandler] is not eligible for getting processed by all BeanPostProcessors (for example: not eligible for auto-proxying)
2021-04-18 10:25:57.284 [INFO ] org.springframework.context.support.PostProcessorRegistrationDelegate$BeanPostProcessorChecker - Bean 'methodSecurityMetadataSource' of type [org.springframework.security.access.method.DelegatingMethodSecurityMetadataSource] is not eligible for getting processed by all BeanPostProcessors (for example: not eligible for auto-proxying)
2021-04-18 10:25:58.191 [INFO ] org.springframework.boot.web.embedded.tomcat.TomcatWebServer - Tomcat initialized with port(s): 8081 (http)
2021-04-18 10:25:58.212 [INFO ] org.apache.coyote.http11.Http11NioProtocol - Initializing ProtocolHandler ["http-nio-8081"]
2021-04-18 10:25:58.214 [INFO ] org.apache.catalina.core.StandardService - Starting service [Tomcat]
2021-04-18 10:25:58.215 [INFO ] org.apache.catalina.core.StandardEngine - Starting Servlet engine: [Apache Tomcat/9.0.43]
2021-04-18 10:25:58.219 [INFO ] org.apache.catalina.core.AprLifecycleListener - Loaded Apache Tomcat Native library [1.2.23] using APR version [1.7.0].
2021-04-18 10:25:58.220 [INFO ] org.apache.catalina.core.AprLifecycleListener - APR capabilities: IPv6 [true], sendfile [true], accept filters [false], random [true].
2021-04-18 10:25:58.221 [INFO ] org.apache.catalina.core.AprLifecycleListener - APR/OpenSSL configuration: useAprConnector [false], useOpenSSL [true]
2021-04-18 10:25:58.270 [INFO ] org.apache.catalina.core.AprLifecycleListener - OpenSSL successfully initialized [OpenSSL 1.1.1c  28 May 2019]
2021-04-18 10:25:58.515 [INFO ] org.apache.catalina.core.ContainerBase.[Tomcat].[localhost].[/] - Initializing Spring embedded WebApplicationContext
2021-04-18 10:25:58.515 [INFO ] org.springframework.boot.web.servlet.context.ServletWebServerApplicationContext - Root WebApplicationContext: initialization completed in 7462 ms
2021-04-18 10:25:59.219 [INFO ] com.alibaba.druid.spring.boot.autoconfigure.DruidDataSourceAutoConfigure - Init DruidDataSource
2021-04-18 10:25:59.940 [INFO ] com.alibaba.druid.pool.DruidDataSource - {dataSource-1} inited
2021-04-18 10:26:02.315 [INFO ] org.quartz.impl.StdSchedulerFactory - Using default implementation for ThreadExecutor
2021-04-18 10:26:02.327 [INFO ] org.quartz.core.SchedulerSignalerImpl - Initialized Scheduler Signaller of type: class org.quartz.core.SchedulerSignalerImpl
2021-04-18 10:26:02.327 [INFO ] org.quartz.core.QuartzScheduler - Quartz Scheduler v.2.3.2 created.
2021-04-18 10:26:02.327 [INFO ] org.quartz.simpl.RAMJobStore - RAMJobStore initialized.
2021-04-18 10:26:02.343 [INFO ] org.quartz.core.QuartzScheduler - Scheduler meta-data: Quartz Scheduler (v2.3.2) 'quartzScheduler' with instanceId 'NON_CLUSTERED'
  Scheduler class: 'org.quartz.core.QuartzScheduler' - running locally.
  NOT STARTED.
  Currently in standby mode.
  Number of jobs executed: 0
  Using thread pool 'org.quartz.simpl.SimpleThreadPool' - with 10 threads.
  Using job-store 'org.quartz.simpl.RAMJobStore' - which does not support persistence. and is not clustered.

2021-04-18 10:26:02.344 [INFO ] org.quartz.impl.StdSchedulerFactory - Quartz scheduler 'quartzScheduler' initialized from an externally provided properties instance.
2021-04-18 10:26:02.344 [INFO ] org.quartz.impl.StdSchedulerFactory - Quartz scheduler version: 2.3.2
2021-04-18 10:26:02.345 [INFO ] org.quartz.core.QuartzScheduler - JobFactory set to: org.springframework.scheduling.quartz.SpringBeanJobFactory@5a936e64
2021-04-18 10:26:03.768 [INFO ] springfox.documentation.spring.web.WebMvcPropertySourcedRequestMappingHandlerMapping - Mapped URL path [/v2/api-docs] onto method [springfox.documentation.swagger2.web.Swagger2ControllerWebMvc#getDocumentation(String, HttpServletRequest)]
2021-04-18 10:26:03.892 [INFO ] org.springframework.security.web.DefaultSecurityFilterChain - Will secure any request with [org.springframework.security.web.context.request.async.WebAsyncManagerIntegrationFilter@2f054f70, org.springframework.security.web.context.SecurityContextPersistenceFilter@1d4f5506, org.springframework.security.web.header.HeaderWriterFilter@28cd2c2, org.springframework.web.filter.CorsFilter@6467ddc7, org.springframework.security.web.authentication.logout.LogoutFilter@a85644c, com.lxw.fliter.JwtAuthenticationFilter@27b337bb, org.springframework.security.web.authentication.UsernamePasswordAuthenticationFilter@5aa62ee7, com.lxw.fliter.JwtAuthorizationFilter@59636c47, org.springframework.security.web.savedrequest.RequestCacheAwareFilter@1b57c345, org.springframework.security.web.servletapi.SecurityContextHolderAwareRequestFilter@3f9b7fe1, org.springframework.security.web.authentication.AnonymousAuthenticationFilter@5c18d6d4, org.springframework.security.web.session.SessionManagementFilter@18a096b5, org.springframework.security.web.access.ExceptionTranslationFilter@392781e, org.springframework.security.web.access.intercept.FilterSecurityInterceptor@553d2579]
2021-04-18 10:26:03.920 [INFO ] org.springframework.scheduling.concurrent.ThreadPoolTaskScheduler - Initializing ExecutorService 'taskScheduler'
2021-04-18 10:26:03.970 [INFO ] org.springframework.scheduling.concurrent.ThreadPoolTaskExecutor - Initializing ExecutorService 'applicationTaskExecutor'
2021-04-18 10:26:04.626 [INFO ] org.apache.coyote.http11.Http11NioProtocol - Starting ProtocolHandler ["http-nio-8081"]
2021-04-18 10:26:04.686 [INFO ] org.apache.catalina.core.ContainerBase.[Tomcat].[localhost].[/] - Initializing Spring DispatcherServlet 'dispatcherServlet'
2021-04-18 10:26:04.703 [INFO ] org.springframework.boot.web.embedded.tomcat.TomcatWebServer - Tomcat started on port(s): 8081 (http) with context path ''
2021-04-18 10:26:04.704 [INFO ] springfox.documentation.spring.web.plugins.DocumentationPluginsBootstrapper - Documentation plugins bootstrapped
2021-04-18 10:26:04.704 [INFO ] springfox.documentation.spring.web.plugins.DocumentationPluginsBootstrapper - Found 1 custom documentation plugin(s)
2021-04-18 10:26:04.791 [INFO ] springfox.documentation.spring.web.scanners.ApiListingReferenceScanner - Scanning for api listing references
2021-04-18 10:26:05.038 [INFO ] springfox.documentation.spring.web.readers.operation.CachingOperationNameGenerator - Generating unique operation named: getTaskDetailsUsingGET_1
2021-04-18 10:26:05.054 [INFO ] org.springframework.scheduling.quartz.SchedulerFactoryBean - Starting Quartz Scheduler now
2021-04-18 10:26:05.055 [INFO ] org.quartz.core.QuartzScheduler - Scheduler quartzScheduler_$_NON_CLUSTERED started.
2021-04-18 10:26:05.072 [INFO ] com.lxw.ReturnHomeApplication - Started ReturnHomeApplication in 16.838 seconds (JVM running for 20.018)
2021-04-18 13:35:40.341 [INFO ] org.hibernate.validator.internal.util.Version - HV000001: Hibernate Validator 6.1.7.Final
2021-04-18 13:35:40.463 [INFO ] com.lxw.ReturnHomeApplication - Starting ReturnHomeApplication using Java 1.8.0_212 on LAPTOP-K8D3MGN6 with PID 5300 (E:\return-home\returnhome-web\target\classes started by ASUS in E:\return-home)
2021-04-18 13:35:40.465 [INFO ] com.lxw.ReturnHomeApplication - No active profile set, falling back to default profiles: default
2021-04-18 13:35:46.241 [INFO ] org.springframework.context.support.PostProcessorRegistrationDelegate$BeanPostProcessorChecker - Bean 'org.springframework.security.access.expression.method.DefaultMethodSecurityExpressionHandler@186cb891' of type [org.springframework.security.access.expression.method.DefaultMethodSecurityExpressionHandler] is not eligible for getting processed by all BeanPostProcessors (for example: not eligible for auto-proxying)
2021-04-18 13:35:46.245 [INFO ] org.springframework.context.support.PostProcessorRegistrationDelegate$BeanPostProcessorChecker - Bean 'methodSecurityMetadataSource' of type [org.springframework.security.access.method.DelegatingMethodSecurityMetadataSource] is not eligible for getting processed by all BeanPostProcessors (for example: not eligible for auto-proxying)
2021-04-18 13:35:47.266 [INFO ] org.springframework.boot.web.embedded.tomcat.TomcatWebServer - Tomcat initialized with port(s): 8081 (http)
2021-04-18 13:35:47.304 [INFO ] org.apache.coyote.http11.Http11NioProtocol - Initializing ProtocolHandler ["http-nio-8081"]
2021-04-18 13:35:47.305 [INFO ] org.apache.catalina.core.StandardService - Starting service [Tomcat]
2021-04-18 13:35:47.306 [INFO ] org.apache.catalina.core.StandardEngine - Starting Servlet engine: [Apache Tomcat/9.0.43]
2021-04-18 13:35:47.309 [INFO ] org.apache.catalina.core.AprLifecycleListener - Loaded Apache Tomcat Native library [1.2.23] using APR version [1.7.0].
2021-04-18 13:35:47.310 [INFO ] org.apache.catalina.core.AprLifecycleListener - APR capabilities: IPv6 [true], sendfile [true], accept filters [false], random [true].
2021-04-18 13:35:47.311 [INFO ] org.apache.catalina.core.AprLifecycleListener - APR/OpenSSL configuration: useAprConnector [false], useOpenSSL [true]
2021-04-18 13:35:47.355 [INFO ] org.apache.catalina.core.AprLifecycleListener - OpenSSL successfully initialized [OpenSSL 1.1.1c  28 May 2019]
2021-04-18 13:35:47.633 [INFO ] org.apache.catalina.core.ContainerBase.[Tomcat].[localhost].[/] - Initializing Spring embedded WebApplicationContext
2021-04-18 13:35:47.633 [INFO ] org.springframework.boot.web.servlet.context.ServletWebServerApplicationContext - Root WebApplicationContext: initialization completed in 6855 ms
2021-04-18 13:35:48.136 [INFO ] com.alibaba.druid.spring.boot.autoconfigure.DruidDataSourceAutoConfigure - Init DruidDataSource
2021-04-18 13:35:48.914 [INFO ] com.alibaba.druid.pool.DruidDataSource - {dataSource-1} inited
2021-04-18 13:35:51.945 [INFO ] org.quartz.impl.StdSchedulerFactory - Using default implementation for ThreadExecutor
2021-04-18 13:35:51.981 [INFO ] org.quartz.core.SchedulerSignalerImpl - Initialized Scheduler Signaller of type: class org.quartz.core.SchedulerSignalerImpl
2021-04-18 13:35:51.984 [INFO ] org.quartz.core.QuartzScheduler - Quartz Scheduler v.2.3.2 created.
2021-04-18 13:35:51.987 [INFO ] org.quartz.simpl.RAMJobStore - RAMJobStore initialized.
2021-04-18 13:35:51.990 [INFO ] org.quartz.core.QuartzScheduler - Scheduler meta-data: Quartz Scheduler (v2.3.2) 'quartzScheduler' with instanceId 'NON_CLUSTERED'
  Scheduler class: 'org.quartz.core.QuartzScheduler' - running locally.
  NOT STARTED.
  Currently in standby mode.
  Number of jobs executed: 0
  Using thread pool 'org.quartz.simpl.SimpleThreadPool' - with 10 threads.
  Using job-store 'org.quartz.simpl.RAMJobStore' - which does not support persistence. and is not clustered.

2021-04-18 13:35:51.992 [INFO ] org.quartz.impl.StdSchedulerFactory - Quartz scheduler 'quartzScheduler' initialized from an externally provided properties instance.
2021-04-18 13:35:51.993 [INFO ] org.quartz.impl.StdSchedulerFactory - Quartz scheduler version: 2.3.2
2021-04-18 13:35:51.994 [INFO ] org.quartz.core.QuartzScheduler - JobFactory set to: org.springframework.scheduling.quartz.SpringBeanJobFactory@5a936e64
2021-04-18 13:35:54.136 [INFO ] springfox.documentation.spring.web.WebMvcPropertySourcedRequestMappingHandlerMapping - Mapped URL path [/v2/api-docs] onto method [springfox.documentation.swagger2.web.Swagger2ControllerWebMvc#getDocumentation(String, HttpServletRequest)]
2021-04-18 13:35:54.527 [INFO ] org.springframework.security.web.DefaultSecurityFilterChain - Will secure any request with [org.springframework.security.web.context.request.async.WebAsyncManagerIntegrationFilter@3b7c58e7, org.springframework.security.web.context.SecurityContextPersistenceFilter@1d4f5506, org.springframework.security.web.header.HeaderWriterFilter@28cd2c2, org.springframework.web.filter.CorsFilter@79627d27, org.springframework.security.web.authentication.logout.LogoutFilter@a85644c, com.lxw.fliter.JwtAuthenticationFilter@6371cf2f, org.springframework.security.web.authentication.UsernamePasswordAuthenticationFilter@10f477e2, com.lxw.fliter.JwtAuthorizationFilter@b5b9333, org.springframework.security.web.savedrequest.RequestCacheAwareFilter@1b57c345, org.springframework.security.web.servletapi.SecurityContextHolderAwareRequestFilter@3f9b7fe1, org.springframework.security.web.authentication.AnonymousAuthenticationFilter@52b959df, org.springframework.security.web.session.SessionManagementFilter@18a096b5, org.springframework.security.web.access.ExceptionTranslationFilter@392781e, org.springframework.security.web.access.intercept.FilterSecurityInterceptor@37c5284a]
2021-04-18 13:35:54.612 [INFO ] org.springframework.scheduling.concurrent.ThreadPoolTaskScheduler - Initializing ExecutorService 'taskScheduler'
2021-04-18 13:35:54.743 [INFO ] org.springframework.scheduling.concurrent.ThreadPoolTaskExecutor - Initializing ExecutorService 'applicationTaskExecutor'
2021-04-18 13:35:55.694 [INFO ] org.apache.coyote.http11.Http11NioProtocol - Starting ProtocolHandler ["http-nio-8081"]
2021-04-18 13:35:55.785 [INFO ] org.apache.catalina.core.ContainerBase.[Tomcat].[localhost].[/] - Initializing Spring DispatcherServlet 'dispatcherServlet'
2021-04-18 13:35:55.789 [INFO ] org.springframework.boot.web.embedded.tomcat.TomcatWebServer - Tomcat started on port(s): 8081 (http) with context path ''
2021-04-18 13:35:55.791 [INFO ] springfox.documentation.spring.web.plugins.DocumentationPluginsBootstrapper - Documentation plugins bootstrapped
2021-04-18 13:35:55.797 [INFO ] springfox.documentation.spring.web.plugins.DocumentationPluginsBootstrapper - Found 1 custom documentation plugin(s)
2021-04-18 13:35:55.873 [INFO ] springfox.documentation.spring.web.scanners.ApiListingReferenceScanner - Scanning for api listing references
2021-04-18 13:35:56.197 [INFO ] springfox.documentation.spring.web.readers.operation.CachingOperationNameGenerator - Generating unique operation named: getTaskDetailsUsingGET_1
2021-04-18 13:35:56.219 [INFO ] org.springframework.scheduling.quartz.SchedulerFactoryBean - Starting Quartz Scheduler now
2021-04-18 13:35:56.219 [INFO ] org.quartz.core.QuartzScheduler - Scheduler quartzScheduler_$_NON_CLUSTERED started.
2021-04-18 13:35:56.242 [INFO ] com.lxw.ReturnHomeApplication - Started ReturnHomeApplication in 17.786 seconds (JVM running for 20.261)
2021-04-18 20:28:39.358 [INFO ] org.hibernate.validator.internal.util.Version - HV000001: Hibernate Validator 6.1.7.Final
2021-04-18 20:28:39.501 [INFO ] com.lxw.ReturnHomeApplication - Starting ReturnHomeApplication using Java 1.8.0_212 on LAPTOP-K8D3MGN6 with PID 1808 (E:\return-home\returnhome-web\target\classes started by ASUS in E:\return-home)
2021-04-18 20:28:39.502 [INFO ] com.lxw.ReturnHomeApplication - No active profile set, falling back to default profiles: default
2021-04-18 20:28:44.770 [INFO ] org.springframework.context.support.PostProcessorRegistrationDelegate$BeanPostProcessorChecker - Bean 'org.springframework.security.access.expression.method.DefaultMethodSecurityExpressionHandler@186cb891' of type [org.springframework.security.access.expression.method.DefaultMethodSecurityExpressionHandler] is not eligible for getting processed by all BeanPostProcessors (for example: not eligible for auto-proxying)
2021-04-18 20:28:44.774 [INFO ] org.springframework.context.support.PostProcessorRegistrationDelegate$BeanPostProcessorChecker - Bean 'methodSecurityMetadataSource' of type [org.springframework.security.access.method.DelegatingMethodSecurityMetadataSource] is not eligible for getting processed by all BeanPostProcessors (for example: not eligible for auto-proxying)
2021-04-18 20:28:45.436 [INFO ] org.springframework.boot.web.embedded.tomcat.TomcatWebServer - Tomcat initialized with port(s): 8081 (http)
2021-04-18 20:28:45.447 [INFO ] org.apache.coyote.http11.Http11NioProtocol - Initializing ProtocolHandler ["http-nio-8081"]
2021-04-18 20:28:45.447 [INFO ] org.apache.catalina.core.StandardService - Starting service [Tomcat]
2021-04-18 20:28:45.448 [INFO ] org.apache.catalina.core.StandardEngine - Starting Servlet engine: [Apache Tomcat/9.0.43]
2021-04-18 20:28:45.450 [INFO ] org.apache.catalina.core.AprLifecycleListener - Loaded Apache Tomcat Native library [1.2.23] using APR version [1.7.0].
2021-04-18 20:28:45.464 [INFO ] org.apache.catalina.core.AprLifecycleListener - APR capabilities: IPv6 [true], sendfile [true], accept filters [false], random [true].
2021-04-18 20:28:45.465 [INFO ] org.apache.catalina.core.AprLifecycleListener - APR/OpenSSL configuration: useAprConnector [false], useOpenSSL [true]
2021-04-18 20:28:45.469 [INFO ] org.apache.catalina.core.AprLifecycleListener - OpenSSL successfully initialized [OpenSSL 1.1.1c  28 May 2019]
2021-04-18 20:28:45.643 [INFO ] org.apache.catalina.core.ContainerBase.[Tomcat].[localhost].[/] - Initializing Spring embedded WebApplicationContext
2021-04-18 20:28:45.644 [INFO ] org.springframework.boot.web.servlet.context.ServletWebServerApplicationContext - Root WebApplicationContext: initialization completed in 5943 ms
2021-04-18 20:28:46.027 [INFO ] com.alibaba.druid.spring.boot.autoconfigure.DruidDataSourceAutoConfigure - Init DruidDataSource
2021-04-18 20:28:46.581 [INFO ] com.alibaba.druid.pool.DruidDataSource - {dataSource-1} inited
2021-04-18 20:28:48.156 [INFO ] org.quartz.impl.StdSchedulerFactory - Using default implementation for ThreadExecutor
2021-04-18 20:28:48.168 [INFO ] org.quartz.core.SchedulerSignalerImpl - Initialized Scheduler Signaller of type: class org.quartz.core.SchedulerSignalerImpl
2021-04-18 20:28:48.168 [INFO ] org.quartz.core.QuartzScheduler - Quartz Scheduler v.2.3.2 created.
2021-04-18 20:28:48.169 [INFO ] org.quartz.simpl.RAMJobStore - RAMJobStore initialized.
2021-04-18 20:28:48.170 [INFO ] org.quartz.core.QuartzScheduler - Scheduler meta-data: Quartz Scheduler (v2.3.2) 'quartzScheduler' with instanceId 'NON_CLUSTERED'
  Scheduler class: 'org.quartz.core.QuartzScheduler' - running locally.
  NOT STARTED.
  Currently in standby mode.
  Number of jobs executed: 0
  Using thread pool 'org.quartz.simpl.SimpleThreadPool' - with 10 threads.
  Using job-store 'org.quartz.simpl.RAMJobStore' - which does not support persistence. and is not clustered.

2021-04-18 20:28:48.170 [INFO ] org.quartz.impl.StdSchedulerFactory - Quartz scheduler 'quartzScheduler' initialized from an externally provided properties instance.
2021-04-18 20:28:48.170 [INFO ] org.quartz.impl.StdSchedulerFactory - Quartz scheduler version: 2.3.2
2021-04-18 20:28:48.171 [INFO ] org.quartz.core.QuartzScheduler - JobFactory set to: org.springframework.scheduling.quartz.SpringBeanJobFactory@5a936e64
2021-04-18 20:28:49.038 [INFO ] springfox.documentation.spring.web.WebMvcPropertySourcedRequestMappingHandlerMapping - Mapped URL path [/v2/api-docs] onto method [springfox.documentation.swagger2.web.Swagger2ControllerWebMvc#getDocumentation(String, HttpServletRequest)]
2021-04-18 20:28:49.162 [INFO ] org.springframework.security.web.DefaultSecurityFilterChain - Will secure any request with [org.springframework.security.web.context.request.async.WebAsyncManagerIntegrationFilter@b5b9333, org.springframework.security.web.context.SecurityContextPersistenceFilter@1d4f5506, org.springframework.security.web.header.HeaderWriterFilter@28cd2c2, org.springframework.web.filter.CorsFilter@52b959df, org.springframework.security.web.authentication.logout.LogoutFilter@a85644c, com.lxw.fliter.JwtAuthenticationFilter@38588dea, org.springframework.security.web.authentication.UsernamePasswordAuthenticationFilter@5729b410, com.lxw.fliter.JwtAuthorizationFilter@553d2579, org.springframework.security.web.savedrequest.RequestCacheAwareFilter@1b57c345, org.springframework.security.web.servletapi.SecurityContextHolderAwareRequestFilter@3f9b7fe1, org.springframework.security.web.authentication.AnonymousAuthenticationFilter@2a8f6e6, org.springframework.security.web.session.SessionManagementFilter@18a096b5, org.springframework.security.web.access.ExceptionTranslationFilter@392781e, org.springframework.security.web.access.intercept.FilterSecurityInterceptor@eed890d]
2021-04-18 20:28:49.182 [INFO ] org.springframework.scheduling.concurrent.ThreadPoolTaskScheduler - Initializing ExecutorService 'taskScheduler'
2021-04-18 20:28:49.233 [INFO ] org.springframework.scheduling.concurrent.ThreadPoolTaskExecutor - Initializing ExecutorService 'applicationTaskExecutor'
2021-04-18 20:28:49.640 [INFO ] org.apache.coyote.http11.Http11NioProtocol - Starting ProtocolHandler ["http-nio-8081"]
2021-04-18 20:28:49.664 [INFO ] org.apache.catalina.core.ContainerBase.[Tomcat].[localhost].[/] - Initializing Spring DispatcherServlet 'dispatcherServlet'
2021-04-18 20:28:49.667 [INFO ] org.springframework.boot.web.embedded.tomcat.TomcatWebServer - Tomcat started on port(s): 8081 (http) with context path ''
2021-04-18 20:28:49.668 [INFO ] springfox.documentation.spring.web.plugins.DocumentationPluginsBootstrapper - Documentation plugins bootstrapped
2021-04-18 20:28:49.670 [INFO ] springfox.documentation.spring.web.plugins.DocumentationPluginsBootstrapper - Found 1 custom documentation plugin(s)
2021-04-18 20:28:49.701 [INFO ] springfox.documentation.spring.web.scanners.ApiListingReferenceScanner - Scanning for api listing references
2021-04-18 20:28:49.915 [INFO ] springfox.documentation.spring.web.readers.operation.CachingOperationNameGenerator - Generating unique operation named: getTaskDetailsUsingGET_1
2021-04-18 20:28:49.932 [INFO ] org.springframework.scheduling.quartz.SchedulerFactoryBean - Starting Quartz Scheduler now
2021-04-18 20:28:49.932 [INFO ] org.quartz.core.QuartzScheduler - Scheduler quartzScheduler_$_NON_CLUSTERED started.
2021-04-18 20:28:49.948 [INFO ] com.lxw.ReturnHomeApplication - Started ReturnHomeApplication in 12.04 seconds (JVM running for 14.38)
2021-04-18 21:42:56.702 [INFO ] org.hibernate.validator.internal.util.Version - HV000001: Hibernate Validator 6.1.7.Final
2021-04-18 21:42:56.718 [INFO ] com.lxw.ReturnHomeApplication - Starting ReturnHomeApplication using Java 1.8.0_212 on LAPTOP-K8D3MGN6 with PID 11180 (E:\return-home\returnhome-web\target\classes started by ASUS in E:\return-home)
2021-04-18 21:42:56.719 [INFO ] com.lxw.ReturnHomeApplication - No active profile set, falling back to default profiles: default
2021-04-18 21:42:57.946 [INFO ] org.springframework.context.support.PostProcessorRegistrationDelegate$BeanPostProcessorChecker - Bean 'org.springframework.security.access.expression.method.DefaultMethodSecurityExpressionHandler@6b00ad9' of type [org.springframework.security.access.expression.method.DefaultMethodSecurityExpressionHandler] is not eligible for getting processed by all BeanPostProcessors (for example: not eligible for auto-proxying)
2021-04-18 21:42:57.951 [INFO ] org.springframework.context.support.PostProcessorRegistrationDelegate$BeanPostProcessorChecker - Bean 'methodSecurityMetadataSource' of type [org.springframework.security.access.method.DelegatingMethodSecurityMetadataSource] is not eligible for getting processed by all BeanPostProcessors (for example: not eligible for auto-proxying)
2021-04-18 21:42:58.157 [INFO ] org.springframework.boot.web.embedded.tomcat.TomcatWebServer - Tomcat initialized with port(s): 8081 (http)
2021-04-18 21:42:58.167 [INFO ] org.apache.coyote.http11.Http11NioProtocol - Initializing ProtocolHandler ["http-nio-8081"]
2021-04-18 21:42:58.167 [INFO ] org.apache.catalina.core.StandardService - Starting service [Tomcat]
2021-04-18 21:42:58.168 [INFO ] org.apache.catalina.core.StandardEngine - Starting Servlet engine: [Apache Tomcat/9.0.43]
2021-04-18 21:42:58.169 [INFO ] org.apache.catalina.core.AprLifecycleListener - Loaded Apache Tomcat Native library [1.2.23] using APR version [1.7.0].
2021-04-18 21:42:58.169 [INFO ] org.apache.catalina.core.AprLifecycleListener - APR capabilities: IPv6 [true], sendfile [true], accept filters [false], random [true].
2021-04-18 21:42:58.170 [INFO ] org.apache.catalina.core.AprLifecycleListener - APR/OpenSSL configuration: useAprConnector [false], useOpenSSL [true]
2021-04-18 21:42:58.173 [INFO ] org.apache.catalina.core.AprLifecycleListener - OpenSSL successfully initialized [OpenSSL 1.1.1c  28 May 2019]
2021-04-18 21:42:58.269 [INFO ] org.apache.catalina.core.ContainerBase.[Tomcat].[localhost].[/] - Initializing Spring embedded WebApplicationContext
2021-04-18 21:42:58.269 [INFO ] org.springframework.boot.web.servlet.context.ServletWebServerApplicationContext - Root WebApplicationContext: initialization completed in 1490 ms
2021-04-18 21:42:58.554 [INFO ] com.alibaba.druid.spring.boot.autoconfigure.DruidDataSourceAutoConfigure - Init DruidDataSource
2021-04-18 21:42:58.789 [INFO ] com.alibaba.druid.pool.DruidDataSource - {dataSource-1} inited
2021-04-18 21:43:00.141 [INFO ] org.quartz.impl.StdSchedulerFactory - Using default implementation for ThreadExecutor
2021-04-18 21:43:00.151 [INFO ] org.quartz.core.SchedulerSignalerImpl - Initialized Scheduler Signaller of type: class org.quartz.core.SchedulerSignalerImpl
2021-04-18 21:43:00.151 [INFO ] org.quartz.core.QuartzScheduler - Quartz Scheduler v.2.3.2 created.
2021-04-18 21:43:00.152 [INFO ] org.quartz.simpl.RAMJobStore - RAMJobStore initialized.
2021-04-18 21:43:00.153 [INFO ] org.quartz.core.QuartzScheduler - Scheduler meta-data: Quartz Scheduler (v2.3.2) 'quartzScheduler' with instanceId 'NON_CLUSTERED'
  Scheduler class: 'org.quartz.core.QuartzScheduler' - running locally.
  NOT STARTED.
  Currently in standby mode.
  Number of jobs executed: 0
  Using thread pool 'org.quartz.simpl.SimpleThreadPool' - with 10 threads.
  Using job-store 'org.quartz.simpl.RAMJobStore' - which does not support persistence. and is not clustered.

2021-04-18 21:43:00.154 [INFO ] org.quartz.impl.StdSchedulerFactory - Quartz scheduler 'quartzScheduler' initialized from an externally provided properties instance.
2021-04-18 21:43:00.154 [INFO ] org.quartz.impl.StdSchedulerFactory - Quartz scheduler version: 2.3.2
2021-04-18 21:43:00.155 [INFO ] org.quartz.core.QuartzScheduler - JobFactory set to: org.springframework.scheduling.quartz.SpringBeanJobFactory@1c3259fa
2021-04-18 21:43:00.744 [INFO ] springfox.documentation.spring.web.WebMvcPropertySourcedRequestMappingHandlerMapping - Mapped URL path [/v2/api-docs] onto method [springfox.documentation.swagger2.web.Swagger2ControllerWebMvc#getDocumentation(String, HttpServletRequest)]
2021-04-18 21:43:00.839 [INFO ] org.springframework.security.web.DefaultSecurityFilterChain - Will secure any request with [org.springframework.security.web.context.request.async.WebAsyncManagerIntegrationFilter@65be88ae, org.springframework.security.web.context.SecurityContextPersistenceFilter@6d6f6860, org.springframework.security.web.header.HeaderWriterFilter@7d42404e, org.springframework.web.filter.CorsFilter@62ade015, org.springframework.security.web.authentication.logout.LogoutFilter@5934153e, com.lxw.fliter.JwtAuthenticationFilter@70ede57d, org.springframework.security.web.authentication.UsernamePasswordAuthenticationFilter@7ab802f4, com.lxw.fliter.JwtAuthorizationFilter@70997a94, org.springframework.security.web.savedrequest.RequestCacheAwareFilter@a85644c, org.springframework.security.web.servletapi.SecurityContextHolderAwareRequestFilter@2d7637e6, org.springframework.security.web.authentication.AnonymousAuthenticationFilter@61f377d1, org.springframework.security.web.session.SessionManagementFilter@31723307, org.springframework.security.web.access.ExceptionTranslationFilter@2e1eb85f, org.springframework.security.web.access.intercept.FilterSecurityInterceptor@59636c47]
2021-04-18 21:43:00.862 [INFO ] org.springframework.scheduling.concurrent.ThreadPoolTaskScheduler - Initializing ExecutorService 'taskScheduler'
2021-04-18 21:43:00.901 [INFO ] org.springframework.scheduling.concurrent.ThreadPoolTaskExecutor - Initializing ExecutorService 'applicationTaskExecutor'
2021-04-18 21:43:01.128 [INFO ] org.apache.coyote.http11.Http11NioProtocol - Starting ProtocolHandler ["http-nio-8081"]
2021-04-18 21:43:01.145 [INFO ] org.apache.catalina.core.ContainerBase.[Tomcat].[localhost].[/] - Initializing Spring DispatcherServlet 'dispatcherServlet'
2021-04-18 21:43:01.147 [INFO ] org.springframework.boot.web.embedded.tomcat.TomcatWebServer - Tomcat started on port(s): 8081 (http) with context path ''
2021-04-18 21:43:01.148 [INFO ] springfox.documentation.spring.web.plugins.DocumentationPluginsBootstrapper - Documentation plugins bootstrapped
2021-04-18 21:43:01.150 [INFO ] springfox.documentation.spring.web.plugins.DocumentationPluginsBootstrapper - Found 1 custom documentation plugin(s)
2021-04-18 21:43:01.181 [INFO ] springfox.documentation.spring.web.scanners.ApiListingReferenceScanner - Scanning for api listing references
2021-04-18 21:43:01.333 [INFO ] springfox.documentation.spring.web.readers.operation.CachingOperationNameGenerator - Generating unique operation named: getTaskDetailsUsingGET_1
2021-04-18 21:43:01.347 [INFO ] org.springframework.scheduling.quartz.SchedulerFactoryBean - Starting Quartz Scheduler now
2021-04-18 21:43:01.347 [INFO ] org.quartz.core.QuartzScheduler - Scheduler quartzScheduler_$_NON_CLUSTERED started.
2021-04-18 21:43:01.355 [INFO ] com.lxw.ReturnHomeApplication - Started ReturnHomeApplication in 5.805 seconds (JVM running for 7.269)
