2021-03-17 00:02:58.275 [INFO ] com.lxw.ReturnHomeApplication - Starting ReturnHomeApplication using Java 1.8.0_212 on LAPTOP-K8D3MGN6 with PID 4444 (E:\return-home\returnhome-web\target\classes started by ASUS in E:\return-home)
2021-03-17 00:02:58.271 [INFO ] org.hibernate.validator.internal.util.Version - HV000001: Hibernate Validator 6.1.7.Final
2021-03-17 00:02:58.276 [INFO ] com.lxw.ReturnHomeApplication - No active profile set, falling back to default profiles: default
2021-03-17 00:02:59.426 [INFO ] org.springframework.context.support.PostProcessorRegistrationDelegate$BeanPostProcessorChecker - Bean 'org.springframework.security.access.expression.method.DefaultMethodSecurityExpressionHandler@4b2d44bc' of type [org.springframework.security.access.expression.method.DefaultMethodSecurityExpressionHandler] is not eligible for getting processed by all BeanPostProcessors (for example: not eligible for auto-proxying)
2021-03-17 00:02:59.430 [INFO ] org.springframework.context.support.PostProcessorRegistrationDelegate$BeanPostProcessorChecker - Bean 'methodSecurityMetadataSource' of type [org.springframework.security.access.method.DelegatingMethodSecurityMetadataSource] is not eligible for getting processed by all BeanPostProcessors (for example: not eligible for auto-proxying)
2021-03-17 00:02:59.621 [INFO ] org.springframework.boot.web.embedded.tomcat.TomcatWebServer - Tomcat initialized with port(s): 8081 (http)
2021-03-17 00:02:59.630 [INFO ] org.apache.coyote.http11.Http11NioProtocol - Initializing ProtocolHandler ["http-nio-8081"]
2021-03-17 00:02:59.631 [INFO ] org.apache.catalina.core.StandardService - Starting service [Tomcat]
2021-03-17 00:02:59.632 [INFO ] org.apache.catalina.core.StandardEngine - Starting Servlet engine: [Apache Tomcat/9.0.43]
2021-03-17 00:02:59.633 [INFO ] org.apache.catalina.core.AprLifecycleListener - Loaded Apache Tomcat Native library [1.2.23] using APR version [1.7.0].
2021-03-17 00:02:59.634 [INFO ] org.apache.catalina.core.AprLifecycleListener - APR capabilities: IPv6 [true], sendfile [true], accept filters [false], random [true].
2021-03-17 00:02:59.634 [INFO ] org.apache.catalina.core.AprLifecycleListener - APR/OpenSSL configuration: useAprConnector [false], useOpenSSL [true]
2021-03-17 00:02:59.637 [INFO ] org.apache.catalina.core.AprLifecycleListener - OpenSSL successfully initialized [OpenSSL 1.1.1c  28 May 2019]
2021-03-17 00:02:59.720 [INFO ] org.apache.catalina.core.ContainerBase.[Tomcat].[localhost].[/] - Initializing Spring embedded WebApplicationContext
2021-03-17 00:02:59.720 [INFO ] org.springframework.boot.web.servlet.context.ServletWebServerApplicationContext - Root WebApplicationContext: initialization completed in 1381 ms
2021-03-17 00:02:59.931 [INFO ] com.alibaba.druid.spring.boot.autoconfigure.DruidDataSourceAutoConfigure - Init DruidDataSource
2021-03-17 00:03:00.178 [INFO ] com.alibaba.druid.pool.DruidDataSource - {dataSource-1} inited
2021-03-17 00:03:01.908 [INFO ] springfox.documentation.spring.web.WebMvcPropertySourcedRequestMappingHandlerMapping - Mapped URL path [/v2/api-docs] onto method [springfox.documentation.swagger2.web.Swagger2ControllerWebMvc#getDocumentation(String, HttpServletRequest)]
2021-03-17 00:03:02.029 [INFO ] org.springframework.security.web.DefaultSecurityFilterChain - Will secure any request with [org.springframework.security.web.context.request.async.WebAsyncManagerIntegrationFilter@673e76b3, org.springframework.security.web.context.SecurityContextPersistenceFilter@1a01d7f0, org.springframework.security.web.header.HeaderWriterFilter@6b9fdbc6, org.springframework.web.filter.CorsFilter@1bedc703, org.springframework.security.web.authentication.logout.LogoutFilter@377874b4, com.lxw.fliter.JwtAuthenticationFilter@18d11527, org.springframework.security.web.authentication.UsernamePasswordAuthenticationFilter@2921a36a, com.lxw.fliter.JwtAuthorizationFilter@4998e74b, org.springframework.security.web.savedrequest.RequestCacheAwareFilter@7e15f4d4, org.springframework.security.web.servletapi.SecurityContextHolderAwareRequestFilter@32d418a9, org.springframework.security.web.authentication.AnonymousAuthenticationFilter@5d878b25, org.springframework.security.web.session.SessionManagementFilter@52ae997b, org.springframework.security.web.access.ExceptionTranslationFilter@32f32623, org.springframework.security.web.access.intercept.FilterSecurityInterceptor@7d8cf9ac]
2021-03-17 00:03:02.081 [INFO ] org.springframework.scheduling.concurrent.ThreadPoolTaskExecutor - Initializing ExecutorService 'applicationTaskExecutor'
2021-03-17 00:03:02.250 [INFO ] org.apache.coyote.http11.Http11NioProtocol - Starting ProtocolHandler ["http-nio-8081"]
2021-03-17 00:03:02.268 [INFO ] org.springframework.boot.web.embedded.tomcat.TomcatWebServer - Tomcat started on port(s): 8081 (http) with context path ''
2021-03-17 00:03:02.269 [INFO ] springfox.documentation.spring.web.plugins.DocumentationPluginsBootstrapper - Documentation plugins bootstrapped
2021-03-17 00:03:02.272 [INFO ] springfox.documentation.spring.web.plugins.DocumentationPluginsBootstrapper - Found 1 custom documentation plugin(s)
2021-03-17 00:03:02.299 [INFO ] springfox.documentation.spring.web.scanners.ApiListingReferenceScanner - Scanning for api listing references
2021-03-17 00:03:02.433 [INFO ] com.lxw.ReturnHomeApplication - Started ReturnHomeApplication in 4.843 seconds (JVM running for 5.934)
2021-03-17 00:03:37.616 [INFO ] org.apache.catalina.core.ContainerBase.[Tomcat].[localhost].[/] - Initializing Spring DispatcherServlet 'dispatcherServlet'
2021-03-17 00:05:45.684 [INFO ] org.hibernate.validator.internal.util.Version - HV000001: Hibernate Validator 6.1.7.Final
2021-03-17 00:05:45.697 [INFO ] com.lxw.ReturnHomeApplication - Starting ReturnHomeApplication using Java 1.8.0_212 on LAPTOP-K8D3MGN6 with PID 15204 (E:\return-home\returnhome-web\target\classes started by ASUS in E:\return-home)
2021-03-17 00:05:45.698 [INFO ] com.lxw.ReturnHomeApplication - No active profile set, falling back to default profiles: default
2021-03-17 00:05:46.810 [INFO ] org.springframework.context.support.PostProcessorRegistrationDelegate$BeanPostProcessorChecker - Bean 'org.springframework.security.access.expression.method.DefaultMethodSecurityExpressionHandler@3e7545e8' of type [org.springframework.security.access.expression.method.DefaultMethodSecurityExpressionHandler] is not eligible for getting processed by all BeanPostProcessors (for example: not eligible for auto-proxying)
2021-03-17 00:05:46.814 [INFO ] org.springframework.context.support.PostProcessorRegistrationDelegate$BeanPostProcessorChecker - Bean 'methodSecurityMetadataSource' of type [org.springframework.security.access.method.DelegatingMethodSecurityMetadataSource] is not eligible for getting processed by all BeanPostProcessors (for example: not eligible for auto-proxying)
2021-03-17 00:05:46.996 [INFO ] org.springframework.boot.web.embedded.tomcat.TomcatWebServer - Tomcat initialized with port(s): 8081 (http)
2021-03-17 00:05:47.004 [INFO ] org.apache.coyote.http11.Http11NioProtocol - Initializing ProtocolHandler ["http-nio-8081"]
2021-03-17 00:05:47.005 [INFO ] org.apache.catalina.core.StandardService - Starting service [Tomcat]
2021-03-17 00:05:47.005 [INFO ] org.apache.catalina.core.StandardEngine - Starting Servlet engine: [Apache Tomcat/9.0.43]
2021-03-17 00:05:47.006 [INFO ] org.apache.catalina.core.AprLifecycleListener - Loaded Apache Tomcat Native library [1.2.23] using APR version [1.7.0].
2021-03-17 00:05:47.007 [INFO ] org.apache.catalina.core.AprLifecycleListener - APR capabilities: IPv6 [true], sendfile [true], accept filters [false], random [true].
2021-03-17 00:05:47.007 [INFO ] org.apache.catalina.core.AprLifecycleListener - APR/OpenSSL configuration: useAprConnector [false], useOpenSSL [true]
2021-03-17 00:05:47.010 [INFO ] org.apache.catalina.core.AprLifecycleListener - OpenSSL successfully initialized [OpenSSL 1.1.1c  28 May 2019]
2021-03-17 00:05:47.110 [INFO ] org.apache.catalina.core.ContainerBase.[Tomcat].[localhost].[/] - Initializing Spring embedded WebApplicationContext
2021-03-17 00:05:47.111 [INFO ] org.springframework.boot.web.servlet.context.ServletWebServerApplicationContext - Root WebApplicationContext: initialization completed in 1356 ms
2021-03-17 00:05:47.303 [INFO ] com.alibaba.druid.spring.boot.autoconfigure.DruidDataSourceAutoConfigure - Init DruidDataSource
2021-03-17 00:05:47.541 [INFO ] com.alibaba.druid.pool.DruidDataSource - {dataSource-1} inited
2021-03-17 00:05:49.160 [INFO ] springfox.documentation.spring.web.WebMvcPropertySourcedRequestMappingHandlerMapping - Mapped URL path [/v2/api-docs] onto method [springfox.documentation.swagger2.web.Swagger2ControllerWebMvc#getDocumentation(String, HttpServletRequest)]
2021-03-17 00:05:49.259 [INFO ] org.springframework.security.web.DefaultSecurityFilterChain - Will secure any request with [org.springframework.security.web.context.request.async.WebAsyncManagerIntegrationFilter@433d9680, org.springframework.security.web.context.SecurityContextPersistenceFilter@1a01d7f0, org.springframework.security.web.header.HeaderWriterFilter@6b9fdbc6, org.springframework.web.filter.CorsFilter@566e142, org.springframework.security.web.authentication.logout.LogoutFilter@377874b4, com.lxw.fliter.JwtAuthenticationFilter@2da81754, org.springframework.security.web.authentication.UsernamePasswordAuthenticationFilter@5d878b25, com.lxw.fliter.JwtAuthorizationFilter@1f992a3a, org.springframework.security.web.savedrequest.RequestCacheAwareFilter@7e15f4d4, org.springframework.security.web.servletapi.SecurityContextHolderAwareRequestFilter@32d418a9, org.springframework.security.web.authentication.AnonymousAuthenticationFilter@30bf26df, org.springframework.security.web.session.SessionManagementFilter@52ae997b, org.springframework.security.web.access.ExceptionTranslationFilter@32f32623, org.springframework.security.web.access.intercept.FilterSecurityInterceptor@673e76b3]
2021-03-17 00:05:49.302 [INFO ] org.springframework.scheduling.concurrent.ThreadPoolTaskExecutor - Initializing ExecutorService 'applicationTaskExecutor'
2021-03-17 00:05:49.466 [INFO ] org.apache.coyote.http11.Http11NioProtocol - Starting ProtocolHandler ["http-nio-8081"]
2021-03-17 00:05:49.484 [INFO ] org.springframework.boot.web.embedded.tomcat.TomcatWebServer - Tomcat started on port(s): 8081 (http) with context path ''
2021-03-17 00:05:49.485 [INFO ] springfox.documentation.spring.web.plugins.DocumentationPluginsBootstrapper - Documentation plugins bootstrapped
2021-03-17 00:05:49.488 [INFO ] springfox.documentation.spring.web.plugins.DocumentationPluginsBootstrapper - Found 1 custom documentation plugin(s)
2021-03-17 00:05:49.519 [INFO ] springfox.documentation.spring.web.scanners.ApiListingReferenceScanner - Scanning for api listing references
2021-03-17 00:05:49.642 [INFO ] com.lxw.ReturnHomeApplication - Started ReturnHomeApplication in 4.558 seconds (JVM running for 5.63)
2021-03-17 00:05:54.227 [INFO ] org.apache.catalina.core.ContainerBase.[Tomcat].[localhost].[/] - Initializing Spring DispatcherServlet 'dispatcherServlet'
2021-03-17 00:10:57.654 [INFO ] org.hibernate.validator.internal.util.Version - HV000001: Hibernate Validator 6.1.7.Final
2021-03-17 00:10:57.658 [INFO ] com.lxw.ReturnHomeApplication - Starting ReturnHomeApplication using Java 1.8.0_212 on LAPTOP-K8D3MGN6 with PID 17808 (E:\return-home\returnhome-web\target\classes started by ASUS in E:\return-home)
2021-03-17 00:10:57.660 [INFO ] com.lxw.ReturnHomeApplication - No active profile set, falling back to default profiles: default
2021-03-17 00:10:58.783 [INFO ] org.springframework.context.support.PostProcessorRegistrationDelegate$BeanPostProcessorChecker - Bean 'org.springframework.security.access.expression.method.DefaultMethodSecurityExpressionHandler@3e7545e8' of type [org.springframework.security.access.expression.method.DefaultMethodSecurityExpressionHandler] is not eligible for getting processed by all BeanPostProcessors (for example: not eligible for auto-proxying)
2021-03-17 00:10:58.787 [INFO ] org.springframework.context.support.PostProcessorRegistrationDelegate$BeanPostProcessorChecker - Bean 'methodSecurityMetadataSource' of type [org.springframework.security.access.method.DelegatingMethodSecurityMetadataSource] is not eligible for getting processed by all BeanPostProcessors (for example: not eligible for auto-proxying)
2021-03-17 00:10:58.969 [INFO ] org.springframework.boot.web.embedded.tomcat.TomcatWebServer - Tomcat initialized with port(s): 8081 (http)
2021-03-17 00:10:58.977 [INFO ] org.apache.coyote.http11.Http11NioProtocol - Initializing ProtocolHandler ["http-nio-8081"]
2021-03-17 00:10:58.978 [INFO ] org.apache.catalina.core.StandardService - Starting service [Tomcat]
2021-03-17 00:10:58.978 [INFO ] org.apache.catalina.core.StandardEngine - Starting Servlet engine: [Apache Tomcat/9.0.43]
2021-03-17 00:10:58.979 [INFO ] org.apache.catalina.core.AprLifecycleListener - Loaded Apache Tomcat Native library [1.2.23] using APR version [1.7.0].
2021-03-17 00:10:58.980 [INFO ] org.apache.catalina.core.AprLifecycleListener - APR capabilities: IPv6 [true], sendfile [true], accept filters [false], random [true].
2021-03-17 00:10:58.980 [INFO ] org.apache.catalina.core.AprLifecycleListener - APR/OpenSSL configuration: useAprConnector [false], useOpenSSL [true]
2021-03-17 00:10:58.983 [INFO ] org.apache.catalina.core.AprLifecycleListener - OpenSSL successfully initialized [OpenSSL 1.1.1c  28 May 2019]
2021-03-17 00:10:59.075 [INFO ] org.apache.catalina.core.ContainerBase.[Tomcat].[localhost].[/] - Initializing Spring embedded WebApplicationContext
2021-03-17 00:10:59.076 [INFO ] org.springframework.boot.web.servlet.context.ServletWebServerApplicationContext - Root WebApplicationContext: initialization completed in 1350 ms
2021-03-17 00:10:59.256 [INFO ] com.alibaba.druid.spring.boot.autoconfigure.DruidDataSourceAutoConfigure - Init DruidDataSource
2021-03-17 00:10:59.478 [INFO ] com.alibaba.druid.pool.DruidDataSource - {dataSource-1} inited
2021-03-17 00:11:01.074 [INFO ] springfox.documentation.spring.web.WebMvcPropertySourcedRequestMappingHandlerMapping - Mapped URL path [/v2/api-docs] onto method [springfox.documentation.swagger2.web.Swagger2ControllerWebMvc#getDocumentation(String, HttpServletRequest)]
2021-03-17 00:11:01.173 [INFO ] org.springframework.security.web.DefaultSecurityFilterChain - Will secure any request with [org.springframework.security.web.context.request.async.WebAsyncManagerIntegrationFilter@433d9680, org.springframework.security.web.context.SecurityContextPersistenceFilter@1a01d7f0, org.springframework.security.web.header.HeaderWriterFilter@6b9fdbc6, org.springframework.web.filter.CorsFilter@566e142, org.springframework.security.web.authentication.logout.LogoutFilter@377874b4, com.lxw.fliter.JwtAuthenticationFilter@2da81754, org.springframework.security.web.authentication.UsernamePasswordAuthenticationFilter@5d878b25, com.lxw.fliter.JwtAuthorizationFilter@1f992a3a, org.springframework.security.web.savedrequest.RequestCacheAwareFilter@7e15f4d4, org.springframework.security.web.servletapi.SecurityContextHolderAwareRequestFilter@32d418a9, org.springframework.security.web.authentication.AnonymousAuthenticationFilter@30bf26df, org.springframework.security.web.session.SessionManagementFilter@52ae997b, org.springframework.security.web.access.ExceptionTranslationFilter@32f32623, org.springframework.security.web.access.intercept.FilterSecurityInterceptor@673e76b3]
2021-03-17 00:11:01.217 [INFO ] org.springframework.scheduling.concurrent.ThreadPoolTaskExecutor - Initializing ExecutorService 'applicationTaskExecutor'
2021-03-17 00:11:01.372 [INFO ] org.apache.coyote.http11.Http11NioProtocol - Starting ProtocolHandler ["http-nio-8081"]
2021-03-17 00:11:01.390 [INFO ] org.springframework.boot.web.embedded.tomcat.TomcatWebServer - Tomcat started on port(s): 8081 (http) with context path ''
2021-03-17 00:11:01.391 [INFO ] springfox.documentation.spring.web.plugins.DocumentationPluginsBootstrapper - Documentation plugins bootstrapped
2021-03-17 00:11:01.394 [INFO ] springfox.documentation.spring.web.plugins.DocumentationPluginsBootstrapper - Found 1 custom documentation plugin(s)
2021-03-17 00:11:01.418 [INFO ] springfox.documentation.spring.web.scanners.ApiListingReferenceScanner - Scanning for api listing references
2021-03-17 00:11:01.550 [INFO ] com.lxw.ReturnHomeApplication - Started ReturnHomeApplication in 4.553 seconds (JVM running for 5.627)
2021-03-17 00:11:08.998 [INFO ] org.apache.catalina.core.ContainerBase.[Tomcat].[localhost].[/] - Initializing Spring DispatcherServlet 'dispatcherServlet'
2021-03-17 00:12:26.716 [INFO ] org.hibernate.validator.internal.util.Version - HV000001: Hibernate Validator 6.1.7.Final
2021-03-17 00:12:26.725 [INFO ] com.lxw.ReturnHomeApplication - Starting ReturnHomeApplication using Java 1.8.0_212 on LAPTOP-K8D3MGN6 with PID 1552 (E:\return-home\returnhome-web\target\classes started by ASUS in E:\return-home)
2021-03-17 00:12:26.725 [INFO ] com.lxw.ReturnHomeApplication - No active profile set, falling back to default profiles: default
2021-03-17 00:12:28.086 [INFO ] org.springframework.context.support.PostProcessorRegistrationDelegate$BeanPostProcessorChecker - Bean 'org.springframework.security.access.expression.method.DefaultMethodSecurityExpressionHandler@4b2d44bc' of type [org.springframework.security.access.expression.method.DefaultMethodSecurityExpressionHandler] is not eligible for getting processed by all BeanPostProcessors (for example: not eligible for auto-proxying)
2021-03-17 00:12:28.090 [INFO ] org.springframework.context.support.PostProcessorRegistrationDelegate$BeanPostProcessorChecker - Bean 'methodSecurityMetadataSource' of type [org.springframework.security.access.method.DelegatingMethodSecurityMetadataSource] is not eligible for getting processed by all BeanPostProcessors (for example: not eligible for auto-proxying)
2021-03-17 00:12:28.324 [INFO ] org.springframework.boot.web.embedded.tomcat.TomcatWebServer - Tomcat initialized with port(s): 8081 (http)
2021-03-17 00:12:28.334 [INFO ] org.apache.coyote.http11.Http11NioProtocol - Initializing ProtocolHandler ["http-nio-8081"]
2021-03-17 00:12:28.334 [INFO ] org.apache.catalina.core.StandardService - Starting service [Tomcat]
2021-03-17 00:12:28.335 [INFO ] org.apache.catalina.core.StandardEngine - Starting Servlet engine: [Apache Tomcat/9.0.43]
2021-03-17 00:12:28.336 [INFO ] org.apache.catalina.core.AprLifecycleListener - Loaded Apache Tomcat Native library [1.2.23] using APR version [1.7.0].
2021-03-17 00:12:28.337 [INFO ] org.apache.catalina.core.AprLifecycleListener - APR capabilities: IPv6 [true], sendfile [true], accept filters [false], random [true].
2021-03-17 00:12:28.337 [INFO ] org.apache.catalina.core.AprLifecycleListener - APR/OpenSSL configuration: useAprConnector [false], useOpenSSL [true]
2021-03-17 00:12:28.340 [INFO ] org.apache.catalina.core.AprLifecycleListener - OpenSSL successfully initialized [OpenSSL 1.1.1c  28 May 2019]
2021-03-17 00:12:28.446 [INFO ] org.apache.catalina.core.ContainerBase.[Tomcat].[localhost].[/] - Initializing Spring embedded WebApplicationContext
2021-03-17 00:12:28.446 [INFO ] org.springframework.boot.web.servlet.context.ServletWebServerApplicationContext - Root WebApplicationContext: initialization completed in 1650 ms
2021-03-17 00:12:28.652 [INFO ] com.alibaba.druid.spring.boot.autoconfigure.DruidDataSourceAutoConfigure - Init DruidDataSource
2021-03-17 00:12:28.898 [INFO ] com.alibaba.druid.pool.DruidDataSource - {dataSource-1} inited
2021-03-17 00:12:29.363 [INFO ] com.alibaba.druid.pool.DruidDataSource - {dataSource-1} closing ...
2021-03-17 00:12:29.366 [INFO ] com.alibaba.druid.pool.DruidDataSource - {dataSource-1} closed
2021-03-17 00:12:29.375 [INFO ] org.apache.catalina.core.StandardService - Stopping service [Tomcat]
2021-03-17 00:12:29.385 [INFO ] org.springframework.boot.autoconfigure.logging.ConditionEvaluationReportLoggingListener - 

Error starting ApplicationContext. To display the conditions report re-run your application with 'debug' enabled.
2021-03-17 00:22:27.857 [INFO ] com.lxw.ReturnHomeApplication - Starting ReturnHomeApplication using Java 1.8.0_212 on LAPTOP-K8D3MGN6 with PID 16824 (E:\return-home\returnhome-web\target\classes started by ASUS in E:\return-home)
2021-03-17 00:22:27.858 [INFO ] org.hibernate.validator.internal.util.Version - HV000001: Hibernate Validator 6.1.7.Final
2021-03-17 00:22:27.862 [INFO ] com.lxw.ReturnHomeApplication - No active profile set, falling back to default profiles: default
2021-03-17 00:22:28.995 [INFO ] org.springframework.context.support.PostProcessorRegistrationDelegate$BeanPostProcessorChecker - Bean 'org.springframework.security.access.expression.method.DefaultMethodSecurityExpressionHandler@1e008f36' of type [org.springframework.security.access.expression.method.DefaultMethodSecurityExpressionHandler] is not eligible for getting processed by all BeanPostProcessors (for example: not eligible for auto-proxying)
2021-03-17 00:22:28.998 [INFO ] org.springframework.context.support.PostProcessorRegistrationDelegate$BeanPostProcessorChecker - Bean 'methodSecurityMetadataSource' of type [org.springframework.security.access.method.DelegatingMethodSecurityMetadataSource] is not eligible for getting processed by all BeanPostProcessors (for example: not eligible for auto-proxying)
2021-03-17 00:22:29.188 [INFO ] org.springframework.boot.web.embedded.tomcat.TomcatWebServer - Tomcat initialized with port(s): 8081 (http)
2021-03-17 00:22:29.196 [INFO ] org.apache.coyote.http11.Http11NioProtocol - Initializing ProtocolHandler ["http-nio-8081"]
2021-03-17 00:22:29.196 [INFO ] org.apache.catalina.core.StandardService - Starting service [Tomcat]
2021-03-17 00:22:29.197 [INFO ] org.apache.catalina.core.StandardEngine - Starting Servlet engine: [Apache Tomcat/9.0.43]
2021-03-17 00:22:29.198 [INFO ] org.apache.catalina.core.AprLifecycleListener - Loaded Apache Tomcat Native library [1.2.23] using APR version [1.7.0].
2021-03-17 00:22:29.199 [INFO ] org.apache.catalina.core.AprLifecycleListener - APR capabilities: IPv6 [true], sendfile [true], accept filters [false], random [true].
2021-03-17 00:22:29.199 [INFO ] org.apache.catalina.core.AprLifecycleListener - APR/OpenSSL configuration: useAprConnector [false], useOpenSSL [true]
2021-03-17 00:22:29.202 [INFO ] org.apache.catalina.core.AprLifecycleListener - OpenSSL successfully initialized [OpenSSL 1.1.1c  28 May 2019]
2021-03-17 00:22:29.292 [INFO ] org.apache.catalina.core.ContainerBase.[Tomcat].[localhost].[/] - Initializing Spring embedded WebApplicationContext
2021-03-17 00:22:29.292 [INFO ] org.springframework.boot.web.servlet.context.ServletWebServerApplicationContext - Root WebApplicationContext: initialization completed in 1374 ms
2021-03-17 00:22:29.489 [INFO ] com.alibaba.druid.spring.boot.autoconfigure.DruidDataSourceAutoConfigure - Init DruidDataSource
2021-03-17 00:22:29.725 [INFO ] com.alibaba.druid.pool.DruidDataSource - {dataSource-1} inited
2021-03-17 00:22:31.352 [INFO ] springfox.documentation.spring.web.WebMvcPropertySourcedRequestMappingHandlerMapping - Mapped URL path [/v2/api-docs] onto method [springfox.documentation.swagger2.web.Swagger2ControllerWebMvc#getDocumentation(String, HttpServletRequest)]
2021-03-17 00:22:31.449 [INFO ] org.springframework.security.web.DefaultSecurityFilterChain - Will secure any request with [org.springframework.security.web.context.request.async.WebAsyncManagerIntegrationFilter@f238e4f, org.springframework.security.web.context.SecurityContextPersistenceFilter@53940e2f, org.springframework.security.web.header.HeaderWriterFilter@52ea0269, org.springframework.web.filter.CorsFilter@3b24087d, org.springframework.security.web.authentication.logout.LogoutFilter@5cd96b41, com.lxw.fliter.JwtAuthenticationFilter@75fe1619, org.springframework.security.web.authentication.UsernamePasswordAuthenticationFilter@f171912, com.lxw.fliter.JwtAuthorizationFilter@4e245739, org.springframework.security.web.savedrequest.RequestCacheAwareFilter@61db86bf, org.springframework.security.web.servletapi.SecurityContextHolderAwareRequestFilter@7b25ab31, org.springframework.security.web.authentication.AnonymousAuthenticationFilter@5d66e944, org.springframework.security.web.session.SessionManagementFilter@43ecfeb5, org.springframework.security.web.access.ExceptionTranslationFilter@7061622, org.springframework.security.web.access.intercept.FilterSecurityInterceptor@6002e944]
2021-03-17 00:22:31.493 [INFO ] org.springframework.scheduling.concurrent.ThreadPoolTaskExecutor - Initializing ExecutorService 'applicationTaskExecutor'
2021-03-17 00:22:31.656 [INFO ] org.apache.coyote.http11.Http11NioProtocol - Starting ProtocolHandler ["http-nio-8081"]
2021-03-17 00:22:31.673 [INFO ] org.springframework.boot.web.embedded.tomcat.TomcatWebServer - Tomcat started on port(s): 8081 (http) with context path ''
2021-03-17 00:22:31.674 [INFO ] springfox.documentation.spring.web.plugins.DocumentationPluginsBootstrapper - Documentation plugins bootstrapped
2021-03-17 00:22:31.676 [INFO ] springfox.documentation.spring.web.plugins.DocumentationPluginsBootstrapper - Found 1 custom documentation plugin(s)
2021-03-17 00:22:31.699 [INFO ] springfox.documentation.spring.web.scanners.ApiListingReferenceScanner - Scanning for api listing references
2021-03-17 00:22:31.831 [INFO ] com.lxw.ReturnHomeApplication - Started ReturnHomeApplication in 4.671 seconds (JVM running for 5.836)
2021-03-17 17:16:01.053 [INFO ] org.hibernate.validator.internal.util.Version - HV000001: Hibernate Validator 6.1.7.Final
2021-03-17 17:16:01.179 [INFO ] com.lxw.ReturnHomeApplication - Starting ReturnHomeApplication using Java 1.8.0_212 on LAPTOP-K8D3MGN6 with PID 3300 (E:\return-home\returnhome-web\target\classes started by ASUS in E:\return-home)
2021-03-17 17:16:01.180 [INFO ] com.lxw.ReturnHomeApplication - No active profile set, falling back to default profiles: default
2021-03-17 17:16:05.068 [INFO ] org.springframework.context.support.PostProcessorRegistrationDelegate$BeanPostProcessorChecker - Bean 'org.springframework.security.access.expression.method.DefaultMethodSecurityExpressionHandler@6c03fb16' of type [org.springframework.security.access.expression.method.DefaultMethodSecurityExpressionHandler] is not eligible for getting processed by all BeanPostProcessors (for example: not eligible for auto-proxying)
2021-03-17 17:16:05.072 [INFO ] org.springframework.context.support.PostProcessorRegistrationDelegate$BeanPostProcessorChecker - Bean 'methodSecurityMetadataSource' of type [org.springframework.security.access.method.DelegatingMethodSecurityMetadataSource] is not eligible for getting processed by all BeanPostProcessors (for example: not eligible for auto-proxying)
2021-03-17 17:16:05.721 [INFO ] org.springframework.boot.web.embedded.tomcat.TomcatWebServer - Tomcat initialized with port(s): 8081 (http)
2021-03-17 17:16:05.728 [INFO ] org.apache.coyote.http11.Http11NioProtocol - Initializing ProtocolHandler ["http-nio-8081"]
2021-03-17 17:16:05.729 [INFO ] org.apache.catalina.core.StandardService - Starting service [Tomcat]
2021-03-17 17:16:05.729 [INFO ] org.apache.catalina.core.StandardEngine - Starting Servlet engine: [Apache Tomcat/9.0.43]
2021-03-17 17:16:05.731 [INFO ] org.apache.catalina.core.AprLifecycleListener - Loaded Apache Tomcat Native library [1.2.23] using APR version [1.7.0].
2021-03-17 17:16:05.731 [INFO ] org.apache.catalina.core.AprLifecycleListener - APR capabilities: IPv6 [true], sendfile [true], accept filters [false], random [true].
2021-03-17 17:16:05.731 [INFO ] org.apache.catalina.core.AprLifecycleListener - APR/OpenSSL configuration: useAprConnector [false], useOpenSSL [true]
2021-03-17 17:16:05.777 [INFO ] org.apache.catalina.core.AprLifecycleListener - OpenSSL successfully initialized [OpenSSL 1.1.1c  28 May 2019]
2021-03-17 17:16:05.930 [INFO ] org.apache.catalina.core.ContainerBase.[Tomcat].[localhost].[/] - Initializing Spring embedded WebApplicationContext
2021-03-17 17:16:05.930 [INFO ] org.springframework.boot.web.servlet.context.ServletWebServerApplicationContext - Root WebApplicationContext: initialization completed in 4636 ms
2021-03-17 17:16:06.411 [INFO ] com.alibaba.druid.spring.boot.autoconfigure.DruidDataSourceAutoConfigure - Init DruidDataSource
2021-03-17 17:16:06.923 [INFO ] com.alibaba.druid.pool.DruidDataSource - {dataSource-1} inited
2021-03-17 17:16:09.089 [INFO ] springfox.documentation.spring.web.WebMvcPropertySourcedRequestMappingHandlerMapping - Mapped URL path [/v2/api-docs] onto method [springfox.documentation.swagger2.web.Swagger2ControllerWebMvc#getDocumentation(String, HttpServletRequest)]
2021-03-17 17:16:09.268 [INFO ] org.springframework.security.web.DefaultSecurityFilterChain - Will secure any request with [org.springframework.security.web.context.request.async.WebAsyncManagerIntegrationFilter@5af5d76f, org.springframework.security.web.context.SecurityContextPersistenceFilter@5e26f1ed, org.springframework.security.web.header.HeaderWriterFilter@5974b7e8, org.springframework.web.filter.CorsFilter@3a8cea24, org.springframework.security.web.authentication.logout.LogoutFilter@7061622, com.lxw.fliter.JwtAuthenticationFilter@1eb9a3ef, org.springframework.security.web.authentication.UsernamePasswordAuthenticationFilter@17207f5b, com.lxw.fliter.JwtAuthorizationFilter@5d318e91, org.springframework.security.web.savedrequest.RequestCacheAwareFilter@25c2a9e3, org.springframework.security.web.servletapi.SecurityContextHolderAwareRequestFilter@32f32623, org.springframework.security.web.authentication.AnonymousAuthenticationFilter@298b64f7, org.springframework.security.web.session.SessionManagementFilter@66bf40e5, org.springframework.security.web.access.ExceptionTranslationFilter@183ade54, org.springframework.security.web.access.intercept.FilterSecurityInterceptor@33feda48]
2021-03-17 17:16:09.340 [INFO ] org.springframework.scheduling.concurrent.ThreadPoolTaskExecutor - Initializing ExecutorService 'applicationTaskExecutor'
2021-03-17 17:16:09.663 [INFO ] org.apache.coyote.http11.Http11NioProtocol - Starting ProtocolHandler ["http-nio-8081"]
2021-03-17 17:16:09.690 [INFO ] org.springframework.boot.web.embedded.tomcat.TomcatWebServer - Tomcat started on port(s): 8081 (http) with context path ''
2021-03-17 17:16:09.691 [INFO ] springfox.documentation.spring.web.plugins.DocumentationPluginsBootstrapper - Documentation plugins bootstrapped
2021-03-17 17:16:09.694 [INFO ] springfox.documentation.spring.web.plugins.DocumentationPluginsBootstrapper - Found 1 custom documentation plugin(s)
2021-03-17 17:16:09.719 [INFO ] springfox.documentation.spring.web.scanners.ApiListingReferenceScanner - Scanning for api listing references
2021-03-17 17:16:09.874 [INFO ] com.lxw.ReturnHomeApplication - Started ReturnHomeApplication in 9.828 seconds (JVM running for 11.399)
2021-03-17 17:16:48.176 [INFO ] org.apache.catalina.core.ContainerBase.[Tomcat].[localhost].[/] - Initializing Spring DispatcherServlet 'dispatcherServlet'
2021-03-17 17:25:07.399 [INFO ] org.hibernate.validator.internal.util.Version - HV000001: Hibernate Validator 6.1.7.Final
2021-03-17 17:25:07.409 [INFO ] com.lxw.ReturnHomeApplication - Starting ReturnHomeApplication using Java 1.8.0_212 on LAPTOP-K8D3MGN6 with PID 15200 (E:\return-home\returnhome-web\target\classes started by ASUS in E:\return-home)
2021-03-17 17:25:07.410 [INFO ] com.lxw.ReturnHomeApplication - No active profile set, falling back to default profiles: default
2021-03-17 17:25:08.562 [INFO ] org.springframework.context.support.PostProcessorRegistrationDelegate$BeanPostProcessorChecker - Bean 'org.springframework.security.access.expression.method.DefaultMethodSecurityExpressionHandler@3e7545e8' of type [org.springframework.security.access.expression.method.DefaultMethodSecurityExpressionHandler] is not eligible for getting processed by all BeanPostProcessors (for example: not eligible for auto-proxying)
2021-03-17 17:25:08.566 [INFO ] org.springframework.context.support.PostProcessorRegistrationDelegate$BeanPostProcessorChecker - Bean 'methodSecurityMetadataSource' of type [org.springframework.security.access.method.DelegatingMethodSecurityMetadataSource] is not eligible for getting processed by all BeanPostProcessors (for example: not eligible for auto-proxying)
2021-03-17 17:25:08.763 [INFO ] org.springframework.boot.web.embedded.tomcat.TomcatWebServer - Tomcat initialized with port(s): 8081 (http)
2021-03-17 17:25:08.774 [INFO ] org.apache.coyote.http11.Http11NioProtocol - Initializing ProtocolHandler ["http-nio-8081"]
2021-03-17 17:25:08.775 [INFO ] org.apache.catalina.core.StandardService - Starting service [Tomcat]
2021-03-17 17:25:08.776 [INFO ] org.apache.catalina.core.StandardEngine - Starting Servlet engine: [Apache Tomcat/9.0.43]
2021-03-17 17:25:08.778 [INFO ] org.apache.catalina.core.AprLifecycleListener - Loaded Apache Tomcat Native library [1.2.23] using APR version [1.7.0].
2021-03-17 17:25:08.779 [INFO ] org.apache.catalina.core.AprLifecycleListener - APR capabilities: IPv6 [true], sendfile [true], accept filters [false], random [true].
2021-03-17 17:25:08.779 [INFO ] org.apache.catalina.core.AprLifecycleListener - APR/OpenSSL configuration: useAprConnector [false], useOpenSSL [true]
2021-03-17 17:25:08.783 [INFO ] org.apache.catalina.core.AprLifecycleListener - OpenSSL successfully initialized [OpenSSL 1.1.1c  28 May 2019]
2021-03-17 17:25:08.881 [INFO ] org.apache.catalina.core.ContainerBase.[Tomcat].[localhost].[/] - Initializing Spring embedded WebApplicationContext
2021-03-17 17:25:08.882 [INFO ] org.springframework.boot.web.servlet.context.ServletWebServerApplicationContext - Root WebApplicationContext: initialization completed in 1416 ms
2021-03-17 17:25:09.102 [INFO ] com.alibaba.druid.spring.boot.autoconfigure.DruidDataSourceAutoConfigure - Init DruidDataSource
2021-03-17 17:25:09.344 [INFO ] com.alibaba.druid.pool.DruidDataSource - {dataSource-1} inited
2021-03-17 17:25:11.007 [INFO ] springfox.documentation.spring.web.WebMvcPropertySourcedRequestMappingHandlerMapping - Mapped URL path [/v2/api-docs] onto method [springfox.documentation.swagger2.web.Swagger2ControllerWebMvc#getDocumentation(String, HttpServletRequest)]
2021-03-17 17:25:11.103 [INFO ] org.springframework.security.web.DefaultSecurityFilterChain - Will secure any request with [org.springframework.security.web.context.request.async.WebAsyncManagerIntegrationFilter@2da81754, org.springframework.security.web.context.SecurityContextPersistenceFilter@7e15f4d4, org.springframework.security.web.header.HeaderWriterFilter@52ae997b, org.springframework.web.filter.CorsFilter@1f992a3a, org.springframework.security.web.authentication.logout.LogoutFilter@16c1519e, com.lxw.fliter.JwtAuthenticationFilter@30bf26df, org.springframework.security.web.authentication.UsernamePasswordAuthenticationFilter@384fda47, com.lxw.fliter.JwtAuthorizationFilter@261bd7b, org.springframework.security.web.savedrequest.RequestCacheAwareFilter@4eaf7902, org.springframework.security.web.servletapi.SecurityContextHolderAwareRequestFilter@746c411c, org.springframework.security.web.authentication.AnonymousAuthenticationFilter@6f9e08d4, org.springframework.security.web.session.SessionManagementFilter@1a01d7f0, org.springframework.security.web.access.ExceptionTranslationFilter@6b9fdbc6, org.springframework.security.web.access.intercept.FilterSecurityInterceptor@18d11527]
2021-03-17 17:25:11.149 [INFO ] org.springframework.scheduling.concurrent.ThreadPoolTaskExecutor - Initializing ExecutorService 'applicationTaskExecutor'
2021-03-17 17:25:11.309 [INFO ] org.apache.coyote.http11.Http11NioProtocol - Starting ProtocolHandler ["http-nio-8081"]
2021-03-17 17:25:11.327 [INFO ] org.springframework.boot.web.embedded.tomcat.TomcatWebServer - Tomcat started on port(s): 8081 (http) with context path ''
2021-03-17 17:25:11.328 [INFO ] springfox.documentation.spring.web.plugins.DocumentationPluginsBootstrapper - Documentation plugins bootstrapped
2021-03-17 17:25:11.331 [INFO ] springfox.documentation.spring.web.plugins.DocumentationPluginsBootstrapper - Found 1 custom documentation plugin(s)
2021-03-17 17:25:11.356 [INFO ] springfox.documentation.spring.web.scanners.ApiListingReferenceScanner - Scanning for api listing references
2021-03-17 17:25:11.493 [INFO ] com.lxw.ReturnHomeApplication - Started ReturnHomeApplication in 4.727 seconds (JVM running for 5.836)
2021-03-17 17:25:32.310 [INFO ] org.apache.catalina.core.ContainerBase.[Tomcat].[localhost].[/] - Initializing Spring DispatcherServlet 'dispatcherServlet'
2021-03-17 20:04:20.318 [INFO ] org.hibernate.validator.internal.util.Version - HV000001: Hibernate Validator 6.1.7.Final
2021-03-17 20:04:20.350 [INFO ] com.lxw.ReturnHomeApplication - Starting ReturnHomeApplication using Java 1.8.0_212 on LAPTOP-K8D3MGN6 with PID 13572 (E:\return-home\returnhome-web\target\classes started by ASUS in E:\return-home)
2021-03-17 20:04:20.351 [INFO ] com.lxw.ReturnHomeApplication - No active profile set, falling back to default profiles: default
2021-03-17 20:04:22.329 [INFO ] org.springframework.context.support.PostProcessorRegistrationDelegate$BeanPostProcessorChecker - Bean 'org.springframework.security.access.expression.method.DefaultMethodSecurityExpressionHandler@6e495b48' of type [org.springframework.security.access.expression.method.DefaultMethodSecurityExpressionHandler] is not eligible for getting processed by all BeanPostProcessors (for example: not eligible for auto-proxying)
2021-03-17 20:04:22.334 [INFO ] org.springframework.context.support.PostProcessorRegistrationDelegate$BeanPostProcessorChecker - Bean 'methodSecurityMetadataSource' of type [org.springframework.security.access.method.DelegatingMethodSecurityMetadataSource] is not eligible for getting processed by all BeanPostProcessors (for example: not eligible for auto-proxying)
2021-03-17 20:04:22.633 [INFO ] org.springframework.boot.web.embedded.tomcat.TomcatWebServer - Tomcat initialized with port(s): 8081 (http)
2021-03-17 20:04:22.643 [INFO ] org.apache.coyote.http11.Http11NioProtocol - Initializing ProtocolHandler ["http-nio-8081"]
2021-03-17 20:04:22.644 [INFO ] org.apache.catalina.core.StandardService - Starting service [Tomcat]
2021-03-17 20:04:22.644 [INFO ] org.apache.catalina.core.StandardEngine - Starting Servlet engine: [Apache Tomcat/9.0.43]
2021-03-17 20:04:22.646 [INFO ] org.apache.catalina.core.AprLifecycleListener - Loaded Apache Tomcat Native library [1.2.23] using APR version [1.7.0].
2021-03-17 20:04:22.647 [INFO ] org.apache.catalina.core.AprLifecycleListener - APR capabilities: IPv6 [true], sendfile [true], accept filters [false], random [true].
2021-03-17 20:04:22.647 [INFO ] org.apache.catalina.core.AprLifecycleListener - APR/OpenSSL configuration: useAprConnector [false], useOpenSSL [true]
2021-03-17 20:04:22.651 [INFO ] org.apache.catalina.core.AprLifecycleListener - OpenSSL successfully initialized [OpenSSL 1.1.1c  28 May 2019]
2021-03-17 20:04:22.766 [INFO ] org.apache.catalina.core.ContainerBase.[Tomcat].[localhost].[/] - Initializing Spring embedded WebApplicationContext
2021-03-17 20:04:22.767 [INFO ] org.springframework.boot.web.servlet.context.ServletWebServerApplicationContext - Root WebApplicationContext: initialization completed in 2337 ms
2021-03-17 20:04:23.130 [INFO ] com.alibaba.druid.spring.boot.autoconfigure.DruidDataSourceAutoConfigure - Init DruidDataSource
2021-03-17 20:04:23.604 [INFO ] com.alibaba.druid.pool.DruidDataSource - {dataSource-1} inited
2021-03-17 20:04:26.310 [INFO ] springfox.documentation.spring.web.WebMvcPropertySourcedRequestMappingHandlerMapping - Mapped URL path [/v2/api-docs] onto method [springfox.documentation.swagger2.web.Swagger2ControllerWebMvc#getDocumentation(String, HttpServletRequest)]
2021-03-17 20:04:26.414 [INFO ] org.springframework.security.web.DefaultSecurityFilterChain - Will secure any request with [org.springframework.security.web.context.request.async.WebAsyncManagerIntegrationFilter@1f992a3a, org.springframework.security.web.context.SecurityContextPersistenceFilter@79476a4e, org.springframework.security.web.header.HeaderWriterFilter@423a0e1d, org.springframework.web.filter.CorsFilter@30bf26df, org.springframework.security.web.authentication.logout.LogoutFilter@4dadd690, com.lxw.fliter.JwtAuthenticationFilter@261bd7b, org.springframework.security.web.authentication.UsernamePasswordAuthenticationFilter@3663d0ba, com.lxw.fliter.JwtAuthorizationFilter@6f9e08d4, org.springframework.security.web.savedrequest.RequestCacheAwareFilter@f557c37, org.springframework.security.web.servletapi.SecurityContextHolderAwareRequestFilter@20c812c8, org.springframework.security.web.authentication.AnonymousAuthenticationFilter@390037e7, org.springframework.security.web.session.SessionManagementFilter@3becc950, org.springframework.security.web.access.ExceptionTranslationFilter@6a6c7f42, org.springframework.security.web.access.intercept.FilterSecurityInterceptor@4998e74b]
2021-03-17 20:04:26.465 [INFO ] org.springframework.scheduling.concurrent.ThreadPoolTaskExecutor - Initializing ExecutorService 'applicationTaskExecutor'
2021-03-17 20:04:26.631 [INFO ] org.apache.coyote.http11.Http11NioProtocol - Starting ProtocolHandler ["http-nio-8081"]
2021-03-17 20:04:26.649 [INFO ] org.springframework.boot.web.embedded.tomcat.TomcatWebServer - Tomcat started on port(s): 8081 (http) with context path ''
2021-03-17 20:04:26.650 [INFO ] springfox.documentation.spring.web.plugins.DocumentationPluginsBootstrapper - Documentation plugins bootstrapped
2021-03-17 20:04:26.652 [INFO ] springfox.documentation.spring.web.plugins.DocumentationPluginsBootstrapper - Found 1 custom documentation plugin(s)
2021-03-17 20:04:26.677 [INFO ] springfox.documentation.spring.web.scanners.ApiListingReferenceScanner - Scanning for api listing references
2021-03-17 20:04:26.811 [INFO ] com.lxw.ReturnHomeApplication - Started ReturnHomeApplication in 7.428 seconds (JVM running for 9.675)
2021-03-17 20:05:17.258 [INFO ] org.apache.catalina.core.ContainerBase.[Tomcat].[localhost].[/] - Initializing Spring DispatcherServlet 'dispatcherServlet'
2021-03-17 22:42:02.086 [INFO ] org.hibernate.validator.internal.util.Version - HV000001: Hibernate Validator 6.1.7.Final
2021-03-17 22:42:02.092 [INFO ] com.lxw.ReturnHomeApplication - Starting ReturnHomeApplication using Java 1.8.0_212 on LAPTOP-K8D3MGN6 with PID 15536 (E:\return-home\returnhome-web\target\classes started by ASUS in E:\return-home)
2021-03-17 22:42:02.093 [INFO ] com.lxw.ReturnHomeApplication - No active profile set, falling back to default profiles: default
2021-03-17 22:42:03.367 [INFO ] org.springframework.context.support.PostProcessorRegistrationDelegate$BeanPostProcessorChecker - Bean 'org.springframework.security.access.expression.method.DefaultMethodSecurityExpressionHandler@3e7545e8' of type [org.springframework.security.access.expression.method.DefaultMethodSecurityExpressionHandler] is not eligible for getting processed by all BeanPostProcessors (for example: not eligible for auto-proxying)
2021-03-17 22:42:03.371 [INFO ] org.springframework.context.support.PostProcessorRegistrationDelegate$BeanPostProcessorChecker - Bean 'methodSecurityMetadataSource' of type [org.springframework.security.access.method.DelegatingMethodSecurityMetadataSource] is not eligible for getting processed by all BeanPostProcessors (for example: not eligible for auto-proxying)
2021-03-17 22:42:03.677 [INFO ] org.springframework.boot.web.embedded.tomcat.TomcatWebServer - Tomcat initialized with port(s): 8081 (http)
2021-03-17 22:42:03.686 [INFO ] org.apache.coyote.http11.Http11NioProtocol - Initializing ProtocolHandler ["http-nio-8081"]
2021-03-17 22:42:03.686 [INFO ] org.apache.catalina.core.StandardService - Starting service [Tomcat]
2021-03-17 22:42:03.687 [INFO ] org.apache.catalina.core.StandardEngine - Starting Servlet engine: [Apache Tomcat/9.0.43]
2021-03-17 22:42:03.689 [INFO ] org.apache.catalina.core.AprLifecycleListener - Loaded Apache Tomcat Native library [1.2.23] using APR version [1.7.0].
2021-03-17 22:42:03.689 [INFO ] org.apache.catalina.core.AprLifecycleListener - APR capabilities: IPv6 [true], sendfile [true], accept filters [false], random [true].
2021-03-17 22:42:03.689 [INFO ] org.apache.catalina.core.AprLifecycleListener - APR/OpenSSL configuration: useAprConnector [false], useOpenSSL [true]
2021-03-17 22:42:03.693 [INFO ] org.apache.catalina.core.AprLifecycleListener - OpenSSL successfully initialized [OpenSSL 1.1.1c  28 May 2019]
2021-03-17 22:42:03.770 [INFO ] org.apache.catalina.core.ContainerBase.[Tomcat].[localhost].[/] - Initializing Spring embedded WebApplicationContext
2021-03-17 22:42:03.771 [INFO ] org.springframework.boot.web.servlet.context.ServletWebServerApplicationContext - Root WebApplicationContext: initialization completed in 1598 ms
2021-03-17 22:42:04.003 [INFO ] com.alibaba.druid.spring.boot.autoconfigure.DruidDataSourceAutoConfigure - Init DruidDataSource
2021-03-17 22:42:04.257 [INFO ] com.alibaba.druid.pool.DruidDataSource - {dataSource-1} inited
2021-03-17 22:42:05.932 [INFO ] springfox.documentation.spring.web.WebMvcPropertySourcedRequestMappingHandlerMapping - Mapped URL path [/v2/api-docs] onto method [springfox.documentation.swagger2.web.Swagger2ControllerWebMvc#getDocumentation(String, HttpServletRequest)]
2021-03-17 22:42:06.031 [INFO ] org.springframework.security.web.DefaultSecurityFilterChain - Will secure any request with [org.springframework.security.web.context.request.async.WebAsyncManagerIntegrationFilter@5d878b25, org.springframework.security.web.context.SecurityContextPersistenceFilter@5a058be5, org.springframework.security.web.header.HeaderWriterFilter@f557c37, org.springframework.web.filter.CorsFilter@28279a49, org.springframework.security.web.authentication.logout.LogoutFilter@2a02e34b, com.lxw.fliter.JwtAuthenticationFilter@384fda47, org.springframework.security.web.authentication.UsernamePasswordAuthenticationFilter@5190010f, com.lxw.fliter.JwtAuthorizationFilter@3663d0ba, org.springframework.security.web.savedrequest.RequestCacheAwareFilter@20c812c8, org.springframework.security.web.servletapi.SecurityContextHolderAwareRequestFilter@43ecfeb5, org.springframework.security.web.authentication.AnonymousAuthenticationFilter@575cabf0, org.springframework.security.web.session.SessionManagementFilter@5856dbe4, org.springframework.security.web.access.ExceptionTranslationFilter@79476a4e, org.springframework.security.web.access.intercept.FilterSecurityInterceptor@2921a36a]
2021-03-17 22:42:06.075 [INFO ] org.springframework.scheduling.concurrent.ThreadPoolTaskExecutor - Initializing ExecutorService 'applicationTaskExecutor'
2021-03-17 22:42:06.231 [INFO ] org.apache.coyote.http11.Http11NioProtocol - Starting ProtocolHandler ["http-nio-8081"]
2021-03-17 22:42:06.247 [INFO ] org.springframework.boot.web.embedded.tomcat.TomcatWebServer - Tomcat started on port(s): 8081 (http) with context path ''
2021-03-17 22:42:06.248 [INFO ] springfox.documentation.spring.web.plugins.DocumentationPluginsBootstrapper - Documentation plugins bootstrapped
2021-03-17 22:42:06.250 [INFO ] springfox.documentation.spring.web.plugins.DocumentationPluginsBootstrapper - Found 1 custom documentation plugin(s)
2021-03-17 22:42:06.274 [INFO ] springfox.documentation.spring.web.scanners.ApiListingReferenceScanner - Scanning for api listing references
2021-03-17 22:42:06.405 [INFO ] com.lxw.ReturnHomeApplication - Started ReturnHomeApplication in 5.026 seconds (JVM running for 6.135)
2021-03-17 22:42:12.891 [INFO ] org.apache.catalina.core.ContainerBase.[Tomcat].[localhost].[/] - Initializing Spring DispatcherServlet 'dispatcherServlet'
